
Gurobi 9.1.2 (win64) logging started Fri Nov 26 16:39:22 2021

Changed value of parameter LogFile to D2_S3_C20_c_trips_results_with_VI_newTW.log
   Prev:   Default: 
Changed value of parameter timeLimit to 18000.0
   Prev: inf  Min: 0.0  Max: inf  Default: inf
Gurobi Optimizer version 9.1.2 build v9.1.2rc0 (win64)
Thread count: 4 physical cores, 8 logical processors, using up to 8 threads
Optimize a model with 71850 rows, 5832 columns and 158523 nonzeros
Model fingerprint: 0xf4888cfa
Variable types: 4446 continuous, 1386 integer (1386 binary)
Coefficient statistics:
  Matrix range     [1e-01, 1e+05]
  Objective range  [1e+00, 1e+00]
  Bounds range     [1e+00, 1e+10]
  RHS range        [1e+00, 1e+05]
Warning: Model contains large bounds
         Consider reformulating model or setting NumericFocus parameter
         to avoid numerical issues.
Presolve removed 62765 rows and 2924 columns
Presolve time: 0.42s
Presolved: 9085 rows, 2908 columns, 65847 nonzeros
Variable types: 1526 continuous, 1382 integer (1382 binary)

Root relaxation: objective -9.110050e+03, 1177 iterations, 0.04 seconds

    Nodes    |    Current Node    |     Objective Bounds      |     Work
 Expl Unexpl |  Obj  Depth IntInf | Incumbent    BestBd   Gap | It/Node Time

     0     0 -9110.0498    0   73          - -9110.0498      -     -    0s
     0     0 -8844.4430    0   65          - -8844.4430      -     -    0s
     0     0 -8844.4430    0   65          - -8844.4430      -     -    0s
     0     0 -8606.5578    0   88          - -8606.5578      -     -    1s
     0     0 -8604.7835    0   89          - -8604.7835      -     -    1s
     0     0 -8604.3593    0   90          - -8604.3593      -     -    1s
     0     0 -6819.3925    0  260          - -6819.3925      -     -    1s
     0     0 -6612.5570    0  267          - -6612.5570      -     -    2s
     0     0 -6612.5570    0  266          - -6612.5570      -     -    2s
     0     0 -3384.2400    0  200          - -3384.2400      -     -    2s
H    0     0                    4645.4535479 -3384.2400   173%     -    3s
     0     0 -1601.7683    0  153 4645.45355 -1601.7683   134%     -    3s
     0     0 -1063.8252    0  114 4645.45355 -1063.8252   123%     -    3s
     0     0 -1026.3384    0   99 4645.45355 -1026.3384   122%     -    3s
     0     0 -1026.3384    0   98 4645.45355 -1026.3384   122%     -    3s
     0     0 -946.92487    0   86 4645.45355 -946.92487   120%     -    3s
     0     0 -946.92487    0   86 4645.45355 -946.92487   120%     -    3s
     0     0 -899.05057    0   90 4645.45355 -899.05057   119%     -    4s
     0     0 -898.97232    0   88 4645.45355 -898.97232   119%     -    4s
     0     0 -890.49549    0   84 4645.45355 -890.49549   119%     -    4s
     0     0 -889.97602    0   82 4645.45355 -889.97602   119%     -    4s
     0     0 -882.67530    0   73 4645.45355 -882.67530   119%     -    4s
     0     0 -882.42049    0   74 4645.45355 -882.42049   119%     -    4s
     0     0 -878.36142    0   82 4645.45355 -878.36142   119%     -    5s
     0     0 -877.86706    0   86 4645.45355 -877.86706   119%     -    5s
     0     0 -876.39934    0   83 4645.45355 -876.39934   119%     -    5s
     0     0 -869.87658    0   91 4645.45355 -869.87658   119%     -    6s
     0     2 -869.87658    0   91 4645.45355 -869.87658   119%     -    6s
H   27    30                    4577.3210207 -862.46411   119%   166    7s
H   28    30                    4307.9963844 -862.46411   120%   169    7s
H   57    62                    3915.6117985 -862.46411   122%   149    8s
   148   157 -352.52097   20   77 3915.61180 -862.46411   122%   145   10s
H  176   175                    3837.2711286 -862.46411   122%   137   10s
H  276   271                    3705.6609832 -862.46411   123%   128   12s
H  278   271                    3683.4975243 -862.46411   123%   128   12s
   743   650 -688.66622    6   81 3683.49752 -858.97946   123%   110   15s
H  745   650                    3635.9202517 -858.97946   124%   110   15s
  1047   873 -393.83660   11  234 3635.92025 -719.50333   120%   114   21s
H 1047   829                    3609.9514941 -719.50333   120%   114   22s
  1052   833  301.37908   34  118 3609.95149  -90.32489   103%   114   27s
  1057   836  439.79368   35  107 3609.95149  -30.72158   101%   113   30s
  1071   845   13.85292   18   96 3609.95149   13.85292   100%   112   35s
  1085   855  165.47664   10   78 3609.95149  165.47664  95.4%   110   40s
H 1093   816                    3599.2086798  191.41162  94.7%   110   43s
  1099   820  696.11714   27   86 3599.20868  212.49014  94.1%   109   45s
  1114   830  293.34222   13   56 3599.20868  293.34222  91.8%   108   50s
  1130   841 1657.10196   59   86 3599.20868  336.68168  90.6%   106   55s
  1142   849  365.39692   12   97 3599.20868  365.39692  89.8%   105   61s
H 1142   805                    3501.7923676  365.39692  89.6%   105   61s
  1157   815  439.79368   35  123 3501.79237  382.26090  89.1%   104   65s
  1168   822  795.06337   52  120 3501.79237  389.69886  88.9%   103   70s
  1184   833  714.12328   41   87 3501.79237  412.52887  88.2%   101   75s
  1200   843  434.25773   16  112 3501.79237  434.25773  87.6%   100   80s
  1213   852  442.76353    6  124 3501.79237  442.76353  87.4%  98.8   85s
  1223   859  625.67093   40  127 3501.79237  443.97074  87.3%  98.0   90s
  1231   865 1309.11762   56   86 3501.79237  443.97074  87.3%   143   95s
  1244   874  521.34536    9   85 3501.79237  521.34536  85.1%   141  100s
H 1263   841                    3466.8446652  635.56063  81.7%   139  105s
H 1271   803                    3412.9668664  706.68831  79.3%   138  108s
  1281   809  732.94152   30  107 3412.96687  732.94152  78.5%   137  111s
  1292   817  764.52874    9   96 3412.96687  764.52874  77.6%   136  115s
  1306   826  911.82004   15  117 3412.96687  911.82004  73.3%   135  120s
  1319   835 2610.71860   51  125 3412.96687  929.56214  72.8%   133  125s
H 1329   798                    3280.1932399  937.35071  71.4%   132  129s
  1331   800 1309.11762   56  130 3280.19324  937.39766  71.4%   132  130s
  1342   807  943.88763   12  124 3280.19324  943.88763  71.2%   131  135s
  1352   814  948.72405   34  112 3280.19324  948.72405  71.1%   130  140s
  1364   823 1759.35199   21   91 3280.19324  949.76244  71.0%   156  145s
H 1365   782                    3232.6374637  949.76244  70.6%   156  146s
H 1366   743                    3220.7485197  949.76244  70.5%   156  149s
  1369   745  949.76244   39   78 3220.74852  949.76244  70.5%   155  150s
  1386   757 1481.62805   40   79 3220.74852  990.30631  69.3%   153  155s
H 1387   719                    3158.8987212  994.49764  68.5%   153  155s
H 1394   687                    3104.9535569 1035.75289  66.6%   153  158s
  1403   693 2972.31092   50  100 3104.95356 1058.90344  65.9%   152  160s
H 1408   661                    2911.8936618 1077.54601  63.0%   151  162s
  1419   669 2610.71860   51  107 2911.89366 1126.62071  61.3%   150  165s
  1436   680 1232.01147   41   94 2911.89366 1232.01147  57.7%   148  170s
  1449   689 2329.30313   63  107 2911.89366 1283.49936  55.9%   147  175s
  1467   701 1306.55263   15  123 2911.89366 1306.55263  55.1%   145  180s
  1480   709 1322.23238   17  121 2911.89366 1322.23238  54.6%   144  185s
  1492   717 1330.44396    9  101 2911.89366 1330.44396  54.3%   142  190s
  1503   725 2911.89366   50  125 2911.89366 1335.38463  54.1%   141  195s
  1510   731 2911.89366   55  117 2911.89366 1335.70415  54.1%   169  201s
H 1513   696                    2911.8936596 1335.70415  54.1%   169  204s
  1515   697 1335.70415    6   79 2911.89366 1335.70415  54.1%   169  205s
  1532   709 1415.76608   29  109 2911.89366 1415.76608  51.4%   167  210s
  1550   721 1634.62928   38   90 2911.89366 1634.62928  43.9%   165  215s
  1567   732 1663.98775   15  102 2911.89366 1663.98775  42.9%   163  220s
  1582   742 2373.75701   65  115 2911.89366 1667.23365  42.7%   161  225s
  1590   748 1667.23365   24  124 2911.89366 1667.23365  42.7%   186  230s
  1594   751 1667.23365   46   80 2911.89366 1667.23365  42.7%   186  236s
  1605   758 1674.02576   15   97 2911.89366 1674.02576  42.5%   184  240s
  1624   771 1718.56100   12   98 2911.89366 1718.56100  41.0%   182  245s
  1644   784 1770.35378    9  102 2911.89366 1770.35378  39.2%   180  250s
  1658   794 1784.19488    9   81 2911.89366 1784.19488  38.7%   178  255s
  1672   803 1794.37353   25  114 2911.89366 1794.37353  38.4%   177  260s
  1684   811 1801.75770   41  129 2911.89366 1801.75770  38.1%   176  265s
  1697   820 1807.38416   13  128 2911.89366 1807.38416  37.9%   174  270s
  1710   828 2911.89366   55  124 2911.89366 1811.91822  37.8%   173  275s
  1724   838 1818.15902   12  132 2911.89366 1818.15902  37.6%   172  280s
  1738   847 1826.25660   24  129 2911.89366 1826.25660  37.3%   170  285s
  1752   856 1848.64223   34   91 2911.89366 1848.64223  36.5%   169  290s
  1766   866 1872.86195   30  126 2911.89366 1872.86195  35.7%   168  295s
  1777   874 1874.65775   37   91 2911.89366 1874.65775  35.6%   195  300s
  1782   877 2373.75701   65   94 2911.89366 1874.65775  35.6%   194  305s
  1792   884 1874.65775    9   74 2911.89366 1874.65775  35.6%   193  310s
  1811   897 2035.12105   60   96 2911.89366 1883.87355  35.3%   191  315s
  1826   907 2099.31175   60  113 2911.89366 1895.49140  34.9%   190  320s
  1837   914 2124.08314   58  115 2911.89366 1896.92726  34.9%   189  326s
  1849   922 2329.30313   63  103 2911.89366 1916.31802  34.2%   187  331s
  1865   933 1930.53435   58  115 2911.89366 1930.53435  33.7%   186  335s
H 1869   886                    2911.8931087 1932.51495  33.6%   185  337s
  1877   892 1937.50774   37  123 2911.89311 1937.50774  33.5%   185  340s
  1888   899 1938.74516   16  137 2911.89311 1938.74516  33.4%   183  345s
  1894   905 1938.74516   46   97 2911.89311 1938.74516  33.4%   207  350s
  1901   909 2911.89311   75   78 2911.89311 1938.74516  33.4%   207  355s
  1925   925 1952.86576    7  100 2911.89311 1952.86576  32.9%   204  360s
  1939   935 1958.87493   31  122 2911.89311 1958.87493  32.7%   202  365s
  1956   946 1967.71412   42  109 2911.89311 1967.71412  32.4%   201  370s
  1969   955 1972.39203   39  129 2911.89311 1972.39203  32.3%   199  375s
  1976   959 1973.34633   20  123 2911.89311 1973.34633  32.2%   199  380s
  1979   964 1976.34591   79  100 2911.89311 1976.34591  32.1%   221  385s
  1985   970 2010.64106   81   76 2911.89311 2007.33306  31.1%   221  390s
  2018   993 2115.74207   85   70 2911.89311 2078.80481  28.6%   222  395s
  2120  1055 2346.81292   96   72 2911.89311 2083.09447  28.5%   224  400s
  2230  1111     cutoff  111      2911.89311 2083.09447  28.5%   223  405s
  2692  1242 2352.11385  129   55 2911.89311 2092.61130  28.1%   209  410s
  3091  1390 2492.06475   88   68 2911.89311 2128.88654  26.9%   198  415s
  3475  1586 2359.96068  117   67 2911.89311 2135.39867  26.7%   190  420s
  4137  1732 2194.49235   95   64 2911.89311 2143.04732  26.4%   177  425s
* 4695  1471             157    2649.9675297 2148.53211  18.9%   167  429s
  4843  1530 2491.14064   92   79 2649.96753 2153.75504  18.7%   165  430s
  5328  1740 2388.98927  105   54 2649.96753 2165.08564  18.3%   162  435s
  5964  2136 2212.36315   99   61 2649.96753 2179.70581  17.7%   158  441s
  6429  2338 2295.85179  112   56 2649.96753 2184.37530  17.6%   154  445s
  7046  2753 2473.33050  119   56 2649.96753 2191.62605  17.3%   152  450s
  7792  3151 2501.06669  136   74 2649.96753 2198.06163  17.1%   151  459s
  8075  3261 2244.87730  100   67 2649.96753 2200.09636  17.0%   150  461s
  8599  3501 2629.80424  112   63 2649.96753 2205.16308  16.8%   149  465s
H 8685  3441                    2636.5904369 2205.31781  16.4%   148  465s
  9143  3671     cutoff   98      2636.59044 2211.61737  16.1%   148  470s
H 9334  3671                    2636.5904360 2213.33762  16.1%   147  471s
  9580  3995 2396.62265  102   69 2636.59044 2215.25835  16.0%   146  476s
 10390  4555 2494.23350  102   58 2636.59044 2220.56750  15.8%   144  483s
 10972  4734 2500.10966   96   66 2636.59044 2224.43358  15.6%   142  486s
 11689  5083 2449.55313  105   49 2636.59044 2229.23054  15.5%   141  494s
H12009  5083                    2636.5904357 2229.28363  15.4%   140  494s
 12082  5277 2491.21483  101   55 2636.59044 2232.15739  15.3%   140  496s
 12965  5713 2509.67838  133   58 2636.59044 2239.73710  15.1%   139  502s
 13529  6034 2347.17772  113   78 2636.59044 2245.55299  14.8%   139  507s
 14042  6253 2617.14846  102   66 2636.59044 2247.90755  14.7%   138  510s
 14865  6562 2550.62476  108   73 2636.59044 2252.33999  14.6%   137  515s
 15671  6914 2606.71731  109   58 2636.59044 2255.33912  14.5%   136  524s
 15967  7036 2558.96816  121   50 2636.59044 2256.65139  14.4%   135  528s
 16306  7220     cutoff  123      2636.59044 2257.83361  14.4%   135  531s
 17245  7617 2485.05842  112   56 2636.59044 2262.09916  14.2%   134  536s
 18240  8025 2368.93887  107   73 2636.59044 2268.30522  14.0%   133  542s
 18666  8165 2379.46528   96   67 2636.59044 2269.97803  13.9%   133  545s
 19565  8412 infeasible   99      2636.59044 2275.07946  13.7%   132  550s
 20154  8844 2335.40902  112   82 2636.59044 2277.13576  13.6%   132  556s
 20613  8845 2470.72344  120   91 2636.59044 2278.77318  13.6%   132  628s
 20616  8847 2597.85296  129   99 2636.59044 2278.77318  13.6%   132  631s
 20622  8851 2519.62544  114   77 2636.59044 2278.77318  13.6%   132  635s
H20637  8417                    2636.5904347 2278.77318  13.6%   132  640s
 20645  8422 2392.41063  104   77 2636.59043 2278.77318  13.6%   132  646s
 20649  8425 2458.83915  136   78 2636.59043 2278.77318  13.6%   132  650s
 20653  8428 2359.63431   95  101 2636.59043 2278.77318  13.6%   132  655s
 20660  8432 2293.37015   94  112 2636.59043 2278.77318  13.6%   132  661s
 20666  8436 2577.08621  100  110 2636.59043 2278.77318  13.6%   132  665s
 20672  8440 2347.43789   94  116 2636.59043 2278.77318  13.6%   131  670s
 20679  8445 2567.68463  139  120 2636.59043 2278.77318  13.6%   131  675s
 20686  8450 2340.64664  107  131 2636.59043 2278.77318  13.6%   131  681s
 20691  8453 2400.71478  123  132 2636.59043 2278.77318  13.6%   131  686s
 20695  8456 2406.59394   96  141 2636.59043 2278.77318  13.6%   131  691s
 20700  8459 2551.70973  100  130 2636.59043 2278.77318  13.6%   131  696s
 20704  8462 2303.00355  116  141 2636.59043 2278.77318  13.6%   131  701s
 20708  8464 2453.78501  148  136 2636.59043 2278.77318  13.6%   131  706s
 20712  8467 2474.17914  139  142 2636.59043 2278.77318  13.6%   131  710s
 20717  8470 2486.36193  109  139 2636.59043 2278.77318  13.6%   131  716s
 20720  8472 2349.78020  110  139 2636.59043 2278.77318  13.6%   131  723s
 20722  8474 2519.62544  114  139 2636.59043 2278.77318  13.6%   131  725s
 20723  8477 2278.77318   91  119 2636.59043 2278.77318  13.6%   133  730s
 20729  8483 2278.77318   93   78 2636.59043 2278.77318  13.6%   133  738s
 20733  8485 2278.77318   93  109 2636.59043 2278.77318  13.6%   133  741s
 20745  8488 2278.77318   95   91 2636.59043 2278.77318  13.6%   133  745s
 20761  8498 2278.77318   97   84 2636.59043 2278.77318  13.6%   133  750s
 20803  8511 2278.77318  102   65 2636.59043 2278.77318  13.6%   133  755s
 20865  8524     cutoff  109      2636.59043 2278.77318  13.6%   133  760s
 20953  8543 2541.38281  124   55 2636.59043 2278.77318  13.6%   134  765s
 21049  8551 2278.77318  111   68 2636.59043 2278.77318  13.6%   134  770s
 21303  8631 2406.26435  153   79 2636.59043 2278.77318  13.6%   134  775s
 21685  8720 2387.56483  122   73 2636.59043 2278.77318  13.6%   133  780s
 22092  8858 2539.27958  149   88 2636.59043 2278.77318  13.6%   133  785s
 22640  9037 infeasible  134      2636.59043 2278.77318  13.6%   133  791s
 23177  9152 2440.29282  110   64 2636.59043 2278.77318  13.6%   133  795s
 23547  9211 2361.53155  112   56 2636.59043 2278.77318  13.6%   133  800s
 24120  9299 2504.71390  108   67 2636.59043 2278.77318  13.6%   133  805s
 24842  9510 2390.60489  130   64 2636.59043 2278.77318  13.6%   132  811s
 25378  9611 2384.96661  118   45 2636.59043 2278.77318  13.6%   132  815s
 25966  9740 2607.90385  136   48 2636.59043 2278.77318  13.6%   132  820s
 26512  9769     cutoff  119      2636.59043 2278.77318  13.6%   131  826s
 26993  9847 2602.38467  111   70 2636.59043 2280.44040  13.5%   131  830s
 27721 10020 2499.14270  123   69 2636.59043 2291.34059  13.1%   131  836s
 28498 10052 2579.62330  112   74 2636.59043 2297.10707  12.9%   130  843s
 28788 10189 2624.99578  111   68 2636.59043 2299.18593  12.8%   130  846s
 29625 10220 2392.69520  129   64 2636.59043 2308.91790  12.4%   130  852s
 30049 10300 2624.55042  102   59 2636.59043 2314.85677  12.2%   130  856s
 30559 10278 2554.38682  135   73 2636.59043 2320.77144  12.0%   130  860s
 30913 10390 2556.69407  119   62 2636.59043 2322.31344  11.9%   130  866s
 32071 10300 2522.68782  112   69 2636.59043 2334.83182  11.4%   129  871s
 32429 10283     cutoff  123      2636.59043 2337.82890  11.3%   129  875s
 33228 10367 2511.23707  141   74 2636.59043 2342.12372  11.2%   129  881s
 33701 10236 2624.79356  114   57 2636.59043 2345.87408  11.0%   129  886s
 34240 10376 2585.89120  122   44 2636.59043 2349.28374  10.9%   128  891s
 35096 10376 2534.58312  129   63 2636.59043 2355.23868  10.7%   128  897s
 35901 10460 2416.53010  105   64 2636.59043 2360.92094  10.5%   128  902s
 36396 10402 2567.23216  112   60 2636.59043 2363.76393  10.3%   127  905s
 37191 10386     cutoff  113      2636.59043 2369.08452  10.1%   127  911s
 38042 10402 2420.12904  144   53 2636.59043 2374.25798  9.95%   127  916s
 38913 10397     cutoff  130      2636.59043 2378.44038  9.79%   127  922s
 39364 10346     cutoff  133      2636.59043 2381.74619  9.67%   126  925s
 40190 10330 2490.88055  125   66 2636.59043 2387.19562  9.46%   126  930s
 41070 10287     cutoff  137      2636.59043 2390.88963  9.32%   126  935s
 41565 10254 2434.25838  117   76 2636.59043 2393.54379  9.22%   126  940s
 42172 10097     cutoff  130      2636.59043 2397.59929  9.06%   126  945s
 43028 10059 2604.95141  114   69 2636.59043 2401.51331  8.92%   125  951s
 43881  9931 infeasible  124      2636.59043 2405.39746  8.77%   125  956s
 44139  9938 2609.67370  129   81 2636.59043 2406.44906  8.73%   125  961s
 45004  9776     cutoff  119      2636.59043 2410.10758  8.59%   125  967s
 45381  9782 2505.50328  156   60 2636.59043 2412.19837  8.51%   125  970s
 46310  9694 2544.17230  115   57 2636.59043 2415.58077  8.38%   124  975s
 47152  9793 2545.36736  125   47 2636.59043 2418.86155  8.26%   124  983s
 47362  9876 2528.02315  128   78 2636.59043 2419.90231  8.22%   124  985s
 48247  9996 2619.36519  116   59 2636.59043 2424.25429  8.05%   124  991s
 49143 10132 2524.21846  127   64 2636.59043 2428.04044  7.91%   124  995s
 50062 10261 2599.13902  112   86 2636.59043 2432.70734  7.73%   124 1000s
 50996 10397 2509.08875  137   60 2636.59043 2436.91646  7.57%   123 1005s
 51870 10558     cutoff  128      2636.59043 2440.55695  7.44%   123 1012s
 52777 10672 2610.95018  132   50 2636.59043 2444.12407  7.30%   123 1017s
 53668 10681 2595.78353  136   63 2636.59043 2448.43371  7.14%   123 1022s
 54442 10762     cutoff  127      2636.59043 2451.67603  7.01%   122 1026s
 55331 10866 2523.05711  108   44 2636.59043 2454.42909  6.91%   122 1031s
 56191 10991     cutoff  116      2636.59043 2457.21364  6.80%   122 1036s
 56977 11019 2629.82805  159   44 2636.59043 2460.33591  6.68%   122 1041s
 57884 11094 2476.27318  119   34 2636.59043 2463.60856  6.56%   121 1045s
 58741 11154 2634.40935  143   52 2636.59043 2466.11110  6.47%   121 1050s
 60036 11146 2546.83913  121   59 2636.59043 2472.04681  6.24%   121 1056s
 60903 11142     cutoff  125      2636.59043 2475.11625  6.12%   120 1064s
 61166 11154     cutoff  159      2636.59043 2476.28522  6.08%   120 1066s
 62131 11229 infeasible  117      2636.59043 2478.97204  5.98%   120 1073s
 62681 11213 2582.72848  132   52 2636.59043 2480.30750  5.93%   120 1075s
 63476 11191 2603.96038  137   59 2636.59043 2483.74503  5.80%   120 1080s
 64332 11184 2497.53021  115   67 2636.59043 2487.33364  5.66%   119 1085s
 65629 11076 2609.76693  121   59 2636.59043 2491.83746  5.49%   119 1092s
 66532 11069     cutoff  142      2636.59043 2494.87936  5.37%   119 1096s
 67461 10977 2636.04298  139   69 2636.59043 2498.07549  5.25%   118 1101s
 68368 10878 2588.21805  143   79 2636.59043 2500.29880  5.17%   118 1106s
 69221 10780     cutoff  115      2636.59043 2503.07953  5.06%   118 1110s
 70467 10558     cutoff  131      2636.59043 2506.75896  4.92%   117 1116s
 71341 10411 2630.42939  136   52 2636.59043 2509.95509  4.80%   117 1121s
 71737 10365 2529.60119  120   68 2636.59043 2511.26911  4.75%   117 1125s
 72430 10252 2607.63418  132   60 2636.59043 2513.60266  4.66%   117 1130s
 73830 10012 2626.48982  126   62 2636.59043 2517.71725  4.51%   116 1136s
 74641  9860     cutoff  139      2636.59043 2520.28142  4.41%   116 1140s
 76023  9626     cutoff  114      2636.59043 2524.63828  4.25%   116 1147s
 76932  9420     cutoff  126      2636.59043 2527.19395  4.15%   115 1151s
 77854  9229 2557.30686  126   69 2636.59043 2530.17978  4.04%   115 1155s
 79235  8852     cutoff  154      2636.59043 2534.07762  3.89%   115 1161s
 80245  8592 2575.81663  128   64 2636.59043 2537.14141  3.77%   114 1165s
 81684  8176 2561.80052  135   56 2636.59043 2541.43898  3.61%   114 1171s
 82658  7915     cutoff  136      2636.59043 2544.30742  3.50%   113 1175s
 83974  7390     cutoff  118      2636.59043 2548.38939  3.35%   113 1181s
 84932  6974     cutoff  105      2636.59043 2551.80059  3.22%   112 1185s
 86385  6394 2619.86685  119   63 2636.59043 2556.71226  3.03%   112 1190s
 87824  5788     cutoff  150      2636.59043 2561.69996  2.84%   111 1196s
 89159  5058     cutoff  142      2636.59043 2567.26930  2.63%   110 1201s
 90137  4521     cutoff  129      2636.59043 2571.23469  2.48%   110 1205s
 91561  3705     cutoff  118      2636.59043 2576.81668  2.27%   109 1210s
 93113  2604     cutoff  155      2636.59043 2584.62639  1.97%   108 1215s
 94820  1232     cutoff  135      2636.59043 2594.99337  1.58%   107 1220s

Cutting planes:
  Learned: 6
  Gomory: 37
  Cover: 166
  Implied bound: 74
  Projected implied bound: 95
  Clique: 5
  MIR: 161
  Flow cover: 817
  Inf proof: 3
  Zero half: 42
  Mod-K: 1
  RLT: 160
  Relax-and-lift: 38

Explored 96849 nodes (10267253 simplex iterations) in 1223.63 seconds
Thread count was 8 (of 8 available processors)

Solution count 10: 2636.59 2649.97 2911.89 ... 3501.79
No other solutions better than 2636.59

Optimal solution found (tolerance 1.00e-04)
Warning: max constraint violation (1.9073e-06) exceeds tolerance
Best objective 2.636590433077e+03, best bound 2.636590433077e+03, gap 0.0000%
