
Gurobi 9.1.2 (win64) logging started Tue Nov 23 16:23:00 2021

Changed value of parameter LogFile to D2_S3_C20_e_trips_results_with_VI_newTW.log
   Prev:   Default: 
Changed value of parameter timeLimit to 18000.0
   Prev: inf  Min: 0.0  Max: inf  Default: inf
Gurobi Optimizer version 9.1.2 build v9.1.2rc0 (win64)
Thread count: 4 physical cores, 8 logical processors, using up to 8 threads
Optimize a model with 71370 rows, 5808 columns and 157368 nonzeros
Model fingerprint: 0xfc3af206
Variable types: 4428 continuous, 1380 integer (1380 binary)
Coefficient statistics:
  Matrix range     [1e-01, 1e+05]
  Objective range  [1e+00, 1e+00]
  Bounds range     [1e+00, 1e+10]
  RHS range        [1e+00, 1e+05]
Warning: Model contains large bounds
         Consider reformulating model or setting NumericFocus parameter
         to avoid numerical issues.
Presolve removed 62339 rows and 2914 columns
Presolve time: 0.45s
Presolved: 9031 rows, 2894 columns, 65213 nonzeros
Variable types: 1519 continuous, 1375 integer (1375 binary)

Root relaxation: objective -9.657692e+03, 1108 iterations, 0.04 seconds

    Nodes    |    Current Node    |     Objective Bounds      |     Work
 Expl Unexpl |  Obj  Depth IntInf | Incumbent    BestBd   Gap | It/Node Time

     0     0 -9657.6921    0   72          - -9657.6921      -     -    0s
     0     0 -9271.6701    0   75          - -9271.6701      -     -    0s
H    0     0                    4443.7088214 -9271.6701   309%     -    0s
H    0     0                    4106.7920265 -9271.6701   326%     -    1s
     0     0 -9076.5550    0   95 4106.79203 -9076.5550   321%     -    1s
     0     0 -9067.9074    0   96 4106.79203 -9067.9074   321%     -    1s
     0     0 -9067.8985    0   98 4106.79203 -9067.8985   321%     -    1s
     0     0 -6398.5143    0  267 4106.79203 -6398.5143   256%     -    2s
H    0     0                    4066.0279412 -6398.5143   257%     -    2s
     0     0 -6398.5143    0  265 4066.02794 -6398.5143   257%     -    2s
     0     0 -3155.8386    0  200 4066.02794 -3155.8386   178%     -    2s
     0     0 -1410.1011    0  149 4066.02794 -1410.1011   135%     -    3s
     0     0 -963.39202    0   97 4066.02794 -963.39202   124%     -    3s
     0     0 -953.34377    0   86 4066.02794 -953.34377   123%     -    3s
     0     0 -953.33765    0   84 4066.02794 -953.33765   123%     -    3s
     0     0 -928.33912    0   88 4066.02794 -928.33912   123%     -    3s
     0     0 -927.87743    0   77 4066.02794 -927.87743   123%     -    3s
     0     0 -907.52121    0   89 4066.02794 -907.52121   122%     -    4s
H    0     0                    3980.2017271 -907.52121   123%     -    4s
     0     0 -907.39753    0   84 3980.20173 -907.39753   123%     -    4s
     0     0 -897.87672    0   73 3980.20173 -897.87672   123%     -    4s
H    0     0                    3662.5303497 -897.87672   125%     -    4s
     0     0 -897.87672    0   73 3662.53035 -897.87672   125%     -    4s
     0     0 -896.33919    0   87 3662.53035 -896.33919   124%     -    4s
     0     0 -896.33919    0   87 3662.53035 -896.33919   124%     -    4s
     0     0 -894.44914    0   85 3662.53035 -894.44914   124%     -    4s
     0     0 -894.44914    0   85 3662.53035 -894.44914   124%     -    4s
     0     0 -891.04901    0   81 3662.53035 -891.04901   124%     -    4s
     0     0 -885.07933    0  100 3662.53035 -885.07933   124%     -    5s
H    0     2                    3358.9926876 -885.07933   126%     -    6s
     0     2 -885.07933    0  100 3358.99269 -885.07933   126%     -    6s
H   63    66                    3346.4264012 -868.11530   126%   168    7s
H   94    99                    3332.8684488 -868.11530   126%   148    8s
   258   268  410.37671   36   72 3332.86845 -868.11530   126%   131   10s
H  284   272                    3277.3686289 -868.11530   126%   127   10s
   922   881 1024.62159   35   53 3277.36863 -803.88771   125%   115   15s
  1042   903 1148.55001   15  149 3277.36863 -287.21380   109%   113   21s
  1049   908 1933.17887   55  100 3277.36863 -106.25538   103%   112   25s
  1059   914 2139.88082   86   87 3277.36863  -30.48584   101%   111   30s
  1074   924   98.71492   15   99 3277.36863   98.71492  97.0%   109   35s
  1087   933  491.99873   36   89 3277.36863  188.90025  94.2%   108   40s
H 1087   885                    3277.3686280  188.90025  94.2%   108   40s
  1097   892 1246.22729   20   80 3277.36863  296.88683  90.9%   107   45s
  1109   900  461.23393   48   85 3277.36863  352.16992  89.3%   106   50s
  1122   908 2377.39867  112   87 3277.36863  426.70583  87.0%   105   55s
H 1131   867                    3184.7324301  451.89982  85.8%   104   58s
  1134   869 1809.47796   49   86 3184.73243  468.99825  85.3%   104   60s
  1145   877  520.95087   42  109 3184.73243  480.46184  84.9%   103   65s
  1151   882  480.46184   46  115 3184.73243  480.46184  84.9%   138   70s
  1166   892  557.52101   41   84 3184.73243  557.52101  82.5%   136   75s
H 1170   849                    3184.7318579  610.57615  80.8%   135   76s
  1180   855  736.64886   19  103 3184.73186  736.64886  76.9%   134   80s
  1196   866  893.61459   20   97 3184.73186  893.61459  71.9%   133   85s
H 1210   831                    3155.8110029  977.79861  69.0%   131   89s
H 1210   788                    3155.8110025  988.83953  68.7%   131   90s
H 1215   751                    3155.8110016 1015.29220  67.8%   130   93s
H 1219   714                    3081.6196805 1026.61851  66.7%   130   95s
H 1235   688                    3081.6196799 1083.75813  64.8%   128  100s
  1251   699 1132.75182   46  129 3081.61968 1132.75182  63.2%   127  105s
H 1253   663                    3081.6196795 1137.35148  63.1%   126  106s
  1265   671 2499.25412   93  125 3081.61968 1181.38080  61.7%   125  110s
  1277   679 1214.36852   11  107 3081.61968 1214.36852  60.6%   124  115s
H 1290   651                    2957.9588741 1240.71244  58.1%   123  120s
H 1291   616                    2957.9588734 1245.79207  57.9%   123  120s
H 1297   587                    2875.1940700 1252.57463  56.4%   122  123s
  1303   591 1259.15489   14  142 2875.19407 1259.15489  56.2%   122  125s
H 1303   558                    2875.1940696 1261.16665  56.1%   122  125s
H 1310   536                    2875.1940693 1261.96200  56.1%   160  129s
  1311   536 1261.96200   62  173 2875.19407 1261.96200  56.1%   159  130s
  1317   540 1261.96200   25   89 2875.19407 1261.96200  56.1%   159  135s
H 1321   516                    2875.1940664 1261.96200  56.1%   158  136s
  1334   525 1809.47796   49  111 2875.19407 1281.57218  55.4%   157  140s
  1345   532 1345.04963   42  110 2875.19407 1345.04963  53.2%   155  145s
  1359   541 2139.88082   86  106 2875.19407 1407.89435  51.0%   154  150s
  1372   550 1480.57315   68  113 2875.19407 1458.30043  49.3%   152  156s
  1382   557 1840.81726   75  126 2875.19407 1473.76956  48.7%   151  160s
  1396   566 1500.21589   20  120 2875.19407 1500.21589  47.8%   150  165s
  1408   574 1509.98439   42  122 2875.19407 1509.98439  47.5%   148  170s
  1412   580 1516.69935   39  110 2875.19407 1516.33054  47.3%   176  176s
  1414   583 1578.25162   40   92 2875.19407 1543.77069  46.3%   176  180s
  1461   616 1682.38526   46   79 2875.19407 1614.45587  43.8%   180  185s
  1535   669 1839.69635   55   77 2875.19407 1614.45587  43.8%   186  190s
  1734   783 2191.09094   81   58 2875.19407 1614.45587  43.8%   189  195s
  1919   863 2461.30339  106   63 2875.19407 1614.45587  43.8%   188  200s
  2196   951 2684.05359   50   64 2875.19407 1663.28973  42.2%   179  205s
  2252   981 1694.83116   48   87 2875.19407 1663.28973  42.2%   178  210s
  2612  1147 2779.56851   93   62 2875.19407 1682.54377  41.5%   172  215s
  3080  1305 2122.33168   55   94 2875.19407 1713.77631  40.4%   164  220s
  3496  1592 1800.89058   54   92 2875.19407 1739.51332  39.5%   159  225s
  3718  1758 2017.08172   62   77 2875.19407 1744.66242  39.3%   158  231s
  4051  2014 2578.60756   77   67 2875.19407 1751.75972  39.1%   156  235s
  4493  2343 2427.10855   82   86 2875.19407 1763.68458  38.7%   151  240s
  4691  2454 2561.31830   70   42 2875.19407 1769.13311  38.5%   150  245s
  5175  2802 2598.33516   68   68 2875.19407 1782.64876  38.0%   147  253s
  5285  2948 2327.22749   57   67 2875.19407 1789.05474  37.8%   146  255s
  5948  3413 2195.24145   45   57 2875.19407 1803.47010  37.3%   143  262s
  6388  3717 2852.31422   62   72 2875.19407 1810.71471  37.0%   142  267s
  6633  3869 2442.92348   53   72 2875.19407 1812.59913  37.0%   142  270s
  7221  4186     cutoff   67      2875.19407 1819.85798  36.7%   139  277s
  7395  4423 2054.65053   57   83 2875.19407 1820.94099  36.7%   139  280s
  7921  4761 2159.89271   65   66 2875.19407 1825.62502  36.5%   137  287s
  8247  4989 2000.59820   65   81 2875.19407 1831.16489  36.3%   136  290s
  8840  5205 2341.99376   52   70 2875.19407 1838.11782  36.1%   135  301s
  8962  5489     cutoff   60      2875.19407 1838.76303  36.0%   135  305s
  9702  5940 2264.43362   69   86 2875.19407 1846.31212  35.8%   133  314s
  9993  6218 2716.96850  106   53 2875.19407 1848.78063  35.7%   134  318s
 10416  6567 2682.68837   59   66 2875.19407 1860.57962  35.3%   133  324s
 10918  6798 2531.52856   63   54 2875.19407 1867.10534  35.1%   133  329s
 11237  7027     cutoff   59      2875.19407 1869.02285  35.0%   133  334s
 11627  7293 2146.86749   63   68 2875.19407 1873.74153  34.8%   133  338s
 12022  7515 2396.60940   56   79 2875.19407 1877.08482  34.7%   133  343s
 12362  7821 2392.39710   70   69 2875.19407 1882.26201  34.5%   133  347s
 12807  8070 2124.02317   61   73 2875.19407 1885.80952  34.4%   133  352s
 13121  8371 2531.50926   52   88 2875.19407 1888.17739  34.3%   133  357s
 13544  8522 2465.04676   72   75 2875.19407 1893.83004  34.1%   133  361s
 13963  8844 2092.43262   68   78 2875.19407 1902.48513  33.8%   132  366s
 14413  8857 2791.03350   61   67 2875.19407 1905.52419  33.7%   132  377s
 14439  9124 2608.53648   63   76 2875.19407 1905.77322  33.7%   132  381s
 14895  9362     cutoff   73      2875.19407 1909.95709  33.6%   132  387s
 15260  9715 2115.73188   86   67 2875.19407 1911.38644  33.5%   132  391s
 15790 10003 1970.20879   66   77 2875.19407 1915.87897  33.4%   131  396s
 16206 10266 2715.45357  120   63 2875.19407 1917.38128  33.3%   131  400s
 16715 10346 2636.57531   68   86 2875.19407 1921.91719  33.2%   131  407s
 16818 10597 2555.12289   55   76 2875.19407 1922.33086  33.1%   131  412s
 17312 10747 2265.63192   70   63 2875.19407 1926.49850  33.0%   130  416s
 17566 11071 2231.07106   65   67 2875.19407 1927.67949  33.0%   130  421s
 18013 11318 2373.31021   55   72 2875.19407 1930.04031  32.9%   130  426s
 18426 11545 2459.92953   68   72 2875.19407 1934.31331  32.7%   130  431s
 18785 11866 2119.84269   80   84 2875.19407 1935.85598  32.7%   130  436s
 19274 12109 2822.58062  101   49 2875.19407 1941.06400  32.5%   130  440s
 19670 12384 2741.13265  117   67 2875.19407 1944.28821  32.4%   130  445s
 20564 12984 2453.50970   87   71 2875.19407 1950.84281  32.1%   130  454s
 21007 12985 2198.01044   77  100 2875.19407 1954.46419  32.0%   129  529s
 21009 12986 2476.43936   86  109 2875.19407 1954.46419  32.0%   129  530s
 21012 12988 2519.84255  113   88 2875.19407 1954.46419  32.0%   129  538s
 21014 12990 2500.52787   72   85 2875.19407 1954.46419  32.0%   129  540s
 21025 12997 2858.69946   80   99 2875.19407 1954.46419  32.0%   129  546s
 21036 13004 2720.99644   60   91 2875.19407 1965.82628  31.6%   129  551s
 21040 13007 2720.34324   90   96 2875.19407 2021.62986  29.7%   129  556s
 21046 13011 2597.53297   89   91 2875.19407 2035.79874  29.2%   129  561s
 21051 13014 2825.36506   76  124 2875.19407 2039.51645  29.1%   129  566s
 21055 13017 2493.08254   81  102 2875.19407 2049.27633  28.7%   129  571s
 21058 13019 2379.69947   80  106 2875.19407 2056.54676  28.5%   129  576s
 21062 13022 2446.64573   74   98 2875.19407 2060.30260  28.3%   129  581s
 21067 13025 2624.85158   68  110 2875.19407 2083.16020  27.5%   129  586s
 21070 13027 2441.91175   67  110 2875.19407 2090.16587  27.3%   129  590s
 21074 13030 2566.78419   81  133 2875.19407 2093.63752  27.2%   129  595s
 21078 13032 2484.96109   82  117 2875.19407 2098.92622  27.0%   129  600s
 21082 13035 2278.12054   75  123 2875.19407 2101.84985  26.9%   129  605s
 21085 13037 2521.11651   73  108 2875.19407 2106.84878  26.7%   129  610s
 21088 13039 2457.44739   68  116 2875.19407 2107.79383  26.7%   129  615s
 21092 13042 2570.16585   57  129 2875.19407 2114.81080  26.4%   129  621s
 21094 13043 2244.72699   61  128 2875.19407 2117.32462  26.4%   129  625s
 21098 13046 2781.90255  104  111 2875.19407 2122.04986  26.2%   129  631s
 21100 13047 2488.11073   74  119 2875.19407 2122.88195  26.2%   129  635s
 21104 13050 2323.69755   63  117 2875.19407 2125.41110  26.1%   129  641s
 21107 13052 2198.01044   77  106 2875.19407 2128.39946  26.0%   129  645s
 21111 13054 2387.95329  100  120 2875.19407 2132.12199  25.8%   129  650s
 21115 13057 2249.94073   68  125 2875.19407 2136.97820  25.7%   129  656s
 21117 13058 2492.56150  120  135 2875.19407 2139.01871  25.6%   129  660s
 21120 13060 2469.09849   93  134 2875.19407 2140.68728  25.5%   129  665s
 21123 13062 2160.04577   69  133 2875.19407 2142.07414  25.5%   129  670s
 21126 13064 2596.35448   76  129 2875.19407 2142.13067  25.5%   129  676s
 21127 13065 2543.37131   62  129 2875.19407 2142.13067  25.5%   129  681s
 21130 13070 2145.55035   49  119 2875.19407 2145.55035  25.4%   131  690s
 21136 13076 2159.43870   51   55 2875.19407 2148.04810  25.3%   131  697s
 21140 13079 2326.26591   51   88 2875.19407 2154.29006  25.1%   131  700s
 21158 13091 2169.46636   53   78 2875.19407 2158.06319  24.9%   131  706s
 21181 13105 2203.22287   56   79 2875.19407 2171.94460  24.5%   131  710s
 21219 13134 2265.12999   60   65 2875.19407 2172.37793  24.4%   132  715s
 21286 13169 2808.29160   68   65 2875.19407 2172.37793  24.4%   132  720s
 21368 13197 2336.02641   77   76 2875.19407 2172.37793  24.4%   132  725s
 21496 13222 2416.43867   88   71 2875.19407 2172.37793  24.4%   133  730s
 21636 13281 2471.27672  102   90 2875.19407 2172.37793  24.4%   134  735s
 21801 13311 2782.13720  120   59 2875.19407 2172.37793  24.4%   134  740s
 22173 13387 2769.99025   86   56 2875.19407 2202.22089  23.4%   134  746s
 22638 13499 2593.99621   81   71 2875.19407 2215.00007  23.0%   135  751s
 23090 13576 2388.22020   60   66 2875.19407 2281.99059  20.6%   135  755s
 23595 13675 2858.31134   74   52 2875.19407 2298.16141  20.1%   135  760s
 24072 13786 2820.27959   75   71 2875.19407 2309.65032  19.7%   136  765s
 24622 13928     cutoff   74      2875.19407 2321.66487  19.3%   136  771s
 25109 14059 2741.39256   90   57 2875.19407 2329.05863  19.0%   137  775s
 25634 14096 2458.36327   87   72 2875.19407 2337.13584  18.7%   137  780s
 26152 14236 2464.47669   88   78 2875.19407 2343.39196  18.5%   137  785s
 26770 14410 2588.27196   80   71 2875.19407 2349.35035  18.3%   137  790s
 27461 14485     cutoff   85      2875.19407 2359.13307  17.9%   138  797s
 27707 14578 2699.95843   92   53 2875.19407 2361.92082  17.9%   138  800s
 28395 14699 2479.07022   75   75 2875.19407 2366.34753  17.7%   138  806s
 29220 14768 2446.01328   67   64 2875.19407 2374.44933  17.4%   138  813s
 29601 14770 2540.42517   85   42 2875.19407 2379.88272  17.2%   139  816s
 29915 14905 2655.56005   70   75 2875.19407 2383.14234  17.1%   139  820s
 30390 14911 2741.61705   77   35 2875.19407 2388.47869  16.9%   139  825s
 31289 15193 2444.85300   64   68 2875.19407 2399.56423  16.5%   140  836s
 32343 15285 2453.04777   92   78 2875.19407 2410.06352  16.2%   140  842s
 32717 15343 2745.68763   76   58 2875.19407 2413.82795  16.0%   141  846s
 33615 15356 2709.08087   65   82 2875.19407 2421.92590  15.8%   141  852s
 33878 15492 2665.69622   73   83 2875.19407 2423.06518  15.7%   141  856s
 34315 15492 2851.64555   86   73 2875.19407 2425.03155  15.7%   142  861s
 35142 15642 2692.09241   72   33 2875.19407 2432.02366  15.4%   142  867s
 35547 15691 2655.28146   70   66 2875.19407 2436.31979  15.3%   142  871s
 36475 15740 2601.63330   81   90 2875.19407 2443.31285  15.0%   143  878s
 36935 15782 2680.96357   83   37 2875.19407 2446.35806  14.9%   143  881s
 37818 15911 2556.68195   83   70 2875.19407 2452.98219  14.7%   143  888s
 38238 15889 2612.05841   60   64 2875.19407 2454.69052  14.6%   143  891s
 38640 15889 2831.13096   95   64 2875.19407 2458.17848  14.5%   143  895s
 39333 16024     cutoff   63      2875.19407 2464.06180  14.3%   144  901s
 40156 16146 2723.17484   61   58 2875.19407 2468.95404  14.1%   143  907s
 40616 16140 2649.86701   68   59 2875.19407 2471.45946  14.0%   144  911s
 41416 16121 2723.49865   97   76 2875.19407 2476.91073  13.9%   144  917s
 41839 16144 2740.79995   83   63 2875.19407 2479.98641  13.7%   144  923s
 42425 16059 2782.46816   73   69 2875.19407 2483.91200  13.6%   144  926s
 43205 16096 2596.73866   92   62 2875.19407 2486.79213  13.5%   144  932s
 43454 16173 2815.34688   93   71 2875.19407 2488.39692  13.5%   144  935s
 44274 16111 2706.87305   68   71 2875.19407 2493.74090  13.3%   144  942s
 44678 16124 2801.69176   65   59 2875.19407 2495.27996  13.2%   144  945s
 45508 16146 2580.28611   68   77 2875.19407 2500.03090  13.0%   144  951s
 46400 16124 2604.99159   77   75 2875.19407 2503.45477  12.9%   144  957s
 46755 16185     cutoff   76      2875.19407 2507.30589  12.8%   144  961s
 47552 16079     cutoff   77      2875.19407 2511.04648  12.7%   144  967s
 47943 16060 2830.10792   77   66 2875.19407 2514.66622  12.5%   145  970s
 48780 16081 2597.77660   66   89 2875.19407 2517.46957  12.4%   144  977s
 49167 16068     cutoff   90      2875.19407 2520.02678  12.4%   145  980s
 50006 16077 2574.53802   78   77 2875.19407 2524.58210  12.2%   145  986s
 50857 16084 2765.87913   76   77 2875.19407 2529.22547  12.0%   145  993s
 51269 16033 2872.85238   74   36 2875.19407 2531.57872  12.0%   145  996s
 52139 15948     cutoff   87      2875.19407 2534.61217  11.8%   145 1004s
 52543 15968 2687.69100   88   59 2875.19407 2536.80344  11.8%   145 1008s
 53068 15910 2574.09958   82   74 2875.19407 2538.25542  11.7%   145 1012s
 53449 15900 2658.27898   94   65 2875.19407 2538.75069  11.7%   145 1015s
 54320 15797 2770.51107   70   58 2875.19407 2544.23463  11.5%   145 1022s
 54611 15822 2779.65818   71   66 2875.19407 2545.36435  11.5%   145 1025s
 55545 15739 2833.33920   67   62 2875.19407 2548.72713  11.4%   145 1032s
 55973 15629 2830.55629   65   48 2875.19407 2551.70948  11.3%   145 1037s
 56228 15653 2845.12176   86   96 2875.19407 2552.99321  11.2%   145 1040s
 57177 15591 2663.46097   75   60 2875.19407 2556.06610  11.1%   145 1047s
 57653 15524 2781.59017   76   17 2875.19407 2558.32254  11.0%   145 1050s
 58541 15462 2647.83483   74   65 2875.19407 2561.35979  10.9%   145 1057s
 58984 15415 2768.90234   90   61 2875.19407 2563.16656  10.9%   145 1061s
 59778 15412 2818.34898   81   55 2875.19407 2566.15257  10.7%   145 1067s
 60244 15303 2770.53795   76   76 2875.19407 2567.54990  10.7%   145 1070s
 61119 15485 2781.24365   75   68 2875.19407 2572.00110  10.5%   145 1076s
 62025 15671 2843.28624   87   82 2875.19407 2575.48609  10.4%   145 1083s
 62444 15749 2686.00705   68   54 2875.19407 2576.92924  10.4%   145 1087s
 62964 15812     cutoff  101      2875.19407 2579.15737  10.3%   145 1090s
 63795 15927 2813.77522   75   69 2875.19407 2582.11547  10.2%   144 1096s
 64582 16075 2764.11729   92   43 2875.19407 2584.44825  10.1%   144 1101s
 65394 16271 2716.70280   92   43 2875.19407 2587.18529  10.0%   144 1107s
 65774 16367     cutoff   88      2875.19407 2588.27017  10.0%   144 1110s
 66570 16526 2810.88514   85   61 2875.19407 2590.71646  9.89%   144 1115s
 67400 16655     cutoff  112      2875.19407 2593.84444  9.79%   144 1121s
 67788 16728 2851.74936   91   76 2875.19407 2595.15335  9.74%   144 1125s
 68404 16850 2858.77380   79   55 2875.19407 2596.94766  9.68%   144 1131s
 68814 16903 2700.91633   66   70 2875.19407 2598.06821  9.64%   144 1135s
 69468 17060 2753.96719   79   74 2875.19407 2599.58581  9.59%   144 1140s
 70331 17158     cutoff   73      2875.19407 2602.81278  9.47%   144 1146s
 71186 17348 2822.37021   79   54 2875.19407 2605.68860  9.37%   144 1152s
 71635 17429 2856.78098  107   54 2875.19407 2606.93502  9.33%   144 1155s
 72464 17572     cutoff  113      2875.19407 2609.28056  9.25%   144 1161s
 72936 17633 2670.81335   87   75 2875.19407 2610.58125  9.20%   143 1166s
 73982 17801 2740.23361   87   56 2875.19407 2614.09199  9.08%   143 1171s
 74712 17888 2826.60793   76   67 2875.19407 2615.81191  9.02%   143 1179s
 75011 17928     cutoff   69      2875.19407 2616.08024  9.01%   143 1182s
 75350 17984     cutoff   73      2875.19407 2618.03657  8.94%   143 1185s
 76210 18148 2756.05852   91   53 2875.19407 2620.89967  8.84%   143 1190s
 77030 18342 2812.37169   74   58 2875.19407 2622.80765  8.78%   143 1196s
 77907 18442     cutoff   88      2875.19407 2625.30129  8.69%   142 1201s
 78698 18518 2737.97789   81   68 2875.19407 2627.29317  8.62%   142 1207s
 79111 18566     cutoff   79      2875.19407 2628.15802  8.59%   142 1210s
 79949 18597 2702.05987   61   63 2875.19407 2631.23347  8.49%   142 1215s
 80579 18664 2687.18989   79   78 2875.19407 2632.95443  8.43%   142 1222s
 80826 18697 2663.16589   83   82 2875.19407 2633.44371  8.41%   142 1225s
 81629 18718 2739.99850   78   63 2875.19407 2636.49116  8.30%   142 1231s
 82442 18796     cutoff   79      2875.19407 2638.80213  8.22%   142 1236s
 83333 18857 infeasible   69      2875.19407 2641.65472  8.12%   142 1244s
 83804 18881 2855.55367   68   53 2875.19407 2643.05621  8.07%   142 1247s
 84206 18881     cutoff   77      2875.19407 2644.21793  8.03%   142 1250s
 85032 18873 2723.86056   73   75 2875.19407 2646.44589  7.96%   142 1256s
 85439 18876 2753.09476  103   71 2875.19407 2647.63843  7.91%   142 1261s
 86333 18904 2853.99216   95   40 2875.19407 2650.56625  7.81%   142 1267s
 86657 18942 2749.84508   79   65 2875.19407 2651.23214  7.79%   142 1270s
 87548 18983 2774.62312   74   77 2875.19407 2653.26876  7.72%   142 1276s
 88472 19043     cutoff   76      2875.19407 2655.31181  7.65%   141 1282s
 88929 19053 2763.02180   94   66 2875.19407 2656.21151  7.62%   141 1285s
*89140 19017              94    2871.7015906 2656.27885  7.50%   141 1285s
 89776 19032 2866.79640   96   78 2871.70159 2658.26826  7.43%   141 1292s
 90133 19070     cutoff   88      2871.70159 2659.92846  7.37%   141 1295s
 90855 19055 2679.83097   63   90 2871.70159 2662.23169  7.29%   141 1301s
 91671 19022 2862.25184   82   46 2871.70159 2664.66458  7.21%   141 1307s
 91940 19021     cutoff   75      2871.70159 2665.60242  7.18%   141 1311s
 92322 19021     cutoff   71      2871.70159 2666.57256  7.14%   141 1318s
 92730 19041 2754.89687   97   67 2871.70159 2667.71264  7.10%   141 1321s
 93686 19033 2760.46381   76   76 2871.70159 2670.06054  7.02%   141 1328s
 94168 19029     cutoff   72      2871.70159 2671.13671  6.98%   141 1331s
 95043 19020     cutoff   73      2871.70159 2673.42178  6.90%   141 1336s
 95816 18946     cutoff   75      2871.70159 2675.47235  6.83%   141 1341s
 96634 18923 2870.75566   85   55 2871.70159 2677.22178  6.77%   141 1347s
 97040 18888 2705.67218   74   45 2871.70159 2678.55910  6.73%   141 1350s
 97811 18791 2795.87034  109   18 2871.70159 2680.49535  6.66%   141 1355s
 98775 18773     cutoff   88      2871.70159 2682.82549  6.58%   140 1361s
 99685 18710     cutoff   76      2871.70159 2685.05123  6.50%   140 1366s
 100518 18643 2827.23279   91   58 2871.70159 2687.00420  6.43%   140 1371s
 101400 18565 2862.67668   92   55 2871.70159 2688.90654  6.37%   140 1376s
 102325 18538 2775.72969   93   68 2871.70159 2690.97636  6.29%   140 1382s
 103134 18411     cutoff   72      2871.70159 2692.99133  6.22%   140 1389s
 103525 18344 2844.16555   71   58 2871.70159 2694.36434  6.18%   140 1391s
 104368 18204     cutoff   69      2871.70159 2696.67184  6.09%   139 1396s
 105289 18115 2737.42162   86   87 2871.70159 2699.32714  6.00%   139 1401s
 106194 17993 2780.24197   73   75 2871.70159 2701.90256  5.91%   139 1406s
 106988 17883     cutoff   88      2871.70159 2704.04543  5.84%   139 1411s
 107918 17796     cutoff  104      2871.70159 2706.47094  5.75%   139 1416s
 108830 17630 2822.58246   68   87 2871.70159 2708.74113  5.67%   139 1421s
 109707 17507 2835.29071   86   55 2871.70159 2710.97678  5.60%   138 1426s
 110644 17389 2811.63357   81   59 2871.70159 2712.73390  5.54%   138 1431s
 111073 17357 2859.08504   93   64 2871.70159 2713.82890  5.50%   138 1435s
 111731 17151     cutoff  103      2871.70159 2715.60194  5.44%   138 1440s
 112630 16973 2860.94143   90   43 2871.70159 2718.26066  5.34%   138 1445s
*113170 16787              97    2864.4623358 2719.26994  5.07%   138 1447s
 113487 16665     cutoff   87      2864.46234 2720.25427  5.03%   138 1450s
 114106 16525 2791.53858   91   56 2864.46234 2721.89861  4.98%   137 1456s
 114902 16336 2818.80785   84   54 2864.46234 2723.96490  4.90%   137 1461s
 115768 16142     cutoff   84      2864.46234 2725.69153  4.84%   137 1466s
 116642 15906     cutoff   73      2864.46234 2728.09850  4.76%   137 1472s
 117603 15589 2825.86851   72   70 2864.46234 2730.37529  4.68%   137 1477s
 118480 15283 2847.30645   82   62 2864.46234 2733.40191  4.58%   136 1482s
 119365 15057 2812.62961   65   79 2864.46234 2735.56048  4.50%   136 1487s
 120272 14731     cutoff   88      2864.46234 2738.30803  4.40%   136 1492s
 121195 14384     cutoff   97      2864.46234 2740.98924  4.31%   136 1497s
 122060 14099     cutoff  100      2864.46234 2743.44778  4.22%   136 1502s
 122822 13803     cutoff   73      2864.46234 2745.56362  4.15%   135 1512s
 123180 13625     cutoff   83      2864.46234 2746.60073  4.11%   135 1515s
 124169 13279     cutoff   73      2864.46234 2749.30159  4.02%   135 1520s
 125436 12882     cutoff   66      2864.46234 2753.16543  3.89%   135 1525s
 126440 12305     cutoff   76      2864.46234 2756.00591  3.79%   135 1532s
 127411 11864     cutoff   76      2864.46234 2758.52983  3.70%   134 1537s
 128400 11460     cutoff   85      2864.46234 2761.21047  3.60%   134 1541s
 129431 11012 2845.06373   76   76 2864.46234 2764.07766  3.50%   134 1546s
 130268 10535 2834.91562   92   69 2864.46234 2766.74407  3.41%   133 1550s
 131310 10044 2817.98372  107   46 2864.46234 2769.49428  3.32%   133 1555s
 132830  9309 2816.32700   81   57 2864.46234 2774.62463  3.14%   133 1562s
 133876  8816 infeasible   87      2864.46234 2777.63836  3.03%   132 1566s
 134899  8339     cutoff   95      2864.46234 2781.20437  2.91%   132 1570s
 136435  7454     cutoff   85      2864.46234 2786.98336  2.70%   131 1576s
 137576  6922     cutoff   82      2864.46234 2790.94246  2.57%   131 1582s
 138410  6238     cutoff   95      2864.46234 2794.81753  2.43%   130 1586s
 139531  5551 2800.49452  113   28 2864.46234 2799.68663  2.26%   130 1590s
 141250  4319     cutoff   90      2864.46234 2807.25361  2.00%   129 1596s
 142488  3313 2846.95762   84   69 2864.46234 2814.26090  1.75%   128 1600s
 144470  1646     cutoff   94      2864.46234 2826.76277  1.32%   127 1605s

Cutting planes:
  Learned: 2
  Gomory: 43
  Cover: 298
  Implied bound: 119
  Projected implied bound: 112
  Clique: 2
  MIR: 214
  StrongCG: 1
  Flow cover: 882
  GUB cover: 1
  Inf proof: 8
  Zero half: 24
  RLT: 174
  Relax-and-lift: 117

Explored 146975 nodes (18479778 simplex iterations) in 1608.90 seconds
Thread count was 8 (of 8 available processors)

Solution count 10: 2864.46 2871.7 2875.19 ... 3358.99
No other solutions better than 2864.46

Optimal solution found (tolerance 1.00e-04)
Warning: max constraint violation (1.9073e-06) exceeds tolerance
Best objective 2.864462333570e+03, best bound 2.864462333570e+03, gap 0.0000%

cns 71370
