
Gurobi 9.1.2 (win64) logging started Tue Nov 30 11:12:07 2021

Changed value of parameter LogFile to D2_S3_C30_e_trips_results_with_VI_newTW.log
   Prev:   Default: 
Changed value of parameter timeLimit to 18000.0
   Prev: inf  Min: 0.0  Max: inf  Default: inf
Gurobi Optimizer version 9.1.2 build v9.1.2rc0 (win64)
Thread count: 4 physical cores, 8 logical processors, using up to 8 threads
Optimize a model with 140500 rows, 9336 columns and 304305 nonzeros
Model fingerprint: 0x5e83908e
Variable types: 7104 continuous, 2232 integer (2232 binary)
Coefficient statistics:
  Matrix range     [1e-01, 1e+05]
  Objective range  [1e+00, 1e+00]
  Bounds range     [1e+00, 1e+10]
  RHS range        [5e-01, 1e+05]
Warning: Model contains large bounds
         Consider reformulating model or setting NumericFocus parameter
         to avoid numerical issues.
Presolve removed 126321 rows and 4671 columns
Presolve time: 0.81s
Presolved: 14179 rows, 4665 columns, 102558 nonzeros
Variable types: 2433 continuous, 2232 integer (2232 binary)

Root relaxation: objective -5.865659e+03, 2134 iterations, 0.17 seconds

    Nodes    |    Current Node    |     Objective Bounds      |     Work
 Expl Unexpl |  Obj  Depth IntInf | Incumbent    BestBd   Gap | It/Node Time

     0     0 -5865.6595    0  112          - -5865.6595      -     -    1s
     0     0 -5333.5075    0  106          - -5333.5075      -     -    1s
     0     0 -5333.5075    0  106          - -5333.5075      -     -    2s
     0     0 -3634.1333    0  294          - -3634.1333      -     -    3s
     0     0 -3355.3619    0  307          - -3355.3619      -     -    3s
     0     0 -3355.3619    0  307          - -3355.3619      -     -    4s
H    0     0                    8572.2310741 -3355.3619   139%     -    5s
     0     0 -1195.2738    0  200 8572.23107 -1195.2738   114%     -    5s
H    0     0                    7731.1174029 -1195.2738   115%     -    6s
     0     0 -347.13148    0  169 7731.11740 -347.13148   104%     -    6s
     0     0 -217.36360    0  134 7731.11740 -217.36360   103%     -    7s
     0     0 -211.48820    0  136 7731.11740 -211.48820   103%     -    7s
     0     0 -210.26789    0  130 7731.11740 -210.26789   103%     -    7s
     0     0 -210.26789    0  130 7731.11740 -210.26789   103%     -    7s
     0     0 -153.71222    0  113 7731.11740 -153.71222   102%     -    7s
     0     0 -145.35188    0  110 7731.11740 -145.35188   102%     -    8s
     0     0 -145.28019    0  106 7731.11740 -145.28019   102%     -    8s
     0     0 -101.92653    0  106 7731.11740 -101.92653   101%     -    9s
     0     0 -101.91470    0  108 7731.11740 -101.91470   101%     -    9s
     0     0  -65.15576    0  129 7731.11740  -65.15576   101%     -   10s
     0     0  -63.94474    0  128 7731.11740  -63.94474   101%     -   10s
     0     0  -63.94474    0  128 7731.11740  -63.94474   101%     -   10s
     0     0  -25.79826    0  126 7731.11740  -25.79826   100%     -   10s
     0     0  -21.97949    0  126 7731.11740  -21.97949   100%     -   11s
     0     0  -21.63063    0  127 7731.11740  -21.63063   100%     -   11s
     0     0   -0.40104    0  134 7731.11740   -0.40104   100%     -   11s
H    0     0                    7593.5120384   -0.40104   100%     -   11s
     0     0    1.14279    0  128 7593.51204    1.14279   100%     -   11s
     0     0    1.14279    0  128 7593.51204    1.14279   100%     -   11s
     0     0   27.75415    0  136 7593.51204   27.75415   100%     -   12s
H    0     0                    7449.1431246   27.75415   100%     -   12s
     0     0   31.31669    0  132 7449.14312   31.31669   100%     -   12s
     0     0   31.32374    0  131 7449.14312   31.32374   100%     -   12s
     0     0   65.94000    0  134 7449.14312   65.94000  99.1%     -   13s
H    0     0                    7386.9695601   65.94000  99.1%     -   13s
     0     0   66.67853    0  136 7386.96956   66.67853  99.1%     -   13s
     0     0   76.49920    0  127 7386.96956   76.49920  99.0%     -   13s
     0     0   76.56699    0  124 7386.96956   76.56699  99.0%     -   14s
     0     0   84.67598    0  122 7386.96956   84.67598  98.9%     -   14s
     0     0   89.99575    0  146 7386.96956   89.99575  98.8%     -   15s
H    0     2                    7269.8276696   89.99575  98.8%     -   16s
     0     2   89.99575    0  146 7269.82767   89.99575  98.8%     -   16s
H   27    32                    7234.2139299  113.04841  98.4%   329   18s
H   28    32                    7148.9101093  113.04841  98.4%   330   18s
    39    46  165.86911    9  123 7148.91011  113.04841  98.4%   386   20s
H   64    67                    6952.2521837  113.04841  98.4%   359   21s
H   97    97                    6846.4823290  113.04841  98.3%   331   23s
   130   134 2991.82910   24   80 6846.48233  113.04841  98.3%   298   25s
H  225   227                    6564.3453964  113.04841  98.3%   232   26s
   407   377 1068.69951    4  109 6564.34540  121.13348  98.2%   194   30s
   541   508 1826.51425   13  101 6564.34540  121.13348  98.2%   218   35s
H  552   505                    6469.9298237  121.13348  98.1%   219   35s
   754   684 2956.21959   34   72 6469.92982  121.13348  98.1%   219   40s
  1075   929 2489.05586   17  146 6469.92982  166.05456  97.4%   198   48s
  1077   930 2743.34159   16  224 6469.92982  166.05456  97.4%   197   52s
  1078   931 3491.49434   46  155 6469.92982  491.42171  92.4%   197   55s
H 1081   886                    6469.9297570  689.43298  89.3%   197   58s
  1086   889 3726.26888   56  127 6469.92976  859.46991  86.7%   196   62s
  1093   894 4289.21483   48  135 6469.92976 1007.36634  84.4%   194   65s
  1101   899 2350.58212   12  136 6469.92976 1256.11253  80.6%   193   71s
H 1109   859                    6469.9297558 1458.78888  77.5%   192   76s
  1119   865 3494.34307   52  140 6469.92976 1645.55191  74.6%   190   80s
  1130   873 5339.54968   79  143 6469.92976 1716.22143  73.5%   188   85s
  1137   877 3343.50188   43  138 6469.92976 1866.91075  71.1%   187   91s
  1144   882 3726.48890   30  152 6469.92976 1956.07259  69.8%   186   95s
  1153   888 2009.28216   21  147 6469.92976 2009.28216  68.9%   184  100s
  1164   895 4682.86645   67  150 6469.92976 2130.53848  67.1%   183  105s
  1172   901 4773.75498   35  164 6469.92976 2202.74599  66.0%   181  111s
  1179   905 2254.48683    9  151 6469.92976 2254.48683  65.2%   180  115s
  1191   913 2277.22820   24  158 6469.92976 2273.14851  64.9%   178  120s
H 1193   867                    6374.9651832 2274.23226  64.3%   178  122s
  1198   870 3362.23742   20  176 6374.96518 2282.35517  64.2%   177  125s
H 1201   826                    6273.8893789 2283.54820  63.6%   177  128s
  1207   831 2285.28652   15  147 6273.88938 2285.28652  63.6%   222  132s
  1208   832 2285.28652   11  145 6273.88938 2285.28652  63.6%   222  135s
H 1209   791                    6273.8893726 2285.28652  63.6%   222  139s
  1211   792 3193.67633   18  139 6273.88937 2285.28652  63.6%   222  140s
  1221   799 3843.50425   34  138 6273.88937 2387.33198  61.9%   220  145s
  1231   805 3369.48339   37  142 6273.88937 2684.05045  57.2%   218  150s
H 1241   771                    6103.7657039 2856.41899  53.2%   216  154s
  1243   772 3457.39288   18  165 6103.76570 2858.90411  53.2%   216  155s
H 1243   732                    6103.7657030 2898.20399  52.5%   216  156s
  1253   739 2993.85904   21  167 6103.76570 2993.85904  51.0%   214  161s
  1261   744 3719.68914   27  152 6103.76570 3072.77020  49.7%   213  165s
H 1265   709                    5823.0797469 3132.44598  46.2%   212  168s
H 1268   674                    5823.0797459 3179.84861  45.4%   212  169s
  1270   675 4445.32407   48  165 5823.07975 3186.11662  45.3%   211  170s
  1280   682 3418.66191   33  164 5823.07975 3243.85256  44.3%   210  175s
  1288   687 3326.62045    9  166 5823.07975 3326.62045  42.9%   208  180s
  1298   694 3420.11028   20  173 5823.07975 3420.11028  41.3%   207  186s
  1306   699 5744.89897   61  168 5823.07975 3452.22313  40.7%   205  190s
  1313   704 5458.49329   50  166 5823.07975 3507.56108  39.8%   204  195s
  1321   709 3843.50425   34  178 5823.07975 3534.96483  39.3%   203  200s
  1330   715 5339.54968   79  165 5823.07975 3586.30173  38.4%   202  205s
  1338   721 3641.80435   38  155 5823.07975 3641.80435  37.5%   201  210s
  1348   727 3667.83954   19  168 5823.07975 3667.83954  37.0%   199  215s
  1354   731 4800.59750   76  187 5823.07975 3683.64112  36.7%   198  220s
  1364   738 4682.86645   67  184 5823.07975 3704.14442  36.4%   197  225s
  1371   744 3706.41544   30  141 5823.07975 3706.41544  36.3%   242  231s
  1373   746 5278.78019   74  139 5823.07975 3706.41544  36.3%   242  235s
H 1374   708                    5823.0797396 3706.41544  36.3%   242  238s
  1376   710 4051.59030   43  128 5823.07974 3706.41544  36.3%   241  240s
  1385   716 3708.58189   13  169 5823.07974 3708.58189  36.3%   240  245s
  1392   720 3801.05537    4  147 5823.07974 3801.05537  34.7%   238  250s
  1402   727 3924.67563   34  129 5823.07974 3924.67563  32.6%   237  256s
  1409   732 4239.09939   40  142 5823.07974 3971.08950  31.8%   236  260s
H 1411   696                    5823.0795418 3981.18767  31.6%   235  262s
  1418   701 5754.86932   81  150 5823.07954 4027.40587  30.8%   234  265s
  1427   707 4174.81303   11  166 5823.07954 4174.81303  28.3%   233  270s
  1435   712 4468.89444   43  165 5823.07954 4206.51651  27.8%   231  276s
  1443   717 4214.75842   18  165 5823.07954 4214.75842  27.6%   230  280s
  1450   722 4219.57645   11  160 5823.07954 4219.57645  27.5%   229  285s
  1455   727 4219.57645   22  145 5823.07954 4219.57645  27.5%   271  291s
H 1455   690                    5823.0794812 4219.57645  27.5%   271  293s
H 1455   656                    5823.0788316 4219.57645  27.5%   271  293s
  1457   657 4219.57645   17  121 5823.07883 4219.57645  27.5%   270  295s
  1461   660 4219.57645   27  135 5823.07883 4219.57645  27.5%   270  300s
  1472   667 4773.75498   35  151 5823.07883 4238.55279  27.2%   268  305s
H 1478   637                    5823.0783490 4272.93903  26.6%   267  310s
  1491   646 4340.54263   24  155 5823.07835 4340.54263  25.5%   264  315s
  1499   651 4377.13703   55  154 5823.07835 4377.13703  24.8%   263  320s
  1504   655 4380.95195   27  164 5823.07835 4380.95195  24.8%   262  325s
  1506   656 5744.89897   61  164 5823.07835 4380.95195  24.8%   262  330s
  1508   660 4389.87506   55  145 5823.07835 4389.87506  24.6%   300  339s
  1510   664 4395.92148   56  129 5823.07835 4395.92148  24.5%   300  347s
  1518   669 4590.22519   57  122 5823.07835 4405.64491  24.3%   300  350s
  1556   699 4433.20219   62  123 5823.07835 4433.20219  23.9%   299  355s
  1627   749 4490.53178   72  108 5823.07835 4434.30634  23.8%   298  360s
  1699   808 4814.65139   82  110 5823.07835 4434.30634  23.8%   294  365s
  1774   865 4910.14718   90   80 5823.07835 4434.30634  23.8%   291  370s
  1905   932 5079.91684  106   75 5823.07835 4434.30634  23.8%   285  376s
  2002   994 5397.01366  117   72 5823.07835 4434.30634  23.8%   283  380s
  2196  1074 4496.44588   73  119 5823.07835 4434.42978  23.8%   277  385s
  2313  1109 4769.74692   86   96 5823.07835 4434.42978  23.8%   274  390s
  2545  1290 4890.37171  119   98 5823.07835 4434.42978  23.8%   264  395s
  2839  1431 5155.99970  171   86 5823.07835 4434.42978  23.8%   250  400s
  3206  1580 4784.34157   67  117 5823.07835 4445.87632  23.7%   234  406s
  3395  1644 5204.97727   76  110 5823.07835 4445.87632  23.7%   230  410s
  3717  1888 4796.56203   77  130 5823.07835 4446.83344  23.6%   226  416s
  3911  2053 5155.54247   97  123 5823.07835 4446.83344  23.6%   228  421s
  4089  2206 4480.53438   72  130 5823.07835 4464.40212  23.3%   228  426s
  4358  2455     cutoff  146      5823.07835 4465.64693  23.3%   228  431s
  4711  2629 4776.77159  104  111 5823.07835 4472.29433  23.2%   225  436s
  5072  3010 4512.99330   69  112 5823.07835 4477.26993  23.1%   218  442s
  5219  3189 4689.40088   90  100 5823.07835 4477.26993  23.1%   218  445s
  5705  3553 5382.99816  177   72 5823.07835 4477.26993  23.1%   212  452s
  5854  3730 5617.72842  218   69 5823.07835 4480.64495  23.1%   211  458s
  6056  3910 4755.95722  103  121 5823.07835 4482.53219  23.0%   211  462s
  6343  4075     cutoff  121      5823.07835 4483.63285  23.0%   208  466s
  6577  4307 4627.72592   75  138 5823.07835 4485.41089  23.0%   207  470s
  6852  4411 5421.10752  174   76 5823.07835 4490.39727  22.9%   206  478s
  7008  4697 4938.55734   80   98 5823.07835 4493.01471  22.8%   206  482s
  7341  5006 4800.78532   81  109 5823.07835 4493.23806  22.8%   204  488s
  7758  5235 5113.08976   98  100 5823.07835 4498.02584  22.8%   200  492s
  8078  5577 4632.16675   82  129 5823.07835 4501.89606  22.7%   199  497s
  8534  5890 4847.95061   73  124 5823.07835 4508.59040  22.6%   196  502s
  8899  6189 5162.67676  128   97 5823.07835 4514.70843  22.5%   194  507s
  9306  6575 4592.21121   77  118 5823.07835 4516.87924  22.4%   193  512s
  9771  6837 4654.74267   77  119 5823.07835 4518.45170  22.4%   190  517s
 10069  7197 5228.90952  120   94 5823.07835 4519.62822  22.4%   189  522s
 10524  7324 5646.95429  115   86 5823.07835 4521.16042  22.4%   188  531s
 10800  7594     cutoff  102      5823.07835 4524.31738  22.3%   188  542s
 11202  8062 5164.12322   91  121 5823.07835 4528.91941  22.2%   188  552s
 11809  8561 5760.05221  134   79 5823.07835 4533.56804  22.1%   187  559s
 12424  9035 5383.42498  121   97 5823.07835 4538.62536  22.1%   186  567s
 13000  9460 5461.91612  113  109 5823.07835 4539.71783  22.0%   184  572s
 13496  9894 5383.82105  131   76 5823.07835 4543.31586  22.0%   184  579s
 14055 10234 5321.74838   74  122 5823.07835 4547.00092  21.9%   183  584s
 14524 10282 5478.18626  126   92 5823.07835 4549.50483  21.9%   182  591s
 14583 10629 4929.13088   77  107 5823.07835 4549.58392  21.9%   182  597s
 15072 10965 4847.94273   85   96 5823.07835 4554.39399  21.8%   182  603s
 15453 11318 5200.10276  105   86 5823.07835 4555.32358  21.8%   182  608s
 15989 11422 4792.73908   85  111 5823.07835 4557.23386  21.7%   182  613s
 16140 11836 5708.81528  133   89 5823.07835 4557.67521  21.7%   182  619s
 16650 12313 5362.20373  115   74 5823.07835 4558.37517  21.7%   181  625s
 17226 12624 5085.40981   79   68 5823.07835 4561.54725  21.7%   179  630s
 17674 12830 5344.44423  134   86 5823.07835 4562.85847  21.6%   179  635s
 18007 13099     cutoff   75      5823.07835 4565.46494  21.6%   180  641s
 18373 13325 5425.07236  101   99 5823.07835 4567.35748  21.6%   180  646s
 18670 13582 5075.12560   95   95 5823.07835 4567.56252  21.6%   181  652s
 19097 13910 4875.87604   75  118 5823.07835 4568.82734  21.5%   181  657s
 19522 14249 4780.67532   71   97 5823.07835 4570.84508  21.5%   181  663s
 19949 14631 5326.04834  101   99 5823.07835 4572.19996  21.5%   181  668s
 20468 14832 5735.26433   93   75 5823.07835 4572.73661  21.5%   180  674s
 20899 14833 5816.57282  181  146 5823.07835 4573.85566  21.5%   181  769s
 20901 14834 5244.02795  101  133 5823.07835 4573.85566  21.5%   181  772s
 20903 14836 5006.40935  132  130 5823.07835 4573.85566  21.5%   181  775s
 20906 14838 5382.19601  132  107 5823.07835 4573.85566  21.5%   181  780s
 20912 14842 5476.59878   84  147 5823.07835 4707.66681  19.2%   181  785s
 20916 14844 4757.40802   84  147 5823.07835 4757.40802  18.3%   180  792s
 20918 14846 5006.87993  106  150 5823.07835 4829.65371  17.1%   180  797s
 20923 14849 5531.73911  156  136 5823.07835 4874.18322  16.3%   180  804s
 20924 14850 5182.70059  116  130 5823.07835 4883.32874  16.1%   180  805s
 20928 14852 5283.21520  112  162 5823.07835 4922.66423  15.5%   180  812s
 20931 14854 5511.79306  157  154 5823.07835 4926.80025  15.4%   180  815s
 20935 14857 5723.25747  145  155 5823.07835 4938.11880  15.2%   180  820s
 20938 14859 5033.59894   83  150 5823.07835 4948.59726  15.0%   180  825s
 20942 14862 5665.91835  120  118 5823.07835 4972.64745  14.6%   180  830s
 20946 14864 4993.99607   80  131 5823.07835 4993.99607  14.2%   180  836s
 20949 14866 5195.74174  100  167 5823.07835 5013.83996  13.9%   180  841s
 20953 14869 5330.41551  108  174 5823.07835 5054.11804  13.2%   180  847s
 20955 14870 5081.42328   97  118 5823.07835 5081.42328  12.7%   180  850s
 20957 14872 5099.00588   91  154 5823.07835 5099.00588  12.4%   180  855s
 20961 14874 5146.92543  115  147 5823.07835 5146.92543  11.6%   180  860s
 20965 14877 5186.38161   83  153 5823.07835 5162.39749  11.3%   180  868s
 20967 14878 5163.18584   97  170 5823.07835 5163.18584  11.3%   180  871s
 20972 14883 5171.45938   80  126 5823.07835 5171.45938  11.2%   183  876s
 20974 14885 5185.30055  106  111 5823.07835 5171.45938  11.2%   183  880s
 20979 14888 5410.38328  104  139 5823.07835 5171.45938  11.2%   183  885s
 20988 14894 5619.11421  131  150 5823.07835 5172.70918  11.2%   183  891s
 20991 14896 5175.34396   87  117 5823.07835 5175.34396  11.1%   183  898s
 20995 14899 5177.87911  131  125 5823.07835 5177.87911  11.1%   183  900s
 20998 14901 5203.27712  110   60 5823.07835 5203.27712  10.6%   183  906s
 20999 14901 5816.57282  181  136 5823.07835 5210.50126  10.5%   183  911s
 21002 14903 5283.39269  110  137 5823.07835 5214.03359  10.5%   183  917s
 21004 14905 5718.12401  134  132 5823.07835 5214.54184  10.5%   183  920s
 21006 14906 5382.19601  132  139 5823.07835 5215.99101  10.4%   183  927s
 21007 14907 5372.10586   90  137 5823.07835 5219.23701  10.4%   183  933s
 21009 14908 5530.28461  138  161 5823.07835 5219.78760  10.4%   183  936s
 21010 14909 5428.71597  119  136 5823.07835 5231.81466  10.2%   183  940s
 21014 14911 5247.00021   83  143 5823.07835 5247.00021  9.89%   183  945s
 21017 14913 5255.13706  119  135 5823.07835 5255.13706  9.75%   183  950s
 21020 14915 5352.85001  158  142 5823.07835 5281.05404  9.31%   183  956s
 21024 14918 5289.90890  116  143 5823.07835 5289.90890  9.16%   183  961s
 21027 14920 5296.96978  155  145 5823.07835 5296.96978  9.03%   183  966s
 21029 14921 5699.05583  140  158 5823.07835 5299.36842  8.99%   183  970s
 21031 14923 5511.79306  157  148 5823.07835 5304.06452  8.91%   183  975s
 21034 14925 5307.89463   93  164 5823.07835 5307.89463  8.85%   183  980s
 21037 14927 5621.32355  113  182 5823.07835 5308.48188  8.84%   183  987s
 21039 14928 5309.93569  106  164 5823.07835 5309.93569  8.81%   183  991s
 21041 14929 5310.01903   89  176 5823.07835 5310.01903  8.81%   183  996s
 21043 14931 5310.42270   67  167 5823.07835 5310.42270  8.80%   182 1000s
 21046 14933 5319.99597   80  135 5823.07835 5319.99597  8.64%   182 1005s
 21051 14936 5322.63455   91  146 5823.07835 5322.63455  8.59%   182 1012s
 21054 14938 5693.07659   86  147 5823.07835 5324.49778  8.56%   182 1017s
 21057 14940 5326.75219   91  156 5823.07835 5326.75219  8.52%   182 1024s
 21058 14941 5326.84436   96  157 5823.07835 5326.84436  8.52%   182 1026s
 21061 14943 5328.37998  115  154 5823.07835 5328.37998  8.50%   182 1031s
 21063 14944 5515.10376  122  157 5823.07835 5331.56476  8.44%   182 1035s
 21064 14945 5332.50247   84  160 5823.07835 5332.50247  8.42%   182 1040s
 21067 14947 5336.75115   97  166 5823.07835 5336.75115  8.35%   182 1045s
 21070 14949 5347.35847   76  144 5823.07835 5347.35847  8.17%   182 1050s
 21074 14951 5367.74337  106  130 5823.07835 5367.74337  7.82%   182 1055s
 21076 14953 5529.68205  102  163 5823.07835 5370.32999  7.78%   182 1061s
 21078 14954 5374.92144  161  154 5823.07835 5374.92144  7.70%   182 1066s
 21080 14955 5384.56354  152  157 5823.07835 5376.28130  7.67%   182 1071s
 21082 14957 5566.85254  172  177 5823.07835 5377.75732  7.65%   182 1078s
 21083 14957 5587.28948  100  177 5823.07835 5378.02441  7.64%   182 1080s
 21086 14959 5380.44391  145  179 5823.07835 5380.44391  7.60%   182 1087s
 21088 14961 5619.11421  131  176 5823.07835 5381.23303  7.59%   182 1092s
 21090 14962 5381.35954   99  182 5823.07835 5381.35954  7.59%   182 1096s
 21092 14963 5381.72223   89  184 5823.07835 5381.72223  7.58%   182 1101s
 21094 14965 5382.06611   90  188 5823.07835 5382.06611  7.57%   182 1106s
 21096 14966 5382.79693  175  192 5823.07835 5382.79693  7.56%   182 1111s
 21098 14967 5383.28173  110  195 5823.07835 5383.28173  7.55%   182 1116s
 21100 14969 5500.53832  129  200 5823.07835 5383.87490  7.54%   182 1121s
 21102 14970 5385.07654  110  181 5823.07835 5385.07654  7.52%   182 1126s
 21105 14972 5538.54043  101  182 5823.07835 5385.89983  7.51%   182 1130s
 21107 14973 5386.43056   90  182 5823.07835 5386.43056  7.50%   182 1135s
 21109 14975 5530.28461  138  126 5823.07835 5393.43149  7.38%   182 1141s
 21113 14977 5460.57677   92  145 5823.07835 5397.94542  7.30%   182 1145s
 21116 14979 5399.58713   84  150 5823.07835 5399.58713  7.27%   182 1150s
 21118 14981 5401.18785  106  147 5823.07835 5401.18785  7.25%   182 1157s
 21121 14983 5404.39374   95  138 5823.07835 5404.39374  7.19%   182 1164s
 21123 14984 5531.73911  156  146 5823.07835 5404.84935  7.18%   182 1166s
 21125 14985 5405.79426  114  149 5823.07835 5405.79426  7.17%   182 1171s
 21127 14987 5407.83363  155  161 5823.07835 5407.83363  7.13%   182 1175s
 21129 14988 5699.05583  140  168 5823.07835 5408.52062  7.12%   182 1180s
 21131 14989 5511.79306  157  145 5823.07835 5409.74254  7.10%   182 1185s
 21133 14991 5476.43982  113  149 5823.07835 5410.14600  7.09%   182 1190s
 21135 14992 5723.25747  145  161 5823.07835 5410.77786  7.08%   182 1195s
 21136 14993 5411.27878   99  164 5823.07835 5411.27878  7.07%   182 1200s
 21138 14994 5411.67028   83  152 5823.07835 5411.67028  7.07%   182 1206s
 21140 14995 5411.95302   93  183 5823.07835 5411.95302  7.06%   182 1210s
 21142 14997 5665.91835  120  186 5823.07835 5412.15116  7.06%   182 1215s
 21144 14998 5412.80626   92  157 5823.07835 5412.80626  7.05%   182 1220s
 21146 14999 5413.26256   80  155 5823.07835 5413.26256  7.04%   182 1225s
 21149 15001 5413.69186  100  182 5823.07835 5413.69186  7.03%   182 1231s
 21151 15003 5413.88884   91  173 5823.07835 5413.88884  7.03%   182 1236s
 21153 15004 5414.15737  108  168 5823.07835 5414.15737  7.02%   182 1241s
 21154 15005 5693.07659   86  168 5823.07835 5414.15737  7.02%   182 1247s
 21156 15006 5653.29380  153  181 5823.07835 5414.20238  7.02%   182 1251s
 21158 15007 5414.33740   96  169 5823.07835 5414.33740  7.02%   182 1256s
 21160 15009 5414.65225  102  169 5823.07835 5414.65225  7.01%   181 1261s
 21162 15010 5414.66101   91  173 5823.07835 5414.66101  7.01%   181 1266s
 21164 15011 5414.66196   84  172 5823.07835 5414.66196  7.01%   181 1271s
 21165 15012 5414.66196   83  172 5823.07835 5414.66196  7.01%   181 1276s
 21167 15013 5414.66196   97  172 5823.07835 5414.66196  7.01%   181 1281s
 21168 15014 5508.41696  158  172 5823.07835 5414.66196  7.01%   181 1286s
 21170 15015 5416.68105   76  172 5823.07835 5416.68105  6.98%   181 1290s
 21176 15020 5529.68205  102  109 5823.07835 5416.68105  6.98%   185 1295s
 21181 15024 5416.68105   89   96 5823.07835 5416.68105  6.98%   185 1300s
 21195 15033 5416.68105  131  153 5823.07835 5416.68105  6.98%   185 1306s
 21197 15034 5681.63479   75  172 5823.07835 5416.68105  6.98%   185 1312s
 21199 15036 5816.57282  181  147 5823.07835 5416.68105  6.98%   185 1316s
 21201 15037 5418.04889  101  141 5823.07835 5418.04889  6.96%   185 1322s
 21203 15038 5418.45833  132  116 5823.07835 5418.45833  6.95%   185 1326s
 21205 15040 5538.54043  101  104 5823.07835 5420.18067  6.92%   185 1331s
 21209 15042 5530.28461  138  134 5823.07835 5421.00362  6.90%   185 1336s
 21211 15044 5421.79830   93  161 5823.07835 5421.79830  6.89%   185 1340s
 21214 15046 5421.89575   83  136 5823.07835 5421.89575  6.89%   185 1346s
 21217 15048 5422.37692  119  164 5823.07835 5422.37692  6.88%   185 1351s
 21219 15049 5422.42671   91  168 5823.07835 5422.42671  6.88%   185 1355s
 21222 15051 5422.73756   72  162 5823.07835 5422.73756  6.88%   185 1361s
 21224 15052 5422.73756  116  164 5823.07835 5422.73756  6.88%   184 1365s
 21227 15054 5422.77767  155  174 5823.07835 5422.77767  6.87%   184 1370s
 21230 15056 5424.42750   91  158 5823.07835 5424.42750  6.85%   184 1376s
 21233 15058 5476.43982  113  161 5823.07835 5427.87074  6.79%   184 1382s
 21236 15060 5431.05124   99  135 5823.07835 5431.05124  6.73%   184 1386s
 21240 15063 5433.79764   93  160 5823.07835 5433.79764  6.69%   184 1391s
 21241 15064 5434.19143   89  170 5823.07835 5434.19143  6.68%   184 1395s
 21244 15066 5434.39608   92  176 5823.07835 5434.39608  6.67%   184 1401s
 21246 15067 5435.21259   80  182 5823.07835 5435.21259  6.66%   184 1405s
 21249 15069 5436.45668  100  182 5823.07835 5436.45668  6.64%   184 1412s
 21251 15070 5436.79833   91  184 5823.07835 5436.79833  6.63%   184 1418s
 21253 15072 5437.32917  108  180 5823.07835 5437.32917  6.62%   184 1422s
 21255 15073 5437.59966   97  184 5823.07835 5437.59966  6.62%   184 1426s
 21257 15074 5438.05986   91  181 5823.07835 5438.05986  6.61%   184 1430s
 21259 15076 5438.06912   79  184 5823.07835 5438.06912  6.61%   184 1435s
 21261 15077 5438.06912  115  184 5823.07835 5438.06912  6.61%   184 1441s
 21262 15078 5438.06912   91  184 5823.07835 5438.06912  6.61%   184 1448s
 21264 15079 5441.16075   84  184 5823.07835 5441.16075  6.56%   184 1452s
 21265 15083 5444.25336   92  172 5823.07835 5441.16075  6.56%   187 1459s
 21267 15086 5445.83586   93  155 5823.07835 5442.71727  6.53%   187 1467s
 21271 15089 5539.70816   94  112 5823.07835 5444.70955  6.50%   187 1472s
 21275 15090 5485.89241   94  136 5823.07835 5444.70955  6.50%   187 1478s
 21279 15093 5557.03757   95  121 5823.07835 5447.81823  6.44%   187 1481s
 21291 15096 5559.10096   96   88 5823.07835 5448.03298  6.44%   187 1486s
H21294 14339                    5821.4770793 5450.85903  6.37%   187 1486s
 21303 14346 5573.50648   98   75 5821.47708 5451.23681  6.36%   187 1490s
H21325 13643                    5821.4770730 5468.55076  6.06%   187 1494s
 21335 13647 5594.10938  103   87 5821.47707 5468.55076  6.06%   187 1495s
 21397 13666     cutoff  111      5821.47707 5468.55076  6.06%   187 1500s
 21500 13676     cutoff  128      5821.47707 5468.55076  6.06%   187 1505s
 21669 13713 5620.77344  116   54 5821.47707 5471.93203  6.00%   186 1510s
*21796 13028             178    5821.4770459 5471.93203  6.00%   186 1514s
 21816 13036 5815.67978  159   14 5821.47705 5481.91969  5.83%   186 1515s
H21817 12389                    5821.4763830 5481.91969  5.83%   186 1515s
H21825 11770                    5821.4763374 5481.91969  5.83%   186 1515s
H21880 11211                    5821.4763298 5481.91969  5.83%   186 1518s
H21892 10651                    5821.4763288 5483.01222  5.81%   186 1518s
 21984 10688 5741.78325  113   39 5821.47633 5485.49310  5.77%   186 1520s
H22160 10156                    5810.7445575 5486.59564  5.58%   185 1523s
 22303 10224 5656.34982  138  105 5810.74456 5488.02206  5.55%   185 1526s
H22747  9727                    5810.7445521 5497.42004  5.39%   184 1531s
*22960  9252             134    5810.7445196 5501.85250  5.32%   183 1533s
 23159  9334 5659.16708  109   66 5810.74452 5504.44686  5.27%   183 1536s
 23717  9478 5624.04684  117   58 5810.74452 5513.41593  5.12%   182 1541s
 24054  9508 5536.42028  110   68 5810.74452 5521.49804  4.98%   181 1545s
 24663  9660 5591.97967  105   73 5810.74452 5526.92948  4.88%   179 1550s
 25343  9781     cutoff  111      5810.74452 5533.30813  4.77%   178 1556s
 25914  9821 5591.38456  121  101 5810.74452 5538.57612  4.68%   177 1562s
 26354  9940 5557.63870  108   72 5810.74452 5541.70399  4.63%   176 1567s
 27055 10068 5757.41131  145   79 5810.74452 5546.24326  4.55%   175 1572s
 27406 10099 5774.89969  133   68 5810.74452 5548.77035  4.51%   174 1575s
 28105 10176 5698.51117  120  120 5810.74452 5552.93627  4.44%   173 1581s
 28703 10327 5730.63104  116   36 5810.74452 5556.14568  4.38%   172 1587s
 29148 10364 5604.04619  114   49 5810.74452 5559.62120  4.32%   171 1590s
 30035 10532 5634.35944  121   34 5810.74452 5563.73872  4.25%   169 1597s
 30528 10581 5667.61896  118   90 5810.74452 5566.78150  4.20%   168 1601s
 31062 10596 5646.11944  103  102 5810.74452 5568.92297  4.16%   167 1606s
 31507 10775 5628.29634  104   94 5810.74452 5571.05984  4.12%   167 1613s
 32371 10564 5760.47473  119   64 5810.74452 5576.59158  4.03%   165 1618s
 32719 10577 5640.39407  123  104 5810.74452 5578.11855  4.00%   165 1621s
 33596 10605     cutoff  110      5810.74452 5581.42155  3.95%   164 1627s
 33998 10599 5649.33037  119   71 5810.74452 5583.44807  3.91%   163 1631s
 34901 10612     cutoff  115      5810.74452 5587.39870  3.84%   162 1637s
 35388 10525 5716.96680  119   86 5810.74452 5588.80702  3.82%   162 1641s
 35575 10513 5729.88300  137   36 5810.74452 5589.74653  3.80%   161 1645s
 36167 10564     cutoff  137      5810.74452 5592.42856  3.76%   161 1652s
 36606 10564 5685.07701  115  105 5810.74452 5595.63202  3.70%   160 1655s
 37379 10520 5647.79806  116   84 5810.74452 5598.76605  3.65%   160 1661s
 38087 10576 5745.59346  129   98 5810.74452 5601.35405  3.60%   159 1668s
 38553 10550     cutoff  126      5810.74452 5603.11525  3.57%   158 1671s
 39414 10446     cutoff  128      5810.74452 5606.04452  3.52%   157 1677s
 39826 10445 5723.79016  119   93 5810.74452 5607.35249  3.50%   157 1680s
 40248 10386 5694.44918  118   82 5810.74452 5608.31185  3.48%   157 1686s
 41104 10322     cutoff  120      5810.74452 5611.35834  3.43%   156 1692s
 41594 10264 5738.36175  121   53 5810.74452 5612.81883  3.41%   155 1695s
 42014 10231 5691.15266  126   77 5810.74452 5615.51147  3.36%   155 1701s
 43122 10100 5644.42120  118   97 5810.74452 5618.80576  3.30%   154 1706s
 43913  9986 5712.24284  103   96 5810.74452 5622.22458  3.24%   153 1712s
 44694  9842 5713.69387  126   66 5810.74452 5624.84595  3.20%   153 1717s
 45094  9765 5705.90252  108  107 5810.74452 5626.35999  3.17%   153 1720s
 45817  9698     cutoff  157      5810.74452 5628.56226  3.14%   152 1726s
 46195  9596 5765.98972  121   85 5810.74452 5629.35785  3.12%   152 1730s
 46786  9520 5722.17822  126  103 5810.74452 5631.64771  3.08%   152 1736s
 47504  9434 5736.81852  124   35 5810.74452 5634.54009  3.03%   151 1742s
 47959  9360 5705.96068  129   93 5810.74452 5635.64971  3.01%   151 1745s
 48755  9439 infeasible  120      5810.74452 5638.05418  2.97%   150 1751s
 49271  9510     cutoff  120      5810.74452 5639.41429  2.95%   150 1755s
 50109  9603 5725.97333  105   71 5810.74452 5641.51105  2.91%   149 1761s
 50915  9712 infeasible  128      5810.74452 5644.05892  2.87%   149 1767s
 51286  9768 5729.81257  155   78 5810.74452 5645.15470  2.85%   149 1770s
 52198  9865     cutoff  126      5810.74452 5647.20830  2.81%   148 1776s
 52617  9985 5776.53836  118  111 5810.74452 5648.50853  2.79%   148 1782s
 53238 10021     cutoff  124      5810.74452 5649.49569  2.78%   147 1785s
 53948 10098 5666.73379  120   45 5810.74452 5651.26549  2.74%   147 1791s
 54833 10233 5792.47642  139   73 5810.74452 5653.73175  2.70%   147 1797s
 55236 10264 5730.33660  126   74 5810.74452 5654.47829  2.69%   147 1800s
 56179 10376 5789.90618  146   85 5810.74452 5657.06045  2.64%   146 1807s
 56637 10437 5702.96892  111   87 5810.74452 5657.62650  2.64%   146 1810s
H57054 10475                    5810.7444661 5658.71334  2.62%   146 1812s
 57314 10493     cutoff  113      5810.74447 5659.51539  2.60%   145 1816s
H57538 10493                    5810.7444154 5659.55953  2.60%   145 1816s
 57728 10533     cutoff  117      5810.74442 5660.49656  2.59%   145 1820s
H57729 10533                    5810.7321853 5660.49656  2.59%   145 1820s
 58266 10586 5708.49263  101   67 5810.73219 5661.94434  2.56%   145 1827s
 58608 10630 5807.50163  126   75 5810.73219 5662.87354  2.54%   145 1830s
 58976 10624 5736.28545  115   95 5810.73219 5663.74194  2.53%   144 1837s
 59098 10660 5772.75317  113   95 5810.73219 5663.97757  2.53%   144 1840s
 59996 10694 5780.89964  116   83 5810.73219 5667.01851  2.47%   144 1846s
 60891 10755 5683.14091  113   98 5810.73219 5669.68565  2.43%   144 1853s
 61265 10770 5805.85661  131   79 5810.73219 5670.59709  2.41%   144 1856s
 61857 10818 5796.89606  112   69 5810.73219 5671.53405  2.40%   144 1860s
 62632 10877 5742.44841  119   64 5810.73219 5673.65140  2.36%   143 1866s
 63097 10902 5790.10829  126  104 5810.73219 5674.78589  2.34%   143 1872s
 63711 10917 5705.10865  113   91 5810.73219 5675.89269  2.32%   143 1875s
 64514 10896     cutoff  115      5810.73219 5677.67715  2.29%   142 1881s
 65495 10860     cutoff  129      5810.73219 5679.67990  2.26%   142 1887s
 65919 10894     cutoff  129      5810.73219 5680.74577  2.24%   142 1890s
 66701 10929 5715.18472  125   87 5810.73219 5682.94572  2.20%   141 1895s
 67571 10943     cutoff  118      5810.73219 5684.28264  2.18%   141 1901s
 68427 10957 5713.13436  110   85 5810.73219 5686.47209  2.14%   141 1908s
 68903 10905     cutoff  124      5810.73219 5687.32161  2.12%   140 1910s
 69579 10890     cutoff  121      5810.73219 5688.83321  2.10%   140 1916s
 70311 10839 5801.44634  129   81 5810.73219 5690.42630  2.07%   140 1922s
 70717 10829 5769.69058  120   72 5810.73219 5691.47673  2.05%   140 1925s
 71547 10733 5703.97249  130   82 5810.73219 5693.43421  2.02%   140 1931s
 72346 10654 5796.16076  113  104 5810.73219 5695.58240  1.98%   139 1937s
 72752 10650 5779.22169  118  106 5810.73219 5696.97091  1.96%   139 1940s
 73659 10597     cutoff  123      5810.73219 5698.76254  1.93%   139 1951s
 74560 10512     cutoff  104      5810.73219 5700.78548  1.89%   139 1957s
 75058 10467     cutoff  120      5810.73219 5701.95397  1.87%   139 1960s
 76001 10401 5784.17951  121   58 5810.73219 5704.05136  1.84%   138 1966s
 76925 10288 5718.31610  116   90 5810.73219 5706.15330  1.80%   138 1972s
 77358 10272 5784.48225  115   63 5810.73219 5706.95581  1.79%   138 1975s
 78322 10142     cutoff  129      5810.73219 5708.84479  1.75%   137 1981s
 79228  9994     cutoff  113      5810.73219 5711.12808  1.71%   137 1987s
 80159  9857 5770.72779  132  109 5810.73219 5713.37911  1.68%   137 1992s
 80594  9780 5781.44119  119   75 5810.73219 5714.50207  1.66%   137 1995s
 81445  9607     cutoff  123      5810.73219 5716.66875  1.62%   136 2001s
 82373  9420     cutoff  126      5810.73219 5719.02598  1.58%   136 2006s
 83297  9206 5790.56894  116   69 5810.73219 5721.23784  1.54%   136 2012s
 83795  9103 5768.54457  115   49 5810.73219 5722.13853  1.52%   136 2015s
 84670  8879 5749.80461  130   75 5810.73219 5724.94405  1.48%   136 2021s
 85550  8678     cutoff  135      5810.73219 5726.90446  1.44%   135 2026s
 86492  8497     cutoff  119      5810.73219 5729.13230  1.40%   135 2035s
 87274  8213     cutoff  107      5810.73219 5731.06702  1.37%   135 2040s
 88159  7952     cutoff  125      5810.73219 5733.43310  1.33%   134 2046s
 89140  7672     cutoff  116      5810.73219 5735.67253  1.29%   134 2052s
 89617  7490     cutoff  139      5810.73219 5736.94447  1.27%   134 2055s
 90487  7202 5781.52115  109   86 5810.73219 5739.26072  1.23%   134 2061s
 91477  6896     cutoff  125      5810.73219 5741.57028  1.19%   133 2066s
 91938  6805 5806.21931  115   42 5810.73219 5742.28992  1.18%   133 2070s
 92829  6360 5792.95743  126   66 5810.73219 5745.04281  1.13%   133 2075s
 93859  5970 5808.37473  135   35 5810.73219 5748.16811  1.08%   133 2081s
 94816  5472 5810.12007  110   95 5810.73219 5751.78278  1.01%   132 2086s
 95632  5059     cutoff  124      5810.73219 5754.25380  0.97%   132 2091s
 96136  4839 5795.85467  125   75 5810.73219 5756.65370  0.93%   132 2095s
 97172  4304     cutoff  121      5810.73219 5759.94964  0.87%   131 2100s
 98209  3742 5786.05929  150   60 5810.73219 5764.25405  0.80%   131 2112s
 99265  3092 5799.92381  115   65 5810.73219 5768.50262  0.73%   130 2117s
 99809  2754     cutoff  116      5810.73219 5770.97608  0.68%   130 2120s
 100966  1975     cutoff  124      5810.73219 5775.96437  0.60%   130 2125s
 102121  1074     cutoff  132      5810.73219 5783.51369  0.47%   129 2130s

Cutting planes:
  Learned: 20
  Gomory: 47
  Cover: 122
  Implied bound: 61
  Projected implied bound: 70
  Clique: 12
  MIR: 274
  Flow cover: 1134
  GUB cover: 1
  Inf proof: 8
  Zero half: 77
  RLT: 262
  Relax-and-lift: 88

Warning: cleanup yields a better solution due to numeric instability

Explored 103973 nodes (13272067 simplex iterations) in 2135.10 seconds
Thread count was 8 (of 8 available processors)

Solution count 10: 5810.73 5810.74 5821.48 ... 6469.93
No other solutions better than 5810.73

Optimal solution found (tolerance 1.00e-04)
Best objective 5.805196646801e+03, best bound 5.805196646801e+03, gap 0.0000%
