
Gurobi 9.1.2 (win64) logging started Fri Nov 26 16:04:15 2021

Changed value of parameter LogFile to D2_S3_C20_c_trips_results_without_VI_newTW.log
   Prev:   Default: 
Changed value of parameter timeLimit to 18000.0
   Prev: inf  Min: 0.0  Max: inf  Default: inf
Gurobi Optimizer version 9.1.2 build v9.1.2rc0 (win64)
Thread count: 4 physical cores, 8 logical processors, using up to 8 threads
Optimize a model with 19983 rows, 7404 columns and 58545 nonzeros
Model fingerprint: 0x245d47e0
Variable types: 5625 continuous, 1779 integer (1779 binary)
Coefficient statistics:
  Matrix range     [1e-01, 1e+05]
  Objective range  [1e+00, 1e+00]
  Bounds range     [1e+00, 1e+10]
  RHS range        [1e+00, 1e+05]
Warning: Model contains large bounds
         Consider reformulating model or setting NumericFocus parameter
         to avoid numerical issues.
Presolve removed 10559 rows and 4473 columns
Presolve time: 0.20s
Presolved: 9424 rows, 2931 columns, 51657 nonzeros
Variable types: 1536 continuous, 1395 integer (1395 binary)

Root relaxation: objective -1.036548e+04, 2580 iterations, 0.11 seconds

    Nodes    |    Current Node    |     Objective Bounds      |     Work
 Expl Unexpl |  Obj  Depth IntInf | Incumbent    BestBd   Gap | It/Node Time

     0     0 -10365.483    0   69          - -10365.483      -     -    0s
     0     0 -10101.798    0   76          - -10101.798      -     -    0s
     0     0 -10060.380    0   84          - -10060.380      -     -    0s
     0     0 -10060.380    0   84          - -10060.380      -     -    0s
     0     0 -9516.5537    0   75          - -9516.5537      -     -    1s
     0     0 -9490.3328    0   93          - -9490.3328      -     -    1s
     0     0 -9490.3328    0   93          - -9490.3328      -     -    1s
     0     0 -7718.0665    0  242          - -7718.0665      -     -    1s
     0     0 -7482.5803    0  259          - -7482.5803      -     -    2s
     0     0 -7482.5803    0  259          - -7482.5803      -     -    2s
     0     0 -4356.4149    0  208          - -4356.4149      -     -    2s
     0     0 -2620.1246    0  144          - -2620.1246      -     -    3s
     0     0 -2053.2093    0  117          - -2053.2093      -     -    3s
     0     0 -2030.2089    0  106          - -2030.2089      -     -    3s
     0     0 -2029.5540    0  111          - -2029.5540      -     -    3s
     0     0 -1623.3480    0   99          - -1623.3480      -     -    3s
     0     0 -1622.3859    0   97          - -1622.3859      -     -    3s
     0     0 -1444.7133    0   99          - -1444.7133      -     -    3s
     0     0 -1442.2221    0  102          - -1442.2221      -     -    3s
     0     0 -1442.1078    0  104          - -1442.1078      -     -    4s
     0     0 -1349.3660    0   89          - -1349.3660      -     -    4s
     0     0 -1348.8997    0   92          - -1348.8997      -     -    4s
     0     0 -1306.7865    0   88          - -1306.7865      -     -    4s
     0     0 -1304.4146    0   86          - -1304.4146      -     -    4s
H    0     0                    6235.8235986 -1304.4146   121%     -    4s
     0     0 -1304.4146    0   86 6235.82360 -1304.4146   121%     -    4s
H    0     0                    6033.0907003 -1304.4146   122%     -    4s
H    0     0                    5980.9472043 -1304.4146   122%     -    5s
     0     0 -1256.9506    0   88 5980.94720 -1256.9506   121%     -    5s
H    0     0                    5672.4679843 -1256.9506   122%     -    5s
     0     0 -1256.3797    0   89 5672.46798 -1256.3797   122%     -    5s
     0     0 -1236.5504    0   92 5672.46798 -1236.5504   122%     -    5s
     0     0 -1235.1309    0   96 5672.46798 -1235.1309   122%     -    5s
     0     0 -1233.4616    0   92 5672.46798 -1233.4616   122%     -    5s
     0     0 -1205.7512    0  103 5672.46798 -1205.7512   121%     -    6s
H    0     0                    5572.0095029 -1205.7512   122%     -    6s
     0     2 -1205.7512    0  103 5572.00950 -1205.7512   122%     -    6s
H   27    32                    5316.3701732 -1175.1838   122%   204    7s
H   60    63                    5267.8930945 -1175.1838   122%   185    7s
H   63    67                    5006.9635717 -1175.1838   123%   183    8s
H   92    95                    4967.1190573 -1175.1838   124%   172    8s
H   96    98                    4708.4733030 -1175.1838   125%   170    9s
   186   179 1941.75321   39   51 4708.47330 -1175.1838   125%   138   10s
H  187   179                    4657.5237974 -1175.1838   125%   137   10s
H  190   179                    4605.7797218 -1175.1838   126%   137   10s
H  486   413                    4446.9814425 -1153.1811   126%   114   12s
H  489   413                    4435.3688567 -1153.1811   126%   114   12s
H  624   518                    4245.1435597 -1153.0687   127%   106   14s
H  635   509                    4140.6860883 -1153.0687   128%   106   14s
   681   570 -628.79321   23   70 4140.68609 -1153.0687   128%   104   15s
H  860   680                    4063.1611171 -1153.0687   128%   103   16s
H 1022   771                    3917.4176357 -1153.0687   129%   101   17s
  1025   773 1637.01960   43  223 3917.41764 -1087.9067   128%   100   20s
  1035   780 2552.08406   48   77 3917.41764 -543.54727   114%  99.4   25s
  1056   794 -277.23656   24   83 3917.41764 -277.23656   107%  97.4   30s
H 1060   756                    3853.7295520 -256.54023   107%  97.1   31s
H 1071   724                    3853.7293393  -58.77350   102%  96.1   35s
  1086   734  171.20764   65   89 3853.72934  171.20764  95.6%  94.7   40s
  1101   744  334.82540    9   89 3853.72934  334.82540  91.3%  93.4   45s
H 1103   706                    3853.7292945  345.88067  91.0%  93.3   45s
H 1119   680                    3817.0068359  408.61379  89.3%  91.9   49s
  1121   681 1991.40578   38  116 3817.00684  420.51096  89.0%  91.8   50s
H 1121   645                    3754.2893397  420.51096  88.8%  91.8   50s
  1136   655 1432.50179   20  108 3754.28934  461.70034  87.7%  90.6   55s
  1150   666  468.63989   13  144 3754.28934  468.63989  87.5%   127   60s
  1164   676 1894.89792   31   90 3754.28934  523.02257  86.1%   126   65s
H 1177   649                    3680.4362578  942.50731  74.4%   125   68s
  1184   654 2126.89840   23  108 3680.43626  999.39342  72.8%   124   70s
H 1189   623                    3668.0847439 1027.02658  72.0%   123   72s
  1201   631 1082.27120    9  105 3668.08474 1082.27120  70.5%   122   75s
H 1202   600                    3641.5307234 1083.66703  70.2%   122   75s
H 1208   572                    3641.5307195 1099.96043  69.8%   121   78s
H 1211   545                    3605.7532804 1104.99575  69.4%   121   79s
  1215   548 1109.31158    5  120 3605.75328 1109.31158  69.2%   121   80s
  1233   560 1194.10247   55  106 3605.75328 1194.10247  66.9%   119   85s
  1247   569 1233.73644   13  123 3605.75328 1233.73644  65.8%   118   90s
  1256   576 1233.73644   24   86 3605.75328 1233.73644  65.8%   147   95s
  1279   591 1388.45948   13   92 3605.75328 1388.45948  61.5%   145  100s
  1304   608 3203.72685   40  122 3605.75328 1470.97077  59.2%   142  105s
  1314   618 1487.73445   38  101 3605.75328 1487.73445  58.7%   169  112s
  1316   621 1510.22470   39   89 3605.75328 1510.22470  58.1%   169  115s
  1377   662 1565.61053   46  102 3605.75328 1563.65311  56.6%   173  120s
H 1414   654                    3533.1387387 1585.18461  55.1%   174  122s
  1586   789 2018.01623   69   46 3533.13874 1585.18461  55.1%   178  125s
H 2060   926                    3319.3785364 1585.18461  52.2%   165  129s
  2128   979 3189.79518  116   55 3319.37854 1615.81104  51.3%   163  130s
  2861  1346 1939.81934   75   68 3319.37854 1617.22758  51.3%   149  135s
  3101  1524 2350.66210  105   44 3319.37854 1617.22758  51.3%   146  140s
H 3552  1829                    3301.4710265 1691.36154  48.8%   141  143s
H 3558  1710                    3149.7823742 1691.36154  46.3%   141  143s
H 3604  1671                    3063.2870243 1691.36154  44.8%   141  144s
  3643  1766 2079.75389   69   61 3063.28702 1691.36154  44.8%   142  145s
  4287  2251 2345.42331   59   83 3063.28702 1724.22581  43.7%   137  150s
H 4678  2481                    3063.2869528 1736.36700  43.3%   134  152s
H 4699  2456                    3045.3795144 1736.36700  43.0%   134  152s
  5003  2822 2857.25933  137   65 3045.37951 1753.18616  42.4%   133  155s
  5773  3457 2976.28504   54   76 3045.37951 1781.44799  41.5%   128  160s
H 6261  3687                    3029.4917434 1783.77241  41.1%   127  164s
  6263  3880 2710.35452   69   68 3029.49174 1787.76064  41.0%   127  165s
  7087  4605 2176.20556   74   59 3029.49174 1793.65376  40.8%   124  170s
  7980  5223 2516.30962  150   97 3029.49174 1796.89611  40.7%   122  175s
  8867  6135 2412.79570  106   91 3029.49174 1801.23268  40.5%   119  181s
  9575  6767     cutoff  101      3029.49174 1805.56049  40.4%   118  185s
 10423  7254 2249.32646   73   75 3029.49174 1812.47806  40.2%   116  191s
 10718  7686 2409.86538   89   77 3029.49174 1812.71104  40.2%   117  195s
 11991  8640 2926.23589  227   85 3029.49174 1815.79454  40.1%   116  201s
 12986  9566 2570.96033  112   79 3029.49174 1823.71473  39.8%   114  206s
 13890 10082 2431.04466   91   68 3029.49174 1828.47768  39.6%   113  210s
 14604 10627 2349.30966   77   81 3029.49174 1830.67601  39.6%   113  215s
 15615 11548 2930.42128  123   45 3029.49174 1833.06979  39.5%   113  222s
 16505 12114 2300.11424   58   84 3029.49174 1839.98313  39.3%   112  227s
 17260 12771 2820.77276  120   65 3029.49174 1842.08825  39.2%   113  232s
 18245 13547 2580.12747  102   73 3029.49174 1846.48784  39.0%   112  236s
 19257 14013 2573.78286  199   40 3029.49174 1848.90111  39.0%   111  242s
 19271 14217 2574.13456  200   40 3029.49174 1849.60398  38.9%   111  245s
 20305 15160 2102.11539   69   75 3029.49174 1855.65152  38.7%   111  251s
 20804 15161 2668.14958  125  103 3029.49174 1855.65152  38.7%   110  298s
H20805 14403                    3029.4917394 1855.65152  38.7%   110  299s
 20807 14404 2921.88163  108   92 3029.49174 1855.65152  38.7%   110  300s
 20822 14414 2411.76388   77   86 3029.49174 1855.65152  38.7%   110  305s
H20825 13695                    3014.8819013 1855.65152  38.5%   110  308s
H20825 13010                    3014.8818973 1855.65152  38.5%   110  308s
 20828 13012 2595.72536   79   84 3014.88190 1855.65152  38.5%   110  310s
 20836 13017 2251.83544  113   95 3014.88190 1909.00456  36.7%   110  315s
 20844 13023 1975.05049   80   89 3014.88190 1975.05049  34.5%   110  321s
 20847 13025 2938.90252  121  100 3014.88190 2011.50005  33.3%   110  325s
 20853 13029 2767.92992  131  121 3014.88190 2024.86496  32.8%   110  330s
 20859 13033 2028.60355   76  127 3014.88190 2028.60355  32.7%   110  335s
H20860 12380                    2931.9627689 2028.74577  30.8%   110  338s
H20860 11760                    2931.9627650 2028.74577  30.8%   110  338s
 20863 11762 2343.38146  118  112 2931.96276 2032.86813  30.7%   110  340s
 20867 11765 2829.52039  127  119 2931.96276 2040.62912  30.4%   110  345s
 20872 11768 2043.77260   73  121 2931.96276 2043.77260  30.3%   110  351s
 20876 11771 2691.50938  176  119 2931.96276 2045.75577  30.2%   110  355s
 20879 11773 2811.62345   89  122 2931.96276 2045.79995  30.2%   110  362s
 20882 11778 2048.80924   51  112 2931.96276 2048.80924  30.1%   111  367s
 20884 11781 2065.66329   52   98 2931.96276 2065.66329  29.5%   111  370s
 20896 11788 2084.15868   54   98 2931.96276 2084.15868  28.9%   111  375s
 20920 11804 2087.30350   57   95 2931.96276 2087.30350  28.8%   112  380s
 20967 11837 2130.58964   63   66 2931.96276 2114.81041  27.9%   112  385s
H21050 11275                    2931.9625880 2114.81041  27.9%   112  388s
 21080 11281 2321.90818   74   73 2931.96259 2114.81041  27.9%   112  391s
H21134 10757                    2929.4994812 2114.81041  27.8%   112  392s
 21213 10786 2684.11474   90   65 2929.49948 2114.81041  27.8%   113  395s
 21533 10925 2372.92395  120   56 2929.49948 2114.81041  27.8%   113  400s
H21827 10466                    2929.4994773 2114.81041  27.8%   113  403s
 21908 10555 2566.37420  158   52 2929.49948 2114.81041  27.8%   113  406s
 22340 10662 2230.28488   79   53 2929.49948 2134.26870  27.1%   113  410s
 22844 10938     cutoff   88      2929.49948 2148.88223  26.6%   112  416s
 23450 11216 2676.89347   81   66 2929.49948 2155.40259  26.4%   111  420s
 24518 11614 2287.01640   79   66 2929.49948 2166.03064  26.1%   110  428s
 24756 11577     cutoff   76      2929.49948 2167.30660  26.0%   110  430s
 25511 11858     cutoff  143      2929.49948 2168.99984  26.0%   110  436s
 26176 12155 2538.06403   92   72 2929.49948 2173.51641  25.8%   109  440s
 27188 12548 2820.38595   80   47 2929.49948 2177.79369  25.7%   109  446s
 28175 12971 2550.81443   77   54 2929.49948 2184.66625  25.4%   107  450s
 29692 13603 2801.62218   79   55 2929.49948 2192.01594  25.2%   106  457s
 30780 13771 2611.70564   85   57 2929.49948 2195.88755  25.0%   105  463s
 31059 14465 2513.96901   85   61 2929.49948 2199.09821  24.9%   105  467s
 32336 14571 2630.39873   77   63 2929.49948 2201.37054  24.9%   104  475s
 33627 15275 2541.87552  104   57 2929.49948 2204.59458  24.7%   103  481s
 34619 15240 2755.23628  110   60 2929.49948 2205.59228  24.7%   102  486s
 35147 15723 2682.34031   83   78 2929.49948 2208.08493  24.6%   101  490s
 36259 16275 2366.22652  107   55 2929.49948 2210.89203  24.5%   101  495s
 37654 16952 2285.13465  107   61 2929.49948 2213.11815  24.5%  99.4  501s
 38699 17298 2523.53364  100   60 2929.49948 2216.36721  24.3%  99.0  506s
 39856 17823 2599.17010  116   44 2929.49948 2219.06958  24.3%  98.5  511s
 40609 17944 2751.00575  139   66 2929.49948 2222.33036  24.1%  98.3  515s
 41435 18360 2633.42182  164   71 2929.49948 2223.95575  24.1%  98.9  522s
 42405 18630 2711.37840   93   51 2929.49948 2226.61346  24.0%  98.8  526s
 43233 18724 2424.77472   88   75 2929.49948 2227.79023  24.0%  98.6  533s
 43453 19087 2483.91214  102   67 2929.49948 2227.79023  24.0%  98.7  536s
 44456 19462 2450.31554  154   74 2929.49948 2231.92937  23.8%  98.5  540s
 45896 19810 2512.55795  113   47 2929.49948 2233.85844  23.7%  98.0  546s
 46724 20216 infeasible  157      2929.49948 2235.64505  23.7%  97.9  550s
 48022 20782 2300.99067  103   73 2929.49948 2237.99045  23.6%  97.4  557s
 49023 21266 2515.63472  142   65 2929.49948 2239.53837  23.6%  96.9  561s
 50406 21727 2617.60685   94   75 2929.49948 2242.53665  23.4%  96.4  566s
 51239 22053     cutoff  107      2929.49948 2243.08338  23.4%  96.2  570s
 51995 22711     cutoff  113      2929.49948 2245.06504  23.4%  96.1  575s
 53394 23653 2339.06790  117   79 2929.49948 2247.59001  23.3%  95.9  581s
 54644 24471 2796.69939   77   60 2929.49948 2250.13161  23.2%  95.6  586s
 56049 25350 2635.06666  116   79 2929.49948 2252.15664  23.1%  95.0  591s
 56806 25878 2732.37692   67   78 2929.49948 2254.21071  23.1%  94.9  595s
 57988 26549     cutoff  151      2929.49948 2257.25682  22.9%  95.0  601s
 59039 27215 2811.08187  107   82 2929.49948 2260.35954  22.8%  95.1  606s
 59864 27866 2475.40183  122   66 2929.49948 2262.32223  22.8%  94.9  610s
 61105 28422 2530.28804   94   47 2929.49948 2265.01257  22.7%  94.7  615s
 62152 29234 2505.58906  117   61 2929.49948 2266.64527  22.6%  94.7  621s
 63019 30000 2594.55457  102   78 2929.49948 2268.04485  22.6%  94.6  626s
H63600 30159                    2929.4993780 2268.57674  22.6%  94.4  628s
H63853 30258                    2929.4993592 2268.57674  22.6%  94.3  632s
H63916 30065                    2910.7428475 2269.24824  22.0%  94.3  632s
 64278 30570 2788.21747  114   35 2910.74285 2270.25018  22.0%  94.3  636s
 65261 31244 2472.31012  126   82 2910.74285 2272.56874  21.9%  94.2  640s
 66183 31850 2364.85367   89   66 2910.74285 2274.01035  21.9%  94.1  645s
 67592 32778 2341.24022  119   85 2910.74285 2275.81816  21.8%  93.9  651s
 68586 33268     cutoff  145      2910.74285 2276.09137  21.8%  94.1  656s
 69131 33677 2364.77773   87   61 2910.74285 2276.96089  21.8%  94.3  660s
 70267 34433     cutoff   84      2910.74285 2277.84382  21.7%  94.4  666s
 70938 34854 2692.76035  157   68 2910.74285 2278.77247  21.7%  94.2  671s
 71836 35357 2653.59896   90   57 2910.74285 2280.71365  21.6%  94.1  675s
 73148 36284     cutoff  105      2910.74285 2283.00377  21.6%  94.0  682s
 74076 36622 2858.60851  101   48 2910.74285 2284.23084  21.5%  93.9  685s
 75221 37353 2891.02080  122   69 2910.74285 2285.50921  21.5%  93.8  691s
 76408 38072 2644.49749   67   75 2910.74285 2287.44257  21.4%  93.7  696s
 77184 38597 2560.22627  101   55 2910.74285 2288.73603  21.4%  93.6  700s
 78406 39456 2422.83422   78   52 2910.74285 2290.21305  21.3%  93.5  705s
 79612 40179 2806.67828  123   67 2910.74285 2291.58273  21.3%  93.4  711s
 80664 40817 2821.89627  112   80 2910.74285 2293.04938  21.2%  93.4  716s
 81358 41368 2756.60808  150   67 2910.74285 2293.66143  21.2%  93.4  720s
 82625 42234 2531.83497  127   78 2910.74285 2296.22404  21.1%  93.2  726s
 83493 42840 2814.04822  115   46 2910.74285 2297.33657  21.1%  93.0  731s
 84770 43458 2796.70710  101   48 2910.74285 2299.18912  21.0%  93.0  736s
 85547 43966 2456.10120   96   65 2910.74285 2300.40282  21.0%  93.0  740s
 86802 44694 2476.04125  109   85 2910.74285 2301.64443  20.9%  92.9  746s
 87682 45239 2353.33784   90   69 2910.74285 2302.58001  20.9%  92.8  750s
 88888 45965 2413.72439   90   85 2910.74285 2303.93106  20.8%  92.7  756s
 89876 46713 2789.48990   94   76 2910.74285 2304.43041  20.8%  92.9  761s
H90561 28769                    2718.8748140 2305.15505  15.2%  92.8  764s
 90607 28718     cutoff  134      2718.87481 2305.27586  15.2%  92.8  767s
H90612 24480                    2681.5359161 2305.27586  14.0%  92.8  767s
H90905 24309                    2679.0486439 2305.91103  13.9%  92.8  769s
 90955 24488 2529.66506  100   55 2679.04864 2306.13041  13.9%  92.8  771s
 91853 24890 2441.57093  103   52 2679.04864 2307.80889  13.9%  92.7  775s
 93060 25421 2417.59432  124   56 2679.04864 2311.15461  13.7%  92.7  782s
 93881 25925 2501.44219  133   72 2679.04864 2313.46405  13.6%  92.6  787s
 94708 26261 2422.40946  107   64 2679.04864 2316.74232  13.5%  92.6  791s
 95523 26581 2629.50441  128   68 2679.04864 2318.83884  13.4%  92.6  795s
 96785 27191 2580.70911  129   84 2679.04864 2323.08445  13.3%  92.6  801s
 97656 27612 infeasible  114      2679.04864 2324.54862  13.2%  92.6  805s
 98859 28228 2558.08043  105   40 2679.04864 2327.29896  13.1%  92.5  811s
 99682 28524 2453.57978  163   62 2679.04864 2328.25829  13.1%  92.5  815s
 100298 28776 2654.76697   88   74 2679.04864 2330.63398  13.0%  92.5  820s
 101357 29276 2613.62305  129   45 2679.04864 2333.26619  12.9%  92.6  826s
 102169 29668 2582.71266  103   71 2679.04864 2334.28413  12.9%  92.6  830s
 103434 30211 2404.12036  119   53 2679.04864 2337.54462  12.7%  92.6  837s
 104298 30664 2630.21469  118   53 2679.04864 2338.86496  12.7%  92.6  841s
 105132 31023 2383.89178   97   55 2679.04864 2340.64754  12.6%  92.6  846s
 105986 31441 2491.34058  138   61 2679.04864 2341.69163  12.6%  92.5  850s
 107258 31918 2501.24089  115   58 2679.04864 2345.24155  12.5%  92.4  856s
 108097 32405 2612.13776  104   63 2679.04864 2346.23439  12.4%  92.4  860s
 109394 32914 2642.78789  104   54 2679.04864 2349.02955  12.3%  92.3  865s
 110516 33357 2580.23705  136   60 2679.04864 2350.98961  12.2%  92.3  871s
 111287 33638 2576.12842  190   69 2679.04864 2352.21362  12.2%  92.3  875s
 112408 34144     cutoff  135      2679.04864 2354.49410  12.1%  92.3  881s
 113211 34504 2462.66896   94   57 2679.04864 2356.15771  12.1%  92.3  886s
 114043 34880 2548.80001  128   35 2679.04864 2357.65377  12.0%  92.3  890s
 114860 35185 2537.61814  105   52 2679.04864 2358.93781  11.9%  92.3  895s
 116125 35625 2602.32396   68   46 2679.04864 2360.50638  11.9%  92.2  900s
 117232 36096 2643.22599  140   73 2679.04864 2363.24064  11.8%  92.3  907s
 118113 36527 2521.82094  150   61 2679.04864 2364.97119  11.7%  92.2  911s
 118932 36892 2580.68645  141   78 2679.04864 2366.46199  11.7%  92.2  915s
 120261 37339 2457.65763  116   77 2679.04864 2368.58026  11.6%  92.1  921s
 121003 37597 2603.60444  100   31 2679.04864 2369.89954  11.5%  92.2  925s
 122254 38140 2406.60478  112   68 2679.04864 2371.48118  11.5%  92.1  931s
 123087 38498 infeasible  115      2679.04864 2372.21438  11.5%  92.1  935s
 124324 38862     cutoff  146      2679.04864 2373.91595  11.4%  92.0  941s
 125097 39034 infeasible   91      2679.04864 2375.12760  11.3%  92.1  946s
H125162 39032                    2679.0201757 2375.12760  11.3%  92.1  946s
 125400 39070 2597.96662   84   56 2679.02018 2376.24177  11.3%  92.1  950s
H125495 39070                    2679.0196273 2376.24177  11.3%  92.0  950s
 125516 39406 2612.97552   85   54 2679.01963 2376.40475  11.3%  92.0  955s
H126094 39406                    2679.0194223 2377.40695  11.3%  92.0  955s
 126900 39799 2646.48403  124   55 2679.01942 2378.37748  11.2%  92.0  961s
 127918 40095 2444.13825   83   48 2679.01942 2380.24678  11.2%  92.0  965s
 128882 40459     cutoff  119      2679.01942 2381.57550  11.1%  92.0  970s
H129574 40603                    2679.0193196 2382.75210  11.1%  91.9  972s
 130200 40862 2466.77923  115   68 2679.01932 2384.35931  11.0%  92.0  976s
 131092 41147 infeasible  105      2679.01932 2385.72202  10.9%  92.0  980s
 132424 41637 2551.22563  155   71 2679.01932 2388.33600  10.9%  91.9  987s
 133365 42009 2644.64914  149   76 2679.01932 2389.53367  10.8%  91.9  991s
 134216 42259 2455.39299   86   52 2679.01932 2390.64140  10.8%  91.9  995s
H134875 42351                    2679.0192800 2391.11068  10.7%  91.8  998s
 134937 42524 2547.23838  133   48 2679.01928 2391.25433  10.7%  91.8 1000s
H135170 42524                    2679.0192305 2391.50274  10.7%  91.8 1000s
H135289 42524                    2679.0191801 2391.50274  10.7%  91.8 1000s
 135898 42811 infeasible  125      2679.01918 2392.93472  10.7%  91.7 1005s
 136958 43188     cutoff  118      2679.01918 2394.14608  10.6%  91.7 1011s
 137739 43380     cutoff  150      2679.01918 2395.72732  10.6%  91.8 1015s
 138931 43721 2569.16376   79   61 2679.01918 2397.57271  10.5%  91.8 1021s
 139730 44046 2504.26060  100   51 2679.01918 2399.18521  10.4%  91.8 1025s
 141034 44443     cutoff  138      2679.01918 2400.68953  10.4%  91.8 1031s
 141839 44700 2673.72669  115   45 2679.01918 2401.48806  10.4%  91.8 1035s
 143145 45072     cutoff  130      2679.01918 2403.38556  10.3%  91.7 1041s
 144029 45330 infeasible  104      2679.01918 2404.36008  10.3%  91.7 1046s
 144905 45556 2565.82356  116   74 2679.01918 2405.37586  10.2%  91.7 1050s
 145799 45902     cutoff   92      2679.01918 2406.50414  10.2%  91.6 1055s
 147060 46351     cutoff   74      2679.01918 2408.16086  10.1%  91.6 1061s
 147913 46575 2591.59370  117   56 2679.01918 2409.19937  10.1%  91.6 1065s
 149145 46996 2625.38922  117   57 2679.01918 2410.85016  10.0%  91.6 1070s
 150427 47424 2669.63662  122   31 2679.01918 2412.00362  10.0%  91.5 1076s
 151330 47601     cutoff  139      2679.01918 2413.27701  9.92%  91.4 1081s
 151861 47852 2488.58541  124   68 2679.01918 2413.70934  9.90%  91.4 1085s
 152738 48221 2456.24895  113   95 2679.01918 2414.57238  9.87%  91.4 1090s
 153981 48574 2644.67724  111   55 2679.01918 2415.98146  9.82%  91.3 1095s
 155243 49054 2607.86250  149   84 2679.01918 2417.27008  9.77%  91.3 1101s
 156099 49277 2654.16907  129   46 2679.01918 2418.07139  9.74%  91.2 1106s
 156937 49513 2604.74318  135   68 2679.01918 2419.14090  9.70%  91.2 1110s
 158162 49866     cutoff  123      2679.01918 2420.85953  9.64%  91.2 1117s
 159128 50179     cutoff  117      2679.01918 2421.82603  9.60%  91.1 1121s
 160039 50451 2489.12116  109   54 2679.01918 2422.62032  9.57%  91.1 1125s
 161235 50838 2497.97364  121   83 2679.01918 2424.19550  9.51%  91.1 1130s
 162503 51103     cutoff  116      2679.01918 2425.27257  9.47%  91.0 1136s
 163303 51326 2653.76311  118   73 2679.01918 2426.23396  9.44%  91.0 1140s
 164492 51623     cutoff  128      2679.01918 2427.38269  9.39%  91.0 1145s
 165672 52007     cutoff  147      2679.01918 2428.84113  9.34%  91.0 1151s
 166487 52150 2441.45405   61   70 2679.01918 2429.70894  9.31%  90.9 1156s
 167335 52387 2532.29356  123   49 2679.01918 2430.74490  9.27%  90.9 1161s
 168080 52601 2525.30838  147   61 2679.01918 2431.27793  9.25%  90.9 1166s
 169019 52845 2563.51806   92   82 2679.01918 2432.73014  9.19%  90.9 1170s
 170358 53206     cutoff  135      2679.01918 2434.03322  9.14%  90.8 1176s
 171275 53446 2511.21589   77   73 2679.01918 2434.97612  9.11%  90.8 1181s
 172159 53605     cutoff   84      2679.01918 2436.04062  9.07%  90.8 1185s
 173459 53929     cutoff  106      2679.01918 2437.48517  9.02%  90.7 1191s
 174304 54150 2529.20760   86   58 2679.01918 2438.64636  8.97%  90.7 1195s
 175644 54486 2599.12184  126   47 2679.01918 2439.96247  8.92%  90.6 1201s
 176552 54677     cutoff  149      2679.01918 2440.78341  8.89%  90.6 1205s
 177488 54914 2473.64239  168   70 2679.01918 2441.61976  8.86%  90.6 1210s
 178706 55300     cutoff  100      2679.01918 2442.80725  8.82%  90.5 1215s
 179824 55609 2642.41880  165   72 2679.01918 2443.61900  8.79%  90.4 1221s
 180724 55806 2482.31671   85   49 2679.01918 2444.51327  8.75%  90.3 1225s
 181915 56135 2606.31134   97   54 2679.01918 2445.54884  8.71%  90.3 1230s
 183075 56530 2647.74986  131   53 2679.01918 2446.62197  8.67%  90.3 1236s
 183692 56651 2596.10909  132   66 2679.01918 2447.06808  8.66%  90.2 1240s
 184508 56811 infeasible   94      2679.01918 2447.88839  8.63%  90.2 1245s
 185663 57045 infeasible  140      2679.01918 2448.89029  8.59%  90.2 1251s
 186438 57232 2550.69529  127   60 2679.01918 2449.82844  8.56%  90.2 1255s
 187256 57397     cutoff   76      2679.01918 2450.70405  8.52%  90.2 1260s
 188568 57654 2612.43273  109   44 2679.01918 2451.99478  8.47%  90.1 1266s
 189388 57813 infeasible  122      2679.01918 2452.81030  8.44%  90.1 1270s
 190628 58057 2614.53982  111   76 2679.01918 2453.89078  8.40%  90.1 1276s
 191497 58301 2610.45511   95   47 2679.01918 2454.95431  8.36%  90.1 1280s
 192849 58604 2571.27423   98   63 2679.01918 2455.66416  8.34%  90.0 1286s
 193758 58790     cutoff  110      2679.01918 2456.30982  8.31%  90.0 1290s
 194661 59053 2620.20200   78   61 2679.01918 2456.97836  8.29%  90.0 1295s
 196018 59280 2632.77033   95   68 2679.01918 2458.07189  8.25%  89.9 1301s
 196883 59445 2534.29479  130   44 2679.01918 2459.13229  8.21%  89.9 1305s
 198122 59688     cutoff  107      2679.01918 2460.31371  8.16%  89.9 1311s
 199021 59944 2658.35672  127   56 2679.01918 2461.06008  8.14%  89.8 1315s
 200321 60089 2549.12524  124   53 2679.01918 2462.08847  8.10%  89.7 1321s
 200836 60256     cutoff  158      2679.01918 2462.49546  8.08%  89.7 1325s
 202074 60541     cutoff  108      2679.01918 2463.53914  8.04%  89.7 1330s
 203336 60730 2635.85768  163   55 2679.01918 2464.83343  7.99%  89.6 1336s
 204103 60872 2580.66565   97   66 2679.01918 2465.44024  7.97%  89.6 1340s
 205083 61018     cutoff   74      2679.01918 2466.43644  7.94%  89.6 1347s
 205951 61114     cutoff   90      2679.01918 2467.10201  7.91%  89.6 1351s
 206797 61233 2520.64901  155   76 2679.01918 2468.01715  7.88%  89.6 1355s
 208176 61550 2616.16216  116   62 2679.01918 2469.04727  7.84%  89.5 1362s
 209029 61735     cutoff   94      2679.01918 2469.77381  7.81%  89.4 1366s
 209900 61888 2608.49263  113   78 2679.01918 2470.57078  7.78%  89.4 1370s
 211290 62220 2527.15661  136   61 2679.01918 2471.58698  7.74%  89.4 1376s
 212221 62335     cutoff  114      2679.01918 2472.09299  7.72%  89.3 1380s
 213493 62604 2581.13232   99   60 2679.01918 2472.97695  7.69%  89.3 1386s
 214335 62739     cutoff   90      2679.01918 2473.81651  7.66%  89.2 1390s
 215605 62897     cutoff  133      2679.01918 2474.70949  7.63%  89.2 1396s
 216825 63104 2644.59197  128   76 2679.01918 2475.79285  7.59%  89.2 1401s
 217715 63348 2543.32197  124   38 2679.01918 2476.34938  7.57%  89.2 1405s
 218647 63454 2561.55067   75   75 2679.01918 2477.19683  7.53%  89.1 1410s
 220032 63708     cutoff  133      2679.01918 2478.38091  7.49%  89.1 1416s
 220931 63830 infeasible  102      2679.01918 2479.05580  7.46%  89.1 1420s
 221515 63913 2606.30410  121   30 2679.01918 2479.48576  7.45%  89.0 1425s
 222847 64106 2667.48017  110   40 2679.01918 2480.55035  7.41%  89.0 1431s
 223757 64114 2574.63519  143   72 2679.01918 2481.24168  7.38%  89.0 1438s
 223765 64191 2577.07931  144   75 2679.01918 2481.26761  7.38%  89.0 1440s
 225203 64424 2650.49053  146   72 2679.01918 2482.17354  7.35%  88.9 1446s
 226047 64571 2539.62604   86   49 2679.01918 2482.77965  7.33%  88.9 1450s
 227319 64776 2552.59745   79   77 2679.01918 2483.83061  7.29%  88.8 1456s
 228243 64969     cutoff  117      2679.01918 2484.36436  7.27%  88.8 1460s
 229106 65080 2661.40964  126   62 2679.01918 2484.85790  7.25%  88.8 1465s
 230442 65199     cutoff  123      2679.01918 2485.88186  7.21%  88.8 1471s
 231298 65337     cutoff   97      2679.01918 2486.63539  7.18%  88.7 1475s
 232664 65591 2539.54497  103   60 2679.01918 2487.57228  7.15%  88.7 1481s
 233549 65726 2592.85475  140   86 2679.01918 2488.23119  7.12%  88.7 1485s
 234941 65890 2508.90251   83   59 2679.01918 2489.15215  7.09%  88.6 1491s
 236251 66012 2660.10910  118   37 2679.01918 2490.10329  7.05%  88.6 1496s
 237105 66114 2625.00694  110   62 2679.01918 2490.74386  7.03%  88.5 1500s
 238441 66205     cutoff  140      2679.01918 2491.77028  6.99%  88.5 1506s
 239320 66387 2590.33496  148   70 2679.01918 2492.34498  6.97%  88.5 1511s
 240207 66398 2663.57388   84   80 2679.01918 2492.95961  6.95%  88.5 1516s
*240646 57503             148    2636.5904329 2493.01722  5.45%  88.4 1518s
 240926 57450     cutoff  117      2636.59043 2493.30235  5.43%  88.4 1521s
 241581 57351 2618.06093  124   67 2636.59043 2493.88395  5.41%  88.4 1525s
 242841 57315 2624.15884  112   33 2636.59043 2495.41389  5.35%  88.4 1531s
 243763 57292 infeasible  105      2636.59043 2496.33339  5.32%  88.4 1535s
 245124 57195     cutoff  102      2636.59043 2497.76319  5.27%  88.3 1541s
 246091 57182 2588.84472  138   58 2636.59043 2498.58049  5.23%  88.3 1545s
 247439 57101 2559.10564  146   41 2636.59043 2499.87331  5.19%  88.3 1551s
 248342 57045 infeasible  115      2636.59043 2500.74999  5.15%  88.3 1555s
 249724 56865 2572.32923  141   72 2636.59043 2502.18651  5.10%  88.2 1561s
 250680 56729     cutoff   92      2636.59043 2503.06215  5.06%  88.2 1565s
 252054 56713     cutoff  113      2636.59043 2504.41168  5.01%  88.1 1571s
 253002 56660 infeasible  117      2636.59043 2505.02370  4.99%  88.1 1575s
 254354 56490 infeasible  146      2636.59043 2506.36326  4.94%  88.1 1581s
 255266 56423     cutoff  138      2636.59043 2507.36777  4.90%  88.0 1585s
 256716 56269 2546.88441  111   49 2636.59043 2508.75794  4.85%  88.0 1591s
 257621 56140     cutoff  151      2636.59043 2509.54592  4.82%  87.9 1595s
 258954 55979 2578.48636  102   79 2636.59043 2510.87958  4.77%  87.9 1600s
 259585 55935     cutoff   93      2636.59043 2511.48407  4.75%  87.9 1605s
 260967 55629 2617.47957   73   83 2636.59043 2512.71465  4.70%  87.9 1611s
 261936 55543 2540.16085  105   73 2636.59043 2513.61458  4.66%  87.8 1615s
 263413 55361     cutoff  108      2636.59043 2514.88928  4.62%  87.8 1621s
 264327 55173 2557.03847  125   41 2636.59043 2515.80135  4.58%  87.7 1625s
 265728 54998 2601.69651  118   43 2636.59043 2517.13602  4.53%  87.7 1630s
 266703 54831     cutoff   96      2636.59043 2517.98899  4.50%  87.6 1635s
 268101 54634     cutoff  102      2636.59043 2519.34271  4.45%  87.6 1640s
 269522 54384 2567.15576   90  102 2636.59043 2520.68503  4.40%  87.5 1646s
 270470 54244 2571.09804  152   63 2636.59043 2521.52850  4.36%  87.5 1650s
 271887 53925     cutoff  118      2636.59043 2522.88191  4.31%  87.4 1656s
 272808 53775     cutoff  154      2636.59043 2523.71841  4.28%  87.4 1660s
 274172 53421     cutoff  117      2636.59043 2524.91338  4.24%  87.3 1665s
 275527 53053     cutoff  112      2636.59043 2526.32004  4.18%  87.3 1671s
 276476 52916 2571.88013  142   55 2636.59043 2527.28778  4.15%  87.3 1675s
 277931 52634 2570.75407  138   69 2636.59043 2528.65159  4.09%  87.2 1681s
 278809 52381 2635.49342  108   66 2636.59043 2529.48251  4.06%  87.2 1685s
 280306 52143     cutoff  160      2636.59043 2530.61609  4.02%  87.1 1691s
 281580 51673     cutoff  151      2636.59043 2532.13155  3.96%  87.1 1696s
 282230 51508 2634.84062  124   82 2636.59043 2532.77388  3.94%  87.1 1701s
 283211 51181     cutoff  144      2636.59043 2533.67332  3.90%  87.0 1705s
 284705 50852     cutoff  138      2636.59043 2534.97399  3.85%  87.0 1711s
 285752 50550     cutoff   67      2636.59043 2535.83185  3.82%  86.9 1715s
 287195 50129 2559.73921  157   50 2636.59043 2537.04801  3.78%  86.9 1721s
 288205 49771 2589.46713  115   53 2636.59043 2538.11127  3.74%  86.8 1725s
 289663 49328     cutoff  126      2636.59043 2539.43706  3.68%  86.8 1731s
 290671 49097     cutoff   97      2636.59043 2540.30813  3.65%  86.7 1735s
 292214 48538     cutoff  142      2636.59043 2541.63391  3.60%  86.6 1741s
 293176 48207     cutoff  188      2636.59043 2542.56241  3.57%  86.6 1745s
 294542 47663 2604.94098  137   51 2636.59043 2543.97330  3.51%  86.6 1750s
 295920 47112     cutoff  149      2636.59043 2545.47328  3.46%  86.5 1756s
 297369 46636 2605.68319   83   77 2636.59043 2546.90210  3.40%  86.4 1761s
 298381 46138     cutoff  171      2636.59043 2547.90346  3.36%  86.4 1765s
 299820 45589     cutoff  167      2636.59043 2549.22343  3.31%  86.3 1771s
 300813 45157     cutoff  139      2636.59043 2550.22058  3.28%  86.3 1775s
 302312 44486 2621.06949  105   43 2636.59043 2551.68304  3.22%  86.2 1781s
 303321 44134 2584.46540  109   63 2636.59043 2552.69901  3.18%  86.2 1785s
 304870 43530     cutoff   93      2636.59043 2553.93346  3.13%  86.1 1791s
 305847 43276     cutoff  112      2636.59043 2554.93932  3.10%  86.0 1796s
 306380 42821     cutoff   90      2636.59043 2555.50015  3.08%  86.0 1800s
 307938 42119     cutoff  182      2636.59043 2556.89169  3.02%  85.9 1806s
 308966 41682     cutoff   70      2636.59043 2557.83331  2.99%  85.9 1810s
 310529 40943     cutoff  107      2636.59043 2559.32610  2.93%  85.8 1815s
 312003 40176     cutoff  172      2636.59043 2560.82328  2.87%  85.7 1821s
 313017 39670 2587.42385  107   43 2636.59043 2561.91593  2.83%  85.7 1825s
 314743 38843     cutoff  115      2636.59043 2563.40318  2.78%  85.5 1831s
 316342 38120     cutoff  146      2636.59043 2565.04554  2.71%  85.4 1836s
 317391 37485     cutoff  148      2636.59043 2566.01472  2.68%  85.4 1840s
 318895 36692     cutoff  114      2636.59043 2567.53868  2.62%  85.3 1846s
 320131 36108     cutoff  105      2636.59043 2568.58919  2.58%  85.2 1850s
 321460 35430     cutoff  130      2636.59043 2570.20552  2.52%  85.1 1856s
 322226 34779 infeasible   90      2636.59043 2570.91666  2.49%  85.1 1860s
 324010 33797 2624.38606  121   66 2636.59043 2572.63978  2.43%  84.9 1865s
 325555 32871 infeasible  130      2636.59043 2574.20955  2.37%  84.9 1871s
 326618 32212 2631.38247  102   67 2636.59043 2575.38205  2.32%  84.8 1875s
 328159 31160     cutoff  154      2636.59043 2577.09878  2.26%  84.7 1880s
 329800 30110     cutoff  160      2636.59043 2578.92915  2.19%  84.5 1885s
 331460 28993     cutoff  129      2636.59043 2580.78488  2.12%  84.4 1891s
 333205 27841     cutoff  140      2636.59043 2582.62067  2.05%  84.3 1896s
 334315 27098 infeasible  120      2636.59043 2583.77489  2.00%  84.2 1900s
 336016 25876     cutoff  172      2636.59043 2585.75715  1.93%  84.0 1905s
 337693 24615     cutoff  136      2636.59043 2587.74925  1.85%  83.9 1910s
 339281 23443     cutoff   84      2636.59043 2589.63820  1.78%  83.7 1915s
 341047 22114     cutoff  100      2636.59043 2591.90687  1.69%  83.6 1920s
 342702 20770     cutoff  112      2636.59043 2594.01029  1.61%  83.4 1925s
 344510 19417     cutoff   84      2636.59043 2596.25112  1.53%  83.2 1930s
 346108 18446     cutoff  137      2636.59043 2598.44130  1.45%  83.0 1936s
 347361 16956     cutoff  157      2636.59043 2600.20410  1.38%  82.9 1940s
 349162 15488     cutoff  127      2636.59043 2602.71141  1.28%  82.7 1945s
 351477 13742     cutoff  153      2636.59043 2606.39920  1.15%  82.4 1953s
 351766 13171     cutoff  112      2636.59043 2606.64761  1.14%  82.3 1955s
 354338 10888 2612.69746  109   50 2636.59043 2611.19102  0.96%  82.0 1960s
 356840  8585     cutoff   71      2636.59043 2615.44299  0.80%  81.6 1965s
 359462  6105 2626.21650  113   52 2636.59043 2620.56687  0.61%  81.2 1970s
 362192  3398     cutoff  102      2636.59043 2626.41406  0.39%  80.7 1975s
 365970     0     cutoff   78      2636.59043 2635.35216  0.05%  80.0 1980s

Cutting planes:
  Gomory: 38
  Cover: 233
  Implied bound: 214
  Projected implied bound: 35
  MIR: 245
  Flow cover: 950
  GUB cover: 1
  Inf proof: 5
  Zero half: 40
  Mod-K: 1
  RLT: 147
  Relax-and-lift: 95

Explored 366321 nodes (29288498 simplex iterations) in 1980.26 seconds
Thread count was 8 (of 8 available processors)

Solution count 10: 2636.59 2679.02 2681.54 ... 3045.38

Optimal solution found (tolerance 1.00e-04)
Warning: max constraint violation (1.9073e-06) exceeds tolerance
Best objective 2.636590433551e+03, best bound 2.636590432942e+03, gap 0.0000%
