
Gurobi 9.1.2 (win64) logging started Thu Nov 25 14:48:36 2021

Changed value of parameter LogFile to D2_S3_C20_a_trips_results_with_VI_newTW.log
   Prev:   Default: 
Changed value of parameter timeLimit to 18000.0
   Prev: inf  Min: 0.0  Max: inf  Default: inf
Gurobi Optimizer version 9.1.2 build v9.1.2rc0 (win64)
Thread count: 4 physical cores, 8 logical processors, using up to 8 threads
Optimize a model with 72048 rows, 5844 columns and 158868 nonzeros
Model fingerprint: 0xf74ba216
Variable types: 4455 continuous, 1389 integer (1389 binary)
Coefficient statistics:
  Matrix range     [1e-01, 1e+05]
  Objective range  [1e+00, 1e+00]
  Bounds range     [1e+00, 1e+10]
  RHS range        [5e-01, 1e+05]
Warning: Model contains large bounds
         Consider reformulating model or setting NumericFocus parameter
         to avoid numerical issues.
Presolve removed 62925 rows and 2930 columns
Presolve time: 0.41s
Presolved: 9123 rows, 2914 columns, 65930 nonzeros
Variable types: 1529 continuous, 1385 integer (1385 binary)

Root relaxation: objective -9.657153e+03, 1351 iterations, 0.06 seconds

    Nodes    |    Current Node    |     Objective Bounds      |     Work
 Expl Unexpl |  Obj  Depth IntInf | Incumbent    BestBd   Gap | It/Node Time

     0     0 -9657.1534    0   57          - -9657.1534      -     -    0s
     0     0 -9407.2926    0   71          - -9407.2926      -     -    0s
     0     0 -9407.2926    0   71          - -9407.2926      -     -    0s
     0     0 -9146.2397    0   84          - -9146.2397      -     -    1s
     0     0 -9146.2397    0   84          - -9146.2397      -     -    1s
     0     0 -8737.3242    0   88          - -8737.3242      -     -    1s
     0     0 -8737.3136    0   91          - -8737.3136      -     -    1s
     0     0 -7118.3741    0  242          - -7118.3741      -     -    2s
     0     0 -6869.7309    0  259          - -6869.7309      -     -    2s
     0     0 -6869.7309    0  259          - -6869.7309      -     -    2s
     0     0 -3539.3472    0  194          - -3539.3472      -     -    3s
     0     0 -3485.7658    0  209          - -3485.7658      -     -    3s
     0     0 -3485.7658    0  209          - -3485.7658      -     -    3s
     0     0 -1879.5058    0  163          - -1879.5058      -     -    4s
     0     0 -1879.5058    0  163          - -1879.5058      -     -    4s
     0     0 -1241.2699    0  116          - -1241.2699      -     -    4s
     0     0 -1240.3643    0  117          - -1240.3643      -     -    5s
     0     0 -1003.0441    0   91          - -1003.0441      -     -    5s
H    0     0                    4991.8895889 -1003.0441   120%     -    5s
H    0     0                    4924.1656480 -1003.0441   120%     -    5s
     0     0 -1003.0167    0   92 4924.16565 -1003.0167   120%     -    5s
     0     0 -993.78695    0   81 4924.16565 -993.78695   120%     -    5s
H    0     0                    4872.0595025 -993.78695   120%     -    5s
     0     0 -993.67755    0   81 4872.05950 -993.67755   120%     -    5s
     0     0 -991.37722    0   93 4872.05950 -991.37722   120%     -    6s
     0     0 -990.83299    0   95 4872.05950 -990.83299   120%     -    6s
     0     0 -989.29881    0   99 4872.05950 -989.29881   120%     -    6s
     0     0 -981.60930    0  101 4872.05950 -981.60930   120%     -    7s
     0     2 -981.47123    0  101 4872.05950 -981.47123   120%     -    7s
H   58    63                    4647.5556635 -977.51660   121%   153    9s
H   60    63                    4481.8848116 -977.51660   122%   150    9s
    88    93 -914.78776   18   91 4481.88481 -977.51660   122%   142   10s
   583   595 -628.61004   13   75 4481.88481 -934.75866   121%   126   15s
H  729   712                    4337.5830988 -934.75866   122%   126   16s
  1115   985 3146.98387   76  250 4337.58310 -789.13862   118%   109   22s
H 1116   936                    4169.4376391 -244.04366   106%   109   24s
H 1120   892                    4148.6565614 -161.65092   104%   109   26s
  1126   896  -81.05254   22   93 4148.65656  -81.05254   102%   108   30s
  1136   902   44.17677   53   84 4148.65656  -32.52005   101%   107   35s
  1145   908   15.29783   56   91 4148.65656   15.29783   100%   106   40s
H 1154   868                    4128.9004669   36.50351  99.1%   105   45s
H 1162   829                    4041.5416591   72.21413  98.2%   105   47s
  1168   833  321.10890   37   98 4041.54166  116.21782  97.1%   104   50s
H 1171   792                    3968.1792508  140.21379  96.5%   104   52s
  1179   797  262.91091   29  101 3968.17925  202.22253  94.9%   103   55s
  1192   806 1599.64859   19  105 3968.17925  240.76217  93.9%   102   60s
H 1199   768                    3767.6686890  272.76488  92.8%   102   63s
  1204   772 1054.43199   56   98 3767.66869  301.57294  92.0%   101   65s
  1219   782  534.72841   20  111 3767.66869  345.06555  90.8%   100   70s
  1228   788  366.45627   13  111 3767.66869  366.45627  90.3%  99.1   75s
  1240   797 3022.69570   77  101 3767.66869  375.84004  90.0%   139   80s
H 1244   759                    3767.6686816  375.84004  90.0%   138   84s
  1245   759  375.84004   56  101 3767.66868  375.84004  90.0%   138   85s
  1263   771 1119.82850   71   87 3767.66868  468.17140  87.6%   136   90s
  1278   781 3767.66868   93   92 3767.66868  564.46538  85.0%   135   95s
H 1290   749                    3717.8374704  658.55630  82.3%   133   99s
  1294   752 1106.50098   52   97 3717.83747  675.27102  81.8%   133  100s
H 1298   716                    3693.5661835  676.60325  81.7%   133  101s
H 1298   680                    3693.5661761  680.83988  81.6%   133  102s
H 1300   646                    3594.7711449  692.40456  80.7%   132  103s
  1305   649  718.74652   31   93 3594.77114  718.74652  80.0%   132  105s
  1314   655 1599.64859   19   97 3594.77114  747.73667  79.2%   131  110s
  1326   663  817.40253   22  116 3594.77114  817.40253  77.3%   130  115s
H 1338   635                    3548.5492372  867.01574  75.6%   129  119s
  1341   637  871.15495   42  112 3548.54924  871.15495  75.5%   128  120s
  1358   649 1536.72064   48  115 3548.54924  893.69732  74.8%   127  125s
  1372   659  899.95664   12  159 3548.54924  899.95664  74.6%   154  131s
  1377   663 1047.60153   63   76 3548.54924  899.95664  74.6%   154  135s
H 1394   639                    3548.5490764  960.62083  72.9%   152  139s
  1395   640  975.56471   11   94 3548.54908  975.56471  72.5%   152  140s
H 1402   612                    3533.3453616 1074.74951  69.6%   151  142s
  1410   618 1133.25190   23  112 3533.34536 1133.25190  67.9%   150  145s
  1425   628 1204.14283   45  110 3533.34536 1204.14283  65.9%   149  150s
H 1429   597                    3519.7714368 1257.18893  64.3%   148  152s
H 1433   569                    3519.7714294 1270.99201  63.9%   148  154s
  1436   571 1277.64299   53  121 3519.77143 1277.64299  63.7%   148  155s
H 1438   542                    3504.5675607 1284.89310  63.3%   147  156s
  1447   548 1323.31641   33  105 3504.56756 1323.31641  62.2%   146  160s
H 1454   524                    3447.4857828 1335.02909  61.3%   146  162s
  1463   530 1345.79485   71  124 3447.48578 1345.79485  61.0%   145  165s
H 1465   503                    3447.4857816 1347.67184  60.9%   145  166s
  1476   511 1357.76741   12  122 3447.48578 1357.76741  60.6%   144  170s
H 1477   484                    3447.4857754 1358.32042  60.6%   143  171s
  1487   492 1358.59507   42  147 3447.48578 1358.59507  60.6%   172  176s
  1489   494 1358.59507   20  121 3447.48578 1358.59507  60.6%   171  180s
H 1489   469                    3447.4853264 1358.59507  60.6%   171  180s
  1498   475 2798.44017   71   88 3447.48533 1358.59507  60.6%   170  185s
  1518   488 3312.44496   74   96 3447.48533 1462.20912  57.6%   168  190s
  1533   498 1548.23094   24  110 3447.48533 1548.23094  55.1%   166  195s
H 1543   479                    3447.4851451 1565.99996  54.6%   165  199s
  1544   479 1569.51532   25  129 3447.48515 1569.51532  54.5%   165  200s
  1553   485 1574.57705    9  130 3447.48515 1574.57705  54.3%   164  205s
  1557   491 1583.63683   41  119 3447.48515 1583.63683  54.1%   187  212s
  1559   494 1591.81570   42  103 3447.48515 1591.81570  53.8%   188  216s
  1594   522 1651.29686   46   84 3447.48515 1638.32238  52.5%   190  220s
H 1646   526                    3447.4849028 1638.32238  52.5%   193  223s
  1673   550 1720.07551   54   88 3447.48490 1638.32238  52.5%   194  225s
  1783   624 1864.86949   65   63 3447.48490 1638.32238  52.5%   197  231s
  1918   714 1974.73656   80   75 3447.48490 1638.32238  52.5%   202  235s
  2198   865 2383.78126  109   53 3447.48490 1638.32238  52.5%   205  240s
H 2415   883                    3446.1413987 1638.32238  52.5%   203  243s
  2530   994 1662.46617   48   83 3446.14140 1640.89628  52.4%   201  245s
  3007  1288 2541.19350   59   66 3446.14140 1707.84759  50.4%   192  250s
  3509  1736 2637.89300   65   68 3446.14140 1729.71626  49.8%   183  255s
  4076  2160 1943.02053   65   85 3446.14140 1767.10467  48.7%   178  260s
  4763  2664 2858.20316  122   49 3446.14140 1778.18976  48.4%   167  265s
  5121  2901 2038.02368   61   66 3446.14140 1803.47653  47.7%   168  271s
  5633  3365 1912.51689   62   77 3446.14140 1822.39682  47.1%   165  276s
  6017  3737 2768.90233   71   60 3446.14140 1848.03268  46.4%   164  280s
  6525  4123 2242.32142   77   55 3446.14140 1859.47227  46.0%   161  285s
  7095  4665 2428.17171   92   71 3446.14140 1859.94853  46.0%   164  292s
  7714  5072 2260.34965   61   59 3446.14140 1869.95571  45.7%   163  297s
  7981  5321 2167.77058   83   73 3446.14140 1871.59493  45.7%   163  300s
  8545  5719 3274.22543   67   63 3446.14140 1878.47513  45.5%   162  306s
H 9012  5983                    3434.8665798 1880.54970  45.3%   162  309s
  9064  6161 2550.08912  125   64 3434.86658 1880.54970  45.3%   162  312s
  9289  6406 2937.63905  151   39 3434.86658 1884.55454  45.1%   162  316s
  9720  6813 2919.36897  107   75 3434.86658 1889.57047  45.0%   161  322s
 10186  7109 2326.20298   64   71 3434.86658 1889.57047  45.0%   159  326s
 10577  7533 2347.29998   87   72 3434.86658 1889.57047  45.0%   158  332s
 11034  7918 2815.03380  131   68 3434.86658 1902.38497  44.6%   158  336s
 12011  8683 2544.67626   88   71 3434.86658 1912.02818  44.3%   156  343s
 12446  8998 2862.66731  151   67 3434.86658 1917.29741  44.2%   155  346s
 13210  9593 infeasible   83      3434.86658 1924.21818  44.0%   155  353s
 13630  9772 2329.92010   76   60 3434.86658 1927.43380  43.9%   154  356s
 14087 10340 2567.34346   60   50 3434.86658 1935.67988  43.6%   156  362s
 14600 10729 2502.77575   96   66 3434.86658 1938.09878  43.6%   155  370s
 15386 11254 2866.70898   84   56 3434.86658 1943.28650  43.4%   155  376s
 15758 11591 3060.27596  124   54 3434.86658 1943.31424  43.4%   155  380s
 16711 12312 2924.42764  145   50 3434.86658 1948.00933  43.3%   154  387s
 17107 12720 2493.04572  140   58 3434.86658 1951.22807  43.2%   154  391s
 17596 13034 3392.93004  152   24 3434.86658 1953.58578  43.1%   153  398s
 18002 13346 2219.32778   55   69 3434.86658 1956.40898  43.0%   153  401s
 18821 13937 2245.56098   75   78 3434.86658 1962.62217  42.9%   153  407s
 19206 14158 3055.23430  113   58 3434.86658 1964.16756  42.8%   153  410s
 20109 14777 2452.95060   69   74 3434.86658 1969.60333  42.7%   153  417s
 20300 14999 2524.93201   73   78 3434.86658 1970.40117  42.6%   153  420s
 21118 15354 2294.20258   66  101 3434.86658 1970.81619  42.6%   154  518s
 21121 15356 2195.03499   59  105 3434.86658 1970.81619  42.6%   154  521s
 21124 15358 2365.71962   69   84 3434.86658 1970.81619  42.6%   154  525s
 21140 15369 2993.29531   94   90 3434.86658 1970.81619  42.6%   153  531s
 21147 15373 2039.13442   78   84 3434.86658 1970.81619  42.6%   153  536s
 21152 15377 3278.21829  147   77 3434.86658 1979.75385  42.4%   153  540s
 21155 15379 2750.19480  108  104 3434.86658 2016.71325  41.3%   153  545s
 21159 15381 2971.38736  167   95 3434.86658 2044.16293  40.5%   153  550s
H21160 14612                    3434.8664221 2047.36064  40.4%   153  554s
 21162 14613 2272.50099   63   98 3434.86642 2047.55671  40.4%   153  555s
H21162 13881                    3434.8663109 2070.34372  39.7%   153  557s
 21168 13885 2509.57871   65   98 3434.86631 2107.23291  38.7%   153  560s
 21175 13890 2898.62705   92  104 3434.86631 2123.56511  38.2%   153  566s
 21180 13893 2610.63068  122  111 3434.86631 2154.91999  37.3%   153  571s
 21183 13895 2485.77088   92  102 3434.86631 2160.75629  37.1%   153  575s
 21190 13900 2702.96166   93  115 3434.86631 2176.46101  36.6%   153  580s
H21193 13206                    3399.5211533 2187.77741  35.6%   153  586s
 21196 13208 2322.53437   90  118 3399.52115 2196.66349  35.4%   153  590s
 21200 13211 2480.61434   76  125 3399.52115 2200.81490  35.3%   153  595s
 21204 13213 2201.74657   77  125 3399.52115 2201.74657  35.2%   153  601s
 21206 13215 3053.43851   91  134 3399.52115 2202.10071  35.2%   153  605s
 21210 13217 2642.33357  108  133 3399.52115 2205.49621  35.1%   153  611s
 21212 13219 2928.16710  108  131 3399.52115 2206.07186  35.1%   153  615s
 21216 13221 2216.99895   57  123 3399.52115 2216.99895  34.8%   153  621s
 21220 13224 2761.64576   68  127 3399.52115 2220.13396  34.7%   153  625s
 21224 13227 2365.71962   69  101 3399.52115 2240.86590  34.1%   153  631s
 21226 13228 2358.92823   72  106 3399.52115 2243.63440  34.0%   153  637s
 21228 13229 2713.99626  120  119 3399.52115 2244.95614  34.0%   153  642s
 21231 13231 2785.67953   73  121 3399.52115 2248.35429  33.9%   153  645s
 21234 13233 2582.31041   91  118 3399.52115 2249.52614  33.8%   153  650s
 21237 13235 2541.19350   60   98 3399.52115 2261.42490  33.5%   153  656s
 21241 13238 2274.92530   53  108 3399.52115 2271.80687  33.2%   153  661s
 21245 13241 3167.95758   83  108 3399.52115 2291.28487  32.6%   153  667s
 21249 13243 3100.70527   80   90 3399.52115 2298.42417  32.4%   153  671s
 21254 13247 2993.29531   94  109 3399.52115 2311.59555  32.0%   153  675s
 21258 13249 2323.73657   91  102 3399.52115 2323.73657  31.6%   153  681s
 21262 13252 2326.32502   63  119 3399.52115 2326.32502  31.6%   153  686s
 21267 13255 2499.15102  104  128 3399.52115 2329.19698  31.5%   153  691s
 21269 13257 2352.71221   88  134 3399.52115 2331.03180  31.4%   153  696s
 21272 13259 2337.93842   79  109 3399.52115 2337.93842  31.2%   153  700s
 21280 13264 2610.63068  122  111 3399.52115 2348.50071  30.9%   152  705s
 21282 13265 3151.93750  127  113 3399.52115 2349.75379  30.9%   152  710s
 21285 13267 2679.26356   74  136 3399.52115 2353.26567  30.8%   152  715s
 21289 13270 2709.53163   56  135 3399.52115 2354.63480  30.7%   152  720s
 21292 13272 2652.52606   64  108 3399.52115 2359.16055  30.6%   152  726s
 21296 13275 2359.99975   90  124 3399.52115 2359.99975  30.6%   152  731s
 21298 13276 2866.72443   85  136 3399.52115 2362.27372  30.5%   152  735s
 21301 13278 2727.27700  100  130 3399.52115 2364.53214  30.4%   152  740s
 21304 13280 2365.51856   77  118 3399.52115 2365.51856  30.4%   152  745s
 21307 13282 3187.68663   93  131 3399.52115 2365.64487  30.4%   152  750s
 21309 13283 2365.83666   70  139 3399.52115 2365.83666  30.4%   152  755s
 21313 13286 3345.97747  135  135 3399.52115 2366.89451  30.4%   152  761s
 21315 13287 2366.89451   75  134 3399.52115 2366.89451  30.4%   152  765s
 21317 13289 2366.89451   58  134 3399.52115 2366.89451  30.4%   152  770s
 21319 13293 2372.92018   56  121 3399.52115 2372.92018  30.2%   155  776s
 21321 13296 2373.69253   57  116 3399.52115 2372.92018  30.2%   155  781s
 21325 13299 2375.56239   58  105 3399.52115 2372.92018  30.2%   155  785s
 21337 13307 2644.00223   59  101 3399.52115 2376.10056  30.1%   155  791s
H21345 12644                    3399.5211529 2381.86064  29.9%   155  795s
H21348 12009                    3264.2124359 2383.34484  27.0%   155  795s
 21378 12028 2606.69106   63   82 3264.21244 2383.34484  27.0%   155  800s
H21381 11424                    3264.2124286 2383.34484  27.0%   155  800s
 21415 11448 2720.12229   67   91 3264.21243 2383.34484  27.0%   155  806s
 21458 11492 2481.32424   73   83 3264.21243 2383.34484  27.0%   155  810s
H21534 10943                    3241.3942272 2383.34484  26.5%   155  814s
 21549 10960 2574.47701   81   48 3241.39423 2383.34484  26.5%   155  815s
 21612 10978 2652.98202   88   54 3241.39423 2383.34484  26.5%   155  820s
 21731 11017 3138.01136  110   39 3241.39423 2386.69893  26.4%   156  825s
 21903 11091 2513.27521   71   55 3241.39423 2387.30910  26.3%   156  830s
 22060 11113 2611.05759   88   53 3241.39423 2387.30910  26.3%   155  835s
 22364 11282 2461.95321   62   77 3241.39423 2416.65908  25.4%   155  840s
 22784 11518 3191.28006   91   47 3241.39423 2426.62737  25.1%   154  845s
 23243 11648 2639.15563   70   80 3241.39423 2435.20799  24.9%   153  850s
 23555 11805 2939.19180   93   80 3241.39423 2437.67018  24.8%   153  855s
 24078 12044 2515.94399   75   92 3241.39423 2443.96235  24.6%   153  861s
 24546 12199 2868.03234  142   31 3241.39423 2455.67696  24.2%   152  867s
 25046 12387 2853.08918   71   71 3241.39423 2461.80650  24.1%   151  871s
 25485 12654 2613.83175   87   78 3241.39423 2466.52168  23.9%   151  878s
 25757 12781 2881.52863   73   82 3241.39423 2467.21466  23.9%   151  881s
 26382 12988 2634.82076   74   82 3241.39423 2471.57304  23.7%   150  886s
 27189 13382 3033.92859  121   62 3241.39423 2475.19508  23.6%   149  891s
 28015 13625     cutoff   81      3241.39423 2479.78645  23.5%   148  897s
 28397 13816 2794.55955   95   69 3241.39423 2482.95294  23.4%   147  900s
 29277 14101 2974.53052   99   71 3241.39423 2488.63653  23.2%   147  907s
 29765 14187 3167.61433   75   49 3241.39423 2490.62551  23.2%   146  910s
 30640 14591 2905.54527  109   63 3241.39423 2493.66905  23.1%   146  917s
 31282 14917 3013.21593   69   72 3241.39423 2496.38149  23.0%   145  921s
 31972 15213 2513.58909   73  102 3241.39423 2499.47791  22.9%   144  927s
 32711 15306 2776.23314   71   52 3241.39423 2504.11602  22.7%   144  930s
 33582 15660 2956.85554   69   48 3241.39423 2506.34944  22.7%   143  936s
*33763 13236             158    3046.9479803 2506.59660  17.7%   143  936s
 34488 13542 3032.13176   86   71 3046.94798 2509.56531  17.6%   142  942s
 34856 13624 2932.22528   88   73 3046.94798 2510.55458  17.6%   142  945s
 35568 13781 2901.95173   87   46 3046.94798 2512.69019  17.5%   142  951s
 36198 13925 2625.57433   84   82 3046.94798 2513.82461  17.5%   142  957s
 37051 14073 2897.88131   81   48 3046.94798 2517.13491  17.4%   142  962s
 37454 14173 2684.85163   82   80 3046.94798 2518.04380  17.4%   142  965s
 38344 14180 2863.48921   69   64 3046.94798 2520.95534  17.3%   141  975s
 38777 14561 2867.71174   79   71 3046.94798 2522.28341  17.2%   141  981s
 39684 14739 2781.72419   81   79 3046.94798 2526.53386  17.1%   140  987s
 40014 14779     cutoff   72      3046.94798 2528.23347  17.0%   140  990s
 40860 15048 2624.68708   85   37 3046.94798 2530.63443  16.9%   140  996s
 41664 15230 2878.66282   74   78 3046.94798 2532.56399  16.9%   140 1001s
 42057 15352 2822.58422   87   75 3046.94798 2533.68893  16.8%   140 1005s
H42499 14608                    3026.5391398 2535.26810  16.2%   140 1010s
 43462 14758 2878.16801   83   65 3026.53914 2537.25255  16.2%   139 1016s
 44323 14988 3014.10613   87   45 3026.53914 2540.34109  16.1%   139 1023s
 44820 15101 2941.80584   80   77 3026.53914 2541.76733  16.0%   139 1026s
 45734 15347 2751.30724   75   63 3026.53914 2544.04736  15.9%   138 1032s
 46179 15438 2985.91686   88   69 3026.53914 2544.84080  15.9%   138 1035s
 46987 15618 3024.19602  120   61 3026.53914 2546.11014  15.9%   138 1040s
 47820 15825     cutoff   89      3026.53914 2548.34427  15.8%   138 1046s
H48071 12502                    2925.4897376 2548.47587  12.9%   138 1046s
 48597 12627 2714.28326   75   75 2925.48974 2549.98388  12.8%   138 1052s
 49341 12814 2764.07036   76   69 2925.48974 2553.60583  12.7%   138 1057s
 49760 12993 2678.48678   95   73 2925.48974 2555.08387  12.7%   138 1060s
 50499 13385 2772.97148   95   67 2925.48974 2557.56301  12.6%   138 1066s
H50643 13385                    2925.4897302 2557.59189  12.6%   138 1066s
 51196 13651 2747.04339   93   55 2925.48973 2560.05099  12.5%   138 1072s
 51580 13768 2788.79452   83   82 2925.48973 2561.16787  12.5%   138 1075s
 52287 14180 2801.30139   96   70 2925.48973 2563.25311  12.4%   138 1081s
 52721 14371     cutoff   70      2925.48973 2564.45295  12.3%   138 1086s
 53618 14714 2772.61672   82   82 2925.48973 2567.26361  12.2%   138 1092s
 54031 14895     cutoff   86      2925.48973 2568.55629  12.2%   138 1095s
 54935 15149 2695.51990   85   63 2925.48973 2571.84007  12.1%   137 1102s
 55180 15340 2672.73186   85   69 2925.48973 2572.57612  12.1%   137 1106s
 56087 15767 2817.80604   99   42 2925.48973 2574.70380  12.0%   137 1112s
 56536 15869 2841.11800   73   63 2925.48973 2575.51812  12.0%   137 1115s
 57371 16306 2809.38549   80   65 2925.48973 2577.82390  11.9%   137 1121s
 58206 16643 2686.68869   80   60 2925.48973 2580.52730  11.8%   137 1127s
 58603 16813 2862.89822   79   49 2925.48973 2581.66868  11.8%   137 1130s
 59353 17101 2639.71068   91   85 2925.48973 2583.55170  11.7%   137 1136s
 60158 17297 2749.04730   74   64 2925.48973 2586.08481  11.6%   137 1142s
 60532 17441 2622.67579   87   78 2925.48973 2587.51220  11.6%   137 1145s
 61271 17712 2665.94281   70   74 2925.48973 2589.61570  11.5%   138 1151s
 62079 18012 2799.49851  108   62 2925.48973 2591.81033  11.4%   138 1158s
 62482 18140 2878.00407   88   67 2925.48973 2592.38205  11.4%   138 1161s
 63304 18440 2722.52830   86   80 2925.48973 2594.62104  11.3%   138 1168s
 63751 18453 2923.89009   75   59 2925.48973 2595.64878  11.3%   138 1173s
 63814 18663 2814.05954   92   47 2925.48973 2595.79853  11.3%   138 1177s
 64375 18812 2676.26038   83   71 2925.48973 2596.58770  11.2%   138 1181s
 64819 18859 2686.86944  102   44 2925.48973 2598.27904  11.2%   138 1188s
 65115 19041 2803.06384   81   70 2925.48973 2599.16276  11.2%   138 1192s
 65657 19182 2702.25890   96   67 2925.48973 2600.66937  11.1%   138 1196s
 66612 19379     cutoff   89      2925.48973 2603.28337  11.0%   138 1202s
 67028 19473 2808.27083   86   81 2925.48973 2604.46820  11.0%   138 1206s
 67738 19722     cutoff   93      2925.48973 2606.70943  10.9%   138 1212s
 68153 19867 2740.07176   84   69 2925.48973 2607.66627  10.9%   138 1216s
 69058 20133     cutoff   81      2925.48973 2609.91550  10.8%   138 1222s
 69528 20185 2790.98278   97   79 2925.48973 2610.62815  10.8%   138 1225s
 70347 20409 2870.12312   93   65 2925.48973 2612.76612  10.7%   138 1232s
 70812 20545 2657.23471   90   71 2925.48973 2613.85174  10.7%   138 1235s
 71682 20883     cutoff   80      2925.48973 2615.77698  10.6%   138 1242s
 72136 20949     cutoff   93      2925.48973 2616.28017  10.6%   138 1245s
 73004 21199     cutoff  118      2925.48973 2618.41169  10.5%   139 1251s
 73882 21523 2907.15284   97   70 2925.48973 2619.81297  10.4%   139 1259s
 74362 21657 2858.72912   96   59 2925.48973 2620.82960  10.4%   139 1261s
 75272 21894     cutoff   84      2925.48973 2622.53306  10.4%   138 1267s
 75651 21960 2710.18364   90   84 2925.48973 2623.36916  10.3%   138 1270s
 76428 22172 2712.30313   79   54 2925.48973 2624.80709  10.3%   138 1275s
 77275 22487 2794.23863  105   68 2925.48973 2625.95921  10.2%   138 1281s
 78120 22665 2855.64083  119   56 2925.48973 2627.35654  10.2%   138 1286s
 78847 22810 2871.04797   90   77 2925.48973 2629.14728  10.1%   138 1292s
 79564 23028     cutoff   79      2925.48973 2630.31663  10.1%   138 1297s
 79965 23171 2825.61069   79   87 2925.48973 2631.08894  10.1%   138 1300s
 80744 23413     cutoff   94      2925.48973 2632.63202  10.0%   138 1306s
 81541 23619 2867.84066   84   43 2925.48973 2634.12404  10.0%   138 1311s
 82302 23809 2710.03868   75   82 2925.48973 2635.21402  9.92%   138 1317s
 82646 23854 2676.04605   85   37 2925.48973 2635.91758  9.90%   138 1320s
 83440 24045 2810.22177   99   66 2925.48973 2637.57043  9.84%   138 1326s
 84194 24272 2906.08816  107   57 2925.48973 2638.77670  9.80%   138 1333s
 84635 24385 2682.82879   72  102 2925.48973 2639.61670  9.77%   138 1337s
 85074 24470     cutoff   80      2925.48973 2640.25698  9.75%   138 1340s
 85978 24671     cutoff  103      2925.48973 2641.41421  9.71%   138 1345s
 86730 24821 2858.55696  101   55 2925.48973 2642.85314  9.66%   138 1352s
 86954 24935 2857.65547  105   71 2925.48973 2643.22910  9.65%   138 1355s
 87776 25195 2855.68906   82   62 2925.48973 2644.21518  9.61%   138 1361s
*88419 24516             117    2906.9542216 2645.09157  9.01%   138 1364s
 88685 24576 2826.71912   80   81 2906.95422 2645.49428  8.99%   138 1367s
 88980 24663 2787.81485  100   74 2906.95422 2646.06199  8.97%   138 1370s
 89402 24708 2735.20310   79   74 2906.95422 2646.85016  8.95%   138 1379s
 89646 24760 2739.55224   98   71 2906.95422 2647.37333  8.93%   138 1382s
H89735 24513                    2901.6454188 2647.37333  8.76%   138 1382s
 90002 24585 2759.05675   85   37 2901.64542 2648.01966  8.74%   138 1385s
H90085 23306                    2881.3546858 2648.04389  8.10%   138 1385s
H90841 23410                    2881.3546785 2650.39781  8.02%   138 1392s
 91066 23491 2704.29920   79   70 2881.35468 2651.18849  7.99%   138 1395s
 91875 23638 2753.03351   94   78 2881.35468 2653.00763  7.92%   138 1402s
 92291 23686 2829.28221  100   46 2881.35468 2653.86186  7.90%   138 1405s
 93085 23715 2831.63081  100   96 2881.35468 2656.13745  7.82%   139 1411s
 93877 23831     cutoff   88      2881.35468 2657.73671  7.76%   139 1418s
 94307 23851 2734.37416   84   79 2881.35468 2659.13768  7.71%   139 1421s
 94737 23846 2722.49036   91   36 2881.35468 2660.04544  7.68%   139 1425s
 95593 23939     cutoff   87      2881.35468 2662.37872  7.60%   139 1431s
 96428 24035     cutoff  101      2881.35468 2664.06840  7.54%   139 1437s
 96898 24046 2821.72297   93   75 2881.35468 2665.10390  7.51%   139 1440s
 97703 24119 2757.17896   87   40 2881.35468 2666.63002  7.45%   139 1446s
 98066 24151     cutoff   69      2881.35468 2667.69869  7.42%   139 1450s
 98787 24201 2769.82469  107   67 2881.35468 2669.06689  7.37%   139 1456s
 99611 24275 2872.44978   81   66 2881.35468 2670.91750  7.30%   139 1462s
 99991 24282 2865.71640   75   67 2881.35468 2671.82686  7.27%   139 1465s
 100834 24328 2784.29951   74   74 2881.35468 2673.92741  7.20%   139 1471s
 101692 24417     cutoff   90      2881.35468 2675.61979  7.14%   139 1477s
 102134 24437 2749.05850   99   32 2881.35468 2676.41929  7.11%   139 1480s
 102969 24468     cutoff   87      2881.35468 2678.31341  7.05%   139 1486s
 103783 24476 2782.98284  105   65 2881.35468 2679.86973  6.99%   139 1493s
H103799 24476                    2881.3524197 2679.86973  6.99%   139 1493s
 103948 24482 2849.72425  104   54 2881.35242 2680.31712  6.98%   139 1496s
 104856 24508     cutoff   83      2881.35242 2681.74603  6.93%   139 1502s
 105282 24550     cutoff   87      2881.35242 2683.09125  6.88%   139 1505s
 105727 24543 2875.38863   77   67 2881.35242 2683.89820  6.85%   139 1510s
H106230 24544                    2881.3483812 2684.67817  6.83%   139 1513s
 106468 24512 2771.82680   79   93 2881.34838 2685.20649  6.81%   139 1516s
 106894 24485     cutoff   85      2881.34838 2686.01041  6.78%   139 1520s
 107805 24447 2761.79410   91   79 2881.34838 2688.04206  6.71%   139 1526s
 108716 24434     cutoff   98      2881.34838 2689.64524  6.65%   139 1533s
 109063 24433 2749.73203   87   72 2881.34838 2690.34814  6.63%   139 1541s
 109885 24379 2843.16377   75   70 2881.34838 2692.35262  6.56%   139 1547s
 110302 24354     cutoff   97      2881.34838 2693.25248  6.53%   139 1550s
 111228 24274     cutoff   96      2881.34838 2695.40125  6.45%   139 1557s
H111605 24249                    2881.3482541 2696.44185  6.42%   139 1560s
 112440 24224 2752.78170   74   71 2881.34825 2698.00786  6.36%   139 1566s
 113355 24161     cutoff   97      2881.34825 2700.25802  6.28%   139 1572s
 113784 24109 2832.73341   87   75 2881.34825 2701.07584  6.26%   139 1575s
 114618 24085     cutoff   78      2881.34825 2703.26156  6.18%   139 1581s
 115493 24029 2752.10455   99   77 2881.34825 2704.95985  6.12%   139 1588s
 115927 23949 2834.81779   94   78 2881.34825 2705.74477  6.09%   139 1595s
 116604 23902 2801.19810   94   59 2881.34825 2707.14489  6.05%   139 1602s
 117023 23884     cutoff  104      2881.34825 2707.61911  6.03%   139 1605s
 117936 23791 2845.85243   89   35 2881.34825 2709.39505  5.97%   139 1611s
 118782 23742 2880.38244   78   31 2881.34825 2711.20000  5.91%   139 1618s
 119117 23689 2839.55652  102   50 2881.34825 2711.89461  5.88%   139 1621s
 120006 23555 2778.57155  104   81 2881.34825 2713.77002  5.82%   139 1627s
 120470 23484 2843.83644   78   66 2881.34825 2714.69397  5.78%   139 1631s
 121371 23383 2866.62469   93   53 2881.34825 2716.46014  5.72%   139 1637s
 121836 23376 2776.08528   79   74 2881.34825 2717.43951  5.69%   139 1644s
 122233 23310 2831.95981  106   48 2881.34825 2717.59494  5.68%   139 1647s
 122690 23225 2860.69159   83   96 2881.34825 2719.01580  5.63%   139 1650s
 123642 23141 2823.06988  113   56 2881.34825 2720.84938  5.57%   139 1656s
 124155 23099     cutoff   96      2881.34825 2721.74128  5.54%   139 1660s
 125044 22866     cutoff   98      2881.34825 2723.61631  5.47%   139 1666s
 125925 22663 2771.85640  101   79 2881.34825 2725.53477  5.41%   139 1671s
 126799 22470     cutoff  107      2881.34825 2727.40942  5.34%   139 1677s
 127230 22380 2820.55277  100   64 2881.34825 2728.24418  5.31%   139 1681s
 128123 22170     cutoff   76      2881.34825 2730.04940  5.25%   139 1687s
 128545 22117     cutoff   93      2881.34825 2730.78288  5.23%   139 1690s
 129498 21967     cutoff   91      2881.34825 2732.60260  5.16%   139 1696s
 130402 21774 2799.61094   80   82 2881.34825 2734.50669  5.10%   139 1701s
 131351 21545     cutoff   94      2881.34825 2736.41176  5.03%   139 1707s
 131738 21442     cutoff   75      2881.34825 2737.32455  5.00%   139 1710s
 132616 21254     cutoff  104      2881.34825 2738.77193  4.95%   139 1716s
 133485 21017     cutoff   92      2881.34825 2740.44155  4.89%   139 1722s
 133915 20861 2851.67404   70   71 2881.34825 2741.21609  4.86%   139 1725s
 134747 20573 2822.85123   77   39 2881.34825 2743.36409  4.79%   139 1731s
 135625 20283     cutoff   88      2881.34825 2745.02160  4.73%   139 1740s
 136370 19941 2818.65331   81   89 2881.34825 2746.99805  4.66%   139 1746s
*136741 18891              96    2868.7040199 2748.16497  4.20%   139 1746s
 137190 18528     cutoff   91      2868.70402 2749.11748  4.17%   139 1752s
 137510 18339     cutoff   80      2868.70402 2750.08352  4.13%   139 1756s
 138303 17910     cutoff   81      2868.70402 2752.35426  4.06%   139 1762s
 138710 17758     cutoff   98      2868.70402 2753.59725  4.01%   139 1765s
 139441 17387     cutoff   79      2868.70402 2755.41336  3.95%   139 1771s
 140330 16884     cutoff  111      2868.70402 2758.11163  3.86%   138 1777s
 140850 16664 2855.56084   96   72 2868.70402 2759.30897  3.81%   138 1780s
 141818 16196     cutoff   90      2868.70402 2761.93907  3.72%   138 1786s
 142788 15712     cutoff   83      2868.70402 2764.42204  3.64%   138 1792s
 143252 15545     cutoff   70      2868.70402 2765.72027  3.59%   138 1795s
 144116 15016     cutoff   92      2868.70402 2768.35297  3.50%   138 1801s
 145063 14474     cutoff   97      2868.70402 2770.57314  3.42%   138 1807s
 146077 13932     cutoff  102      2868.70402 2773.59344  3.32%   138 1812s
 146552 13642     cutoff   97      2868.70402 2775.19883  3.26%   137 1815s
 147557 13033     cutoff   81      2868.70402 2778.27802  3.15%   137 1821s
 148569 12407     cutoff  103      2868.70402 2781.35982  3.04%   137 1826s
 149645 11732 2846.87555   95   52 2868.70402 2784.21368  2.95%   137 1832s
 150198 11553     cutoff  101      2868.70402 2785.80335  2.89%   137 1835s
 150989 10859     cutoff   91      2868.70402 2788.78983  2.79%   136 1841s
 152044 10166 2838.58919   97   71 2868.70402 2792.28805  2.66%   136 1846s
 153003  9420     cutoff   71      2868.70402 2796.15836  2.53%   136 1851s
 154128  8662     cutoff  117      2868.70402 2800.48603  2.38%   135 1856s
 155229  7921     cutoff   85      2868.70402 2805.32086  2.21%   135 1865s
 156334  7088     cutoff   76      2868.70402 2809.89962  2.05%   135 1870s
 158200  5587     cutoff   84      2868.70402 2818.82766  1.74%   134 1876s
*158893  5088              91    2868.7039334 2822.52662  1.61%   134 1879s
 159397  4929     cutoff   86      2868.70393 2825.39165  1.51%   133 1881s
H159459  4928                    2868.6942592 2825.39165  1.51%   133 1881s
H159573  4928                    2868.6940678 2827.16379  1.45%   133 1881s
 160274  3690     cutoff   98      2868.69407 2831.24165  1.31%   133 1886s
 161740  2255 2862.24829   89   63 2868.69407 2840.12637  1.00%   132 1890s
 164329     0     cutoff   82      2868.69407 2862.94266  0.20%   130 1895s

Cutting planes:
  Learned: 2
  Gomory: 23
  Cover: 244
  Implied bound: 128
  Projected implied bound: 99
  Clique: 5
  MIR: 232
  StrongCG: 1
  Flow cover: 1090
  GUB cover: 3
  Inf proof: 7
  Zero half: 47
  RLT: 149
  Relax-and-lift: 99

Warning: cleanup yields a better solution due to numeric instability

Explored 164877 nodes (21441235 simplex iterations) in 1895.97 seconds
Thread count was 8 (of 8 available processors)

Solution count 10: 2868.69 2868.7 2881.35 ... 3264.21
No other solutions better than 2868.69

Optimal solution found (tolerance 1.00e-04)
Best objective 2.866669500819e+03, best bound 2.866669500819e+03, gap 0.0000%
