
Gurobi 9.1.2 (win64) logging started Wed Nov 24 13:27:07 2021

Changed value of parameter LogFile to D2_S3_C20_e_trips_results_without_VI_newTW.log
   Prev:   Default: 
Changed value of parameter timeLimit to 18000.0
   Prev: inf  Min: 0.0  Max: inf  Default: inf
Gurobi Optimizer version 9.1.2 build v9.1.2rc0 (win64)
Thread count: 4 physical cores, 8 logical processors, using up to 8 threads
Optimize a model with 19983 rows, 7404 columns and 58545 nonzeros
Model fingerprint: 0xf8dd116e
Variable types: 5625 continuous, 1779 integer (1779 binary)
Coefficient statistics:
  Matrix range     [1e-01, 1e+05]
  Objective range  [1e+00, 1e+00]
  Bounds range     [1e+00, 1e+10]
  RHS range        [1e+00, 1e+05]
Warning: Model contains large bounds
         Consider reformulating model or setting NumericFocus parameter
         to avoid numerical issues.
Presolve removed 10545 rows and 4455 columns
Presolve time: 0.24s
Presolved: 9438 rows, 2949 columns, 51759 nonzeros
Variable types: 1545 continuous, 1404 integer (1404 binary)

Root relaxation: objective -1.078627e+04, 3589 iterations, 0.28 seconds

    Nodes    |    Current Node    |     Objective Bounds      |     Work
 Expl Unexpl |  Obj  Depth IntInf | Incumbent    BestBd   Gap | It/Node Time

     0     0 -10786.267    0   65          - -10786.267      -     -    0s
     0     0 -10564.162    0   72          - -10564.162      -     -    0s
     0     0 -10055.939    0   85          - -10055.939      -     -    1s
     0     0 -10055.939    0   85          - -10055.939      -     -    1s
     0     0 -9438.5122    0   85          - -9438.5122      -     -    1s
     0     0 -7779.3552    0  239          - -7779.3552      -     -    1s
     0     0 -7582.3904    0  252          - -7582.3904      -     -    2s
     0     0 -7582.3904    0  252          - -7582.3904      -     -    2s
     0     0 -4421.7649    0  212          - -4421.7649      -     -    3s
     0     0 -2752.8980    0  161          - -2752.8980      -     -    3s
     0     0 -2070.4827    0  115          - -2070.4827      -     -    3s
     0     0 -2047.3662    0  108          - -2047.3662      -     -    3s
     0     0 -2043.6332    0  108          - -2043.6332      -     -    3s
     0     0 -2043.4278    0  107          - -2043.4278      -     -    3s
     0     0 -1918.5936    0  102          - -1918.5936      -     -    4s
     0     0 -1835.3206    0   93          - -1835.3206      -     -    4s
     0     0 -1835.2773    0   94          - -1835.2773      -     -    4s
     0     0 -1630.2034    0  101          - -1630.2034      -     -    4s
     0     0 -1630.1960    0  102          - -1630.1960      -     -    4s
     0     0 -1552.1232    0   81          - -1552.1232      -     -    4s
     0     0 -1513.6840    0   88          - -1513.6840      -     -    4s
     0     0 -1513.6840    0   88          - -1513.6840      -     -    4s
     0     0 -1474.4150    0   87          - -1474.4150      -     -    5s
     0     0 -1456.8309    0   87          - -1456.8309      -     -    5s
     0     0 -1456.8309    0   87          - -1456.8309      -     -    5s
     0     0 -1367.3710    0   76          - -1367.3710      -     -    5s
     0     0 -1366.0102    0   77          - -1366.0102      -     -    5s
     0     0 -1307.1305    0   91          - -1307.1305      -     -    5s
     0     0 -1307.0809    0   87          - -1307.0809      -     -    5s
     0     0 -1295.3833    0   78          - -1295.3833      -     -    6s
     0     0 -1294.6698    0   85          - -1294.6698      -     -    6s
     0     0 -1281.8758    0   97          - -1281.8758      -     -    6s
     0     0 -1280.3659    0   89          - -1280.3659      -     -    6s
     0     0 -1276.2489    0  102          - -1276.2489      -     -    6s
     0     0 -1267.0249    0  104          - -1267.0249      -     -    8s
H    0     0                    5094.1966102 -1267.0249   125%     -    9s
     0     2 -1267.0249    0  104 5094.19661 -1267.0249   125%     -    9s
H   27    32                    4881.7416959 -1256.0841   126%   165    9s
    44    51 -389.34735    9   80 4881.74170 -1256.0841   126%   158   10s
H   59    61                    4742.8434254 -1256.0841   126%   141   10s
H   60    65                    4601.4220692 -1256.0841   127%   142   10s
H   85    90                    4435.5321945 -1256.0841   128%   125   10s
H   90    98                    4356.9655798 -1256.0841   129%   122   10s
H   94    98                    4258.3736822 -1256.0841   129%   119   10s
H  115   116                    4190.1682573 -1256.0841   130%   106   11s
H  154   153                    3876.9300103 -1256.0841   132%  94.9   11s
H  309   266                    3727.1082864 -1244.2937   133%  96.0   14s
   462   435  886.44734   37   61 3727.10829 -1244.2937   133%  96.8   15s
  1071   790 1460.29900   27  229 3727.10829 -1145.0472   131%  82.1   21s
  1079   796 2823.04439   52  117 3727.10829 -706.60876   119%  81.5   25s
H 1079   756                    3409.8171774 -706.60876   121%  81.5   25s
  1097   768 1333.98482   26   97 3409.81718 -379.42061   111%  80.2   30s
H 1104   732                    3354.1952050 -241.83719   107%  79.7   32s
  1113   738 3354.19520   41  106 3354.19520 -128.95488   104%  79.0   35s
  1129   749 1957.54038   43   91 3354.19520  186.99609  94.4%  77.9   40s
  1147   761 1316.20940   39   98 3354.19520  431.57788  87.1%  76.7   45s
H 1151   725                    3330.7673685  437.85498  86.9%  76.4   46s
  1163   733 2467.68032   29  100 3330.76737  650.11581  80.5%  75.6   50s
  1179   743 2823.04439   52  110 3330.76737  718.19991  78.4%  74.6   55s
  1188   751  720.98314   13   88 3330.76737  720.98314  78.4%   111   60s
H 1191   715                    3308.5411737  720.98314  78.2%   111   62s
  1202   722  956.77442   23  111 3308.54117  732.55391  77.9%   110   65s
  1222   736  973.10489   11  102 3308.54117  973.10489  70.6%   108   70s
H 1230   703                    3200.2752066 1000.14939  68.7%   108   72s
  1243   712 2651.83094   27   93 3200.27521 1126.67948  64.8%   106   75s
  1259   722 1463.65491   46  116 3200.27521 1223.73856  61.8%   105   80s
H 1273   694                    3200.2752055 1267.78124  60.4%   104   84s
  1277   696 3200.27521   35  113 3200.27521 1272.35811  60.2%   104   85s
H 1294   671                    3200.2751326 1304.46294  59.2%   102   90s
  1304   678 1306.30039   35   84 3200.27513 1306.30039  59.2%   142   95s
  1318   688 2453.55944   30   97 3200.27513 1516.32459  52.6%   140  100s
  1340   702 2950.02890   27  104 3200.27513 1675.82152  47.6%   138  105s
  1356   713 2626.33684   37  111 3200.27513 1697.47174  47.0%   136  110s
  1376   726 1729.84019   19  128 3200.27513 1729.84019  45.9%   134  115s
  1393   739 1739.42371   11   95 3200.27513 1739.42371  45.6%   161  120s
  1399   743 2778.49394   27   84 3200.27513 1739.42371  45.6%   160  125s
  1416   755 2921.27690   46  130 3200.27513 1742.33745  45.6%   158  130s
  1434   767 1988.33779   21  108 3200.27513 1817.87073  43.2%   156  135s
  1449   777 1846.97426   39  110 3200.27513 1846.22071  42.3%   155  141s
H 1455   740                    3200.2744837 1850.26977  42.2%   154  143s
  1458   742 2388.61387   28  127 3200.27448 1850.51342  42.2%   154  145s
H 1462   708                    3200.2744548 1855.45796  42.0%   178  149s
  1463   711 1874.23620   55   94 3200.27445 1874.23620  41.4%   179  152s
  1494   735 1895.21699   59  102 3200.27445 1886.45977  41.1%   179  155s
  1570   788 2029.71347   68   75 3200.27445 1889.14962  41.0%   181  160s
  1809   954 2485.58658   93   60 3200.27445 1889.14962  41.0%   187  165s
  2173  1086 2580.18763  131   55 3200.27445 1889.14962  41.0%   180  170s
  2709  1315 2052.22832   92   92 3200.27445 1891.56781  40.9%   169  175s
  3194  1601 2249.37213   89   82 3200.27445 1895.24162  40.8%   159  180s
  3937  2032 3066.86054   69   46 3200.27445 1920.04806  40.0%   151  187s
  4283  2463 2405.49648   93   73 3200.27445 1931.95189  39.6%   148  190s
  4939  2949 1997.48075   69   84 3200.27445 1936.49586  39.5%   144  195s
  5691  3579 2033.25300   74   59 3200.27445 1949.71212  39.1%   140  201s
  5906  3587 2274.77460   71   81 3200.27445 1951.84774  39.0%   139  205s
  6484  4211 2559.17665   84   65 3200.27445 1956.05919  38.9%   136  210s
  7365  5088 2461.15350  120   74 3200.27445 1963.28049  38.7%   131  215s
  8473  5895 2143.81788   87   62 3200.27445 1971.35728  38.4%   127  221s
  9021  6294 2411.76230  128   74 3200.27445 1971.35728  38.4%   129  226s
  9636  6839 2583.29782  168   62 3200.27445 1971.35728  38.4%   129  231s
 10243  7334 2650.81039   99   58 3200.27445 1982.15920  38.1%   129  237s
 10592  7738 2522.75080   79   75 3200.27445 1983.06708  38.0%   131  241s
 11388  8468 2852.50413   99   69 3200.27445 1986.55658  37.9%   131  248s
 11999  8818 2380.34384   74   98 3200.27445 1988.00964  37.9%   129  250s
 12961  9674 2543.13677   93   32 3200.27445 1991.23733  37.8%   128  257s
 14004 10121 2139.72699   96   99 3200.27445 1996.52980  37.6%   126  262s
 14154 10156 2419.94906  122   78 3200.27445 1996.52980  37.6%   126  265s
 14705 11007 3055.36003  187   52 3200.27445 1997.91585  37.6%   125  271s
 15607 11770 2383.69943   80  103 3200.27445 2001.76539  37.5%   124  276s
 16473 12289 2206.41568  109   77 3200.27445 2006.30618  37.3%   123  281s
 17182 13040 2572.86926   96   71 3200.27445 2007.25933  37.3%   125  287s
 17708 13458 3125.44426   91   44 3200.27445 2007.98468  37.3%   124  290s
 19209 14558 2231.59075  113   78 3200.27445 2013.40776  37.1%   122  297s
 19673 15010 2456.76739   75   63 3200.27445 2015.17795  37.0%   122  300s
 20656 15303 3108.00966  103  104 3200.27445 2018.38779  36.9%   121  346s
 20662 15307 2604.63658   72   92 3200.27445 2018.38779  36.9%   121  351s
 20667 15310 2331.64564  100   78 3200.27445 2018.38779  36.9%   121  355s
 20683 15321 2207.21057   78   80 3200.27445 2018.38779  36.9%   121  360s
 20691 15326 2938.66411  160   93 3200.27445 2018.38779  36.9%   121  365s
 20700 15332 2457.25325  178   88 3200.27445 2018.38779  36.9%   121  370s
 20707 15337 2794.36885  122  112 3200.27445 2018.38779  36.9%   121  375s
 20712 15340 2023.21780   72  113 3200.27445 2018.38779  36.9%   121  381s
 20718 15344 2862.53752  211  121 3200.27445 2018.38779  36.9%   121  386s
 20722 15347 2264.45763   72  106 3200.27445 2018.38779  36.9%   121  391s
 20727 15350 2394.42982   75  122 3200.27445 2018.38779  36.9%   121  395s
 20730 15352 2662.50324  120  127 3200.27445 2020.14676  36.9%   120  400s
 20734 15355 2065.41505   72  110 3200.27445 2024.68411  36.7%   120  405s
 20741 15360 2718.73004  163  117 3200.27445 2032.42735  36.5%   120  411s
 20746 15363 2195.37125   91  124 3200.27445 2037.79886  36.3%   120  415s
 20751 15366 2774.20753  129  103 3200.27445 2047.63577  36.0%   120  420s
 20757 15370 2540.76875   89  107 3200.27445 2062.67552  35.5%   120  426s
H20761 14602                    3158.7973021 2073.60150  34.4%   120  430s
 20768 14607 2873.95922  146  111 3158.79730 2088.82671  33.9%   120  436s
 20772 14609 3001.55567   87  109 3158.79730 2096.94294  33.6%   120  440s
 20778 14613 2704.09111  107  132 3158.79730 2099.75617  33.5%   120  446s
 20781 14615 2541.80668  116  120 3158.79730 2100.97748  33.5%   120  450s
 20785 14618 2175.51436   97  128 3158.79730 2101.44671  33.5%   120  455s
 20788 14620 2468.60880   76  132 3158.79730 2101.49707  33.5%   120  460s
 20791 14622 2938.66411  160  132 3158.79730 2104.19629  33.4%   120  465s
 20792 14626 2104.19629   65  128 3158.79730 2104.19629  33.4%   122  470s
 20798 14632 2114.65080   67  102 3158.79730 2114.65080  33.1%   122  477s
 20806 14637 2137.18217   68   98 3158.79730 2116.38642  33.0%   123  481s
 20819 14646 2142.13404   69   90 3158.79730 2116.38642  33.0%   123  485s
H20820 13912                    3158.7973009 2116.38642  33.0%   123  485s
H20821 13215                    3093.5948510 2116.38642  31.6%   123  485s
H20850 12573                    3039.3414463 2116.38642  30.4%   123  489s
 20854 12582 2162.62634   73   80 3039.34145 2116.38642  30.4%   123  490s
H20882 11961                    3039.3413861 2116.38642  30.4%   123  493s
 20892 11979 2204.63111   78   52 3039.34139 2116.38642  30.4%   123  495s
 20969 12024 2223.36348   87   75 3039.34139 2116.38642  30.4%   124  500s
 21080 12071 2282.59453  104   58 3039.34139 2116.38642  30.4%   124  505s
 21228 12119     cutoff  118      3039.34139 2116.38642  30.4%   124  511s
 21340 12149 2734.99128  138   39 3039.34139 2117.40760  30.3%   124  515s
 21510 12236 2243.66716   99   72 3039.34139 2117.40927  30.3%   125  521s
 21686 12352 2352.49063  121   65 3039.34139 2117.40927  30.3%   124  525s
 22095 12579 2457.78075   70   82 3039.34139 2138.44539  29.6%   123  531s
 22299 12672 2664.69286  123   60 3039.34139 2138.44539  29.6%   123  536s
 22658 12893 2651.51565   84   54 3039.34139 2159.66550  28.9%   123  541s
 23263 13178 2671.02533   78   70 3039.34139 2169.22491  28.6%   122  546s
 23942 13473     cutoff  122      3039.34139 2178.15925  28.3%   121  551s
 24389 13703 2614.33752   80   76 3039.34139 2183.34156  28.2%   121  555s
 25224 14047 2714.38979  107   55 3039.34139 2195.48393  27.8%   120  561s
 25704 14212 2606.49412   84   68 3039.34139 2198.91423  27.7%   119  566s
 26247 14441 2504.94791  107   68 3039.34139 2198.91423  27.7%   119  570s
 26866 14755 2687.23591   78   72 3039.34139 2207.36216  27.4%   119  576s
 27633 14977 2743.41040  229   50 3039.34139 2208.78095  27.3%   118  581s
 28262 15309 2713.80118   88   73 3039.34139 2213.15177  27.2%   119  587s
 28723 15435 2614.73140   93   72 3039.34139 2217.53074  27.0%   118  590s
 29590 15828 2574.95013   88   70 3039.34139 2221.48820  26.9%   118  596s
 30138 16057 2732.02008  100   60 3039.34139 2223.27450  26.9%   118  600s
 31282 16731 2798.92159   88   66 3039.34139 2228.93625  26.7%   117  612s
 32018 16934 2417.74069   93   65 3039.34139 2230.39740  26.6%   116  616s
 33018 17277 2870.80229  127   50 3039.34139 2234.50166  26.5%   116  623s
 33583 17431 2780.73977  131   68 3039.34139 2239.35519  26.3%   116  625s
 34086 17781 2614.62584  178   61 3039.34139 2240.50150  26.3%   115  632s
 35116 18209 2916.89708  179   74 3039.34139 2246.57932  26.1%   114  637s
 35637 18329 2599.16977  171   82 3039.34139 2248.79161  26.0%   114  640s
 36460 18747 2539.08215  111   79 3039.34139 2253.68252  25.8%   113  645s
 37786 19116 2294.94259   99   87 3039.34139 2258.70449  25.7%   112  652s
 38452 19458 2521.60340  137   63 3039.34139 2258.70449  25.7%   113  657s
*38667 15949             167    2871.7015916 2258.70449  21.3%   113  657s
 39238 16320     cutoff  111      2871.70159 2264.19261  21.2%   113  662s
 40184 16456 2345.81582   98   58 2871.70159 2266.76207  21.1%   112  667s
*40718 16063             174    2871.6737600 2267.71797  21.0%   112  669s
 41074 16195 2816.95145  173   16 2871.67376 2268.98642  21.0%   111  672s
 41485 16472 2520.30329   88   38 2871.67376 2271.13982  20.9%   111  676s
 42421 16597 2636.76349  123   66 2871.67376 2274.65073  20.8%   111  681s
 43233 16916 2337.58755  103   69 2871.67376 2277.63298  20.7%   111  686s
 44121 17254 2543.66695  120   79 2871.67376 2280.04248  20.6%   110  690s
 44962 17411 2597.09030  139   83 2871.67376 2283.16305  20.5%   110  695s
 46103 17842 2677.22926  110   43 2871.67376 2285.89393  20.4%   109  702s
 46890 18036 2599.15405   94   46 2871.67376 2287.32717  20.3%   109  707s
 47638 18261 2778.85011  120   62 2871.67376 2289.62675  20.3%   109  712s
 48531 18626 2759.74952  127   43 2871.67376 2292.14895  20.2%   108  717s
 49300 18877 2413.00684  129   92 2871.67376 2293.77900  20.1%   108  721s
 50039 19133 2663.05961  111   75 2871.67376 2295.89552  20.1%   108  730s
 50788 19284 2839.71961  110   57 2871.67376 2298.57389  20.0%   108  735s
 51595 19721 2733.38017  130   77 2871.67376 2301.74823  19.8%   107  740s
 52616 19879 2638.78886   83   64 2871.67376 2303.86976  19.8%   107  746s
 53508 20312 2684.60624  132   59 2871.67376 2306.15231  19.7%   107  751s
 54267 20730 2755.42994  122   55 2871.67376 2307.45432  19.6%   106  755s
 54977 21193     cutoff  108      2871.67376 2308.73414  19.6%   106  763s
 55323 21431     cutoff  131      2871.67376 2309.32880  19.6%   106  766s
 56134 22009 2844.55008  113   48 2871.67376 2311.19348  19.5%   106  772s
 57033 22458 infeasible  122      2871.67376 2314.78565  19.4%   105  776s
 57917 22969 2381.66522  109   48 2871.67376 2317.13137  19.3%   105  781s
 58758 23553 2800.51199   90   83 2871.67376 2319.91742  19.2%   105  786s
 59597 24113 2522.29039   78   44 2871.67376 2322.34840  19.1%   105  791s
 60445 24613 2864.35742  113   54 2871.67376 2323.81223  19.1%   104  796s
 61225 25077     cutoff  120      2871.67376 2326.05037  19.0%   104  800s
 62093 25710 2804.30716  154   72 2871.67376 2327.12490  19.0%   104  805s
 63107 26362 2525.11018  154   90 2871.67376 2330.01949  18.9%   104  811s
 63934 26789     cutoff  148      2871.67376 2331.77024  18.8%   103  816s
 64650 27343 2461.88632  108   51 2871.67376 2332.86342  18.8%   103  820s
 65449 27762 2602.77707  134   79 2871.67376 2334.42850  18.7%   103  825s
 66531 28502 2802.55627  108   55 2871.67376 2336.80078  18.6%   103  832s
 67329 28999     cutoff  128      2871.67376 2338.23754  18.6%   103  836s
 68174 29480 2825.47642  121   62 2871.67376 2339.51409  18.5%   103  841s
 68973 29940 2627.53908  150   50 2871.67376 2341.45017  18.5%   102  846s
 69814 30509 2765.78277  124   68 2871.67376 2343.11336  18.4%   102  850s
 70662 30966 2599.50232   91   35 2871.67376 2344.67915  18.4%   102  855s
 71312 31337     cutoff  127      2871.67376 2345.84785  18.3%   102  860s
 71712 31481 2700.23036  111   39 2871.67376 2346.11076  18.3%   102  867s
 71940 31745 2700.98685   91   63 2871.67376 2346.91111  18.3%   102  870s
 72760 32217     cutoff  104      2871.67376 2348.05676  18.2%   102  876s
 73662 32767 2627.52630  116   43 2871.67376 2349.62429  18.2%   102  881s
 74473 33237 2784.80103  175   65 2871.67376 2351.34834  18.1%   101  886s
 75178 33708 2496.15374   75   56 2871.67376 2352.43331  18.1%   102  891s
 76041 34221 2411.30011  107   64 2871.67376 2354.03725  18.0%   101  896s
 76927 34613 2792.52418  114   53 2871.67376 2355.21084  18.0%   101  901s
 77727 35158 2785.53275   95   63 2871.67376 2357.06996  17.9%   101  906s
 78432 35632 2590.24089   93   47 2871.67376 2358.21675  17.9%   101  912s
 79307 36258 2593.71682  113   62 2871.67376 2360.25955  17.8%   101  916s
 80246 36783 2819.49533  111   77 2871.67376 2361.20244  17.8%   100  921s
 81066 37326 2719.62066  108   60 2871.67376 2362.46282  17.7%   100  926s
 81896 37911 2590.38393  105   76 2871.67376 2363.53933  17.7%   100  931s
 82701 38358 2813.84882  142   44 2871.67376 2364.46109  17.7%   100  936s
 83648 38861 2522.56073  113   67 2871.67376 2365.74927  17.6%   100  942s
 84205 39154 2784.40159  116   75 2871.67376 2366.48311  17.6%   100  947s
 84568 39423 infeasible  112      2871.67376 2367.03705  17.6%   100  950s
 85459 39953 2453.76772  105   36 2871.67376 2368.02904  17.5%   100  955s
 86304 40494 2763.01376  124   81 2871.67376 2369.00646  17.5%   100  961s
 87161 40972 2775.11038  126   71 2871.67376 2370.77215  17.4%   100  966s
 88021 41369 2513.39041  108   60 2871.67376 2371.51811  17.4%  99.5  971s
 88872 41824 2673.37223  115   67 2871.67376 2372.80606  17.4%  99.4  976s
 89653 42330 2757.07575  113   55 2871.67376 2373.92929  17.3%  99.4  981s
 90526 42866 2731.03656  141   50 2871.67376 2375.39431  17.3%  99.3  987s
 91453 43370 2596.90385  139   81 2871.67376 2376.60158  17.2%  99.1  992s
 92296 43865 2606.06226  103   80 2871.67376 2378.34602  17.2%  99.0  996s
 93186 44353 2584.82991  114   58 2871.67376 2379.75092  17.1%  98.9 1002s
 93591 44612 2761.40209  117   46 2871.67376 2380.07648  17.1%  98.9 1005s
 94376 44967 2822.71639  124   57 2871.67376 2380.55384  17.1%  98.9 1012s
 94883 45213 2838.02248  131   55 2871.67376 2381.79314  17.1%  98.8 1015s
 95861 45723 2653.55777  131   60 2871.67376 2383.09399  17.0%  98.7 1020s
 96768 46123 2608.41543   91   63 2871.67376 2384.04782  17.0%  98.6 1025s
 98106 46855     cutoff  146      2871.67376 2385.49379  16.9%  98.4 1032s
 98908 47166 2441.63524  105   80 2871.67376 2386.23193  16.9%  98.3 1037s
 99280 47238 2575.41488  129   66 2871.67376 2386.33030  16.9%  98.3 1042s
 99863 47702 2512.92311   82   68 2871.67376 2387.50006  16.9%  98.3 1047s
 100195 48003 2564.89515  146   67 2871.67376 2388.12012  16.8%  98.2 1050s
 101504 48688 2585.51587  121   56 2871.67376 2389.60997  16.8%  98.1 1057s
 102200 48991 2786.65847  126   75 2871.67376 2390.00072  16.8%  98.2 1062s
 102342 49162 2669.95640  109   66 2871.67376 2390.33694  16.8%  98.2 1066s
 103207 49692 2571.51195  127   86 2871.67376 2391.41689  16.7%  98.1 1071s
 104075 50171 2805.45833  109   50 2871.67376 2392.50265  16.7%  98.0 1077s
 104444 50451 2755.87098   81   52 2871.67376 2393.03335  16.7%  98.0 1080s
 105410 50944 2763.25952  103   62 2871.67376 2394.22150  16.6%  98.0 1085s
 106238 51554 2680.74689  179   55 2871.67376 2395.29115  16.6%  97.9 1090s
 107114 52088 2695.01199  121   93 2871.67376 2396.33313  16.6%  97.8 1095s
 107934 52542 infeasible  118      2871.67376 2397.52533  16.5%  97.7 1100s
 108748 53016 2723.26102   87   52 2871.67376 2398.45794  16.5%  97.7 1105s
 109532 53475 2722.28539  105   45 2871.67376 2399.27254  16.5%  97.6 1110s
 110375 53903 2821.92003  116   52 2871.67376 2400.60916  16.4%  97.6 1115s
 111196 54288 infeasible  113      2871.67376 2401.84416  16.4%  97.5 1120s
 112516 54904     cutoff   97      2871.67376 2403.41221  16.3%  97.4 1127s
 113240 55227 2749.33893  140   66 2871.67376 2404.03870  16.3%  97.3 1132s
 113458 55472 2688.87306  146   61 2871.67376 2404.48651  16.3%  97.3 1135s
 114349 55931 2589.11053  165   82 2871.67376 2405.24531  16.2%  97.2 1140s
 115202 56368 2701.46235  146   52 2871.67376 2406.56029  16.2%  97.2 1145s
 115996 56670 2465.36192   98   63 2871.67376 2407.03056  16.2%  97.1 1150s
 116769 57071 2545.79178  113   80 2871.67376 2408.06544  16.1%  97.2 1155s
 117612 57461 2859.60194  188   51 2871.67376 2408.67345  16.1%  97.1 1160s
 118430 57940 2636.08765  108   81 2871.67376 2409.70387  16.1%  97.1 1165s
 118859 58165 2684.32338  118   58 2871.67376 2410.04127  16.1%  97.0 1172s
 119304 58336 2562.57283  106   57 2871.67376 2410.70633  16.1%  97.0 1175s
 120116 58952 2685.06006  143   34 2871.67376 2411.66792  16.0%  97.0 1180s
 120990 59352 2753.37828  118   72 2871.67376 2412.58397  16.0%  96.9 1185s
 121782 59698 2494.02350   88   73 2871.67376 2413.14832  16.0%  96.9 1190s
 122618 60223 2572.03883  121   54 2871.67376 2414.09414  15.9%  96.8 1195s
 123526 60665     cutoff  100      2871.67376 2415.21483  15.9%  96.7 1200s
 124348 60967 infeasible  112      2871.67376 2416.77544  15.8%  96.6 1205s
 125147 61348 2688.03251  136   65 2871.67376 2416.99980  15.8%  96.7 1211s
 125926 61728 2630.31989  125   77 2871.67376 2417.95232  15.8%  96.6 1216s
 126749 62179     cutoff  123      2871.67376 2418.96608  15.8%  96.6 1222s
 127584 62558 2758.26991  101   70 2871.67376 2420.01923  15.7%  96.5 1227s
 128470 62978 2777.60402   98   70 2871.67376 2421.16225  15.7%  96.4 1232s
H129075 63044                    2871.6637125 2422.12812  15.7%  96.4 1234s
 129232 63259 2654.73897  127   37 2871.66371 2422.33645  15.6%  96.4 1237s
 129636 63383 2628.54133   73   61 2871.66371 2422.94628  15.6%  96.4 1240s
H129902 63383                    2871.6637112 2423.00908  15.6%  96.4 1240s
 130362 63729 2602.31678  151   84 2871.66371 2423.75377  15.6%  96.4 1245s
 131114 64115 2780.64396  125   45 2871.66371 2424.38439  15.6%  96.3 1251s
 131928 64501 2782.44634  141   58 2871.66371 2425.06744  15.6%  96.2 1256s
 132643 64769 2802.55232  117   39 2871.66371 2426.12459  15.5%  96.2 1261s
 133424 65205 2533.75022  124   81 2871.66371 2427.38333  15.5%  96.2 1267s
 134308 65680     cutoff   91      2871.66371 2428.73755  15.4%  96.2 1272s
 134758 65943 2576.02897  126   84 2871.66371 2429.03704  15.4%  96.1 1275s
 135613 66471 2808.34084  121   60 2871.66371 2429.86050  15.4%  96.0 1281s
 136467 66992 2745.62010  149   70 2871.66371 2430.76201  15.4%  96.0 1286s
 137330 67239     cutoff  127      2871.66371 2431.40537  15.3%  95.9 1292s
 137354 67454 2750.84653  140   80 2871.66371 2431.42286  15.3%  95.9 1295s
 138248 67896 2534.18822   93   79 2871.66371 2432.33522  15.3%  95.9 1300s
 139120 68315 2705.51529  139   65 2871.66371 2432.86627  15.3%  95.8 1305s
 140352 68996 2563.20618  104   43 2871.66371 2434.57028  15.2%  95.7 1312s
 141171 69410 2764.42614  109   65 2871.66371 2435.27796  15.2%  95.6 1317s
 141990 69875 2749.58931  141   58 2871.66371 2436.27816  15.2%  95.6 1321s
 142860 70282 2638.03378  125   87 2871.66371 2436.95870  15.1%  95.5 1326s
 143637 70553 2760.75271   87   47 2871.66371 2438.10732  15.1%  95.5 1330s
 144300 70842 2579.85946  108   94 2871.66371 2438.66725  15.1%  95.5 1335s
 144996 71265     cutoff  109      2871.66371 2439.27718  15.1%  95.5 1340s
 145878 71727 2711.16583  126   66 2871.66371 2439.99283  15.0%  95.4 1345s
 146652 72032     cutoff  112      2871.66371 2440.76871  15.0%  95.4 1350s
 147476 72488     cutoff  163      2871.66371 2441.36659  15.0%  95.3 1355s
 148317 72962 2504.95081  143   80 2871.66371 2441.98071  15.0%  95.3 1360s
 149536 73596 2859.11325  101   44 2871.66371 2443.12965  14.9%  95.2 1366s
 150344 73871 2862.24402  187   57 2871.66371 2443.58701  14.9%  95.2 1372s
 150883 74211 2808.61913   99   76 2871.66371 2444.34540  14.9%  95.2 1377s
 151698 74606 2774.27864  108   51 2871.66371 2445.40485  14.8%  95.2 1381s
 152518 74895 2806.90315  120   49 2871.66371 2446.23387  14.8%  95.1 1386s
 153240 75324 2764.53260  123   73 2871.66371 2447.10266  14.8%  95.1 1391s
 154104 75641 2677.95841  148   58 2871.66371 2447.93465  14.8%  95.1 1395s
 154940 76042 2810.89462  148   84 2871.66371 2449.05646  14.7%  95.1 1400s
 155779 76506 2821.52120  128   57 2871.66371 2449.94970  14.7%  95.0 1406s
 156630 76992 2766.24327  130   51 2871.66371 2450.45028  14.7%  95.0 1411s
 157468 77268 2530.43275  107   74 2871.66371 2451.41403  14.6%  95.0 1416s
 158339 77603 2863.62444   94   43 2871.66371 2452.53497  14.6%  94.9 1420s
 159188 77982     cutoff  105      2871.66371 2453.64815  14.6%  94.9 1425s
 160037 78532 2846.85126  108   59 2871.66371 2454.28889  14.5%  94.8 1430s
 160817 78956 2839.52898  103   40 2871.66371 2455.01226  14.5%  94.7 1435s
 162021 79317 2708.55865  104   45 2871.66371 2456.27780  14.5%  94.7 1441s
 162857 79602 2547.35632  119   75 2871.66371 2456.75365  14.4%  94.6 1446s
 163623 80010 2766.23741  139   52 2871.66371 2457.54141  14.4%  94.6 1451s
 164412 80309     cutoff  131      2871.66371 2457.93967  14.4%  94.6 1456s
 165243 80699 2531.42863  102   65 2871.66371 2458.72394  14.4%  94.5 1460s
 166104 81089 2829.71637  116   62 2871.66371 2459.57444  14.4%  94.5 1466s
 166975 81373 2540.75211   82   82 2871.66371 2460.51434  14.3%  94.4 1471s
 167762 81832 2815.95921  164   64 2871.66371 2461.12997  14.3%  94.4 1476s
 168569 82305 2769.64959  115   87 2871.66371 2461.73306  14.3%  94.3 1480s
 169337 82607 2857.24675  157   49 2871.66371 2462.23163  14.3%  94.3 1485s
 170119 82973 2649.00208  126   44 2871.66371 2462.87857  14.2%  94.3 1490s
 170967 83449 2808.02497  116   66 2871.66371 2463.37887  14.2%  94.2 1495s
 172199 83908 2814.87840  100   71 2871.66371 2464.47532  14.2%  94.2 1502s
 173062 84242 2849.40382   88   43 2871.66371 2465.37377  14.1%  94.1 1507s
 173893 84663 2677.27039  114   68 2871.66371 2466.28761  14.1%  94.1 1511s
 174668 84947 2669.93379  129   70 2871.66371 2467.19277  14.1%  94.0 1516s
 175484 85333 2785.75344  144   61 2871.66371 2467.98617  14.1%  94.0 1520s
 176318 85746 2726.30994  104   76 2871.66371 2468.82982  14.0%  93.9 1526s
 177154 86149     cutoff  108      2871.66371 2469.37501  14.0%  93.9 1531s
 178017 86489 2733.70674   88   51 2871.66371 2470.45617  14.0%  93.8 1535s
 178880 86812 2629.64279  127   67 2871.66371 2470.92798  14.0%  93.8 1540s
 179700 87125 2552.10674  123   86 2871.66371 2471.95587  13.9%  93.7 1545s
 180471 87514 2702.52204  133   62 2871.66371 2472.61398  13.9%  93.7 1550s
 181715 88085 2822.93023  137   90 2871.66371 2473.45504  13.9%  93.7 1557s
 182511 88354 2740.74562  122   52 2871.66371 2474.24769  13.8%  93.6 1562s
 183234 88718 2868.14954  175   54 2871.66371 2474.72459  13.8%  93.6 1567s
 184001 89147 2778.22695  163   75 2871.66371 2475.21183  13.8%  93.6 1572s
 184917 89482 infeasible  163      2871.66371 2475.92392  13.8%  93.5 1576s
 185734 89912     cutoff  126      2871.66371 2476.68354  13.8%  93.5 1581s
H186049 89912                    2871.6637102 2476.72432  13.8%  93.5 1581s
 186569 90225 2818.91563  137   70 2871.66371 2477.25035  13.7%  93.5 1588s
 186779 90461     cutoff   96      2871.66371 2477.40244  13.7%  93.4 1594s
 187471 90696 2685.12570  104   64 2871.66371 2477.88038  13.7%  93.4 1597s
 188025 90917 2791.60810   98   63 2871.66371 2478.31532  13.7%  93.4 1600s
 188998 91293 2799.68933  154   54 2871.66371 2479.47802  13.7%  93.4 1606s
 189902 91605 2806.13675  117   76 2871.66371 2480.16977  13.6%  93.4 1611s
 190869 91946 2773.43970  118   59 2871.66371 2480.87615  13.6%  93.3 1618s
 191070 92222 2807.33927  132   84 2871.66371 2481.01973  13.6%  93.3 1621s
 192063 92612     cutoff   96      2871.66371 2481.58134  13.6%  93.3 1627s
 192994 92882 2546.20311  149   99 2871.66371 2482.36201  13.6%  93.3 1632s
 193396 93000 2836.01338  131   76 2871.66371 2482.45727  13.6%  93.3 1635s
 194308 93340 2782.78090  104   71 2871.66371 2483.24979  13.5%  93.2 1640s
 195237 93697 2790.85189   72   62 2871.66371 2484.00106  13.5%  93.2 1645s
 196043 94032 2590.56371  117   62 2871.66371 2484.74311  13.5%  93.2 1650s
 196867 94472 2655.62318  137   72 2871.66371 2485.46417  13.4%  93.2 1656s
 197724 94835 2673.49548  134   74 2871.66371 2486.24657  13.4%  93.1 1661s
 198584 95252 2698.05197  161   95 2871.66371 2486.70011  13.4%  93.1 1666s
 199471 95624     cutoff   98      2871.66371 2487.46082  13.4%  93.0 1670s
 200315 95973 2852.06015  152   62 2871.66371 2488.04194  13.4%  93.0 1675s
 201513 96481 2828.27924  135   60 2871.66371 2488.95085  13.3%  92.9 1682s
 202258 96771     cutoff  113      2871.66371 2489.65827  13.3%  92.9 1686s
 203025 97165 2756.23497  131   58 2871.66371 2490.12338  13.3%  92.9 1691s
 203849 97413 2729.17795  131   76 2871.66371 2490.90901  13.3%  92.9 1696s
 204647 97731 2812.44282  122   68 2871.66371 2491.75040  13.2%  92.9 1701s
 205410 98067 2755.77071  137   50 2871.66371 2492.13935  13.2%  92.9 1705s
 206268 98330 2774.34038  112   72 2871.66371 2492.86121  13.2%  92.8 1710s
 207042 98649 2844.87680  122   77 2871.66371 2493.65793  13.2%  92.8 1715s
 207921 99033 2794.78059  119   77 2871.66371 2494.32624  13.1%  92.8 1720s
 208685 99361 2716.60370   98   43 2871.66371 2494.90237  13.1%  92.8 1725s
 209570 99686 2817.33826  161   55 2871.66371 2495.60936  13.1%  92.8 1730s
 210424 100068 2552.59176  127   52 2871.66371 2496.26084  13.1%  92.8 1735s
 211266 100335 2705.49316  127   70 2871.66371 2496.99682  13.0%  92.8 1740s
 212475 100743 infeasible  141      2871.66371 2498.09465  13.0%  92.7 1747s
 213232 101056 2714.93038   88   53 2871.66371 2498.80344  13.0%  92.7 1752s
 214101 101325 infeasible  123      2871.66371 2499.25950  13.0%  92.7 1756s
 214929 101599 2776.54662  102   69 2871.66371 2500.19426  12.9%  92.7 1761s
 215794 101832 2715.59789  113   43 2871.66371 2501.03111  12.9%  92.7 1766s
 216658 102054     cutoff  106      2871.66371 2501.81044  12.9%  92.6 1771s
 217413 102414 2660.52702  129   73 2871.66371 2502.47092  12.9%  92.7 1776s
 218308 102739     cutoff  106      2871.66371 2503.06813  12.8%  92.6 1781s
 219114 103189 2761.02314  179   83 2871.66371 2503.55693  12.8%  92.6 1787s
 220034 103465 2736.96466  116   70 2871.66371 2504.19513  12.8%  92.5 1791s
 220801 103701 2787.49513  132   63 2871.66371 2504.89554  12.8%  92.6 1796s
 221615 103954 2767.65080  136   55 2871.66371 2505.65452  12.7%  92.6 1801s
 222494 104287 2595.84141  155   60 2871.66371 2506.12162  12.7%  92.5 1806s
 223354 104628 2774.39573  109   51 2871.66371 2506.75827  12.7%  92.5 1811s
 224165 104907     cutoff   83      2871.66371 2507.24468  12.7%  92.5 1816s
 224971 105221 2725.46395  116   81 2871.66371 2507.59914  12.7%  92.5 1821s
 225722 105565 2604.44796  111   87 2871.66371 2508.27116  12.7%  92.5 1826s
 226560 105896 2691.84480   89   46 2871.66371 2508.76230  12.6%  92.4 1831s
 227427 106217 2644.46273  135   51 2871.66371 2509.56491  12.6%  92.4 1836s
 228178 106490 2672.76011   91   55 2871.66371 2509.96702  12.6%  92.4 1842s
 228625 106617 2693.22703  105   57 2871.66371 2510.27319  12.6%  92.4 1845s
 229462 106885     cutoff   97      2871.66371 2511.02300  12.6%  92.4 1850s
 230340 107174 2797.52575  105   44 2871.66371 2511.60319  12.5%  92.3 1855s
 231185 107425 2802.26364  148   63 2871.66371 2512.18349  12.5%  92.3 1860s
 232416 107892 2760.31211  127   51 2871.66371 2512.97765  12.5%  92.2 1867s
 233261 108147 2646.80789  148   60 2871.66371 2513.43543  12.5%  92.2 1871s
 234094 108381 2818.21851   98   64 2871.66371 2514.09723  12.5%  92.2 1876s
 234911 108677 2640.86670  140   64 2871.66371 2514.79066  12.4%  92.1 1881s
 235680 108982 2741.09141  101   56 2871.66371 2515.41527  12.4%  92.1 1886s
 236498 109205 2612.10503  122   59 2871.66371 2516.18326  12.4%  92.1 1890s
 237322 109445 2738.15757  117   78 2871.66371 2516.74345  12.4%  92.1 1895s
H237524 109445                    2871.6636995 2516.87849  12.4%  92.1 1895s
 237965 109730 2823.98257  161   36 2871.66370 2517.25077  12.3%  92.1 1901s
 238715 110006 2849.62674  108   35 2871.66370 2517.62630  12.3%  92.0 1907s
 239158 110137     cutoff  149      2871.66370 2518.01283  12.3%  92.0 1910s
 239977 110403 2846.24795  153   72 2871.66370 2518.48494  12.3%  92.0 1916s
 240617 110792     cutoff  121      2871.66370 2518.79451  12.3%  92.0 1921s
 241524 111205 2747.67538  114   71 2871.66370 2519.49345  12.3%  92.0 1927s
 242456 111454 2794.85651  109   59 2871.66370 2520.06683  12.2%  92.0 1931s
 243291 111663 2616.08252   99   66 2871.66370 2520.85578  12.2%  92.0 1937s
 244081 112013 2816.67817  124   61 2871.66370 2521.62453  12.2%  92.0 1942s
 244591 112217 2776.69666  157   74 2871.66370 2521.91022  12.2%  92.0 1945s
 245521 112552     cutoff  158      2871.66370 2522.58810  12.2%  91.9 1950s
 246276 112952 2833.48494  104   62 2871.66370 2522.99983  12.1%  91.9 1955s
 247260 113370 2761.67228  145   62 2871.66370 2523.52949  12.1%  91.9 1961s
 248109 113663 2717.98397   80   56 2871.66370 2524.07453  12.1%  91.8 1966s
 249029 113925     cutoff  139      2871.66370 2524.54665  12.1%  91.8 1971s
 249877 114210 2834.94380  135   80 2871.66370 2524.91325  12.1%  91.8 1976s
 250682 114363 2751.03380  172   76 2871.66370 2525.52893  12.1%  91.8 1982s
 251344 114718 2834.60220   77   62 2871.66370 2526.11385  12.0%  91.8 1987s
 251805 114929 2822.25262  116   44 2871.66370 2526.35690  12.0%  91.8 1990s
 252689 115173     cutoff   85      2871.66370 2526.84509  12.0%  91.8 1995s
 253499 115435     cutoff  114      2871.66370 2527.71731  12.0%  91.8 2000s
 254459 115705 2852.40199  132   64 2871.66370 2528.32313  12.0%  91.7 2006s
 255438 116121 2763.98679  102   29 2871.66370 2528.83085  11.9%  91.7 2011s
 256329 116357 2712.16925  138   50 2871.66370 2529.46082  11.9%  91.7 2015s
H256760 116463                    2871.6636992 2529.49305  11.9%  91.7 2018s
 257130 116600 2868.02354  120   71 2871.66370 2529.91504  11.9%  91.6 2020s
 257945 116857 2657.60896  125   30 2871.66370 2530.68319  11.9%  91.6 2026s
 258650 116991 2868.61283  180   77 2871.66370 2531.23512  11.9%  91.6 2031s
 259538 117321     cutoff  178      2871.66370 2531.82741  11.8%  91.6 2037s
 260462 117637 2763.03610   89   47 2871.66370 2532.33141  11.8%  91.5 2042s
 260811 117767 2853.89649   94   41 2871.66370 2532.46324  11.8%  91.5 2045s
 262105 118220 2802.66318  167   74 2871.66370 2533.23074  11.8%  91.5 2052s
 262994 118491 2806.89625  122   58 2871.66370 2533.68574  11.8%  91.5 2057s
 263842 118765 2834.92197  100   65 2871.66370 2534.37027  11.7%  91.4 2061s
 264671 119033 2543.18580  133   83 2871.66370 2534.87220  11.7%  91.4 2066s
 265416 119284     cutoff  114      2871.66370 2535.24248  11.7%  91.4 2071s
 266245 119566 2710.04830  128   77 2871.66370 2535.80024  11.7%  91.4 2076s
 267057 119867     cutoff  129      2871.66370 2536.30133  11.7%  91.4 2081s
 267922 120268 2661.13549  129   62 2871.66370 2536.64831  11.7%  91.4 2086s
 268824 120637 2785.37501  111   72 2871.66370 2537.17181  11.6%  91.3 2092s
 269729 121050 2703.63198   86   36 2871.66370 2537.66463  11.6%  91.3 2097s
 270178 121203 2834.04388  135   63 2871.66370 2537.85442  11.6%  91.3 2100s
 271120 121475 2692.34577  174   81 2871.66370 2538.35937  11.6%  91.2 2105s
 271897 121745 2756.97375  130   37 2871.66370 2538.81812  11.6%  91.2 2110s
 272765 122082 2645.64938  164   65 2871.66370 2539.48730  11.6%  91.2 2115s
 273610 122405 2800.73789  164   82 2871.66370 2539.89052  11.6%  91.2 2120s
 274507 122657 2692.65902  100   55 2871.66370 2540.38742  11.5%  91.1 2125s
 275762 123000 2861.70185  107   67 2871.66370 2541.06643  11.5%  91.1 2132s
 276616 123246 2649.16742  150  102 2871.66370 2541.54846  11.5%  91.1 2136s
 277368 123588 2840.98570  142   75 2871.66370 2541.99452  11.5%  91.1 2141s
 278218 123869 2742.20756  113   50 2871.66370 2542.39067  11.5%  91.1 2146s
 279079 124130 2858.87591  106   61 2871.66370 2542.91158  11.4%  91.0 2150s
 279920 124388 2752.52417  158   73 2871.66370 2543.53399  11.4%  91.0 2155s
 280709 124632 2857.55488  135   72 2871.66370 2543.99384  11.4%  91.0 2161s
 281569 124844 2803.89729  135   70 2871.66370 2544.53950  11.4%  91.0 2165s
 282333 125101 2611.72654  122   69 2871.66370 2545.08554  11.4%  91.0 2170s
 283247 125287     cutoff  118      2871.66370 2545.86424  11.3%  91.0 2175s
 284102 125562 2824.21604  130   47 2871.66370 2546.47902  11.3%  91.0 2180s
 284887 125702 2745.41682   89   88 2871.66370 2547.16028  11.3%  91.0 2185s
 286208 126121 2807.30408  123   63 2871.66370 2548.02450  11.3%  90.9 2192s
 286669 126284 2629.51950  159   61 2871.66370 2548.33042  11.3%  90.9 2195s
 287565 126602     cutoff  141      2871.66370 2548.83226  11.2%  90.9 2200s
 288496 126967 2751.54665  126   84 2871.66370 2549.37695  11.2%  90.9 2205s
 289368 127249 2852.12088  130   65 2871.66370 2549.80178  11.2%  90.8 2210s
 290227 127530 2803.07817  117   58 2871.66370 2550.29204  11.2%  90.8 2215s
 290752 127751     cutoff  128      2871.66370 2550.70059  11.2%  90.8 2221s
 291656 127932     cutoff  117      2871.66370 2551.22781  11.2%  90.8 2226s
 292482 128159 2668.83359  131   66 2871.66370 2551.89447  11.1%  90.8 2231s
 293319 128436 2803.19749  159   51 2871.66370 2552.37159  11.1%  90.7 2236s
 294167 128714 2852.53703  110   58 2871.66370 2552.79740  11.1%  90.7 2241s
 294984 128968 2839.83371   95   59 2871.66370 2553.24677  11.1%  90.7 2245s
 295832 129305     cutoff  115      2871.66370 2553.74248  11.1%  90.7 2250s
 296778 129561 2805.01959  116   56 2871.66370 2554.23966  11.1%  90.7 2255s
 297667 129843     cutoff  105      2871.66370 2554.73362  11.0%  90.6 2261s
 298377 130130 2704.76148  132   71 2871.66370 2555.01556  11.0%  90.6 2266s
 299224 130435 infeasible  106      2871.66370 2555.60387  11.0%  90.6 2271s
 300123 130801 2688.10674  106   66 2871.66370 2556.02126  11.0%  90.6 2276s
 300996 131030 2799.07921  140   69 2871.66370 2556.48513  11.0%  90.6 2280s
 301886 131273 2715.59114   80   48 2871.66370 2557.02282  11.0%  90.6 2286s
 302817 131483 2765.70103  127   58 2871.66370 2557.51609  10.9%  90.5 2291s
 303608 131704 2700.31360  137   60 2871.66370 2557.94828  10.9%  90.5 2296s
 304430 132082 2595.37698  132   59 2871.66370 2558.44511  10.9%  90.5 2301s
 305287 132323 infeasible  129      2871.66370 2559.01264  10.9%  90.5 2306s
 306132 132599     cutoff  105      2871.66370 2559.41797  10.9%  90.5 2311s
 306982 132898 2867.61404  168   38 2871.66370 2559.97772  10.9%  90.5 2316s
 307885 133222 2585.80346  119   66 2871.66370 2560.67077  10.8%  90.4 2321s
 308763 133547 2750.81966  104   53 2871.66370 2561.31758  10.8%  90.4 2326s
 309684 133909 2726.75726   86   23 2871.66370 2561.81321  10.8%  90.4 2331s
 310550 134210     cutoff  112      2871.66370 2562.29302  10.8%  90.4 2336s
 311396 134565     cutoff  119      2871.66370 2562.84782  10.8%  90.3 2341s
 312282 134826     cutoff  111      2871.66370 2563.31622  10.7%  90.3 2347s
 312689 134981 2718.96480  147   81 2871.66370 2563.60947  10.7%  90.3 2350s
 313637 135187 2770.68023   86   58 2871.66370 2564.10566  10.7%  90.3 2355s
 314922 135480 2852.94550  107   50 2871.66370 2564.95366  10.7%  90.3 2362s
 315345 135571 2806.78561  169   69 2871.66370 2565.22104  10.7%  90.3 2365s
 316123 135793 2835.98786  112   64 2871.66370 2565.61020  10.7%  90.3 2370s
 316953 136091 2788.72313  172   64 2871.66370 2566.24572  10.6%  90.3 2375s
 317840 136305     cutoff  113      2871.66370 2566.78851  10.6%  90.3 2380s
 318688 136526 2778.62927  119   58 2871.66370 2567.27251  10.6%  90.2 2385s
 319584 136810     cutoff  103      2871.66370 2567.63701  10.6%  90.2 2390s
 320443 137078 infeasible  115      2871.66370 2568.10026  10.6%  90.2 2395s
 321319 137303 2801.48777  152   99 2871.66370 2568.52454  10.6%  90.2 2400s
 322239 137606 2731.60358  106   66 2871.66370 2569.14650  10.5%  90.2 2406s
 323049 137870     cutoff  120      2871.66370 2569.68519  10.5%  90.2 2412s
 323928 138129     cutoff  124      2871.66370 2570.13116  10.5%  90.2 2417s
 324839 138387 2833.52310  133   62 2871.66370 2570.74212  10.5%  90.1 2422s
 325291 138540 2689.45034  101   71 2871.66370 2570.97565  10.5%  90.1 2425s
 326154 138855 infeasible  166      2871.66370 2571.36376  10.5%  90.1 2430s
 327045 139097 2641.35179  125   55 2871.66370 2571.87444  10.4%  90.1 2435s
 327913 139375 2817.72156  116   60 2871.66370 2572.33673  10.4%  90.1 2441s
 328799 139540     cutoff   98      2871.66370 2572.76261  10.4%  90.1 2446s
 329753 139744     cutoff  115      2871.66370 2573.44971  10.4%  90.1 2451s
 330648 140022 2775.80323  115   62 2871.66370 2573.94851  10.4%  90.0 2456s
 331547 140322 2750.62134  144   40 2871.66370 2574.63144  10.3%  90.0 2460s
 332480 140609 2838.40032  134   36 2871.66370 2575.10057  10.3%  90.0 2466s
 333429 140970 2757.72640  140   87 2871.66370 2575.38773  10.3%  90.0 2472s
 334289 141160 2774.36664  106   58 2871.66370 2575.76310  10.3%  89.9 2477s
 334467 141214     cutoff  102      2871.66370 2575.88577  10.3%  89.9 2480s
 335322 141423 2788.17585  173   65 2871.66370 2576.47041  10.3%  89.9 2485s
 336238 141704 2683.13755  153   50 2871.66370 2576.90787  10.3%  89.9 2490s
 337728 142084     cutoff   93      2871.66370 2577.64272  10.2%  89.9 2497s
 338558 142420 2680.05580  102   52 2871.66370 2578.16303  10.2%  89.9 2502s
 339532 142712 2688.50541  115   46 2871.66370 2578.45634  10.2%  89.8 2507s
 340425 142921 2665.03575   93   56 2871.66370 2578.90760  10.2%  89.8 2512s
 341370 143185 2708.55401  151   74 2871.66370 2579.39234  10.2%  89.8 2517s
 342218 143403 2607.32642   95   63 2871.66370 2579.99974  10.2%  89.8 2522s
 342695 143487 2835.64898  152   75 2871.66370 2580.25984  10.1%  89.8 2525s
 343354 143696 2767.35198  114   59 2871.66370 2580.64058  10.1%  89.8 2531s
 344431 143851     cutoff  157      2871.66370 2581.24169  10.1%  89.8 2537s
 344882 143946 2807.36285  142   45 2871.66370 2581.50966  10.1%  89.8 2540s
 345887 144249 2819.67370  137   70 2871.66370 2581.99159  10.1%  89.7 2545s
 346897 144451 2807.25591  144   68 2871.66370 2582.33687  10.1%  89.7 2550s
 347788 144702     cutoff   97      2871.66370 2582.86974  10.1%  89.7 2555s
 348679 144970 2851.98325  122   54 2871.66370 2583.35326  10.0%  89.7 2560s
 349588 145205 2652.92898   96   33 2871.66370 2583.80097  10.0%  89.7 2565s
 350484 145425 2799.06603  124   75 2871.66370 2584.21334  10.0%  89.7 2570s
 351340 145720 2613.95943  119   92 2871.66370 2584.73342  10.0%  89.7 2576s
 352315 145961 2746.59845   85   56 2871.66370 2585.20363  10.0%  89.6 2581s
 353320 146142 2720.04769  120   49 2871.66370 2585.60233  10.0%  89.6 2586s
 354247 146419 2631.54507  121   73 2871.66370 2586.04042  9.95%  89.6 2592s
 355084 146729 2790.30355  109   90 2871.66370 2586.54351  9.93%  89.6 2597s
 355966 146946 2726.63340  122   38 2871.66370 2586.87367  9.92%  89.6 2602s
 356449 147058 2847.58100  122   55 2871.66370 2587.07981  9.91%  89.5 2605s
 357345 147358 2803.67514  103   64 2871.66370 2587.44696  9.90%  89.5 2610s
 358228 147523     cutoff  128      2871.66370 2587.97054  9.88%  89.5 2615s
 359090 147724     cutoff  155      2871.66370 2588.45920  9.86%  89.5 2620s
 359775 147990 2702.77209  151   60 2871.66370 2588.84702  9.85%  89.5 2625s
 360751 148164 infeasible  140      2871.66370 2589.43839  9.83%  89.5 2630s
 361678 148381 2761.17326  140   71 2871.66370 2589.97686  9.81%  89.5 2635s
 362585 148605 2805.34143  142   35 2871.66370 2590.52403  9.79%  89.5 2641s
 363494 148717     cutoff   93      2871.66370 2591.02673  9.77%  89.4 2645s
 364392 148937 2645.85346  115   53 2871.66370 2591.61308  9.75%  89.4 2652s
 365259 149092 2646.88715   83   66 2871.66370 2592.09362  9.74%  89.4 2657s
 366156 149394 2825.57521  102   38 2871.66370 2592.49276  9.72%  89.4 2662s
 366670 149524 2840.91002  160   68 2871.66370 2592.74385  9.71%  89.4 2665s
 367612 149788 2840.04451   94   49 2871.66370 2593.18266  9.70%  89.4 2670s
 368531 149981 2802.94440  146  100 2871.66370 2593.57422  9.68%  89.4 2675s
 369822 150299     cutoff   92      2871.66370 2594.29946  9.66%  89.3 2682s
 370651 150526 infeasible  145      2871.66370 2594.80077  9.64%  89.3 2687s
 371128 150635 infeasible  128      2871.66370 2595.01116  9.63%  89.3 2690s
 372058 150902 2868.99783  116   63 2871.66370 2595.38673  9.62%  89.3 2695s
 372992 151110 2805.99238  107   52 2871.66370 2595.86032  9.60%  89.3 2700s
 373930 151348 2681.21928  138   56 2871.66370 2596.35333  9.59%  89.3 2705s
 374895 151590 2608.05467   92   60 2871.66370 2596.75917  9.57%  89.3 2711s
 375734 151772     cutoff   92      2871.66370 2597.14298  9.56%  89.3 2716s
 376587 151973 2710.06098  101   42 2871.66370 2597.54840  9.55%  89.3 2721s
 377554 152189     cutoff   89      2871.66370 2598.08626  9.53%  89.2 2726s
 378467 152325 2737.81130  132   46 2871.66370 2598.71692  9.50%  89.2 2731s
 379412 152592 2685.62166  115   52 2871.66370 2599.19873  9.49%  89.2 2736s
 380367 152779     cutoff   89      2871.66370 2599.51987  9.48%  89.2 2741s
 381184 152969 2639.22232  125   71 2871.66370 2599.89940  9.46%  89.2 2746s
 382005 153045 2749.60617  119   60 2871.66370 2600.47556  9.44%  89.1 2751s
 382854 153194 2836.38497  171   82 2871.66370 2600.94510  9.43%  89.1 2756s
 383703 153343 infeasible  147      2871.66370 2601.38913  9.41%  89.1 2761s
 384679 153535     cutoff  150      2871.66370 2601.83754  9.40%  89.1 2768s
 385198 153629     cutoff  111      2871.66370 2602.01817  9.39%  89.1 2770s
 386102 153844 2696.57214  124   72 2871.66370 2602.43281  9.38%  89.1 2775s
 386835 154021     cutoff  158      2871.66370 2602.76879  9.36%  89.1 2780s
 387814 154245 2855.09717  176   58 2871.66370 2603.22511  9.35%  89.1 2785s
 388693 154396 2853.54134  116   73 2871.66370 2603.71715  9.33%  89.1 2791s
 389651 154636     cutoff  155      2871.66370 2604.08793  9.32%  89.0 2797s
 390189 154713 2803.48876  134   53 2871.66370 2604.33090  9.31%  89.0 2801s
 390918 154843 2859.69886  127   69 2871.66370 2604.73286  9.30%  89.0 2807s
 391401 154976 2824.14070  136   71 2871.66370 2604.93838  9.29%  89.0 2810s
 392394 155230 2834.98821  110   55 2871.66370 2605.37697  9.27%  89.0 2815s
 393321 155313 2788.52362  153   42 2871.66370 2605.94820  9.25%  89.0 2821s
 394160 155525 2767.99733   79   56 2871.66370 2606.35307  9.24%  89.0 2826s
 395146 155695     cutoff  118      2871.66370 2606.81242  9.22%  89.0 2833s
 395599 155875 2843.57111  148   59 2871.66370 2607.05875  9.21%  88.9 2836s
 396545 156055 2636.31619  146   74 2871.66370 2607.53395  9.20%  88.9 2842s
 397539 156227     cutoff  124      2871.66370 2607.95620  9.18%  88.9 2847s
 397926 156292 infeasible  106      2871.66370 2608.06477  9.18%  88.9 2850s
 398816 156523 2765.06615   98   50 2871.66370 2608.47398  9.17%  88.9 2856s
 399727 156608 2804.86267  185   81 2871.66370 2608.87115  9.15%  88.9 2862s
 400640 156696     cutoff  183      2871.66370 2609.34572  9.13%  88.9 2867s
 401066 156829 2847.03865  125   34 2871.66370 2609.64438  9.12%  88.9 2870s
 401982 157028 2785.99632  155   76 2871.66370 2610.10676  9.11%  88.9 2876s
 402826 157142 2649.27200  158   56 2871.66370 2610.45750  9.10%  88.9 2882s
 403295 157220 2777.20463  134   58 2871.66370 2610.69524  9.09%  88.8 2885s
 404257 157433 2846.43892  181   54 2871.66370 2611.07381  9.07%  88.8 2891s
 405242 157596 2816.95539  106   60 2871.66370 2611.53826  9.06%  88.8 2897s
 405621 157685 2669.49554  167   64 2871.66370 2611.68084  9.05%  88.8 2901s
 406657 157855     cutoff  133      2871.66370 2612.08471  9.04%  88.8 2907s
 407081 157915 2664.78543  142   80 2871.66370 2612.29350  9.03%  88.8 2910s
 407879 158136 2720.94430  144   70 2871.66370 2612.69975  9.02%  88.8 2916s
 408786 158260 2746.49650  100   59 2871.66370 2613.16637  9.00%  88.8 2921s
 409721 158490 2844.85571  108   64 2871.66370 2613.67923  8.98%  88.8 2928s
 410236 158578 2675.09958   93   68 2871.66370 2613.93214  8.97%  88.8 2930s
 411140 158680     cutoff  167      2871.66370 2614.32496  8.96%  88.7 2936s
 411923 158941 2806.04953  119   44 2871.66370 2614.62291  8.95%  88.7 2942s
 412874 159118 infeasible   82      2871.66370 2615.21197  8.93%  88.7 2948s
 413374 159200 2768.10697  101   89 2871.66370 2615.37626  8.92%  88.7 2951s
 414379 159455     cutoff  136      2871.66370 2615.83977  8.91%  88.7 2957s
 414903 159567 2829.18065  110   42 2871.66370 2615.97898  8.90%  88.7 2960s
 415868 159776 2782.60463  129   39 2871.66370 2616.34789  8.89%  88.7 2967s
 416263 159901 2674.66933   97   70 2871.66370 2616.52500  8.88%  88.7 2971s
 417316 160062 2744.24269  123   53 2871.66370 2616.91884  8.87%  88.7 2977s
 417790 160094 2683.51828  110   56 2871.66370 2617.17875  8.86%  88.6 2981s
 418482 160280     cutoff   90      2871.66370 2617.55222  8.85%  88.6 2987s
 418978 160448     cutoff   80      2871.66370 2617.82864  8.84%  88.6 2991s
 420007 160632 2758.97267  130   59 2871.66370 2618.24223  8.82%  88.6 2997s
 420550 160640     cutoff  105      2871.66370 2618.37261  8.82%  88.6 3000s
 421477 160733     cutoff  107      2871.66370 2619.06843  8.80%  88.6 3006s
 422502 160895 2685.29194   97   54 2871.66370 2619.53410  8.78%  88.6 3012s
 422949 160922 2782.72714   96   49 2871.66370 2619.73967  8.77%  88.6 3015s
 423821 161058 2739.89186  105   51 2871.66370 2620.26027  8.75%  88.6 3020s
 424794 161216 2661.94522  145   77 2871.66370 2620.74615  8.74%  88.6 3027s
 425794 161310 2814.17176  130   53 2871.66370 2621.24229  8.72%  88.6 3032s
 426272 161405 2739.58843  122   49 2871.66370 2621.50866  8.71%  88.6 3037s
 426796 161438     cutoff   89      2871.66370 2621.72880  8.70%  88.5 3040s
 427761 161612 2684.02625  150   59 2871.66370 2622.11895  8.69%  88.5 3045s
 428731 161785 2863.67081  140   70 2871.66370 2622.48211  8.68%  88.5 3051s
 429162 161888 2775.23770  133   33 2871.66370 2622.78852  8.67%  88.5 3055s
 429945 162077 2665.12559  111   42 2871.66370 2623.14633  8.65%  88.5 3060s
 430951 162308 2767.21236  155   33 2871.66370 2623.50098  8.64%  88.5 3066s
 431917 162494     cutoff  104      2871.66370 2623.99633  8.62%  88.5 3072s
 432384 162559     cutoff  127      2871.66370 2624.18257  8.62%  88.5 3075s
 433354 162720 2712.59460  125   68 2871.66370 2624.57150  8.60%  88.5 3080s
 434327 162896 2726.53935  186   70 2871.66370 2625.07010  8.59%  88.4 3086s
 435275 162954 2819.87031  177   69 2871.66370 2625.54701  8.57%  88.4 3093s
 435621 163004     cutoff  136      2871.66370 2625.74348  8.56%  88.4 3096s
 436589 163168 2816.52265  152   65 2871.66370 2626.13624  8.55%  88.4 3103s
 437101 163186 2851.88268   84   92 2871.66370 2626.38715  8.54%  88.4 3106s
 437902 163439 2652.73874  116   63 2871.66370 2626.74223  8.53%  88.4 3112s
 438391 163506 2727.55295  137   50 2871.66370 2626.92057  8.52%  88.4 3115s
 439341 163742 2770.85811  138   50 2871.66370 2627.35994  8.51%  88.4 3121s
 440361 163861     cutoff  106      2871.66370 2627.72901  8.49%  88.3 3128s
 440780 163937 2799.02491  176   91 2871.66370 2627.90074  8.49%  88.3 3131s
 441737 164104 2723.02317  104   82 2871.66370 2628.39893  8.47%  88.3 3137s
 442270 164161 2850.11210  108   63 2871.66370 2628.57269  8.47%  88.3 3140s
 443331 164375 2813.47827  180   60 2871.66370 2629.00126  8.45%  88.3 3146s
 444206 164451 2792.76194  114   57 2871.66370 2629.43534  8.44%  88.3 3152s
 444690 164523     cutoff  195      2871.66370 2629.59102  8.43%  88.3 3155s
 445663 164669     cutoff  140      2871.66370 2630.05595  8.41%  88.2 3161s
 446578 164846 2865.17539  183   65 2871.66370 2630.33652  8.40%  88.2 3167s
 447034 164917     cutoff  148      2871.66370 2630.63178  8.39%  88.2 3171s
 447560 165005 infeasible  181      2871.66370 2630.81128  8.39%  88.2 3176s
 448060 165098 2811.33157  172   56 2871.66370 2631.04540  8.38%  88.2 3180s
 449071 165195 2832.02908  182   78 2871.66370 2631.42714  8.37%  88.2 3187s
 449666 165245 2810.09159  121   88 2871.66370 2631.63745  8.36%  88.2 3191s
 450787 165298     cutoff   97      2871.66370 2632.23859  8.34%  88.2 3197s
 451234 165369     cutoff  115      2871.66370 2632.50446  8.33%  88.2 3200s
 452269 165590     cutoff  114      2871.66370 2632.91541  8.31%  88.1 3206s
 453254 165660 2797.65735  161   57 2871.66370 2633.38748  8.30%  88.1 3212s
 453738 165676     cutoff  103      2871.66370 2633.61394  8.29%  88.1 3215s
 454784 165684     cutoff  111      2871.66370 2634.12836  8.27%  88.1 3221s
 455746 165724 2855.17680  105   32 2871.66370 2634.67960  8.25%  88.1 3227s
 456226 165796     cutoff   96      2871.66370 2634.87005  8.25%  88.1 3230s
 457257 165890     cutoff  126      2871.66370 2635.29106  8.23%  88.1 3237s
 457780 165949 2754.59488  121   61 2871.66370 2635.50626  8.22%  88.1 3240s
 458710 166053 2828.04038  107   77 2871.66370 2635.92162  8.21%  88.0 3246s
 459693 166178 2791.67107  142   58 2871.66370 2636.43683  8.19%  88.0 3251s
 460690 166300     cutoff  110      2871.66370 2636.83493  8.18%  88.0 3257s
 461117 166449     cutoff  119      2871.66370 2637.10569  8.17%  88.0 3260s
 462090 166591 2784.88453  118   52 2871.66370 2637.48220  8.15%  88.0 3266s
 463022 166629 2771.66019  132   78 2871.66370 2637.91135  8.14%  88.0 3272s
 463494 166661     cutoff  119      2871.66370 2638.12833  8.13%  88.0 3275s
 464273 166720 2724.09553  110   24 2871.66370 2638.46982  8.12%  87.9 3281s
 465192 166831 2777.30040  113   43 2871.66370 2639.01534  8.10%  87.9 3287s
 465695 166988 2784.25867  143   50 2871.66370 2639.24132  8.09%  87.9 3291s
 466651 167127 2754.77132   99   65 2871.66370 2639.46061  8.09%  87.9 3297s
 467130 167160     cutoff  132      2871.66370 2639.61065  8.08%  87.9 3300s
 468032 167184     cutoff  136      2871.66370 2640.16094  8.06%  87.9 3307s
 468499 167178 2712.04768  159   73 2871.66370 2640.42186  8.05%  87.9 3310s
 469545 167222     cutoff  128      2871.66370 2640.96573  8.03%  87.9 3316s
 470617 167399 2801.56862  134   70 2871.66370 2641.28298  8.02%  87.9 3322s
 471090 167469     cutoff  146      2871.66370 2641.50166  8.01%  87.9 3325s
 472053 167556     cutoff  109      2871.66370 2641.89684  8.00%  87.9 3331s
 473048 167731 2763.44641  129   75 2871.66370 2642.35874  7.99%  87.9 3337s
 473585 167759 infeasible  121      2871.66370 2642.57248  7.98%  87.8 3341s
 474541 167774 infeasible  126      2871.66370 2643.01141  7.96%  87.8 3347s
 475056 167806     cutoff   98      2871.66370 2643.15782  7.96%  87.8 3350s
 475953 167900     cutoff  103      2871.66370 2643.57630  7.94%  87.8 3356s
 476946 168008 2718.32626  145   42 2871.66370 2644.04400  7.93%  87.8 3362s
 477460 168050     cutoff  161      2871.66370 2644.28825  7.92%  87.8 3366s
 477802 168213 2829.18020  165   67 2871.66370 2644.43151  7.91%  87.8 3371s
 478865 168292 2701.37806  110   71 2871.66370 2644.73488  7.90%  87.8 3377s
 479326 168345 2870.64569   96   64 2871.66370 2644.97289  7.89%  87.8 3381s
 480395 168443     cutoff  151      2871.66370 2645.36878  7.88%  87.8 3387s
 480891 168463     cutoff  129      2871.66370 2645.56236  7.87%  87.7 3390s
 481872 168541 2813.00552  109   84 2871.66370 2646.02860  7.86%  87.7 3396s
 482911 168629 2828.12269   98   35 2871.66370 2646.49481  7.84%  87.7 3402s
 483426 168600     cutoff  149      2871.66370 2646.74608  7.83%  87.7 3405s
 484430 168752 2698.05523  120   81 2871.66370 2647.15229  7.82%  87.7 3412s
 484929 168716 infeasible  159      2871.66370 2647.36973  7.81%  87.7 3415s
 485938 168819 2811.76030  104   68 2871.66370 2647.84098  7.79%  87.7 3421s
 486946 168816 2865.20191  159   23 2871.66370 2648.27079  7.78%  87.7 3427s
 487455 168811 2765.30678  154   63 2871.66370 2648.47100  7.77%  87.7 3431s
 488450 169026 2747.43526  113   91 2871.66370 2648.92028  7.76%  87.7 3438s
 489034 169051 2810.50335  108   55 2871.66370 2649.11069  7.75%  87.6 3441s
 489975 169166 2710.62813  135   74 2871.66370 2649.44184  7.74%  87.6 3447s
 490397 169219 2781.19070  100   49 2871.66370 2649.71538  7.73%  87.6 3451s
 491378 169238 2755.33366  129   56 2871.66370 2650.16952  7.71%  87.6 3457s
 491974 169244 2796.93522  138   23 2871.66370 2650.35149  7.71%  87.6 3460s
 492814 169313 2791.04899  112   74 2871.66370 2650.66365  7.70%  87.6 3467s
 493345 169395 2770.23228  107   66 2871.66370 2650.91673  7.69%  87.6 3471s
 494394 169496 2694.45576  151   73 2871.66370 2651.24709  7.68%  87.6 3477s
 494921 169523 2855.82418  111   90 2871.66370 2651.50496  7.67%  87.6 3480s
 495908 169651 2863.35372  175   55 2871.66370 2651.95933  7.65%  87.6 3486s
 496430 169669     cutoff  138      2871.66370 2652.16304  7.64%  87.5 3490s
 497430 169804 2780.25594  116   91 2871.66370 2652.58355  7.63%  87.5 3496s
 498502 169931 2759.41804  123   75 2871.66370 2653.06895  7.61%  87.5 3503s
 499032 169964     cutoff  131      2871.66370 2653.21906  7.61%  87.5 3507s
 499531 170077     cutoff  124      2871.66370 2653.42142  7.60%  87.5 3510s
 500603 170227 2836.39960   97   91 2871.66370 2653.83872  7.59%  87.5 3516s
 501694 170284 2771.27925  174   68 2871.66370 2654.15821  7.57%  87.5 3522s
 502140 170302     cutoff  125      2871.66370 2654.36923  7.57%  87.4 3526s
 503159 170379     cutoff  103      2871.66370 2654.73949  7.55%  87.4 3532s
 503644 170435 2723.04560   94   62 2871.66370 2654.90623  7.55%  87.4 3535s
 504601 170519     cutoff  121      2871.66370 2655.32281  7.53%  87.4 3542s
 505139 170539 2706.79096  153   93 2871.66370 2655.52390  7.53%  87.4 3545s
 506195 170615     cutoff  107      2871.66370 2656.02623  7.51%  87.4 3551s
 506658 170640 2822.25123  144  103 2871.66370 2656.16828  7.50%  87.4 3555s
 507628 170706     cutoff  136      2871.66370 2656.59205  7.49%  87.4 3561s
 508672 170752     cutoff  136      2871.66370 2656.95623  7.48%  87.4 3568s
 509159 170791     cutoff  102      2871.66370 2657.16944  7.47%  87.4 3571s
 509679 170823 2859.83840  138   39 2871.66370 2657.40405  7.46%  87.4 3575s
 510726 171107     cutoff  115      2871.66370 2657.73814  7.45%  87.3 3581s
 511714 171151     cutoff  120      2871.66370 2658.14122  7.44%  87.3 3587s
 512195 171193     cutoff  106      2871.66370 2658.28729  7.43%  87.3 3591s
 513218 171295     cutoff  122      2871.66370 2658.66899  7.42%  87.3 3597s
 513709 171278     cutoff  146      2871.66370 2658.87937  7.41%  87.3 3600s
 514784 171397 2830.68307  114   51 2871.66370 2659.28179  7.40%  87.3 3607s
 515318 171454 2783.53331  110   57 2871.66370 2659.48838  7.39%  87.3 3610s
 516161 171491 2707.13227  128   81 2871.66370 2659.80960  7.38%  87.3 3617s
 516756 171541     cutoff  162      2871.66370 2659.97795  7.37%  87.2 3620s
 517896 171641     cutoff  134      2871.66370 2660.34296  7.36%  87.2 3626s
 518820 171617 2864.45102  151   68 2871.66370 2660.86397  7.34%  87.2 3632s
 519312 171673     cutoff  167      2871.66370 2661.07100  7.33%  87.2 3635s
 520280 171655 2866.51000  118   29 2871.66370 2661.50596  7.32%  87.2 3643s
 520844 171690 2833.17857  245   53 2871.66370 2661.75633  7.31%  87.2 3646s
 521917 171759 2800.32466  106   87 2871.66370 2662.12216  7.30%  87.2 3653s
 522362 171663 2853.57777  140   53 2871.66370 2662.28380  7.29%  87.2 3656s
 523376 171696     cutoff  127      2871.66370 2662.74858  7.28%  87.2 3663s
 523912 171755 2848.44720  135   46 2871.66370 2662.97381  7.27%  87.2 3666s
 524995 171744 2754.28578  130   57 2871.66370 2663.36425  7.25%  87.2 3672s
 525487 171739 2835.07747   99   69 2871.66370 2663.60881  7.25%  87.2 3675s
 526358 171749 2778.84996  101   19 2871.66370 2664.06481  7.23%  87.2 3682s
 526879 171764     cutoff  145      2871.66370 2664.29868  7.22%  87.2 3685s
 527409 171845 2688.56436  110   59 2871.66370 2664.55958  7.21%  87.1 3690s
 528524 171925     cutoff  119      2871.66370 2664.90291  7.20%  87.1 3697s
 529063 171894     cutoff  105      2871.66370 2665.14414  7.19%  87.1 3700s
 530111 171921     cutoff  109      2871.66370 2665.54644  7.18%  87.1 3707s
 530684 171921 2707.57130  163   67 2871.66370 2665.74907  7.17%  87.1 3710s
 531805 172049     cutoff   83      2871.66370 2666.14469  7.16%  87.1 3718s
 532402 171982     cutoff   90      2871.66370 2666.35375  7.15%  87.1 3721s
 533423 172009     cutoff  120      2871.66370 2666.79974  7.13%  87.1 3727s
 533953 172029     cutoff  202      2871.66370 2666.99728  7.13%  87.0 3730s
 534959 172041     cutoff  104      2871.66370 2667.36761  7.11%  87.0 3738s
 535453 172057 2746.00999  104   53 2871.66370 2667.59927  7.11%  87.0 3742s
 535987 172072 2836.39834  200   34 2871.66370 2667.82733  7.10%  87.0 3745s
 537140 172145 infeasible  141      2871.66370 2668.23153  7.08%  87.0 3752s
 537647 172113     cutoff  136      2871.66370 2668.43305  7.08%  87.0 3756s
 538733 172123 2830.37931  139   46 2871.66370 2668.92145  7.06%  87.0 3763s
 539323 172127 2788.01471  153   55 2871.66370 2669.12962  7.05%  87.0 3766s
 540402 172116     cutoff  105      2871.66370 2669.53651  7.04%  87.0 3773s
 540931 172117 2811.50862  101   50 2871.66370 2669.77940  7.03%  87.0 3776s
 542059 172028     cutoff  210      2871.66370 2670.17246  7.02%  87.0 3782s
 542543 172055     cutoff  124      2871.66370 2670.36407  7.01%  87.0 3785s
 543638 172072 2716.44770  165   53 2871.66370 2670.81890  6.99%  86.9 3792s
 544174 172099 2856.60220  124   57 2871.66370 2671.04896  6.99%  86.9 3796s
 544681 172086 2816.63805  119   61 2871.66370 2671.24807  6.98%  86.9 3800s
 545795 172083     cutoff  164      2871.66370 2671.71929  6.96%  86.9 3807s
 546321 172052 2870.21620  170   36 2871.66370 2671.88855  6.96%  86.9 3810s
 547317 172029 infeasible   85      2871.66370 2672.40685  6.94%  86.9 3817s
 547846 172020     cutoff  131      2871.66370 2672.62273  6.93%  86.9 3820s
 548893 172080 2849.89206   85   74 2871.66370 2673.00433  6.92%  86.9 3827s
 549461 172081 2773.89105  156   77 2871.66370 2673.21928  6.91%  86.9 3831s
 550601 172180 2849.71436  148   26 2871.66370 2673.61938  6.90%  86.9 3838s
 551161 172199 2868.75153  121   38 2871.66370 2673.78333  6.89%  86.8 3841s
 551717 172241     cutoff  132      2871.66370 2673.90627  6.89%  86.8 3845s
 552836 172223 2742.46582  102   71 2871.66370 2674.34151  6.87%  86.8 3851s
 553324 172205     cutoff  182      2871.66370 2674.56772  6.86%  86.8 3855s
 554404 172232     cutoff  116      2871.66370 2675.01413  6.85%  86.8 3862s
 554967 172295     cutoff  135      2871.66370 2675.20908  6.84%  86.8 3866s
 556124 172356     cutoff  132      2871.66370 2675.63518  6.83%  86.8 3873s
 556632 172283 2798.72375  113   67 2871.66370 2675.74885  6.82%  86.8 3876s
 557075 172259 2825.17431  121   88 2871.66370 2675.95761  6.82%  86.8 3880s
 558205 172299 2719.94619  151   85 2871.66370 2676.37537  6.80%  86.7 3886s
 558725 172326 2809.39005  129   22 2871.66370 2676.60764  6.79%  86.7 3890s
 559828 172214     cutoff  203      2871.66370 2677.01631  6.78%  86.7 3897s
 560341 172252     cutoff  131      2871.66370 2677.30624  6.77%  86.7 3900s
 561351 172286 2841.32027  125   41 2871.66370 2677.61877  6.76%  86.7 3907s
 561892 172301     cutoff  104      2871.66370 2677.87039  6.75%  86.7 3911s
 562466 172331 2766.95836  161  100 2871.66370 2678.05005  6.74%  86.7 3915s
 563612 172243     cutoff  140      2871.66370 2678.47019  6.73%  86.7 3921s
 564148 172246     cutoff  135      2871.66370 2678.69579  6.72%  86.7 3925s
 565282 172298 2837.69860   99   78 2871.66370 2679.13069  6.70%  86.7 3933s
 565907 172304     cutoff  148      2871.66370 2679.30379  6.70%  86.7 3936s
 566871 172362 2849.75114  130   93 2871.66370 2679.60647  6.69%  86.6 3943s
 567442 172262     cutoff  108      2871.66370 2679.84457  6.68%  86.6 3946s
 568046 172252 2801.69960  139   61 2871.66370 2680.12581  6.67%  86.6 3950s
 569200 172193 2758.13697  113   64 2871.66370 2680.51298  6.66%  86.6 3956s
 569714 172136 2780.95435   84   57 2871.66370 2680.74145  6.65%  86.6 3960s
 570720 172167     cutoff   96      2871.66370 2681.12149  6.64%  86.6 3967s
 571245 172148 2700.62320  127   89 2871.66370 2681.29097  6.63%  86.6 3970s
 572428 172068 2814.15543  196   76 2871.66370 2681.75821  6.61%  86.6 3977s
 572957 172032     cutoff  138      2871.66370 2681.97585  6.61%  86.6 3981s
 573532 171958     cutoff  112      2871.66370 2682.16966  6.60%  86.6 3985s
 574595 171948     cutoff  140      2871.66370 2682.59867  6.58%  86.6 3992s
 575207 171980 2824.42241  124   35 2871.66370 2682.75452  6.58%  86.5 3996s
 575746 171988 2773.47956  142   57 2871.66370 2682.90843  6.57%  86.5 4000s
 576843 171936 2773.24402  119   54 2871.66370 2683.30951  6.56%  86.5 4007s
 577396 171820     cutoff  117      2871.66370 2683.53672  6.55%  86.5 4011s
 577911 171786 2865.04377  143   44 2871.66370 2683.80445  6.54%  86.5 4015s
 579102 171722     cutoff  128      2871.66370 2684.22327  6.53%  86.5 4022s
 579758 171659     cutoff  173      2871.66370 2684.43032  6.52%  86.5 4025s
 580806 171614     cutoff  103      2871.66370 2684.85335  6.51%  86.5 4033s
 581312 171533 2871.38030  155   48 2871.66370 2685.03139  6.50%  86.5 4036s
 581849 171559 2816.91215  156   72 2871.66370 2685.28502  6.49%  86.5 4040s
 582916 171483 2849.15113  154   69 2871.66370 2685.66067  6.48%  86.5 4047s
 583461 171477 2745.29920  183   67 2871.66370 2685.90873  6.47%  86.5 4050s
 584636 171399 2807.93614  113   71 2871.66370 2686.32296  6.45%  86.5 4057s
 585166 171391 2869.51944  100   77 2871.66370 2686.54073  6.45%  86.5 4061s
 586322 171232 2866.33312  116   77 2871.66370 2686.96584  6.43%  86.4 4068s
 586879 171191     cutoff  177      2871.66370 2687.20268  6.42%  86.4 4071s
 587498 171122 2851.71796   99   65 2871.66370 2687.43666  6.42%  86.4 4075s
 588667 171072     cutoff  103      2871.66370 2687.85505  6.40%  86.4 4082s
 589206 171034 2848.59738   92   93 2871.66370 2688.04869  6.39%  86.4 4085s
 590156 170989 2861.89037   99   75 2871.66370 2688.43611  6.38%  86.4 4094s
 590728 170901     cutoff  139      2871.66370 2688.62778  6.37%  86.4 4097s
 591308 170740     cutoff  120      2871.66370 2688.86836  6.37%  86.4 4101s
 592439 170619 2845.60804  157   70 2871.66370 2689.31666  6.35%  86.4 4107s
 592987 170511 infeasible  134      2871.66370 2689.58206  6.34%  86.4 4111s
 593656 170452 2754.34089  152   56 2871.66370 2689.80240  6.33%  86.4 4115s
 594801 170448 2851.84999  176   71 2871.66370 2690.29113  6.32%  86.3 4122s
 595479 170390     cutoff  159      2871.66370 2690.47365  6.31%  86.3 4126s
 595961 170363     cutoff  148      2871.66370 2690.70879  6.30%  86.3 4130s
 597271 170159 2843.45470  115   62 2871.66370 2691.13396  6.29%  86.3 4138s
 597801 170107 2765.72471  182   76 2871.66370 2691.36296  6.28%  86.3 4141s
 598362 169982 2824.91829  113   63 2871.66370 2691.64740  6.27%  86.3 4145s
 599546 169967 2837.36633  161   74 2871.66370 2692.16665  6.25%  86.3 4152s
 600181 169932 infeasible  163      2871.66370 2692.34449  6.24%  86.3 4156s
 601348 169842 2833.23711  169   69 2871.66370 2692.85950  6.23%  86.3 4163s
 602012 169807 2834.84927  122   36 2871.66370 2692.98705  6.22%  86.3 4166s
 602528 169831 2816.87594  134   70 2871.66370 2693.22016  6.21%  86.2 4170s
 603701 169710     cutoff  143      2871.66370 2693.66265  6.20%  86.2 4178s
 604122 169620 2847.43859  139   66 2871.66370 2693.83424  6.19%  86.2 4182s
 604697 169579     cutoff  140      2871.66370 2694.04898  6.19%  86.2 4186s
 605192 169520 2830.20803  126   51 2871.66370 2694.22745  6.18%  86.2 4190s
 606380 169431     cutoff  146      2871.66370 2694.64764  6.16%  86.2 4197s
 607009 169331 2842.95261  120   51 2871.66370 2694.81536  6.16%  86.2 4201s
 607557 169223 2736.35861  150   61 2871.66370 2695.11529  6.15%  86.2 4205s
 608754 169234 2809.52024  170   69 2871.66370 2695.58165  6.13%  86.2 4212s
 609424 169185 2786.39597   84   87 2871.66370 2695.76631  6.13%  86.2 4216s
 610047 169047 2724.38403  116   72 2871.66370 2695.98850  6.12%  86.1 4220s
 611275 168869     cutoff  147      2871.66370 2696.37951  6.10%  86.1 4227s
 611900 168812 2848.76808   95   53 2871.66370 2696.65017  6.09%  86.1 4231s
 613132 168787 2777.02567  117   52 2871.66370 2697.05527  6.08%  86.1 4238s
 613760 168774 2840.10961  127   57 2871.66370 2697.22192  6.07%  86.1 4242s
 614377 168692     cutoff  122      2871.66370 2697.42990  6.07%  86.1 4245s
 615505 168643 2739.13971  104   71 2871.66370 2697.84456  6.05%  86.1 4252s
 616101 168625 infeasible  133      2871.66370 2698.04698  6.05%  86.1 4256s
 616719 168586     cutoff  180      2871.66370 2698.19557  6.04%  86.1 4260s
*617270 167846             133    2864.4623367 2698.38317  5.80%  86.1 4260s
 617809 167692 2789.73572  138   54 2864.46234 2698.57058  5.79%  86.0 4268s
 618282 167618 2791.86033  154   71 2864.46234 2698.82023  5.78%  86.0 4272s
 618891 167573 2825.42471  156   73 2864.46234 2699.01824  5.78%  86.0 4276s
 619895 167340 2787.84155  174   58 2864.46234 2699.44049  5.76%  86.0 4283s
 620434 167275 2767.18308   93   45 2864.46234 2699.68710  5.75%  86.0 4287s
 621032 167144 2730.52226   88   60 2864.46234 2699.89167  5.75%  86.0 4290s
 622209 166883 2841.92657  181   57 2864.46234 2700.38558  5.73%  86.0 4298s
 622703 166830     cutoff  122      2864.46234 2700.66525  5.72%  86.0 4302s
 623311 166764 2836.85825  179   90 2864.46234 2700.87519  5.71%  86.0 4306s
 623797 166692 2794.83776  129   33 2864.46234 2701.05244  5.70%  86.0 4310s
 625104 166494     cutoff   99      2864.46234 2701.58436  5.69%  85.9 4318s
 625746 166393 2864.15798  151   60 2864.46234 2701.81256  5.68%  85.9 4322s
 626284 166231     cutoff  117      2864.46234 2702.10541  5.67%  85.9 4326s
 627545 166041 2775.06484  105   53 2864.46234 2702.62338  5.65%  85.9 4333s
 628158 165981     cutoff  115      2864.46234 2702.84748  5.64%  85.9 4337s
 628716 165906 2797.97084  138   59 2864.46234 2703.06669  5.63%  85.9 4340s
 629912 165665 2841.04855  185   54 2864.46234 2703.57890  5.62%  85.9 4348s
 630526 165639     cutoff  175      2864.46234 2703.80328  5.61%  85.9 4353s
 630829 165558     cutoff  108      2864.46234 2703.92716  5.60%  85.9 4356s
 631487 165465 infeasible  137      2864.46234 2704.13349  5.60%  85.9 4360s
 632770 165275     cutoff  106      2864.46234 2704.69870  5.58%  85.8 4368s
 633428 165152 2776.29800  138   74 2864.46234 2704.93991  5.57%  85.8 4372s
 634070 165037     cutoff  125      2864.46234 2705.15699  5.56%  85.8 4376s
 635351 164978 2784.35304  125   79 2864.46234 2705.56350  5.55%  85.8 4383s
 635939 164897 2845.79048  140   30 2864.46234 2705.81895  5.54%  85.8 4386s
 636596 164723     cutoff  123      2864.46234 2706.00010  5.53%  85.8 4390s
 637741 164452     cutoff  144      2864.46234 2706.52857  5.51%  85.8 4397s
 638349 164273     cutoff  142      2864.46234 2706.78076  5.50%  85.8 4400s
 639542 164097     cutoff  132      2864.46234 2707.28324  5.49%  85.7 4408s
 640162 163990 2835.84851  148   66 2864.46234 2707.52515  5.48%  85.7 4412s
 640798 163861     cutoff  130      2864.46234 2707.75978  5.47%  85.7 4415s
 641985 163667     cutoff  117      2864.46234 2708.20005  5.46%  85.7 4422s
 642598 163566     cutoff  111      2864.46234 2708.40645  5.45%  85.7 4426s
 643199 163490     cutoff  138      2864.46234 2708.61126  5.44%  85.7 4430s
 644401 163195     cutoff  116      2864.46234 2709.08396  5.42%  85.7 4438s
 644992 163104     cutoff  141      2864.46234 2709.31515  5.42%  85.7 4442s
 645644 163116 2816.74722  186   70 2864.46234 2709.55621  5.41%  85.7 4446s
 646267 163007 2770.46692  153   87 2864.46234 2709.76625  5.40%  85.6 4450s
 647528 162755     cutoff  134      2864.46234 2710.24209  5.38%  85.6 4457s
 648165 162723 2761.13133  142   66 2864.46234 2710.51278  5.37%  85.6 4461s
 648857 162677 2821.23590  140   81 2864.46234 2710.68902  5.37%  85.6 4465s
 650035 162517 2782.12276  136   38 2864.46234 2711.09490  5.35%  85.6 4472s
 650595 162301     cutoff  177      2864.46234 2711.33474  5.35%  85.6 4475s
 651751 161962 2860.27473  179   88 2864.46234 2711.91653  5.33%  85.6 4483s
 652373 161789     cutoff  138      2864.46234 2712.18487  5.32%  85.6 4487s
 652925 161712 2806.80444  151   49 2864.46234 2712.43067  5.31%  85.6 4490s
 653486 161600 2758.08908  118   60 2864.46234 2712.62947  5.30%  85.5 4495s
 654486 161437 2788.65194  122   66 2864.46234 2713.10227  5.28%  85.5 4502s
 655096 161319     cutoff  158      2864.46234 2713.30907  5.28%  85.5 4506s
 655747 161178 2747.23040  170   64 2864.46234 2713.58013  5.27%  85.5 4510s
 657068 160889     cutoff  136      2864.46234 2714.05250  5.25%  85.5 4518s
 657769 160789 2859.17689  158   70 2864.46234 2714.33889  5.24%  85.5 4522s
 658424 160709 2810.55211   87   64 2864.46234 2714.50868  5.23%  85.5 4526s
 659077 160579 2783.51903  142   79 2864.46234 2714.74244  5.23%  85.5 4530s
 660312 160268     cutoff  104      2864.46234 2715.24757  5.21%  85.5 4538s
 660971 160139     cutoff  157      2864.46234 2715.44428  5.20%  85.4 4542s
 661599 160044 2818.11968  166   69 2864.46234 2715.72493  5.19%  85.4 4546s
 662221 159905 2765.33030  164   78 2864.46234 2715.92785  5.19%  85.4 4550s
 663493 159586     cutoff  129      2864.46234 2716.39848  5.17%  85.4 4557s
 664105 159439     cutoff  112      2864.46234 2716.70160  5.16%  85.4 4561s
 664760 159271 2732.26130  107   55 2864.46234 2716.90915  5.15%  85.4 4565s
 665959 159015 2726.74657  152   36 2864.46234 2717.53562  5.13%  85.4 4573s
 666567 158842 2844.58557  135   39 2864.46234 2717.70639  5.12%  85.4 4577s
 667113 158652     cutoff  159      2864.46234 2717.98640  5.11%  85.4 4581s
 668433 158306 2853.94478  157   24 2864.46234 2718.53198  5.09%  85.3 4588s
 669042 158161 2742.47961  130   31 2864.46234 2718.72152  5.09%  85.3 4592s
 669536 158037 2843.64632  120   57 2864.46234 2718.99498  5.08%  85.3 4596s
 670183 157947 2817.25800  146   68 2864.46234 2719.19022  5.07%  85.3 4600s
 671317 157582     cutoff  121      2864.46234 2719.67040  5.05%  85.3 4608s
 671940 157380     cutoff  114      2864.46234 2719.90118  5.05%  85.3 4611s
 672587 157188 2792.81323  126   67 2864.46234 2720.16209  5.04%  85.3 4615s
 673837 156851 2794.84092  123   71 2864.46234 2720.75308  5.02%  85.3 4623s
 674516 156726 2851.05882  112   34 2864.46234 2720.97825  5.01%  85.3 4628s
 675119 156540 infeasible  152      2864.46234 2721.10306  5.00%  85.3 4632s
 675720 156372 2851.60238  109   69 2864.46234 2721.39495  4.99%  85.3 4636s
 676407 156243     cutoff  141      2864.46234 2721.65658  4.99%  85.3 4640s
 677109 156010 2813.06341  141   49 2864.46234 2721.90839  4.98%  85.3 4645s
 678402 155601     cutoff  135      2864.46234 2722.46373  4.96%  85.3 4653s
 679062 155396 2795.56926  122   63 2864.46234 2722.68712  4.95%  85.2 4657s
 679688 155256     cutoff  171      2864.46234 2722.94124  4.94%  85.2 4661s
 680314 155065 2788.25599  174   71 2864.46234 2723.16775  4.93%  85.2 4665s
 680908 154932     cutoff  198      2864.46234 2723.48316  4.92%  85.2 4670s
 681585 154772     cutoff   98      2864.46234 2723.69129  4.91%  85.2 4675s
 682796 154551     cutoff  134      2864.46234 2724.09515  4.90%  85.2 4683s
 683369 154313 2852.79201  137   64 2864.46234 2724.40983  4.89%  85.2 4687s
 684056 154108     cutoff  102      2864.46234 2724.67025  4.88%  85.2 4691s
 684643 153827 2772.15995  150   78 2864.46234 2724.96171  4.87%  85.2 4695s
 685945 153453 2825.89886  113   60 2864.46234 2725.46597  4.85%  85.2 4703s
 686573 153252 2796.26867  152  103 2864.46234 2725.79404  4.84%  85.2 4707s
 687279 153032 2808.78346  122   30 2864.46234 2726.06558  4.83%  85.1 4711s
 688052 152900 2835.22124  100   46 2864.46234 2726.30380  4.82%  85.1 4716s
 689386 152484     cutoff  151      2864.46234 2726.72476  4.81%  85.1 4723s
 689989 152291     cutoff  191      2864.46234 2726.98875  4.80%  85.1 4727s
 690659 152213 2790.12147  116   59 2864.46234 2727.25621  4.79%  85.1 4731s
 691163 152000 2833.25236  108   56 2864.46234 2727.42731  4.78%  85.1 4735s
 692388 151664     cutoff  166      2864.46234 2727.84022  4.77%  85.1 4743s
 693020 151419     cutoff  144      2864.46234 2728.14875  4.76%  85.1 4747s
 693726 151267 2845.48651  146   64 2864.46234 2728.35535  4.75%  85.1 4751s
 694342 151005     cutoff  181      2864.46234 2728.63978  4.74%  85.0 4755s
 695643 150680 2831.05735  118   57 2864.46234 2729.14313  4.72%  85.0 4763s
 696342 150460     cutoff  115      2864.46234 2729.36765  4.72%  85.0 4767s
 696949 150315     cutoff  121      2864.46234 2729.63306  4.71%  85.0 4771s
 697557 150075 2802.62260  117   58 2864.46234 2729.84376  4.70%  85.0 4776s
 698328 149860 2830.06271  107   47 2864.46234 2730.07238  4.69%  85.0 4780s
 699778 149464 2832.65590  152   45 2864.46234 2730.57324  4.67%  85.0 4788s
 700443 149242     cutoff  138      2864.46234 2730.80758  4.67%  85.0 4792s
 701130 149026     cutoff  111      2864.46234 2731.07445  4.66%  85.0 4796s
 701762 148722     cutoff  154      2864.46234 2731.33399  4.65%  85.0 4800s
 702824 148486     cutoff  121      2864.46234 2731.65092  4.64%  84.9 4805s
 703874 148106     cutoff  101      2864.46234 2732.13305  4.62%  84.9 4813s
 704498 147873 2835.21391  151   44 2864.46234 2732.40595  4.61%  84.9 4818s
 705168 147640 2843.80759  151   45 2864.46234 2732.63769  4.60%  84.9 4822s
 705879 147370 2849.86633  156   62 2864.46234 2732.88207  4.59%  84.9 4826s
 706581 147253     cutoff  106      2864.46234 2733.15183  4.58%  84.9 4831s
 706938 147048     cutoff  124      2864.46234 2733.30126  4.58%  84.9 4835s
 708234 146619     cutoff  115      2864.46234 2733.86758  4.56%  84.9 4843s
 708963 146448 2841.39551  127   71 2864.46234 2734.07179  4.55%  84.9 4847s
 709686 146260     cutoff  114      2864.46234 2734.35262  4.54%  84.8 4851s
 710408 145953 2817.73767  105   49 2864.46234 2734.56768  4.53%  84.8 4855s
 711848 145359 2808.04235  183   82 2864.46234 2735.18233  4.51%  84.8 4863s
 712531 145036     cutoff  158      2864.46234 2735.45043  4.50%  84.8 4867s
 713195 144800     cutoff  121      2864.46234 2735.76943  4.49%  84.8 4871s
 713865 144510     cutoff  213      2864.46234 2736.05158  4.48%  84.8 4875s
 715293 143971 2813.90590  141   80 2864.46234 2736.60131  4.46%  84.8 4884s
 716016 143791     cutoff  103      2864.46234 2736.82707  4.46%  84.8 4888s
 716697 143611     cutoff   95      2864.46234 2737.06988  4.45%  84.7 4892s
 717343 143299     cutoff  135      2864.46234 2737.30059  4.44%  84.7 4896s
 718002 143019 2837.29189  139   33 2864.46234 2737.62527  4.43%  84.7 4900s
 719443 142571     cutoff  170      2864.46234 2738.17205  4.41%  84.7 4908s
 720180 142341 2852.35364  133   82 2864.46234 2738.42479  4.40%  84.7 4912s
 720920 142132     cutoff  128      2864.46234 2738.64250  4.39%  84.7 4917s
 721571 141887     cutoff  150      2864.46234 2738.89092  4.38%  84.7 4922s
 722089 141593     cutoff  174      2864.46234 2739.10917  4.38%  84.7 4926s
 722771 141317     cutoff  169      2864.46234 2739.41838  4.37%  84.7 4930s
 724179 140808 2820.01342  121   58 2864.46234 2739.93572  4.35%  84.6 4938s
 724864 140493     cutoff   93      2864.46234 2740.18843  4.34%  84.6 4942s
 725498 140217     cutoff  111      2864.46234 2740.54468  4.33%  84.6 4946s
 726275 139954 2843.52202  126   60 2864.46234 2740.81632  4.32%  84.6 4951s
 726920 139669     cutoff  111      2864.46234 2741.07480  4.31%  84.6 4955s
 728438 139009     cutoff  136      2864.46234 2741.62696  4.29%  84.6 4963s
 729100 138780 2820.62826  150   67 2864.46234 2741.94496  4.28%  84.6 4968s
 729700 138648 2762.89734   96   48 2864.46234 2742.12367  4.27%  84.6 4971s
 730360 138354 infeasible  134      2864.46234 2742.37957  4.26%  84.6 4975s
 731791 137757 2846.82735  132   72 2864.46234 2742.94713  4.24%  84.5 4984s
 732481 137443     cutoff  117      2864.46234 2743.23200  4.23%  84.5 4988s
 733210 137121 2825.11478  177   58 2864.46234 2743.53471  4.22%  84.5 4992s
 733996 136874 2837.12788  112   60 2864.46234 2743.82614  4.21%  84.5 4996s
 734703 136651     cutoff  125      2864.46234 2744.07979  4.20%  84.5 5001s
 735466 136400     cutoff  138      2864.46234 2744.33286  4.19%  84.5 5005s
 736791 135815 2817.49693  105   39 2864.46234 2744.88747  4.17%  84.5 5013s
 737522 135588 2858.73182  109   61 2864.46234 2745.15898  4.16%  84.4 5018s
 738288 135353 2828.09850  141   68 2864.46234 2745.40655  4.16%  84.4 5022s
 739026 135015     cutoff  165      2864.46234 2745.67861  4.15%  84.4 5026s
 739689 134719     cutoff  111      2864.46234 2745.93287  4.14%  84.4 5031s
 740416 134397     cutoff  170      2864.46234 2746.21847  4.13%  84.4 5035s
 741850 133852     cutoff  114      2864.46234 2746.79114  4.11%  84.4 5043s
 742500 133601     cutoff  120      2864.46234 2747.04364  4.10%  84.4 5047s
 743228 133322     cutoff  180      2864.46234 2747.33432  4.09%  84.4 5052s
 743967 133030 2770.96727  110   64 2864.46234 2747.58093  4.08%  84.3 5056s
 744720 132766     cutoff  169      2864.46234 2747.81140  4.07%  84.3 5060s
 746014 132138     cutoff  137      2864.46234 2748.35816  4.05%  84.3 5068s
 746760 131873 2846.63267  153   76 2864.46234 2748.58112  4.05%  84.3 5072s
 747468 131529 2803.18696  133   53 2864.46234 2748.91560  4.03%  84.3 5076s
 748225 131212     cutoff  126      2864.46234 2749.23882  4.02%  84.3 5080s
 749456 130906 2825.80941  133   59 2864.46234 2749.58260  4.01%  84.2 5085s
 750377 130170     cutoff  117      2864.46234 2750.11293  3.99%  84.2 5093s
 751117 129885 2808.40080  151   30 2864.46234 2750.40748  3.98%  84.2 5097s
 751813 129558     cutoff  192      2864.46234 2750.69340  3.97%  84.2 5102s
 752599 129316     cutoff  128      2864.46234 2750.93267  3.96%  84.2 5106s
 753311 128972 2831.93867  142   74 2864.46234 2751.23180  3.95%  84.2 5110s
 754722 128494 2852.96515   82   59 2864.46234 2751.75784  3.93%  84.2 5119s
 755234 128164 2790.48823  176   55 2864.46234 2751.93710  3.93%  84.1 5123s
 755956 127848     cutoff  175      2864.46234 2752.24290  3.92%  84.1 5128s
 756722 127548     cutoff  157      2864.46234 2752.52123  3.91%  84.1 5132s
 757539 127207     cutoff  139      2864.46234 2752.79348  3.90%  84.1 5137s
 758275 126912 2754.24227  122   80 2864.46234 2753.04676  3.89%  84.1 5141s
 758969 126577     cutoff  114      2864.46234 2753.36837  3.88%  84.1 5145s
 760500 125890     cutoff  133      2864.46234 2753.95886  3.86%  84.1 5154s
 761228 125514 2853.76630   84   52 2864.46234 2754.22001  3.85%  84.0 5158s
 761996 125138 infeasible  118      2864.46234 2754.49789  3.84%  84.0 5162s
 762674 124843     cutoff  149      2864.46234 2754.83916  3.83%  84.0 5167s
 763396 124463 2783.34296  136   61 2864.46234 2755.10262  3.82%  84.0 5170s
 764106 124050     cutoff  169      2864.46234 2755.45676  3.81%  84.0 5175s
 765526 123310     cutoff  135      2864.46234 2756.05611  3.78%  84.0 5183s
 766296 123001 2782.33181  149   44 2864.46234 2756.30686  3.78%  84.0 5187s
 766903 122612     cutoff  135      2864.46234 2756.64909  3.76%  83.9 5191s
 767725 122290 2834.52842  125   65 2864.46234 2756.91550  3.75%  83.9 5196s
 768335 121896     cutoff  169      2864.46234 2757.18782  3.75%  83.9 5200s
 769863 121125     cutoff  128      2864.46234 2757.81124  3.72%  83.9 5208s
 770631 120726 2827.24900  156   57 2864.46234 2758.13655  3.71%  83.9 5213s
 771417 120426     cutoff  124      2864.46234 2758.45533  3.70%  83.9 5217s
 772237 120088     cutoff  165      2864.46234 2758.73845  3.69%  83.8 5222s
 773014 119715     cutoff  116      2864.46234 2759.02070  3.68%  83.8 5226s
 773765 119376     cutoff  149      2864.46234 2759.27139  3.67%  83.8 5230s
 775232 118598     cutoff  134      2864.46234 2759.92119  3.65%  83.8 5238s
 775887 118344     cutoff   98      2864.46234 2760.19017  3.64%  83.8 5243s
 776672 117918 2774.31475  108   16 2864.46234 2760.44140  3.63%  83.8 5247s
 777493 117544     cutoff  146      2864.46234 2760.75217  3.62%  83.7 5251s
 778252 117137 2857.77082  129   79 2864.46234 2761.04809  3.61%  83.7 5256s
 779065 116898     cutoff  169      2864.46234 2761.35291  3.60%  83.7 5261s
 779502 116469 2853.49403  119   36 2864.46234 2761.49698  3.59%  83.7 5266s
 780283 116033     cutoff  112      2864.46234 2761.78366  3.58%  83.7 5270s
 780984 115697     cutoff  107      2864.46234 2762.15084  3.57%  83.7 5275s
 782546 114882     cutoff  120      2864.46234 2762.72748  3.55%  83.7 5283s
 783268 114439 infeasible  113      2864.46234 2763.05718  3.54%  83.6 5287s
 784167 114047     cutoff  173      2864.46234 2763.37024  3.53%  83.6 5292s
 784984 113705     cutoff  116      2864.46234 2763.64390  3.52%  83.6 5296s
 785737 113332     cutoff  122      2864.46234 2763.94382  3.51%  83.6 5300s
 786540 112903 2778.46770   93   58 2864.46234 2764.26114  3.50%  83.6 5305s
 788196 111990     cutoff  149      2864.46234 2764.86192  3.48%  83.5 5313s
 789009 111573     cutoff  109      2864.46234 2765.21980  3.46%  83.5 5318s
 789827 111271 2852.33916   90   80 2864.46234 2765.48764  3.46%  83.5 5323s
 790577 110834 infeasible  145      2864.46234 2765.76845  3.45%  83.5 5327s
 791407 110370 2828.39054  121   50 2864.46234 2766.08518  3.43%  83.5 5331s
 792208 110024 2796.97724  128   78 2864.46234 2766.36359  3.42%  83.5 5335s
 793156 109574 infeasible  127      2864.46234 2766.64480  3.41%  83.4 5340s
 794289 108844     cutoff  104      2864.46234 2767.21651  3.39%  83.4 5349s
 795071 108375     cutoff  137      2864.46234 2767.53771  3.38%  83.4 5353s
 795903 107929     cutoff  104      2864.46234 2767.89929  3.37%  83.4 5357s
 796683 107537     cutoff  148      2864.46234 2768.21120  3.36%  83.4 5361s
 797530 107100 2835.70918  106   48 2864.46234 2768.53730  3.35%  83.3 5366s
 798391 106699     cutoff  158      2864.46234 2768.76864  3.34%  83.3 5370s
 799903 105810     cutoff   93      2864.46234 2769.42086  3.32%  83.3 5378s
 800680 105350 2840.29195  155   54 2864.46234 2769.74142  3.31%  83.3 5383s
 801532 104966     cutoff  151      2864.46234 2770.02380  3.30%  83.2 5387s
 802210 104517     cutoff  133      2864.46234 2770.31125  3.29%  83.2 5391s
 802990 104087 2814.59448  112   59 2864.46234 2770.65082  3.28%  83.2 5395s
 803817 103622 2860.95517  138   78 2864.46234 2770.97904  3.26%  83.2 5400s
 805411 102841     cutoff  134      2864.46234 2771.57687  3.24%  83.2 5408s
 806174 102426     cutoff  146      2864.46234 2771.85995  3.23%  83.1 5412s
 806873 101945 infeasible  101      2864.46234 2772.18503  3.22%  83.1 5416s
 807650 101541 2836.75667  110   58 2864.46234 2772.51987  3.21%  83.1 5420s
 809253 100558     cutoff  142      2864.46234 2773.18288  3.19%  83.1 5429s
 810013 100132     cutoff  176      2864.46234 2773.47491  3.18%  83.1 5432s
 810744 99840     cutoff  122      2864.46234 2773.77666  3.17%  83.0 5437s
 811410 99521 2791.60284  100   68 2864.46234 2774.00926  3.16%  83.0 5441s
 811966 99065     cutoff  195      2864.46234 2774.23338  3.15%  83.0 5446s
 812757 98635     cutoff  130      2864.46234 2774.57088  3.14%  83.0 5450s
 813595 98193     cutoff   96      2864.46234 2774.90257  3.13%  83.0 5455s
 815277 97273     cutoff  130      2864.46234 2775.45156  3.11%  82.9 5463s
 816114 96855     cutoff  125      2864.46234 2775.76480  3.10%  82.9 5467s
 816928 96364     cutoff  142      2864.46234 2776.07413  3.09%  82.9 5472s
 817784 95900 infeasible   93      2864.46234 2776.39140  3.07%  82.9 5476s
 818459 95376     cutoff  144      2864.46234 2776.69041  3.06%  82.9 5481s
 819324 94846     cutoff  154      2864.46234 2777.02422  3.05%  82.8 5485s
 820910 93974 infeasible  122      2864.46234 2777.65258  3.03%  82.8 5493s
 821648 93505     cutoff  138      2864.46234 2777.96413  3.02%  82.8 5497s
 822395 93002     cutoff  107      2864.46234 2778.29899  3.01%  82.8 5501s
 823189 92422     cutoff  138      2864.46234 2778.63170  3.00%  82.8 5506s
 824050 91891     cutoff   96      2864.46234 2779.00806  2.98%  82.7 5510s
 825724 91062     cutoff  133      2864.46234 2779.63821  2.96%  82.7 5519s
 826283 90530     cutoff  167      2864.46234 2779.92204  2.95%  82.7 5523s
 827138 90005 2838.91511  162   67 2864.46234 2780.27774  2.94%  82.6 5527s
 827960 89559 2844.78965  114   61 2864.46234 2780.66296  2.93%  82.6 5532s
 828751 89059     cutoff  114      2864.46234 2780.91810  2.92%  82.6 5536s
 829572 88542     cutoff  120      2864.46234 2781.25806  2.90%  82.6 5540s
 831269 87506 2833.00512  142   71 2864.46234 2781.89984  2.88%  82.5 5548s
 832105 86938     cutoff  116      2864.46234 2782.19212  2.87%  82.5 5552s
 832875 86473     cutoff  176      2864.46234 2782.58473  2.86%  82.5 5556s
 833591 85975     cutoff  152      2864.46234 2782.91412  2.85%  82.5 5560s
 835252 84725     cutoff  156      2864.46234 2783.65224  2.82%  82.4 5569s
 836146 84246     cutoff  117      2864.46234 2784.02742  2.81%  82.4 5573s
 836994 83745 infeasible  127      2864.46234 2784.36101  2.80%  82.4 5577s
 837857 83136     cutoff   88      2864.46234 2784.72469  2.78%  82.4 5583s
 838761 82624     cutoff  135      2864.46234 2785.06237  2.77%  82.3 5588s
 839614 82103 infeasible  140      2864.46234 2785.34395  2.76%  82.3 5592s
 840370 81516     cutoff  159      2864.46234 2785.71110  2.75%  82.3 5596s
 841217 80987     cutoff  115      2864.46234 2786.07114  2.74%  82.3 5600s
 841957 80454     cutoff  136      2864.46234 2786.42386  2.72%  82.3 5605s
 842723 79919     cutoff  145      2864.46234 2786.79170  2.71%  82.2 5610s
 843516 79343 infeasible   96      2864.46234 2787.12756  2.70%  82.2 5616s
 844345 78964     cutoff  166      2864.46234 2787.48238  2.69%  82.2 5620s
 845718 77878 2809.13404  161  102 2864.46234 2788.07063  2.67%  82.2 5629s
 846589 77291     cutoff  134      2864.46234 2788.37939  2.66%  82.1 5633s
 847470 76796     cutoff  118      2864.46234 2788.73507  2.64%  82.1 5637s
 848291 76238     cutoff  135      2864.46234 2789.01538  2.63%  82.1 5641s
 849098 75738 2863.47020  170   44 2864.46234 2789.39359  2.62%  82.1 5645s
 850790 74517     cutoff  116      2864.46234 2790.10515  2.60%  82.0 5653s
 851584 73948 2847.13326  111   34 2864.46234 2790.46120  2.58%  82.0 5657s
 852420 73316     cutoff  130      2864.46234 2790.84074  2.57%  82.0 5661s
 853225 72688 2814.11944  141   47 2864.46234 2791.21061  2.56%  81.9 5665s
 854840 71488     cutoff  134      2864.46234 2791.96037  2.53%  81.9 5672s
 855716 70961     cutoff  113      2864.46234 2792.27570  2.52%  81.8 5676s
 856422 70355     cutoff  133      2864.46234 2792.66711  2.51%  81.8 5680s
 857998 69129 infeasible  113      2864.46234 2793.41113  2.48%  81.8 5688s
 858838 68589     cutoff  128      2864.46234 2793.79281  2.47%  81.8 5692s
 859695 68136     cutoff  126      2864.46234 2794.08371  2.46%  81.7 5696s
 860335 67626 2810.88174  136   33 2864.46234 2794.41882  2.45%  81.7 5700s
 861994 66335     cutoff  148      2864.46234 2795.19243  2.42%  81.7 5708s
 862860 65768     cutoff  131      2864.46234 2795.51633  2.41%  81.6 5712s
 863648 65215     cutoff  104      2864.46234 2795.91126  2.39%  81.6 5715s
 865209 64054     cutoff  111      2864.46234 2796.62926  2.37%  81.6 5723s
 866057 63409     cutoff  130      2864.46234 2797.01154  2.35%  81.5 5728s
 866943 62808     cutoff  129      2864.46234 2797.33724  2.34%  81.5 5731s
 867744 62275     cutoff  181      2864.46234 2797.73023  2.33%  81.5 5735s
 869290 61075 infeasible  191      2864.46234 2798.40755  2.31%  81.4 5743s
 870095 60542     cutoff  131      2864.46234 2798.83626  2.29%  81.4 5747s
 870829 60092     cutoff  150      2864.46234 2799.10359  2.28%  81.4 5751s
 871481 59496     cutoff  153      2864.46234 2799.42442  2.27%  81.4 5755s
 873186 58141     cutoff  164      2864.46234 2800.25168  2.24%  81.3 5762s
 874041 57456 infeasible  104      2864.46234 2800.62328  2.23%  81.3 5766s
 875775 56111 infeasible  132      2864.46234 2801.47020  2.20%  81.2 5773s
 876663 55397     cutoff  120      2864.46234 2801.85667  2.19%  81.2 5777s
 877502 54782 2823.96037  189   75 2864.46234 2802.30674  2.17%  81.1 5781s
 878342 54055     cutoff  105      2864.46234 2802.66700  2.16%  81.1 5785s
 880150 52758 infeasible  156      2864.46234 2803.49394  2.13%  81.0 5792s
 880935 52205 infeasible  139      2864.46234 2803.88532  2.11%  81.0 5796s
 882378 50824     cutoff  137      2864.46234 2804.62614  2.09%  81.0 5803s
 883310 50198     cutoff  135      2864.46234 2805.09896  2.07%  80.9 5806s
 884887 49053 2858.59243  100   69 2864.46234 2805.82896  2.05%  80.9 5813s
 885667 48459     cutoff  122      2864.46234 2806.22036  2.03%  80.8 5817s
 886445 47709     cutoff  161      2864.46234 2806.54912  2.02%  80.8 5820s
 888144 46393     cutoff  155      2864.46234 2807.43816  1.99%  80.7 5827s
 889013 45687 infeasible  107      2864.46234 2807.82959  1.98%  80.7 5832s
 889863 45072     cutoff  119      2864.46234 2808.31749  1.96%  80.7 5836s
 891511 43711     cutoff  182      2864.46234 2809.16014  1.93%  80.6 5843s
 892297 43047     cutoff  110      2864.46234 2809.60399  1.92%  80.6 5847s
 893112 42239 2856.88160  176   56 2864.46234 2810.00444  1.90%  80.6 5850s
 894903 40959     cutoff  144      2864.46234 2810.92951  1.87%  80.5 5857s
 895685 40300 infeasible   98      2864.46234 2811.33375  1.85%  80.5 5860s
 897284 39234     cutoff  107      2864.46234 2812.23471  1.82%  80.4 5867s
 897769 38435 2826.27236   99   52 2864.46234 2812.52719  1.81%  80.4 5870s
 899442 37164     cutoff  108      2864.46234 2813.38553  1.78%  80.3 5877s
 900247 36489     cutoff  127      2864.46234 2813.84746  1.77%  80.3 5880s
 901877 35033     cutoff  118      2864.46234 2814.78674  1.73%  80.2 5887s
 902773 34358 2830.89899   94   50 2864.46234 2815.29841  1.72%  80.2 5890s
 904399 33069     cutoff  152      2864.46234 2816.15613  1.69%  80.1 5896s
 905976 31761     cutoff  130      2864.46234 2817.10705  1.65%  80.0 5902s
 906744 31086 infeasible  147      2864.46234 2817.55658  1.64%  80.0 5905s
 908288 29838     cutoff  176      2864.46234 2818.43197  1.61%  79.9 5911s
 909798 28463     cutoff  173      2864.46234 2819.42093  1.57%  79.9 5917s
 910584 27792 infeasible  113      2864.46234 2819.90064  1.56%  79.8 5920s
 912148 26502     cutoff  139      2864.46234 2820.86652  1.52%  79.7 5925s
 913695 25096 2858.96935  134   72 2864.46234 2821.91477  1.49%  79.7 5930s
 915252 23974 2852.77444  161   50 2864.46234 2823.02814  1.45%  79.6 5936s
 916592 22568     cutoff  101      2864.46234 2823.90757  1.42%  79.5 5942s
 918169 21069 infeasible  113      2864.46234 2825.04204  1.38%  79.5 5947s
 919028 20383     cutoff  127      2864.46234 2825.67760  1.35%  79.4 5950s
 921340 18576     cutoff  149      2864.46234 2827.46621  1.29%  79.3 5957s
 922484 17328     cutoff  205      2864.46234 2828.29251  1.26%  79.2 5962s
 924054 16061 2846.06559  109   69 2864.46234 2829.49820  1.22%  79.2 5967s
 925401 14778     cutoff  159      2864.46234 2830.72463  1.18%  79.1 5971s
 926906 13456     cutoff  139      2864.46234 2832.05749  1.13%  79.0 5975s
 928283 12061     cutoff  153      2864.46234 2833.43976  1.08%  78.9 5980s
 930411 10198     cutoff  107      2864.46234 2835.69447  1.00%  78.8 5986s
 931822  8812     cutoff   95      2864.46234 2837.34918  0.95%  78.7 5990s
 933851  6981     cutoff  145      2864.46234 2839.97005  0.86%  78.6 5995s
 935743  5241     cutoff  109      2864.46234 2842.90104  0.75%  78.5 6000s
 937800  3314     cutoff  109      2864.46234 2846.69552  0.62%  78.4 6005s
 940558   544     cutoff  171      2864.46234 2855.56981  0.31%  78.2 6010s

Cutting planes:
  Gomory: 31
  Cover: 388
  Implied bound: 271
  Projected implied bound: 29
  MIR: 278
  Flow cover: 920
  Inf proof: 23
  Zero half: 72
  RLT: 117
  Relax-and-lift: 83

Explored 941905 nodes (73587275 simplex iterations) in 6012.35 seconds
Thread count was 8 (of 8 available processors)

Solution count 10: 2864.46 2871.66 2871.7 ... 3354.2

Optimal solution found (tolerance 1.00e-04)
Warning: max constraint violation (1.1447e-06) exceeds tolerance
Best objective 2.864462336713e+03, best bound 2.864462336713e+03, gap 0.0000%
