
Gurobi 9.1.2 (win64) logging started Thu Nov 25 17:25:04 2021

Changed value of parameter LogFile to D2_S3_C20_d_trips_results_with_VI_newTW.log
   Prev:   Default: 
Changed value of parameter timeLimit to 18000.0
   Prev: inf  Min: 0.0  Max: inf  Default: inf
Gurobi Optimizer version 9.1.2 build v9.1.2rc0 (win64)
Thread count: 4 physical cores, 8 logical processors, using up to 8 threads
Optimize a model with 74826 rows, 5988 columns and 164811 nonzeros
Model fingerprint: 0x063922ab
Variable types: 4563 continuous, 1425 integer (1425 binary)
Coefficient statistics:
  Matrix range     [1e-01, 1e+05]
  Objective range  [1e+00, 1e+00]
  Bounds range     [1e+00, 1e+10]
  RHS range        [6e-01, 1e+05]
Warning: Model contains large bounds
         Consider reformulating model or setting NumericFocus parameter
         to avoid numerical issues.
Presolve removed 65457 rows and 3006 columns
Presolve time: 0.48s
Presolved: 9369 rows, 2982 columns, 67744 nonzeros
Variable types: 1563 continuous, 1419 integer (1419 binary)

Root relaxation: objective -1.097185e+04, 1369 iterations, 0.06 seconds

    Nodes    |    Current Node    |     Objective Bounds      |     Work
 Expl Unexpl |  Obj  Depth IntInf | Incumbent    BestBd   Gap | It/Node Time

     0     0 -10971.853    0   67          - -10971.853      -     -    0s
     0     0 -10325.763    0   57          - -10325.763      -     -    0s
     0     0 -10325.763    0   57          - -10325.763      -     -    1s
     0     0 -10095.711    0   87          - -10095.711      -     -    1s
     0     0 -10095.711    0   81          - -10095.711      -     -    1s
     0     0 -9825.0946    0   92          - -9825.0946      -     -    1s
     0     0 -9824.1202    0   95          - -9824.1202      -     -    1s
     0     0 -9824.1202    0   95          - -9824.1202      -     -    1s
     0     0 -7848.6173    0  244          - -7848.6173      -     -    2s
     0     0 -7848.6173    0  242          - -7848.6173      -     -    2s
     0     0 -4396.2922    0  209          - -4396.2922      -     -    3s
     0     0 -4396.2922    0  208          - -4396.2922      -     -    3s
     0     0 -2472.1303    0  177          - -2472.1303      -     -    3s
     0     0 -2472.1303    0  177          - -2472.1303      -     -    3s
     0     0 -1463.3627    0  137          - -1463.3627      -     -    4s
     0     0 -1458.8728    0  136          - -1458.8728      -     -    4s
     0     0 -1458.8728    0  136          - -1458.8728      -     -    4s
     0     0 -1144.5608    0   89          - -1144.5608      -     -    4s
H    0     0                    5709.7990271 -1144.5608   120%     -    4s
     0     0 -1144.3890    0   90 5709.79903 -1144.3890   120%     -    4s
     0     0 -1132.1945    0   79 5709.79903 -1132.1945   120%     -    4s
H    0     0                    4183.5047845 -1132.1945   127%     -    4s
     0     0 -1131.3305    0   79 4183.50478 -1131.3305   127%     -    4s
     0     0 -1125.2234    0   90 4183.50478 -1125.2234   127%     -    5s
H    0     0                    4050.2337798 -1125.2234   128%     -    5s
     0     0 -1125.1694    0   86 4050.23378 -1125.1694   128%     -    5s
     0     0 -1124.5352    0   83 4050.23378 -1124.5352   128%     -    5s
     0     0 -1106.3031    0  106 4050.23378 -1106.3031   127%     -    6s
     0     2 -1106.3031    0  106 4050.23378 -1106.3031   127%     -    7s
H   27    32                    4035.3414570 -1078.2239   127%   131    7s
H   28    32                    4022.3680623 -1078.2239   127%   133    7s
H   28    32                    3643.2937248 -1078.2239   130%   133    7s
   164   167 -136.62533   29   72 3643.29372 -1078.2239   130%   121   10s
H  199   200                    3433.7675185 -1078.2239   131%   119   10s
H  209   210                    3420.2059250 -1078.2239   132%   116   11s
  1026   870 2061.11652   85  106 3420.20593 -1053.0711   131%   103   16s
H 1027   827                    3352.8139783 -845.85162   125%   103   18s
H 1028   786                    3229.0625875 -409.89661   113%   103   21s
  1036   792  370.77676   23   99 3229.06259 -170.29702   105%   102   26s
H 1041   755                    3213.6063471 -137.14883   104%   102   28s
  1044   757 1559.52348   52   72 3213.60635 -129.07869   104%   102   30s
H 1044   718                    3211.4024824 -129.07869   104%   102   30s
H 1047   684                    3161.1785166 -125.70315   104%   101   31s
  1055   689  -53.78801   24   86 3161.17852  -53.78801   102%   101   36s
  1064   695   -6.13157   26   82 3161.17852   -6.13157   100%   100   40s
  1072   701   63.66629   47   85 3161.17852   63.66629  98.0%  99.0   45s
  1080   706  750.98054   50   87 3161.17852  124.17240  96.1%  98.3   50s
  1089   712  148.21541   10   83 3161.17852  148.21541  95.3%  97.5   55s
  1101   720  175.40936   25  101 3161.17852  175.40936  94.5%  96.4   61s
  1110   726 1619.77318   48   73 3161.17852  193.84360  93.9%  95.7   65s
  1119   732  249.55091    8   89 3161.17852  249.55091  92.1%  94.9   70s
  1130   739  294.19715   26  109 3161.17852  294.19715  90.7%  94.0   75s
  1140   746  331.28576   48  103 3161.17852  331.28576  89.5%  93.1   80s
H 1144   710                    3088.0940888  334.82312  89.2%  92.8   82s
  1151   714  343.07539   29  108 3088.09409  343.07539  88.9%  92.2   85s
  1164   723  395.01917   26  112 3088.09409  395.01917  87.2%  91.2   90s
  1176   731  456.04025   11   97 3088.09409  456.04025  85.2%  90.3   95s
  1187   738  485.85071   23   94 3088.09409  485.85071  84.3%  89.5  100s
  1198   746  501.28135   30  108 3088.09409  501.28135  83.8%  88.6  105s
  1204   751  501.28135   41  123 3088.09409  501.28135  83.8%   142  110s
H 1216   720                    2928.4363406  517.53588  82.3%   140  114s
H 1217   685                    2918.3245662  528.35674  81.9%   140  115s
H 1229   658                    2916.1207015  584.90825  79.9%   139  119s
  1231   659 1197.00451   65   95 2916.12070  585.65289  79.9%   138  120s
  1245   668  691.39372   44   96 2916.12070  691.39372  76.3%   137  125s
H 1250   637                    2770.6868389  715.50798  74.2%   136  126s
H 1254   607                    2770.6868380  732.62241  73.6%   136  127s
  1262   613  821.92480   22   94 2770.68684  821.92480  70.3%   135  130s
  1275   621  913.92809   35   98 2770.68684  913.92809  67.0%   134  135s
  1283   627  928.36742   34  112 2770.68684  928.36742  66.5%   133  140s
  1295   635  940.11433   20  122 2770.68684  940.11433  66.1%   132  145s
  1306   642  946.23573   43  117 2770.68684  946.23573  65.8%   131  151s
  1313   648  946.38889   21  167 2770.68684  946.38889  65.8%   165  155s
  1316   650  946.38889   42   87 2770.68684  946.38889  65.8%   164  160s
  1336   664 1005.89819   23  101 2770.68684 1005.89819  63.7%   162  165s
  1352   674 1116.88459   39   85 2770.68684 1116.88459  59.7%   160  170s
  1366   684 1578.63187   65  100 2770.68684 1153.00847  58.4%   158  175s
  1375   690 1159.17174   35  119 2770.68684 1159.17174  58.2%   157  180s
  1376   693 1166.93237   35   86 2770.68684 1166.93237  57.9%   187  185s
  1386   702 1188.90974   37   78 2770.68684 1179.55894  57.4%   188  190s
  1439   741 1253.79968   45   67 2770.68684 1179.55894  57.4%   193  195s
  1525   795 1350.53002   54   65 2770.68684 1179.55894  57.4%   202  200s
  1625   861 2061.42665   63   45 2770.68684 1179.55894  57.4%   202  205s
  1855  1020 2518.28701   95   50 2770.68684 1179.55894  57.4%   199  211s
  2096  1128 2524.60873  133   32 2770.68684 1179.55894  57.4%   193  215s
H 2507  1259                    2752.8412777 1191.31567  56.7%   183  221s
  2818  1428 1592.92545   42   80 2752.84128 1201.87378  56.3%   173  225s
  2992  1548 2144.88387   52   59 2752.84128 1201.87378  56.3%   171  231s
H 3395  1725                    2752.8412768 1234.06198  55.2%   163  234s
  3477  1776 1762.35384   46   62 2752.84128 1234.06198  55.2%   161  236s
  3691  2020 1828.56269   76   65 2752.84128 1234.06198  55.2%   165  240s
  3954  2275 2253.26035  111   40 2752.84128 1240.01225  55.0%   167  245s
  4454  2641 1431.23212   50   59 2752.84128 1247.49058  54.7%   163  250s
  4901  2973 2554.22671  109   49 2752.84128 1253.71799  54.5%   158  259s
  5043  3083 1299.84273   54   69 2752.84128 1253.71799  54.5%   158  261s
  5328  3312 2568.55051   56   60 2752.84128 1258.30535  54.3%   159  266s
  5725  3681 1820.73357   76   66 2752.84128 1266.09326  54.0%   156  270s
  6178  4086 1965.13315   91   64 2752.84128 1269.75100  53.9%   153  276s
  6794  4654 1955.00917  132   68 2752.84128 1273.76940  53.7%   148  282s
  7086  4921 2355.58570  106   57 2752.84128 1278.91434  53.5%   147  285s
  7781  5448     cutoff   55      2752.84128 1286.41642  53.3%   143  294s
  8072  5726 1877.83860   72   54 2752.84128 1291.39446  53.1%   143  298s
  8443  6029 2283.40546   68   58 2752.84128 1298.66035  52.8%   141  301s
  8839  6093 1375.95406   56   84 2752.84128 1302.46681  52.7%   140  308s
  8911  6390 1580.41070   74   78 2752.84128 1303.50793  52.6%   140  312s
  9279  6694 1698.63132   60   63 2752.84128 1307.72840  52.5%   139  316s
  9680  6912 2311.68217   64   45 2752.84128 1308.28425  52.5%   139  320s
 10358  7444 1934.26941   62   57 2752.84128 1318.73892  52.1%   138  330s
 10643  7886 1550.34953   68   68 2752.84128 1319.46219  52.1%   140  337s
 11184  8287 1925.94979   68   81 2752.84128 1321.21163  52.0%   140  343s
 11726  8514 1589.00527   68   67 2752.84128 1323.34859  51.9%   138  349s
 12090  8842 2583.18028   86   56 2752.84128 1324.77237  51.9%   138  354s
 12571  9299 1844.58708   59   68 2752.84128 1331.36125  51.6%   137  360s
 13082  9793 2264.19501  121   57 2752.84128 1332.57341  51.6%   137  365s
 14139 10593 1796.14485   61   71 2752.84128 1336.46250  51.5%   134  374s
 14610 11015 2069.74025   86   61 2752.84128 1337.42838  51.4%   134  378s
 15125 11408 2531.84177  142   45 2752.84128 1339.73233  51.3%   133  382s
 15605 11866 1573.55527  107   63 2752.84128 1340.78953  51.3%   132  387s
 16145 12186 1933.36740   88   58 2752.84128 1341.74054  51.3%   131  390s
 16508 12256 1520.54436   76   70 2752.84128 1342.23089  51.2%   130  396s
 16611 12638 1880.65790  100   77 2752.84128 1342.64128  51.2%   130  400s
 17304 13042 2473.17423   68   67 2752.84128 1347.56718  51.0%   129  408s
 17642 13347 2434.54309  107   36 2752.84128 1348.85786  51.0%   130  412s
 18064 13562 2171.48040   79   69 2752.84128 1352.35339  50.9%   130  417s
 18397 13840 2143.15708   70   67 2752.84128 1354.35410  50.8%   130  421s
 18763 14074 2125.54890   77   71 2752.84128 1356.79528  50.7%   130  425s
 19453 14788 1791.41392   69   75 2752.84128 1357.75464  50.7%   132  433s
 19951 15185 2568.86103   88   42 2752.84128 1360.27317  50.6%   131  437s
 20439 15520 2193.32150   63   73 2752.84128 1362.56613  50.5%   131  442s
 20871 15521 1876.39163   78  106 2752.84128 1365.43337  50.4%   130  549s
 20873 15522 1367.85709   66  133 2752.84128 1365.43337  50.4%   130  550s
 20876 15524 1979.29608   88   95 2752.84128 1365.43337  50.4%   130  561s
 20882 15528 2435.83524   46   79 2752.84128 1365.43337  50.4%   130  565s
 20894 15536 1763.38063   64   70 2752.84128 1436.24570  47.8%   130  570s
 20903 15542 2223.15943  102   88 2752.84128 1468.16009  46.7%   130  575s
 20909 15546 2350.50089   64   77 2752.84128 1496.99820  45.6%   130  581s
 20915 15550 1773.73540  108   76 2752.84128 1542.85985  44.0%   130  585s
 20922 15555 2238.86982   90   85 2752.84128 1582.46349  42.5%   130  590s
 20926 15558 2063.36366   71   74 2752.84128 1619.20662  41.2%   130  595s
 20934 15563 2148.39396   78   97 2752.84128 1640.40718  40.4%   130  601s
 20938 15566 1791.40386   62   89 2752.84128 1653.05966  40.0%   130  606s
 20943 15569 1661.36506   63   88 2752.84128 1661.36506  39.6%   130  611s
 20945 15570 1664.21663   49   91 2752.84128 1664.21663  39.5%   130  615s
 20952 15575 1683.00375   84   92 2752.84128 1669.86333  39.3%   130  621s
 20956 15578 2423.64843  148   78 2752.84128 1675.16953  39.1%   130  626s
 20961 15581 1710.71250   64   93 2752.84128 1710.71250  37.9%   130  632s
 20964 15583 1907.56121  140  114 2752.84128 1721.34172  37.5%   130  636s
 20969 15586 2389.97961   71  117 2752.84128 1730.34319  37.1%   130  641s
 20973 15589 1765.99790   66  100 2752.84128 1765.99790  35.8%   130  646s
 20979 15593 1777.26212   54   89 2752.84128 1777.26212  35.4%   130  650s
 20982 15595 2435.83524   46   97 2752.84128 1790.58104  35.0%   130  655s
 20987 15598 2000.49568   68  110 2752.84128 1801.00573  34.6%   130  660s
 20991 15601 2150.79599  114  104 2752.84128 1815.46737  34.1%   130  666s
 20993 15602 1926.76788   70  111 2752.84128 1818.35162  33.9%   130  670s
 20998 15606 2426.43631   86  114 2752.84128 1823.94986  33.7%   130  676s
 21001 15608 1967.80728   68   94 2752.84128 1829.44464  33.5%   130  680s
 21005 15610 2167.23204   64  114 2752.84128 1835.12996  33.3%   130  685s
 21009 15613 2350.50089   64  116 2752.84128 1837.79031  33.2%   129  691s
 21012 15615 1959.66165   79  125 2752.84128 1840.00390  33.2%   129  695s
 21016 15618 1841.33120   58  135 2752.84128 1841.33120  33.1%   129  700s
 21018 15619 2579.07093  120  138 2752.84128 1841.84428  33.1%   129  705s
 21021 15621 1883.56636   77  129 2752.84128 1842.75190  33.1%   129  710s
 21025 15624 2674.42079  104  129 2752.84128 1843.28950  33.0%   129  716s
 21028 15626 2074.07503   88  143 2752.84128 1843.48648  33.0%   129  721s
 21031 15628 1843.74768   52  126 2752.84128 1843.74768  33.0%   129  727s
 21033 15629 2063.68095  105  128 2752.84128 1843.98341  33.0%   129  730s
H21036 14846                    2752.8412737 1844.20522  33.0%   129  737s
 21039 14848 1844.51235   86  128 2752.84127 1844.51235  33.0%   129  740s
 21042 14850 2382.61606   95  130 2752.84127 1844.89146  33.0%   129  745s
 21045 14852 1846.69427   49  133 2752.84127 1846.69427  32.9%   129  750s
 21049 14855 1847.71451   54  131 2752.84127 1847.71451  32.9%   129  755s
 21052 14857 1847.85467   84  136 2752.84127 1847.85467  32.9%   129  760s
 21056 14859 2423.64843  148  138 2752.84127 1847.99561  32.9%   129  766s
 21059 14861 2309.54226   92  136 2752.84127 1848.05870  32.9%   129  770s
 21062 14863 1848.19580   96  139 2752.84127 1848.19580  32.9%   129  775s
 21066 14866 2485.09624  150  130 2752.84127 1860.38189  32.4%   129  780s
 21069 14868 2389.97961   71  139 2752.84127 1861.68733  32.4%   129  785s
 21072 14870 2088.91915   72  139 2752.84127 1862.14539  32.4%   129  790s
 21075 14872 2034.66320   84  137 2752.84127 1863.34636  32.3%   129  795s
 21078 14874 2128.84377   72  138 2752.84127 1863.55656  32.3%   129  800s
 21081 14876 2229.19473  128  146 2752.84127 1863.80032  32.3%   129  805s
 21085 14879 2336.15028  100  142 2752.84127 1864.86051  32.3%   129  810s
 21088 14881 1865.96285   63  140 2752.84127 1865.96285  32.2%   129  815s
 21092 14883 2424.99268  118  140 2752.84127 1866.56263  32.2%   129  821s
 21094 14885 1867.20671   64  147 2752.84127 1867.20671  32.2%   129  825s
 21098 14887 2426.43631   86  149 2752.84127 1867.22639  32.2%   129  835s
 21101 14892 1870.18372   45  143 2752.84127 1870.18372  32.1%   131  843s
 21103 14896 1870.18372   46  127 2752.84127 1870.18372  32.1%   131  848s
 21107 14898 1873.48859   47  110 2752.84127 1873.48859  31.9%   131  853s
 21111 14901 2362.55619   47   89 2752.84127 1873.48859  31.9%   132  856s
 21119 14906 1873.70705   48  101 2752.84127 1873.70705  31.9%   132  860s
 21137 14921 1963.37390   51   82 2752.84127 1873.79258  31.9%   132  865s
 21174 14947 2019.12256   55   72 2752.84127 1873.79258  31.9%   132  870s
 21200 14967 2133.70841   57   70 2752.84127 1873.79258  31.9%   132  875s
 21262 15003 2038.50625   64   85 2752.84127 1873.79258  31.9%   132  880s
 21324 15024 2068.77399   71   63 2752.84127 1873.79258  31.9%   133  885s
 21459 15032 2359.37711   81   73 2752.84127 1873.79258  31.9%   133  891s
 21530 15082 2132.91154   85   75 2752.84127 1873.79258  31.9%   133  895s
 21622 15099 2282.90008   92   71 2752.84127 1873.79258  31.9%   133  901s
 21702 15152     cutoff  103      2752.84127 1873.79258  31.9%   133  905s
 21794 15192 2430.42008  117   58 2752.84127 1873.79258  31.9%   133  911s
 22015 15265 2042.18992   52   79 2752.84127 1924.09762  30.1%   133  916s
 22351 15378 2287.53632   72   74 2752.84127 1925.46366  30.1%   133  920s
 22684 15488 2184.39712   61   70 2752.84127 1936.72474  29.6%   133  926s
 23007 15622 2082.72142   69   53 2752.84127 1938.77266  29.6%   133  930s
 23549 15735 2240.07000   61   77 2752.84127 1950.88005  29.1%   133  937s
 23890 15818 2697.37114   56   57 2752.84127 1956.30057  28.9%   133  941s
 24288 15886 2085.62176   75   61 2752.84127 1958.28140  28.9%   134  945s
 24631 16060 2479.23748   99   67 2752.84127 1958.28140  28.9%   134  950s
 25103 16211 2422.18924   57   62 2752.84127 1972.49725  28.3%   135  955s
 25651 16469 2566.67437  139   66 2752.84127 1972.58623  28.3%   135  960s
*25947 15907             131    2752.8412176 1975.52102  28.2%   135  963s
 26314 15944 2130.71571   68   41 2752.84122 1977.29016  28.2%   134  966s
 26937 16205 2395.37959   69   70 2752.84122 1986.55139  27.8%   134  972s
 27237 16322 2011.43450   53   59 2752.84122 1987.64303  27.8%   134  975s
 27967 16710     cutoff   70      2752.84122 1994.97973  27.5%   134  982s
 28415 16786 2444.65517   77   64 2752.84122 1996.24641  27.5%   134  988s
 28799 16924 2464.59140   75   69 2752.84122 1997.96764  27.4%   134  992s
 29189 17151 2205.63701   69   74 2752.84122 1999.64347  27.4%   134  996s
 29692 17384 2068.80672   73   85 2752.84122 2001.93706  27.3%   134 1000s
 30826 17743 2567.01483   65   42 2752.84122 2005.83638  27.1%   133 1009s
 31269 18105 2639.63074   73   57 2752.84122 2008.68310  27.0%   133 1019s
 31996 18116 2698.08705  111   30 2752.84122 2011.47031  26.9%   133 1023s
 32444 18086 2538.85157  111   63 2752.84122 2015.58437  26.8%   133 1028s
 32625 18467     cutoff   78      2752.84122 2017.02736  26.7%   133 1032s
*32840 17101             124    2668.3586540 2017.09875  24.4%   133 1032s
 33281 17203 2452.47282   57   76 2668.35865 2021.85016  24.2%   133 1036s
 34132 17433 2278.71561   57   77 2668.35865 2027.88595  24.0%   133 1043s
 34610 17504 2148.26933   77   76 2668.35865 2030.86122  23.9%   133 1047s
 34969 17685     cutoff   72      2668.35865 2031.66104  23.9%   134 1050s
 35926 17878 2200.68676   67   69 2668.35865 2038.55119  23.6%   133 1057s
 36234 17967 2354.10893  111   64 2668.35865 2039.37034  23.6%   134 1061s
 37101 18249 2531.03593   72   70 2668.35865 2042.98721  23.4%   134 1068s
 37647 18358 2517.98516   78   73 2668.35865 2044.15531  23.4%   134 1071s
 38116 18444 2631.47193   83   50 2668.35865 2045.49914  23.3%   133 1075s
 38903 18722 2191.14300   74   75 2668.35865 2049.68837  23.2%   134 1082s
 39376 18851 2427.44974   59   70 2668.35865 2050.25859  23.2%   133 1085s
 40269 18974 2133.57741   62   72 2668.35865 2054.72030  23.0%   133 1091s
 40649 19163 2243.42089   69   70 2668.35865 2056.13047  22.9%   134 1095s
 41498 19337 2409.67593   63   43 2668.35865 2060.11993  22.8%   134 1104s
 42057 19368 2379.77458   65   74 2668.35865 2062.11006  22.7%   134 1107s
 42416 19527 2169.47966   70   59 2668.35865 2064.09525  22.6%   134 1111s
 43277 19727 2568.78077   66   56 2668.35865 2067.75455  22.5%   134 1118s
 43687 19904 2241.38753   73   46 2668.35865 2068.80084  22.5%   134 1121s
 44120 19980 2278.62798   67   71 2668.35865 2070.72558  22.4%   134 1125s
 44959 20201 2254.64391   68   52 2668.35865 2073.62104  22.3%   134 1132s
 45360 20242 2398.66641   93   61 2668.35865 2074.68294  22.2%   134 1135s
 45731 20126 2325.86062   86   36 2668.35865 2075.44150  22.2%   134 1141s
 46181 20375 2359.40068   94   66 2668.35865 2078.68442  22.1%   134 1149s
 46301 20546     cutoff   70      2668.35865 2078.75027  22.1%   134 1153s
 46676 20615 2481.38028   98   63 2668.35865 2080.12639  22.0%   134 1156s
 47107 20736 2509.37956   80   57 2668.35865 2081.62879  22.0%   135 1160s
 48022 21003 2442.99628   72   64 2668.35865 2083.69180  21.9%   135 1167s
 48443 21143 2347.45728   77   58 2668.35865 2085.82690  21.8%   135 1170s
 49429 21379 2287.81797   63   77 2668.35865 2089.38463  21.7%   134 1177s
 49898 21380 2255.64349   77   64 2668.35865 2090.59033  21.7%   134 1180s
 50625 21486     cutoff   76      2668.35865 2094.28154  21.5%   134 1187s
 50961 21619     cutoff   65      2668.35865 2094.90515  21.5%   135 1191s
 51386 21712 2274.10867   73   51 2668.35865 2098.14082  21.4%   135 1195s
 51805 21869 2310.70486   65   71 2668.35865 2099.69167  21.3%   135 1200s
 52729 22024 2451.20636   66   72 2668.35865 2102.10214  21.2%   135 1207s
 53165 22134 2426.12653   82   31 2668.35865 2103.83344  21.2%   135 1210s
 54097 22287 infeasible   71      2668.35865 2106.30392  21.1%   134 1216s
 54894 22461 2235.55246   82   58 2668.35865 2108.25337  21.0%   134 1222s
 55312 22505 2194.28654   64   74 2668.35865 2109.17682  21.0%   134 1225s
 56123 22661 2230.27711   72   64 2668.35865 2111.84631  20.9%   134 1232s
 56509 22818 2187.57735   62   90 2668.35865 2113.58694  20.8%   134 1235s
 57404 22910 2435.16458   88   71 2668.35865 2115.28415  20.7%   134 1241s
 58131 23044     cutoff  114      2668.35865 2116.16486  20.7%   134 1247s
 58511 23148     cutoff   68      2668.35865 2117.68587  20.6%   134 1250s
 58918 23146 2530.16946   59   65 2668.35865 2119.21893  20.6%   134 1258s
 59158 23319 2622.22809   92   50 2668.35865 2120.09741  20.5%   134 1261s
 60008 23447 2572.17465   86   61 2668.35865 2122.05096  20.5%   134 1267s
 60398 23560 2557.23039   62   67 2668.35865 2123.22977  20.4%   134 1271s
 61211 23736 2540.88082   93   55 2668.35865 2125.02377  20.4%   134 1277s
 61631 23814 2608.25337   84   48 2668.35865 2125.97197  20.3%   134 1280s
 62445 24360 infeasible   68      2668.35865 2128.47397  20.2%   134 1288s
 62994 24579 2384.68385   72   59 2668.35865 2129.77494  20.2%   134 1291s
 63806 25080 2615.50972   77   27 2668.35865 2130.99896  20.1%   134 1297s
 64249 25250 2378.60613   96   74 2668.35865 2131.70657  20.1%   134 1300s
 64920 25603 2595.62621   64   85 2668.35865 2133.09851  20.1%   134 1306s
 65704 26126     cutoff   85      2668.35865 2135.33951  20.0%   134 1312s
 66130 26339 2362.27097   94   81 2668.35865 2136.22547  19.9%   134 1315s
 66979 26821 2256.87477   68   75 2668.35865 2137.99871  19.9%   134 1321s
 67806 27206 2408.85056   75   76 2668.35865 2139.93969  19.8%   134 1329s
H67837 27190                    2667.0209579 2139.93969  19.8%   134 1329s
 68025 27377     cutoff  110      2667.02096 2140.25096  19.8%   134 1333s
H68032 27377                    2667.0209541 2140.25096  19.8%   134 1333s
 68365 27564 2605.41434   60   40 2667.02095 2140.87388  19.7%   133 1337s
 68708 27757 2168.86421   70   71 2667.02095 2141.53947  19.7%   133 1340s
 69308 28033 2205.13847   80   61 2667.02095 2142.32337  19.7%   134 1347s
 69602 28133 2406.31137  100   58 2667.02095 2142.66506  19.7%   134 1351s
 70297 28523     cutoff  119      2667.02095 2144.06427  19.6%   134 1357s
 70723 28761 2174.02549   62   83 2667.02095 2144.88457  19.6%   134 1360s
 71581 29220 2549.99113   71   44 2667.02095 2146.19661  19.5%   134 1367s
 72039 29388 2631.86726   79   44 2667.02095 2147.25807  19.5%   133 1370s
 72771 29841 2422.19178   58   70 2667.02095 2148.42227  19.4%   134 1379s
 73266 30156 2522.31242   59   62 2667.02095 2149.05790  19.4%   134 1382s
 73763 30409 2548.12738   76   64 2667.02095 2149.55456  19.4%   133 1385s
 74594 30784 2234.39487   69   85 2667.02095 2151.14600  19.3%   133 1390s
 75265 31122 2407.77056   96   50 2667.02095 2152.13529  19.3%   133 1396s
H76023 29524                    2614.1312119 2153.54101  17.6%   133 1399s
 76024 29658 2539.95166   74   80 2614.13121 2153.54555  17.6%   133 1402s
 76412 29845 2247.01890   86   64 2614.13121 2154.75331  17.6%   134 1405s
H76777 29717                    2609.7914006 2155.46821  17.4%   134 1408s
 77086 29951 2349.85792   67   74 2609.79140 2156.33839  17.4%   134 1411s
H77185 29951                    2609.7913968 2156.33839  17.4%   134 1411s
 77889 30371 2388.75511   84   83 2609.79140 2158.19718  17.3%   134 1417s
 78386 30578 2427.53912  104   75 2609.79140 2159.36274  17.3%   134 1421s
 79158 30925 2402.95524   81   62 2609.79140 2160.91927  17.2%   134 1427s
 79582 31039 2327.84693   67   59 2609.79140 2162.09305  17.2%   134 1433s
 79876 31183 2256.67789  102   60 2609.79140 2163.04483  17.1%   134 1436s
 80737 31603 infeasible   65      2609.79140 2164.30509  17.1%   134 1442s
 81155 31763 2587.87239   76   38 2609.79140 2165.38238  17.0%   134 1446s
 81980 32086     cutoff   63      2609.79140 2166.84938  17.0%   134 1452s
 82398 32232     cutoff  105      2609.79140 2168.00395  16.9%   134 1455s
 83168 32578 2350.24508   75   88 2609.79140 2169.30064  16.9%   134 1463s
 83650 32750     cutoff   61      2609.79140 2169.98258  16.9%   134 1466s
 84508 33186 2525.25966   73   68 2609.79140 2171.40029  16.8%   133 1472s
 84943 33398 2213.22495   82   57 2609.79140 2172.33596  16.8%   133 1475s
 85720 33658 2420.43747   96   51 2609.79140 2173.77069  16.7%   133 1481s
 86460 33979     cutoff   69      2609.79140 2174.93228  16.7%   133 1490s
 87131 34354 2333.63475   63   88 2609.79140 2177.05616  16.6%   134 1497s
 87588 34536 2474.70031   93   59 2609.79140 2177.92820  16.5%   134 1500s
 88471 34970 2505.28681   78   59 2609.79140 2179.63735  16.5%   133 1506s
 89290 35305 2381.87030   84   58 2609.79140 2181.27965  16.4%   133 1513s
 89698 35455 2450.70358   68   74 2609.79140 2181.52608  16.4%   133 1516s
 90516 35809 2554.32994  100   71 2609.79140 2182.90185  16.4%   133 1522s
 90964 36000 2413.61334   70   36 2609.79140 2183.93036  16.3%   133 1525s
 91387 36085 2523.09690   84   68 2609.79140 2184.63896  16.3%   133 1531s
 92058 36508 2335.54570   73   47 2609.79140 2185.42755  16.3%   133 1538s
 92501 36751 2229.29056   68   62 2609.79140 2186.05444  16.2%   133 1541s
 93370 37080 2523.94437   86   60 2609.79140 2187.64555  16.2%   133 1549s
 93897 37346 2290.87997   79   32 2609.79140 2188.46607  16.1%   133 1551s
 94713 37555 2461.03940   76   67 2609.79140 2189.63841  16.1%   133 1557s
 95033 37755 2414.08468   79   77 2609.79140 2190.30180  16.1%   133 1560s
 95835 38142 2607.15861   65   79 2609.79140 2191.67223  16.0%   133 1565s
 96661 38495 2343.91315   77   83 2609.79140 2193.09145  16.0%   133 1571s
 97426 38866 2592.06712   96   48 2609.79140 2194.21774  15.9%   133 1577s
 97794 39063 2338.78005   75   75 2609.79140 2194.49200  15.9%   133 1580s
 98647 39478 2397.20133   85   85 2609.79140 2195.92476  15.9%   133 1586s
 99491 39833 2400.19177   71   73 2609.79140 2196.78058  15.8%   133 1592s
 99899 39960 infeasible   83      2609.79140 2197.24757  15.8%   133 1595s
 100628 40200 2452.00511   78   76 2609.79140 2198.33997  15.8%   133 1601s
 101340 40460 2452.24023   95   83 2609.79140 2199.05009  15.7%   133 1607s
 101681 40573     cutoff  130      2609.79140 2199.72211  15.7%   133 1610s
 102466 40886 2508.25904  118   58 2609.79140 2200.91918  15.7%   133 1616s
 103200 41183 2549.13218   88   59 2609.79140 2202.10391  15.6%   133 1622s
 103608 41364 2238.80592   75   77 2609.79140 2202.74795  15.6%   133 1626s
 104480 41713     cutoff  128      2609.79140 2203.68379  15.6%   133 1633s
 104927 41844 2271.25828   66   90 2609.79140 2204.42954  15.5%   133 1636s
 105708 42182 2288.59825   74   75 2609.79140 2205.57761  15.5%   133 1641s
 106127 42296 2562.78530   72   45 2609.79140 2206.24434  15.5%   133 1647s
 106441 42538 2370.62003  124   58 2609.79140 2206.53752  15.5%   133 1650s
 107326 42798     cutoff   66      2609.79140 2207.45053  15.4%   133 1656s
 108093 43114 2379.65543   82   63 2609.79140 2208.36344  15.4%   133 1662s
 108511 43216 2521.53116   72   58 2609.79140 2208.85298  15.4%   133 1665s
 109255 43521     cutoff   86      2609.79140 2209.98089  15.3%   133 1671s
 109645 43686 2544.39630   87   64 2609.79140 2210.29274  15.3%   133 1675s
 110586 44103 2383.87758   87   71 2609.79140 2211.58682  15.3%   133 1681s
 111376 44365 2299.99281   67   52 2609.79140 2212.65628  15.2%   133 1687s
 111811 44519 2372.12964   63   63 2609.79140 2213.25524  15.2%   133 1690s
 112518 44750 2502.77354   79   68 2609.79140 2214.04401  15.2%   133 1697s
 112909 44879 2445.43072   68   48 2609.79140 2214.31209  15.2%   133 1700s
 113723 45190 2395.95073   72   61 2609.79140 2215.56387  15.1%   133 1706s
 114209 45289 2435.17855   98   61 2609.79140 2216.09824  15.1%   133 1711s
 114990 45480 2254.77315   74   54 2609.79140 2217.28655  15.0%   133 1720s
 115820 45821 2306.73194   67   76 2609.79140 2218.41332  15.0%   133 1728s
 116305 45960 2363.30039   68   32 2609.79140 2218.99391  15.0%   133 1731s
 116747 46117 2597.83748   64   41 2609.79140 2219.71397  14.9%   133 1735s
*117178 45935             110    2604.7172108 2220.08897  14.8%   133 1738s
 117596 46060 2414.83256   88   74 2604.71721 2220.81925  14.7%   133 1741s
H117960 45518                    2595.9670467 2221.36368  14.4%   133 1745s
 118780 45810 2376.70863   79   43 2595.96705 2222.38195  14.4%   133 1752s
H119034 45810                    2595.9670428 2222.40680  14.4%   133 1752s
 119088 45940 infeasible   89      2595.96704 2222.52259  14.4%   133 1756s
 119547 46019 2483.57463   76   59 2595.96704 2222.90168  14.4%   133 1760s
 120294 46213 2349.14678   83   57 2595.96704 2224.26197  14.3%   133 1768s
 120620 46361 2313.30511   74   70 2595.96704 2224.75945  14.3%   133 1771s
 121085 46487 2303.82836   75   39 2595.96704 2225.38527  14.3%   133 1775s
 122016 46772 2483.46521   61   84 2595.96704 2227.17916  14.2%   133 1782s
 122473 47002 2304.40810   65   79 2595.96704 2227.62856  14.2%   133 1785s
 123416 47293 2525.58949   75   71 2595.96704 2228.45359  14.2%   133 1792s
 123842 47517 2406.18293   86   64 2595.96704 2229.03235  14.1%   133 1795s
 124736 47772 2506.50972   81   41 2595.96704 2229.90657  14.1%   133 1803s
 125152 47949     cutoff   62      2595.96704 2230.80729  14.1%   133 1806s
 125625 48059 2344.36567   75   45 2595.96704 2231.29389  14.0%   133 1810s
 126488 48357 2572.19332   81   78 2595.96704 2232.12690  14.0%   133 1816s
 127316 48635 2301.63833   82   57 2595.96704 2232.88341  14.0%   133 1823s
 127636 48804 2435.78522  107   83 2595.96704 2233.21798  14.0%   133 1826s
 128434 49116     cutoff   79      2595.96704 2234.23433  13.9%   133 1832s
 128874 49297     cutoff   94      2595.96704 2234.75132  13.9%   133 1835s
 129724 49564     cutoff   87      2595.96704 2235.46092  13.9%   133 1843s
 130058 49670 2390.66499   85   86 2595.96704 2235.78171  13.9%   133 1847s
 130515 49852 2363.86359   83   37 2595.96704 2236.22106  13.9%   133 1850s
 131397 50161 2385.42636   68   82 2595.96704 2237.33582  13.8%   132 1856s
 131829 50201     cutoff   97      2595.96704 2237.84626  13.8%   132 1860s
 132463 50466 2520.71534   88   45 2595.96704 2238.39782  13.8%   132 1867s
 132888 50660 2572.79643   72   63 2595.96704 2238.77761  13.8%   132 1870s
 133784 50976 2373.69648   64   64 2595.96704 2239.96982  13.7%   132 1876s
 134243 51228 2526.19734   99   66 2595.96704 2240.60195  13.7%   132 1880s
 135217 51564     cutoff   85      2595.96704 2241.48703  13.7%   132 1887s
 135660 51577 2519.57609   73   93 2595.96704 2241.78887  13.6%   132 1892s
 135700 51752 infeasible   75      2595.96704 2241.88422  13.6%   132 1896s
 136720 52060 2431.58716   68   85 2595.96704 2243.13693  13.6%   132 1902s
 137155 52160     cutoff   68      2595.96704 2243.58582  13.6%   132 1905s
 138097 52534 2333.22233   66   57 2595.96704 2244.52281  13.5%   132 1911s
 138891 52806 2470.66279   93   37 2595.96704 2245.08919  13.5%   132 1917s
 139302 52869     cutoff  100      2595.96704 2245.73967  13.5%   132 1920s
 140068 53110 2324.27816   74   54 2595.96704 2246.74772  13.5%   132 1926s
 140877 53449 2403.13519   98   58 2595.96704 2247.73190  13.4%   132 1932s
 141337 53574     cutoff   75      2595.96704 2248.14412  13.4%   132 1936s
 142180 53857 2460.59366   86   73 2595.96704 2249.09775  13.4%   132 1942s
 142573 53995 2501.66701   67   79 2595.96704 2249.60204  13.3%   132 1945s
 143377 54241 2458.55546   88   65 2595.96704 2250.38560  13.3%   132 1951s
 144237 54598 2482.53874  148   54 2595.96704 2251.50981  13.3%   132 1957s
 144641 54758     cutoff   64      2595.96704 2251.85052  13.3%   132 1960s
 145467 55000 2410.15128   73   52 2595.96704 2252.87595  13.2%   132 1967s
 145937 55148 2474.76892  118   63 2595.96704 2253.36715  13.2%   132 1970s
 146762 55419     cutoff   91      2595.96704 2254.12644  13.2%   132 1976s
 147582 55648 2550.77324   84   48 2595.96704 2255.20081  13.1%   132 1982s
 147943 55747     cutoff   81      2595.96704 2255.59088  13.1%   132 1985s
 148381 55845 2480.11031   83   75 2595.96704 2255.99974  13.1%   132 1991s
 149085 56077 2561.17835   90   64 2595.96704 2256.89648  13.1%   132 1997s
 149496 56250     cutoff   89      2595.96704 2257.14956  13.1%   132 2001s
 150378 56516 2570.28812   88   62 2595.96704 2257.98345  13.0%   132 2007s
 150787 56664 2351.40990   90   68 2595.96704 2258.66747  13.0%   132 2010s
 151740 56869 2491.41727   65   54 2595.96704 2259.39289  13.0%   131 2017s
 152153 56977 2424.24887   82   60 2595.96704 2259.83434  12.9%   132 2020s
 153040 57286 2282.37218   80   90 2595.96704 2260.57037  12.9%   131 2026s
 154024 57604 2335.38721   84   34 2595.96704 2261.28664  12.9%   131 2032s
 154465 57740     cutoff   97      2595.96704 2261.61267  12.9%   131 2035s
 155373 58115 infeasible   66      2595.96704 2262.50640  12.8%   131 2041s
 155896 58235 2512.87615   78   61 2595.96704 2262.96342  12.8%   131 2046s
 156734 58518     cutoff   82      2595.96704 2263.62573  12.8%   131 2052s
 157213 58705 2355.23846   86   72 2595.96704 2263.92175  12.8%   131 2055s
 158100 59064 2410.60266   67   58 2595.96704 2264.72608  12.8%   131 2062s
 158616 59167 2518.70718   83   48 2595.96704 2265.03507  12.7%   131 2065s
 159317 59322     cutoff   92      2595.96704 2265.68989  12.7%   131 2071s
 160069 59509 2451.49166   92   66 2595.96704 2266.48532  12.7%   131 2077s
 160460 59663 2524.96801   80   31 2595.96704 2266.93648  12.7%   131 2080s
 161368 59920 2448.35893  100   59 2595.96704 2267.71455  12.6%   131 2086s
 162235 60070 2484.55243  109   47 2595.96704 2268.66501  12.6%   131 2092s
 162676 60194     cutoff   96      2595.96704 2269.04553  12.6%   131 2095s
 163581 60546     cutoff   95      2595.96704 2269.93949  12.6%   131 2101s
 164352 60803 2405.75777   76   86 2595.96704 2270.76450  12.5%   131 2107s
 164741 60960 2549.19946   87   80 2595.96704 2271.00051  12.5%   131 2110s
 165625 61252 2458.75563   86   75 2595.96704 2271.56585  12.5%   131 2116s
 166028 61348 2537.67255   62   62 2595.96704 2271.94160  12.5%   130 2127s
 166413 61394 2459.84659   76   68 2595.96704 2272.44111  12.5%   130 2131s
 166889 61541 2345.58571   78   76 2595.96704 2272.77658  12.4%   130 2135s
 167707 61914 2583.20396  136   48 2595.96704 2273.27577  12.4%   130 2141s
 168454 61995 2586.16876   83   76 2595.96704 2274.11217  12.4%   130 2147s
 168815 62135 2536.59898  119   72 2595.96704 2274.59694  12.4%   130 2150s
 169766 62487     cutoff   76      2595.96704 2275.12955  12.4%   130 2156s
 170652 62734 2412.43760   82   83 2595.96704 2275.92544  12.3%   130 2163s
 171072 62909 2585.30106   76   54 2595.96704 2276.20396  12.3%   130 2166s
 171977 63128 2354.32052   54   74 2595.96704 2277.04370  12.3%   130 2172s
 172414 63252 2595.17098   90   52 2595.96704 2277.30256  12.3%   130 2175s
 173327 63541     cutoff   65      2595.96704 2277.95483  12.3%   130 2181s
 174144 63779 2515.11083   79   60 2595.96704 2278.63460  12.2%   130 2188s
 174522 63939 2397.13810   90   77 2595.96704 2278.90959  12.2%   130 2191s
 175382 64225 2420.90931   75   62 2595.96704 2279.51797  12.2%   130 2197s
 176215 64445 2481.03702   79   58 2595.96704 2280.16486  12.2%   130 2202s
 176613 64623 2445.50193   67   76 2595.96704 2280.61055  12.1%   130 2205s
 177069 64774 2404.68844   77   67 2595.96704 2280.83095  12.1%   130 2210s
 177933 64951 2587.93488  115   56 2595.96704 2281.41439  12.1%   130 2216s
 178784 65131 2586.76481  113   81 2595.96704 2282.02589  12.1%   130 2222s
 179141 65259     cutoff   88      2595.96704 2282.42684  12.1%   130 2225s
 179968 65516 2417.57789   74   87 2595.96704 2283.00718  12.1%   130 2231s
 180801 65746 2490.60067   81   36 2595.96704 2283.62465  12.0%   130 2237s
 181268 65866 2518.43831   68   77 2595.96704 2284.11156  12.0%   129 2240s
 182117 66095 2593.18243   59   70 2595.96704 2284.79028  12.0%   129 2247s
 182543 66295 2508.34949   80   62 2595.96704 2285.09574  12.0%   129 2250s
 183346 66500 2372.72671   59   44 2595.96704 2285.62389  12.0%   129 2256s
 183714 66604 2531.32164   73   79 2595.96704 2286.00079  11.9%   129 2260s
 184431 66822 2487.07255  106   59 2595.96704 2286.53534  11.9%   129 2266s
 185280 67072 2425.83403  100   57 2595.96704 2287.06724  11.9%   129 2272s
 185679 67218 2350.87539  104   78 2595.96704 2287.30294  11.9%   129 2275s
 186567 67521 2467.12758   74   64 2595.96704 2288.00203  11.9%   129 2282s
 186966 67662 2586.44145   71   30 2595.96704 2288.19751  11.9%   129 2285s
 187377 67802 2588.12008   87   62 2595.96704 2288.59825  11.8%   129 2290s
 188267 67970     cutoff   84      2595.96704 2289.30532  11.8%   129 2296s
 189032 68217 2464.69842   87   57 2595.96704 2289.92870  11.8%   129 2302s
 189494 68351     cutoff   90      2595.96704 2290.29924  11.8%   129 2305s
 190321 68566 2559.18866   88   54 2595.96704 2290.82737  11.8%   129 2311s
 191106 68747 2552.64093   66   61 2595.96704 2291.43343  11.7%   129 2318s
 191543 68863     cutoff   67      2595.96704 2291.82894  11.7%   129 2321s
 192403 69101 2337.37439   92   55 2595.96704 2292.33513  11.7%   129 2327s
 192821 69174 2507.07135  103   43 2595.96704 2292.57899  11.7%   129 2331s
 193539 69387 2447.11049   50   82 2595.96704 2292.95259  11.7%   129 2337s
 193988 69545 2488.71646   71   72 2595.96704 2293.34827  11.7%   129 2340s
 194899 69735 2470.07425   84   57 2595.96704 2294.09519  11.6%   129 2346s
 195695 69953 2403.02320   92   44 2595.96704 2294.62494  11.6%   129 2353s
 196127 70063 2422.39163   93   56 2595.96704 2295.01548  11.6%   129 2356s
 196974 70309     cutoff  105      2595.96704 2295.53601  11.6%   129 2362s
 197366 70423 2592.56518   84   37 2595.96704 2295.77864  11.6%   129 2365s
 198267 70705 2452.70371   74   90 2595.96704 2296.39687  11.5%   129 2372s
 198658 70789 2582.12937   64   53 2595.96704 2296.68817  11.5%   129 2375s
 199358 71018 2407.93546   88   77 2595.96704 2297.26417  11.5%   129 2382s
 199860 71142 2465.42224   66   69 2595.96704 2297.65505  11.5%   129 2385s
 200799 71386 2576.99784   99   67 2595.96704 2298.29859  11.5%   129 2391s
 201610 71633 2591.83770   90   45 2595.96704 2299.04411  11.4%   129 2397s
 202082 71738 2366.16116   67   84 2595.96704 2299.23778  11.4%   129 2400s
 202917 71968 2543.86019  106   60 2595.96704 2299.74496  11.4%   129 2406s
 203711 72136 2414.28169   76   97 2595.96704 2300.21544  11.4%   129 2412s
 204127 72234     cutoff  106      2595.96704 2300.52044  11.4%   129 2415s
 205016 72387 2437.25334   71  101 2595.96704 2301.05719  11.4%   128 2421s
 205748 72533     cutoff   77      2595.96704 2301.80901  11.3%   128 2428s
 206176 72605 2517.29764   86   92 2595.96704 2302.05745  11.3%   128 2431s
 207067 72827 2575.16131   77   76 2595.96704 2302.56103  11.3%   128 2437s
 207476 72907 2434.77106   94   68 2595.96704 2302.87605  11.3%   128 2440s
 208222 73091     cutoff   74      2595.96704 2303.28264  11.3%   128 2448s
 208731 73172     cutoff  130      2595.96704 2303.64603  11.3%   128 2451s
 209498 73438 2511.19446   85   59 2595.96704 2304.06370  11.2%   128 2457s
 209946 73519     cutoff   72      2595.96704 2304.34695  11.2%   128 2460s
 210816 73735 2381.24004   77   72 2595.96704 2304.95915  11.2%   128 2467s
 211657 73917 2503.65476   81   72 2595.96704 2305.54227  11.2%   128 2472s
 212048 74015 2535.41731   97   61 2595.96704 2305.88864  11.2%   128 2475s
 212903 74175     cutoff   79      2595.96704 2306.45673  11.2%   128 2481s
 213307 74280 2574.29537   78   61 2595.96704 2306.76587  11.1%   128 2485s
 214210 74538     cutoff   93      2595.96704 2307.19359  11.1%   128 2491s
 215008 74652 2569.27196   59   79 2595.96704 2307.69985  11.1%   128 2497s
 215429 74739 2554.97011   78   80 2595.96704 2308.05232  11.1%   128 2500s
 216196 74993 2590.63004   79   44 2595.96704 2308.57854  11.1%   128 2506s
 217021 75210 2425.33111   98   66 2595.96704 2309.21904  11.0%   128 2512s
 217449 75289 2483.88166   90   63 2595.96704 2309.45596  11.0%   128 2515s
 218390 75526 2431.62055   73   86 2595.96704 2309.97838  11.0%   128 2522s
 218802 75667 2443.40198   82   43 2595.96704 2310.33314  11.0%   128 2527s
 219266 75724 2424.89350   90   50 2595.96704 2310.59262  11.0%   128 2530s
 220117 75936 2380.03940   78   77 2595.96704 2311.04779  11.0%   128 2536s
 220990 76074 2390.89939   68   59 2595.96704 2311.73356  10.9%   128 2542s
 221308 76119 2490.49566   73   66 2595.96704 2312.01089  10.9%   128 2545s
 222159 76353     cutoff   77      2595.96704 2312.64730  10.9%   128 2552s
 222629 76411 2559.60701   76   53 2595.96704 2312.99388  10.9%   128 2555s
 223578 76645 2568.65576   83   43 2595.96704 2313.62755  10.9%   128 2561s
 224031 76711 2594.85743  101   72 2595.96704 2313.87063  10.9%   128 2565s
 224870 76866 2516.60196   69   65 2595.96704 2314.46765  10.8%   128 2571s
 225675 76999 2581.93357  119   45 2595.96704 2315.28679  10.8%   128 2577s
 226114 77140 2578.75991   74   48 2595.96704 2315.50624  10.8%   128 2580s
 227035 77311 2578.58311  114   59 2595.96704 2316.14375  10.8%   128 2587s
 227491 77363     cutoff   69      2595.96704 2316.50135  10.8%   128 2590s
 228309 77540 2426.27427   85   85 2595.96704 2317.21098  10.7%   128 2596s
 228759 77670 2461.03015  103   72 2595.96704 2317.37721  10.7%   127 2600s
 229196 77800 2549.83266   70   44 2595.96704 2317.62667  10.7%   127 2605s
 230125 78008 2455.64496   86   62 2595.96704 2318.11785  10.7%   127 2611s
 230936 78088 2396.34035   67   83 2595.96704 2318.77109  10.7%   127 2618s
 231352 78173 2564.07861   97   63 2595.96704 2319.15838  10.7%   127 2621s
 232246 78371 2515.62669  119   60 2595.96704 2319.67539  10.6%   127 2628s
 232727 78454 2492.02028   65   63 2595.96704 2320.02738  10.6%   127 2631s
 233512 78591 2510.81515   85   75 2595.96704 2320.58702  10.6%   127 2637s
 233905 78722 2420.03360  103   57 2595.96704 2320.85305  10.6%   127 2640s
 234727 78827 2488.09463  110   43 2595.96704 2321.49403  10.6%   127 2647s
 235152 78932 2566.71115   71   57 2595.96704 2321.71072  10.6%   127 2651s
 235967 79139 2401.17919   79   53 2595.96704 2322.13716  10.5%   127 2657s
 236407 79238 2538.97059  116   76 2595.96704 2322.36291  10.5%   127 2661s
 237319 79345 2589.32753   86   55 2595.96704 2323.11435  10.5%   127 2667s
 237743 79404 2584.11785   83   46 2595.96704 2323.50223  10.5%   127 2670s
 238687 79648 2524.42143   83   75 2595.96704 2323.99677  10.5%   127 2677s
 239139 79744     cutoff   98      2595.96704 2324.26310  10.5%   127 2680s
 239610 79846     cutoff  126      2595.96704 2324.54208  10.5%   127 2685s
 240489 80046     cutoff   79      2595.96704 2325.13996  10.4%   127 2692s
 240962 80150 2511.05674   84   51 2595.96704 2325.41510  10.4%   127 2695s
 241655 80208 2536.01423   69   59 2595.96704 2326.01612  10.4%   127 2703s
 242094 80303 2568.01416   91   41 2595.96704 2326.30156  10.4%   127 2706s
 242482 80406 2587.56193  105   70 2595.96704 2326.52830  10.4%   127 2710s
 243374 80544     cutoff  105      2595.96704 2327.13763  10.4%   127 2717s
 243811 80671 2391.83054   79   50 2595.96704 2327.33301  10.3%   127 2721s
 244751 80885 2543.82177   79   90 2595.96704 2327.91700  10.3%   127 2728s
 245199 80980     cutoff  105      2595.96704 2328.12747  10.3%   127 2732s
 245639 81031 2384.26051  105   58 2595.96704 2328.49211  10.3%   127 2735s
 246575 81242 2538.77077   87   36 2595.96704 2329.14023  10.3%   127 2742s
 247051 81365     cutoff   77      2595.96704 2329.43239  10.3%   127 2746s
 247567 81476 2445.89429   87   67 2595.96704 2329.61357  10.3%   127 2750s
 248458 81638 2544.49665   92   77 2595.96704 2330.11769  10.2%   127 2757s
 248953 81734     cutoff   96      2595.96704 2330.45319  10.2%   127 2760s
 249856 81895 2513.52976   61   53 2595.96704 2331.04787  10.2%   127 2768s
 250304 82022 2470.61646   96   61 2595.96704 2331.40588  10.2%   127 2772s
 250840 82103 2486.58109   86   30 2595.96704 2331.57808  10.2%   127 2775s
 251643 82170 2464.73166   93   86 2595.96704 2331.98228  10.2%   127 2781s
 252033 82273 2575.91558   86   39 2595.96704 2332.34197  10.2%   127 2785s
 252938 82453 2556.23583   93   72 2595.96704 2332.68300  10.1%   127 2792s
 253426 82487 2477.92527   82   66 2595.96704 2332.87769  10.1%   126 2795s
 254260 82637 2496.48562   67   88 2595.96704 2333.42704  10.1%   126 2802s
 254597 82727 2457.33751   67   45 2595.96704 2333.67317  10.1%   126 2806s
 255435 82985     cutoff  102      2595.96704 2334.12180  10.1%   126 2813s
 255952 83082 2391.22135   70   78 2595.96704 2334.37804  10.1%   126 2816s
 256427 83188 2486.10689   76   19 2595.96704 2334.58465  10.1%   126 2820s
 257301 83364     cutoff  107      2595.96704 2334.97921  10.1%   126 2826s
 257762 83496 2512.09897  123   77 2595.96704 2335.27932  10.0%   126 2830s
 258693 83663 2511.44480   85   78 2595.96704 2335.78281  10.0%   126 2836s
 259504 83784 2485.79712   85   77 2595.96704 2336.34891  10.0%   126 2843s
 259915 83904 2519.75696   81   38 2595.96704 2336.61384  10.0%   126 2846s
 260363 84008     cutoff  108      2595.96704 2336.83063  10.0%   126 2850s
 261173 84121 2382.93914   86   68 2595.96704 2337.38016  10.0%   126 2858s
 261656 84175 2479.33001   93   61 2595.96704 2337.69300  9.95%   126 2862s
 262133 84259 2514.27886   87   57 2595.96704 2337.90377  9.94%   126 2865s
 263034 84491     cutoff  120      2595.96704 2338.30627  9.93%   126 2872s
 263501 84566 2355.15172   99   53 2595.96704 2338.54096  9.92%   126 2876s
 264350 84674     cutoff   85      2595.96704 2339.10502  9.89%   126 2883s
 264811 84744 2509.93644   68   75 2595.96704 2339.33658  9.89%   126 2886s
 265742 84830     cutoff   85      2595.96704 2339.89121  9.86%   126 2893s
 266150 84911 2553.40135   85   46 2595.96704 2340.19199  9.85%   126 2896s
 266674 85019 2481.08863  118   76 2595.96704 2340.50921  9.84%   126 2900s
 267481 85111 2576.78935   88   71 2595.96704 2340.96943  9.82%   126 2907s
 267876 85136 2586.70620   97   51 2595.96704 2341.29422  9.81%   126 2910s
 268749 85299 2564.22137   82   65 2595.96704 2341.77868  9.79%   126 2917s
 269239 85389 2481.01430  115   39 2595.96704 2342.08739  9.78%   126 2920s
 270144 85596 2511.35818  112   60 2595.96704 2342.51580  9.76%   126 2928s
 270548 85699     cutoff   65      2595.96704 2342.84308  9.75%   126 2931s
 271021 85821 2527.11278  115   65 2595.96704 2343.06054  9.74%   126 2936s
 271943 85944 2516.69996   90   71 2595.96704 2343.56945  9.72%   126 2942s
 272372 86020 2574.69655   75   90 2595.96704 2343.84772  9.71%   126 2945s
 273261 86218 infeasible   72      2595.96704 2344.37246  9.69%   126 2952s
 273692 86270 2421.75776   84   53 2595.96704 2344.60460  9.68%   126 2956s
 274467 86431     cutoff   79      2595.96704 2344.97463  9.67%   126 2963s
 274988 86519 2406.39460   95   56 2595.96704 2345.24337  9.66%   126 2966s
 275940 86659 2498.41542   86   82 2595.96704 2345.65508  9.64%   126 2973s
 276257 86726 2451.81854   93   63 2595.96704 2345.92904  9.63%   126 2977s
 276777 86766 2525.39890   80   74 2595.96704 2346.13418  9.62%   126 2980s
 277610 86927 2574.90656  105   56 2595.96704 2346.67558  9.60%   126 2986s
 278088 86968     cutoff   95      2595.96704 2346.93550  9.59%   126 2990s
 278970 87111 2455.98337   81   75 2595.96704 2347.36795  9.58%   126 2997s
 279397 87165 2593.10359  108   49 2595.96704 2347.62768  9.57%   126 3000s
 280258 87287 2585.17872   79   61 2595.96704 2348.14902  9.55%   126 3006s
 280647 87335 2432.66800   85   82 2595.96704 2348.42253  9.54%   126 3010s
 281527 87431 2559.95912  120   84 2595.96704 2348.81747  9.52%   125 3018s
 281959 87535     cutoff   78      2595.96704 2349.16704  9.51%   125 3021s
 282457 87652 2595.31783   76   67 2595.96704 2349.41643  9.50%   125 3025s
 283397 87786 2387.90944  105   53 2595.96704 2349.95212  9.48%   125 3031s
 283822 87804     cutoff   81      2595.96704 2350.25971  9.46%   125 3035s
 284654 87885     cutoff  103      2595.96704 2350.63293  9.45%   125 3041s
 285547 88031     cutoff   93      2595.96704 2351.08197  9.43%   125 3048s
 286025 88084     cutoff  101      2595.96704 2351.31325  9.42%   125 3051s
 286419 88215 2470.72693   96   17 2595.96704 2351.55639  9.42%   125 3055s
 287437 88354 2470.76376   97   41 2595.96704 2351.92662  9.40%   125 3061s
 287871 88426 2494.65383   95   91 2595.96704 2352.29047  9.39%   125 3065s
 288727 88589     cutoff   86      2595.96704 2352.71881  9.37%   125 3071s
 289099 88689 2539.98774   75   76 2595.96704 2352.98625  9.36%   125 3075s
 290006 88798 2527.72576  107   83 2595.96704 2353.41064  9.34%   125 3081s
 290916 88899 2538.94532   97   67 2595.96704 2353.95875  9.32%   125 3088s
 291314 88930     cutoff  112      2595.96704 2354.20989  9.31%   125 3091s
 291785 88982 2501.97199   97   32 2595.96704 2354.39501  9.31%   125 3096s
 292707 89084 infeasible   61      2595.96704 2354.95363  9.28%   125 3103s
 293196 89158     cutoff  116      2595.96704 2355.24060  9.27%   125 3106s
 294096 89274 2505.56897  108   49 2595.96704 2355.65354  9.26%   125 3113s
 294507 89338     cutoff  102      2595.96704 2355.87399  9.25%   125 3117s
 294974 89362 2535.69151   73   86 2595.96704 2356.18127  9.24%   125 3120s
 295872 89453     cutoff   54      2595.96704 2356.71473  9.22%   125 3127s
 296353 89502 2514.52979   78   76 2595.96704 2356.87127  9.21%   125 3131s
 297256 89579 2464.23608   95   57 2595.96704 2357.42100  9.19%   125 3137s
 297690 89621 2444.22676  146   53 2595.96704 2357.63459  9.18%   125 3140s
 298649 89741     cutoff   89      2595.96704 2358.20575  9.16%   125 3147s
 299061 89797 2459.37165   96   73 2595.96704 2358.48087  9.15%   125 3151s
 299991 89946     cutoff   86      2595.96704 2358.99007  9.13%   125 3157s
 300470 90013 2550.65241   95   63 2595.96704 2359.19644  9.12%   125 3161s
 301309 90144 2507.63653   76   66 2595.96704 2359.71088  9.10%   125 3168s
 301736 90209 2490.98300   80   58 2595.96704 2359.83729  9.10%   125 3171s
 302184 90296 2454.66971   84   56 2595.96704 2360.14650  9.08%   125 3176s
 303171 90439 2564.64215   77   71 2595.96704 2360.65141  9.06%   125 3182s
 303647 90466 2523.89591  109   71 2595.96704 2360.85845  9.06%   125 3185s
 304254 90661 2460.89167   81   82 2595.96704 2361.18877  9.04%   125 3192s
 304730 90681 infeasible  100      2595.96704 2361.44678  9.03%   124 3195s
 305583 90728 2519.16831   84   64 2595.96704 2361.82204  9.02%   124 3201s
*305635 90229              98    2591.6991832 2361.82204  8.87%   124 3201s
 305978 90305     cutoff   93      2591.69918 2362.10946  8.86%   124 3205s
 306703 90363 2579.91994   85   76 2591.69918 2362.60687  8.84%   124 3212s
 307127 90434     cutoff   64      2591.69918 2362.87629  8.83%   124 3217s
 307446 90514 2480.69648   95   69 2591.69918 2362.95868  8.83%   124 3220s
 308352 90553 2437.24929   94   60 2591.69918 2363.45306  8.81%   124 3228s
 308738 90600     cutoff  100      2591.69918 2363.67589  8.80%   124 3231s
 309219 90641 2407.32901   91  103 2591.69918 2363.94355  8.79%   124 3235s
 310191 90759 2517.69261   71   64 2591.69918 2364.47800  8.77%   124 3242s
 310674 90770 infeasible   79      2591.69918 2364.77304  8.76%   124 3246s
H311108 90759                    2591.6990164 2364.99606  8.75%   124 3249s
 311526 90798     cutoff  132      2591.69902 2365.30936  8.74%   124 3253s
 311901 90886 2447.49069   96   84 2591.69902 2365.48801  8.73%   124 3256s
H312374 90875                    2591.6732875 2365.75160  8.72%   124 3260s
 312738 90946 2476.07797   88   79 2591.67329 2365.99711  8.71%   124 3265s
 313707 91021 2479.61018   91   57 2591.67329 2366.44030  8.69%   124 3271s
 314123 91030 2539.34477  109   54 2591.67329 2366.60581  8.68%   124 3275s
 315065 91146 2579.00798   97   83 2591.67329 2367.13501  8.66%   124 3281s
 315932 91221 2496.23963  115   75 2591.67329 2367.64234  8.64%   124 3287s
 316371 91253 2532.73350  113   79 2591.67329 2367.86503  8.64%   124 3290s
 317326 91373 2566.70383  100   61 2591.67329 2368.30087  8.62%   124 3297s
 317784 91386 2521.29252  105   50 2591.67329 2368.50999  8.61%   124 3300s
 318686 91456 2551.02548   92   29 2591.67329 2369.03782  8.59%   124 3306s
 319080 91532 2503.08015   69   92 2591.67329 2369.29632  8.58%   124 3310s
 320019 91596     cutoff   76      2591.67329 2369.69266  8.57%   124 3316s
 320490 91630 2456.08912   91   28 2591.67329 2369.97226  8.55%   124 3320s
 321285 91710 2457.31012   98   44 2591.67329 2370.40478  8.54%   124 3327s
 321749 91746 2532.39696  104   73 2591.67329 2370.67096  8.53%   124 3330s
 322610 91827     cutoff   75      2591.67329 2371.12414  8.51%   124 3337s
 323078 91864 2414.10426  102   56 2591.67329 2371.34773  8.50%   124 3342s
 323587 91892 2552.80851  113   68 2591.67329 2371.59415  8.49%   124 3345s
 324526 91984 2582.11309   87   55 2591.67329 2372.10497  8.47%   124 3351s
 324958 92071 2523.13483   91   44 2591.67329 2372.35297  8.46%   124 3355s
 325438 92073     cutoff   92      2591.67329 2372.65611  8.45%   124 3360s
 326060 92147 2574.73157   82   66 2591.67329 2372.88330  8.44%   124 3367s
 326508 92158 2499.92890  107   76 2591.67329 2373.16225  8.43%   124 3370s
 327420 92156 2541.79993   76   58 2591.67329 2373.71689  8.41%   124 3377s
 327893 92210 2530.87272   96   71 2591.67329 2373.99760  8.40%   124 3380s
 328796 92303 2536.64951  105   54 2591.67329 2374.38314  8.38%   124 3387s
 329250 92326 2562.16713  100   54 2591.67329 2374.59571  8.38%   124 3390s
 330082 92385 2424.31094   88   73 2591.67329 2375.15523  8.35%   124 3397s
 330592 92392 2391.74208   82   62 2591.67329 2375.39366  8.35%   124 3400s
 331506 92477 2568.38736   97   74 2591.67329 2375.77365  8.33%   124 3407s
 331978 92511 2448.44485   90   60 2591.67329 2376.03126  8.32%   124 3411s
 332866 92550 2402.53041  129   69 2591.67329 2376.50607  8.30%   124 3417s
 333307 92610     cutoff   75      2591.67329 2376.80617  8.29%   124 3422s
 333812 92633     cutoff   94      2591.67329 2377.08065  8.28%   124 3425s
 334712 92711 2549.50550  110   54 2591.67329 2377.49878  8.26%   124 3432s
 335174 92750     cutoff   97      2591.67329 2377.72725  8.26%   124 3435s
 336116 92854 2591.02723   79   46 2591.67329 2378.19596  8.24%   123 3441s
 336601 92924 2529.57418   74   69 2591.67329 2378.45475  8.23%   123 3445s
 337523 92978     cutoff   84      2591.67329 2378.97385  8.21%   123 3451s
 338023 92990 2445.72030   77   47 2591.67329 2379.07480  8.20%   123 3455s
 338941 93067     cutoff   93      2591.67329 2379.60757  8.18%   123 3461s
 339436 93081     cutoff  125      2591.67329 2379.90257  8.17%   123 3465s
 340366 93163 2455.12530   76  100 2591.67329 2380.41628  8.15%   123 3471s
 340875 93209     cutoff   69      2591.67329 2380.69927  8.14%   123 3475s
 341872 93318     cutoff   97      2591.67329 2381.09881  8.13%   123 3481s
 342340 93378     cutoff   85      2591.67329 2381.30212  8.12%   123 3485s
 343264 93419     cutoff   57      2591.67329 2381.68479  8.10%   123 3491s
 343742 93452     cutoff   97      2591.67329 2381.93162  8.09%   123 3496s
 344189 93507     cutoff   93      2591.67329 2382.17010  8.08%   123 3500s
 345159 93515 2529.79390   71   62 2591.67329 2382.60574  8.07%   123 3507s
 345692 93585 2525.78927   95   58 2591.67329 2382.92646  8.05%   123 3511s
 346724 93604 2516.51762   94   35 2591.67329 2383.34456  8.04%   123 3518s
 347164 93669 2559.05201   64   70 2591.67329 2383.61729  8.03%   123 3521s
*347324 84895             125    2552.4810545 2383.63120  6.62%   123 3521s
 347675 84823     cutoff   94      2552.48105 2383.83820  6.61%   123 3525s
 348191 84815 2442.77354   88   71 2552.48105 2384.24698  6.59%   123 3533s
 348602 84771     cutoff   95      2552.48105 2384.46865  6.58%   123 3537s
 348966 84727     cutoff  103      2552.48105 2384.77968  6.57%   123 3541s
 349907 84616     cutoff   91      2552.48105 2385.44521  6.54%   123 3548s
 350353 84576 2444.49661   61   64 2552.48105 2385.70858  6.53%   123 3552s
 350922 84540     cutoff   96      2552.48105 2386.12104  6.52%   123 3555s
 351827 84402     cutoff   53      2552.48105 2386.74323  6.49%   123 3562s
 352305 84395 2464.37216   77   63 2552.48105 2387.09341  6.48%   123 3565s
 353268 84312     cutoff   87      2552.48105 2387.75897  6.45%   123 3572s
 353742 84217     cutoff   74      2552.48105 2388.09451  6.44%   123 3576s
 354742 84113 2482.43051   72   76 2552.48105 2388.81584  6.41%   123 3583s
 355044 84050     cutoff   92      2552.48105 2389.12637  6.40%   123 3587s
 355504 83967 2512.27748  100   66 2552.48105 2389.40976  6.39%   123 3591s
 356489 83856     cutoff   80      2552.48105 2390.00312  6.37%   123 3598s
 356961 83801 2445.15022   95   71 2552.48105 2390.32008  6.35%   123 3601s
 357959 83682     cutoff   91      2552.48105 2390.91928  6.33%   123 3608s
 358438 83672     cutoff   76      2552.48105 2391.20447  6.32%   123 3611s
 358969 83592     cutoff   72      2552.48105 2391.50972  6.31%   123 3615s
 359941 83499     cutoff   82      2552.48105 2392.15285  6.28%   123 3622s
 360448 83436 2496.18297   79   68 2552.48105 2392.48409  6.27%   123 3626s
 361418 83320     cutoff   79      2552.48105 2393.14425  6.24%   123 3633s
 361888 83298 2543.78070   92   49 2552.48105 2393.39907  6.23%   123 3636s
 362841 83196     cutoff   94      2552.48105 2393.93001  6.21%   122 3643s
 363300 83101 2530.60757   68   62 2552.48105 2394.37069  6.19%   122 3646s
 363825 83035 2419.53428   96   68 2552.48105 2394.67220  6.18%   122 3650s
 364780 82960 2534.62242  119   69 2552.48105 2395.37977  6.15%   122 3657s
 365280 82865     cutoff   77      2552.48105 2395.65283  6.14%   122 3660s
 366229 82742 2473.54511   88   44 2552.48105 2396.19767  6.12%   122 3667s
 366711 82727 2536.93425   88   68 2552.48105 2396.51863  6.11%   122 3670s
 367621 82610 infeasible  116      2552.48105 2397.15134  6.09%   122 3677s
 368086 82559 2521.27430  118   57 2552.48105 2397.39031  6.08%   122 3681s
 369101 82433     cutoff   89      2552.48105 2398.05429  6.05%   122 3687s
 369536 82390     cutoff   71      2552.48105 2398.36550  6.04%   122 3691s
 370484 82264 2485.47643   85   69 2552.48105 2399.05520  6.01%   122 3697s
 370944 82209 2535.24973   89   39 2552.48105 2399.30729  6.00%   122 3701s
 371932 82114 infeasible   97      2552.48105 2399.93900  5.98%   122 3708s
 372306 82042 2495.82387   80   51 2552.48105 2400.11539  5.97%   122 3712s
 372795 81997 2504.70892   95   44 2552.48105 2400.48440  5.95%   122 3715s
 373753 81829 2405.62808   82   52 2552.48105 2401.03109  5.93%   122 3723s
 374280 81794 2483.90827   81   77 2552.48105 2401.33589  5.92%   122 3726s
 374810 81709 2521.66169   90   47 2552.48105 2401.64821  5.91%   122 3730s
 375746 81606 2476.66525   87   33 2552.48105 2402.13054  5.89%   122 3736s
 376212 81480     cutoff   62      2552.48105 2402.54894  5.87%   122 3740s
 377127 81317 2525.74306   90   37 2552.48105 2403.18735  5.85%   122 3747s
 377571 81199     cutoff   71      2552.48105 2403.51473  5.84%   122 3750s
 378549 81015     cutoff  127      2552.48105 2404.14438  5.81%   122 3757s
 379033 80954     cutoff   92      2552.48105 2404.47461  5.80%   122 3760s
 380052 80777     cutoff   53      2552.48105 2405.08968  5.77%   122 3767s
 380532 80670     cutoff  109      2552.48105 2405.39407  5.76%   122 3770s
 381478 80504 2488.98279   78   87 2552.48105 2406.09326  5.74%   122 3777s
 381986 80432 infeasible   93      2552.48105 2406.38733  5.72%   122 3781s
 382982 80186 2472.73781   69   87 2552.48105 2407.04309  5.70%   122 3788s
 383408 80124     cutoff   76      2552.48105 2407.34172  5.69%   122 3791s
 383883 80014 2472.29739   74   55 2552.48105 2407.68054  5.67%   122 3795s
 384800 79799 2526.99935  122   52 2552.48105 2408.46925  5.64%   122 3802s
 385320 79720     cutoff   82      2552.48105 2408.78390  5.63%   122 3806s
 386130 79524 2551.41688  106   81 2552.48105 2409.32561  5.61%   122 3813s
 386620 79435     cutoff   99      2552.48105 2409.63756  5.60%   122 3816s
 387566 79276 2415.47300   79   60 2552.48105 2410.24438  5.57%   122 3823s
 388074 79135     cutoff   77      2552.48105 2410.54973  5.56%   122 3827s
 388580 79044     cutoff  100      2552.48105 2410.85099  5.55%   122 3830s
H389479 78962                    2552.4775547 2411.21019  5.53%   122 3834s
H389597 78962                    2552.4774419 2411.50666  5.52%   122 3834s
 389643 78900 2496.79534   81   54 2552.47744 2411.50715  5.52%   122 3838s
 390169 78842     cutoff   78      2552.47744 2411.77110  5.51%   122 3842s
 390456 78782 2532.45570   77   99 2552.47744 2411.97912  5.50%   122 3846s
 390809 78718 2495.27265  101   77 2552.47744 2412.20310  5.50%   122 3850s
 391848 78550     cutoff   75      2552.47744 2412.90712  5.47%   121 3858s
 392324 78445     cutoff   66      2552.47744 2413.24680  5.45%   121 3861s
 392723 78289 2499.32101   81   36 2552.47744 2413.57017  5.44%   121 3865s
 393747 78048 2501.17520   95   73 2552.47744 2414.27126  5.41%   121 3873s
 394244 77914 infeasible   73      2552.47744 2414.62032  5.40%   121 3876s
 394730 77845 2454.68553   72   53 2552.47744 2414.94532  5.39%   121 3880s
 395746 77693 2524.97038   99   58 2552.47744 2415.48978  5.37%   121 3887s
 396252 77573 2548.58791   93   40 2552.47744 2415.79101  5.36%   121 3891s
 397324 77344 2499.06002   99   59 2552.47744 2416.44877  5.33%   121 3898s
 397867 77255     cutoff   75      2552.47744 2416.73588  5.32%   121 3902s
 398352 77091     cutoff   88      2552.47744 2417.09729  5.30%   121 3906s
 398887 76977 2509.33138  100   83 2552.47744 2417.48401  5.29%   121 3910s
 399916 76809     cutoff   66      2552.47744 2418.02262  5.27%   121 3917s
 400492 76680 2500.05566   89   60 2552.47744 2418.31568  5.26%   121 3921s
 401457 76398 2527.84003   89   49 2552.47744 2419.00317  5.23%   121 3928s
 402002 76262     cutoff   82      2552.47744 2419.30786  5.22%   121 3932s
 402448 76156     cutoff   92      2552.47744 2419.63319  5.20%   121 3935s
 403349 75903 2518.23364   81   56 2552.47744 2420.30433  5.18%   121 3943s
 403844 75815 2550.74163   87   72 2552.47744 2420.64418  5.16%   121 3946s
 404386 75641     cutoff   97      2552.47744 2420.97092  5.15%   121 3950s
 405497 75388     cutoff   92      2552.47744 2421.75404  5.12%   121 3957s
 405970 75319     cutoff   73      2552.47744 2422.09359  5.11%   121 3960s
 407065 75056     cutoff   83      2552.47744 2422.65248  5.09%   121 3967s
 407496 74947 2477.92149   92   70 2552.47744 2423.04946  5.07%   121 3971s
 408594 74717 2506.03566   91   87 2552.47744 2423.70492  5.05%   121 3978s
 409103 74542     cutoff   79      2552.47744 2424.00531  5.03%   121 3981s
 410100 74217     cutoff  153      2552.47744 2424.82716  5.00%   121 3988s
 410601 74059     cutoff   67      2552.47744 2425.16885  4.99%   121 3991s
 411124 73916     cutoff   93      2552.47744 2425.49965  4.97%   121 3995s
 412220 73580 2492.93237  113   76 2552.47744 2426.27843  4.94%   121 4002s
 412750 73436     cutoff  105      2552.47744 2426.65865  4.93%   121 4005s
 413740 73130     cutoff   68      2552.47744 2427.42980  4.90%   121 4013s
 414339 73004     cutoff   81      2552.47744 2427.78842  4.89%   121 4016s
 415365 72677 2531.93608  105   66 2552.47744 2428.53353  4.86%   121 4022s
 415891 72535 2534.78883   98   45 2552.47744 2428.89092  4.84%   120 4026s
 416934 72248     cutoff   84      2552.47744 2429.50998  4.82%   120 4033s
 417457 72059 2535.69693   96   54 2552.47744 2429.90524  4.80%   120 4036s
 418025 71913     cutoff   67      2552.47744 2430.33393  4.79%   120 4040s
 419117 71636 2454.14076   85   44 2552.47744 2430.93780  4.76%   120 4046s
 419644 71439 2523.50553   66   71 2552.47744 2431.33908  4.75%   120 4050s
 420767 71091 2523.51390   84   76 2552.47744 2432.15311  4.71%   120 4056s
 421271 70913 2516.12185   77   85 2552.47744 2432.50930  4.70%   120 4060s
 422263 70607     cutoff   76      2552.47744 2433.17414  4.67%   120 4066s
 422783 70496 2497.80510   79   91 2552.47744 2433.58543  4.66%   120 4070s
 423806 70205     cutoff  110      2552.47744 2434.19008  4.63%   120 4076s
 424316 70092     cutoff  102      2552.47744 2434.58880  4.62%   120 4080s
 425107 69826 2465.80238   93   72 2552.47744 2435.12923  4.60%   120 4087s
 425631 69666     cutoff  108      2552.47744 2435.45093  4.58%   120 4090s
 426641 69309     cutoff   83      2552.47744 2436.21464  4.55%   120 4097s
 427170 69140 2516.17504   91   54 2552.47744 2436.56862  4.54%   120 4101s
 428170 68779 2525.37362   76   50 2552.47744 2437.32764  4.51%   120 4108s
 428623 68605 2494.53269   69   84 2552.47744 2437.62655  4.50%   120 4111s
 429141 68427 2485.48723   86   53 2552.47744 2438.01029  4.48%   120 4115s
 430183 68101 2503.50233   89   78 2552.47744 2438.61969  4.46%   120 4121s
 430578 67955     cutoff   75      2552.47744 2438.96522  4.45%   120 4125s
 431647 67599 2547.06918  122   74 2552.47744 2439.59640  4.42%   120 4133s
 432227 67402 2521.23147   82   73 2552.47744 2439.97935  4.41%   120 4136s
 432852 67222     cutoff  140      2552.47744 2440.30112  4.39%   120 4140s
 433940 66792 2505.61008  122   56 2552.47744 2441.10243  4.36%   120 4147s
 434417 66611     cutoff   67      2552.47744 2441.45835  4.35%   120 4150s
 435456 66203 2493.89008   86   40 2552.47744 2442.14353  4.32%   120 4157s
 436042 66019     cutoff   76      2552.47744 2442.54719  4.31%   119 4161s
 437051 65699     cutoff   89      2552.47744 2443.28551  4.28%   119 4167s
 437553 65484     cutoff   71      2552.47744 2443.63454  4.26%   119 4171s
 438548 65171 2466.72754   82   72 2552.47744 2444.33408  4.24%   119 4177s
 439034 64925     cutoff   75      2552.47744 2444.70624  4.22%   119 4180s
 439592 64757 2527.72680   57   84 2552.47744 2445.07189  4.21%   119 4185s
 440526 64362     cutoff   67      2552.47744 2445.72479  4.18%   119 4192s
 440956 64174     cutoff   71      2552.47744 2446.03817  4.17%   119 4195s
 441981 63757     cutoff  102      2552.47744 2446.85982  4.14%   119 4202s
 442525 63574     cutoff   79      2552.47744 2447.18658  4.13%   119 4205s
 443584 63163     cutoff   66      2552.47744 2447.90481  4.10%   119 4212s
 444195 62900 2545.25173   71   54 2552.47744 2448.27671  4.08%   119 4216s
 445338 62399 2543.69047   60   95 2552.47744 2449.07799  4.05%   119 4223s
 445933 62149     cutoff   85      2552.47744 2449.48737  4.03%   119 4226s
 446506 61963     cutoff  106      2552.47744 2449.87471  4.02%   119 4230s
 447626 61522 2544.70710   75   55 2552.47744 2450.55467  3.99%   119 4236s
 448157 61283 2531.36497  100   55 2552.47744 2450.97067  3.98%   119 4240s
 449275 60855 2545.80788   95   65 2552.47744 2451.78711  3.94%   119 4247s
 449760 60623 2547.31807   67   71 2552.47744 2452.25880  3.93%   119 4251s
 450710 60170     cutoff   68      2552.47744 2452.96713  3.90%   119 4257s
 451202 59926 2539.33375   77   39 2552.47744 2453.47666  3.88%   119 4261s
 452409 59423 2477.42706   85   86 2552.47744 2454.18058  3.85%   119 4268s
 452984 59247 2532.22933   96   33 2552.47744 2454.59784  3.83%   119 4271s
 454018 58777     cutoff   93      2552.47744 2455.38105  3.80%   118 4278s
 454542 58515     cutoff   70      2552.47744 2455.78650  3.79%   118 4281s
 455650 58054     cutoff   82      2552.47744 2456.55274  3.76%   118 4288s
 456181 57810     cutoff   72      2552.47744 2456.84122  3.75%   118 4291s
 456759 57561     cutoff   74      2552.47744 2457.28913  3.73%   118 4295s
 457894 57084 2504.56040  114   47 2552.47744 2458.06756  3.70%   118 4301s
 458411 56813     cutoff   94      2552.47744 2458.39898  3.69%   118 4305s
 459496 56380 2514.65347   82   69 2552.47744 2459.12704  3.66%   118 4311s
 460047 56088     cutoff  121      2552.47744 2459.51098  3.64%   118 4315s
 461136 55599     cutoff   70      2552.47744 2460.27985  3.61%   118 4322s
 461673 55344     cutoff  112      2552.47744 2460.67427  3.60%   118 4325s
 462799 54801     cutoff   78      2552.47744 2461.44037  3.57%   118 4332s
 463343 54597     cutoff  104      2552.47744 2461.86490  3.55%   118 4335s
 464403 54076 2510.95436   92   86 2552.47744 2462.53793  3.52%   118 4342s
 464956 53809     cutoff   81      2552.47744 2462.91861  3.51%   118 4345s
 466099 53208 2529.61164   91   45 2552.47744 2463.78523  3.47%   118 4352s
 466591 52982     cutoff   72      2552.47744 2464.15680  3.46%   118 4355s
 467725 52360 2543.94860   78   71 2552.47744 2465.01924  3.43%   118 4362s
 468318 52041     cutoff   87      2552.47744 2465.48216  3.41%   117 4365s
 469478 51464     cutoff  105      2552.47744 2466.33451  3.37%   117 4371s
 470571 50951     cutoff  100      2552.47744 2467.13845  3.34%   117 4378s
 471026 50723 2507.59876   84   22 2552.47744 2467.53823  3.33%   117 4382s
 471440 50401 2549.82846  103   71 2552.47744 2467.87994  3.31%   117 4385s
 472472 49775 2532.63885   76   52 2552.47744 2468.69221  3.28%   117 4391s
 473611 49096     cutoff  101      2552.47744 2469.69497  3.24%   117 4397s
 474150 48756     cutoff  105      2552.47744 2470.31245  3.22%   117 4400s
 475354 48194     cutoff  105      2552.47744 2471.40359  3.18%   117 4406s
 476403 47603 2504.32850   82   51 2552.47744 2472.38493  3.14%   117 4412s
 477007 47274 infeasible   77      2552.47744 2472.74951  3.12%   117 4415s
 478133 46694     cutoff   96      2552.47744 2473.89726  3.08%   117 4421s
 479321 46205     cutoff   97      2552.47744 2474.82261  3.04%   117 4427s
 480290 45588     cutoff  120      2552.47744 2475.76905  3.01%   116 4432s
 480838 45222 2516.16172   85   29 2552.47744 2476.26405  2.99%   116 4435s
 481991 44563 2502.62072  117   54 2552.47744 2477.31209  2.94%   116 4440s
 483125 43879 2547.40061   76   77 2552.47744 2478.43100  2.90%   116 4446s
 484173 43219 2508.66598   88   56 2552.47744 2479.39453  2.86%   116 4452s
 484723 42911 2517.20556   77   86 2552.47744 2479.96307  2.84%   116 4455s
 485766 42246     cutoff   69      2552.47744 2480.89939  2.80%   116 4460s
 486902 41525 infeasible   88      2552.47744 2481.98976  2.76%   116 4465s
 488121 40844     cutoff   97      2552.47744 2483.11428  2.72%   116 4471s
 489208 40096 2493.96810  104   29 2552.47744 2484.07061  2.68%   116 4476s
 490350 39352     cutoff   89      2552.47744 2485.26505  2.63%   116 4481s
 491499 38789 2510.54285   90   33 2552.47744 2486.26647  2.59%   115 4487s
 492521 38000     cutoff  117      2552.47744 2487.14767  2.56%   115 4492s
 493666 37108     cutoff   89      2552.47744 2488.51565  2.51%   115 4497s
 494328 36713     cutoff  108      2552.47744 2489.14492  2.48%   115 4500s
 495493 35879 infeasible   80      2552.47744 2490.35561  2.43%   115 4505s
 496657 35125     cutoff  119      2552.47744 2491.52439  2.39%   115 4510s
 497822 34345     cutoff   99      2552.47744 2492.68596  2.34%   115 4515s
 498956 33539     cutoff   69      2552.47744 2493.76741  2.30%   115 4520s
 500134 32664     cutoff   89      2552.47744 2495.05108  2.25%   115 4525s
 501769 31471     cutoff   92      2552.47744 2496.87588  2.18%   114 4532s
 503008 30587     cutoff   69      2552.47744 2498.05594  2.13%   114 4537s
 504185 29643     cutoff   95      2552.47744 2499.43368  2.08%   114 4542s
 505495 28756     cutoff   79      2552.47744 2500.69667  2.03%   114 4547s
 506015 28303     cutoff   96      2552.47744 2501.38303  2.00%   114 4550s
 507839 26871 2545.40618  119   74 2552.47744 2503.36022  1.92%   114 4557s
 509028 25961     cutoff   75      2552.47744 2504.68106  1.87%   113 4561s
 510210 25294     cutoff  132      2552.47744 2506.11807  1.82%   113 4566s
 510945 24452     cutoff   76      2552.47744 2506.93865  1.78%   113 4571s
 512131 23456     cutoff   78      2552.47744 2508.33938  1.73%   113 4575s
 513946 21876     cutoff   82      2552.47744 2510.65969  1.64%   113 4581s
 515342 20765     cutoff   93      2552.47744 2512.32379  1.57%   113 4585s
 517180 19147     cutoff   80      2552.47744 2514.78137  1.48%   112 4591s
 518482 18172     cutoff   87      2552.47744 2516.41393  1.41%   112 4595s
 520240 16514     cutoff   91      2552.47744 2518.94636  1.31%   112 4601s
 521474 15416     cutoff  102      2552.47744 2520.64829  1.25%   112 4605s
 523408 13619     cutoff   99      2552.47744 2523.51405  1.13%   111 4610s
 525439 11801     cutoff   99      2552.47744 2526.58185  1.01%   111 4616s
 527422  9945     cutoff  104      2552.47744 2529.79092  0.89%   111 4621s
 529474  7902     cutoff  104      2552.47744 2533.36856  0.75%   110 4626s
 531623  5854     cutoff   88      2552.47744 2537.45300  0.59%   110 4630s
 533810  3640 infeasible   99      2552.47744 2541.76792  0.42%   110 4635s
 536088  1276     cutoff   97      2552.47744 2546.99167  0.21%   109 4640s

Cutting planes:
  Learned: 4
  Gomory: 41
  Cover: 538
  Implied bound: 177
  Projected implied bound: 130
  Clique: 4
  MIR: 245
  StrongCG: 1
  Flow cover: 1241
  GUB cover: 14
  Inf proof: 19
  Zero half: 64
  RLT: 164
  Relax-and-lift: 122

Warning: cleanup yields a better solution due to numeric instability

Explored 538253 nodes (58642882 simplex iterations) in 4642.50 seconds
Thread count was 8 (of 8 available processors)

Solution count 10: 2552.48 2591.67 2595.97 ... 2770.69
No other solutions better than 2552.48

Optimal solution found (tolerance 1.00e-04)
Best objective 2.552052055732e+03, best bound 2.552052055732e+03, gap 0.0000%
