
Gurobi 9.1.2 (win64) logging started Tue Nov 30 00:02:04 2021

Changed value of parameter LogFile to D2_S3_C30_d_trips_results_without_VI_newTW.log
   Prev:   Default: 
Changed value of parameter timeLimit to 18000.0
   Prev: inf  Min: 0.0  Max: inf  Default: inf
Gurobi Optimizer version 9.1.2 build v9.1.2rc0 (win64)
Thread count: 4 physical cores, 8 logical processors, using up to 8 threads
Optimize a model with 39643 rows, 14604 columns and 116025 nonzeros
Model fingerprint: 0xeba7b4d7
Variable types: 11055 continuous, 3549 integer (3549 binary)
Coefficient statistics:
  Matrix range     [1e-01, 1e+05]
  Objective range  [1e+00, 1e+00]
  Bounds range     [1e+00, 1e+10]
  RHS range        [1e+00, 1e+05]
Warning: Model contains large bounds
         Consider reformulating model or setting NumericFocus parameter
         to avoid numerical issues.
Presolve removed 24709 rows and 9765 columns
Presolve time: 0.42s
Presolved: 14934 rows, 4839 columns, 73971 nonzeros
Variable types: 2520 continuous, 2319 integer (2319 binary)

Root relaxation: objective -7.710950e+03, 5986 iterations, 0.55 seconds

    Nodes    |    Current Node    |     Objective Bounds      |     Work
 Expl Unexpl |  Obj  Depth IntInf | Incumbent    BestBd   Gap | It/Node Time

     0     0 -7710.9500    0  115          - -7710.9500      -     -    1s
     0     0 -7400.8231    0  115          - -7400.8231      -     -    1s
     0     0 -7400.2105    0  118          - -7400.2105      -     -    1s
     0     0 -5440.8884    0  292          - -5440.8884      -     -    3s
     0     0 -5179.8101    0  303          - -5179.8101      -     -    3s
     0     0 -5179.8101    0  302          - -5179.8101      -     -    3s
     0     0 -2704.0399    0  213          - -2704.0399      -     -    5s
     0     0 -2030.3744    0  181          - -2030.3744      -     -    6s
     0     0 -1712.8319    0  153          - -1712.8319      -     -    6s
     0     0 -1601.9323    0  163          - -1601.9323      -     -    6s
     0     0 -1601.9323    0  163          - -1601.9323      -     -    6s
     0     0 -1249.5968    0  135          - -1249.5968      -     -    7s
     0     0 -1185.1344    0  133          - -1185.1344      -     -    7s
     0     0 -1105.3136    0  127          - -1105.3136      -     -    7s
     0     0 -1105.3136    0  127          - -1105.3136      -     -    7s
     0     0 -944.95701    0  151          - -944.95701      -     -    8s
     0     0 -936.33162    0  149          - -936.33162      -     -    8s
     0     0 -936.27598    0  151          - -936.27598      -     -    8s
     0     0 -787.05564    0  127          - -787.05564      -     -    9s
     0     0 -786.84416    0  133          - -786.84416      -     -    9s
     0     0 -650.50701    0  143          - -650.50701      -     -   10s
     0     0 -647.27856    0  135          - -647.27856      -     -   10s
     0     0 -645.48790    0  134          - -645.48790      -     -   10s
     0     0 -645.48790    0  134          - -645.48790      -     -   10s
     0     0 -539.48119    0  136          - -539.48119      -     -   11s
     0     0 -480.65648    0  131          - -480.65648      -     -   11s
     0     0 -479.23435    0  132          - -479.23435      -     -   11s
     0     0 -455.20126    0  127          - -455.20126      -     -   11s
     0     0 -454.32687    0  136          - -454.32687      -     -   11s
     0     0 -444.92162    0  133          - -444.92162      -     -   12s
     0     0 -444.61877    0  141          - -444.61877      -     -   12s
     0     0 -412.85313    0  133          - -412.85313      -     -   12s
     0     0 -412.83387    0  134          - -412.83387      -     -   12s
     0     0 -401.39697    0  134          - -401.39697      -     -   13s
     0     0 -401.01744    0  141          - -401.01744      -     -   13s
     0     0 -397.53447    0  130          - -397.53447      -     -   13s
     0     0 -382.76999    0  139          - -382.76999      -     -   14s
     0     2 -382.76679    0  139          - -382.76679      -     -   17s
   104   113 2432.03787   19  106          - -373.70248      -   242   20s
   586   558 1847.20571   16   92          - -353.65019      -   133   25s
  1058   982 5462.23583   57  214          - -353.65019      -   116   33s
  1059   983 4636.96272   48  151          - -342.42470      -   116   35s
  1064   986 2061.92885   18  132          -  344.83572      -   116   40s
  1075   994 5850.65950   89  135          -  840.77160      -   115   45s
  1081   998 3785.24126   36  145          - 1307.67876      -   114   50s
  1091  1004 4491.41653   50  135          - 1527.54364      -   113   55s
  1101  1011 5252.32266   84  123          - 1669.69192      -   112   60s
  1118  1022 6529.93540   68  154          - 1858.38202      -   110   65s
  1131  1031 1992.59346   23  151          - 1992.59346      -   109   70s
  1142  1038 2400.64010   22  159          - 2039.02390      -   108   75s
  1154  1046 3570.75394   74  128          - 2119.93707      -   107   80s
  1170  1057 4892.85172   84  159          - 2184.31090      -   105   85s
  1182  1065 7816.02187   75  166          - 2215.45860      -   104   90s
  1196  1074 6081.64537   60  151          - 2322.75607      -   103   95s
  1211  1084 3214.46587   39  152          - 2436.51251      -   102  100s
  1224  1093 2499.58768   19  140          - 2499.58768      -   101  105s
  1236  1101 3260.01880   38  143          - 2558.90209      -   100  110s
  1247  1108 6267.76625   69  142          - 2709.61876      -  98.7  115s
  1258  1116 5462.23583   57  155          - 2756.63847      -  97.9  120s
  1270  1124 4892.85172   84  165          - 2784.89495      -  96.9  125s
  1278  1130 2785.26987    6  135          - 2785.26987      -   152  130s
  1281  1132 3785.24126   36  126          - 2785.26987      -   152  135s
  1285  1135 2785.26987   22  142          - 2785.26987      -   151  141s
  1294  1141 2848.29331   22  148          - 2848.29331      -   150  145s
  1306  1149 2981.59836   17  130          - 2981.59836      -   149  150s
  1321  1159 8129.39605   75  133          - 3080.26779      -   147  155s
  1335  1168 6230.89122   76  147          - 3120.32698      -   145  160s
  1345  1175 3766.98403   35  140          - 3140.45054      -   144  165s
  1359  1184 4636.96272   48  133          - 3225.87319      -   143  170s
  1370  1192 4892.85172   84  150          - 3259.34675      -   142  175s
  1384  1201 5509.44048   88  156          - 3337.30887      -   140  180s
  1395  1208 3353.24593   39  146          - 3353.24593      -   139  185s
  1403  1215 6390.94853   98  105          - 3353.47952      -   180  190s
  1406  1217 3353.47952   17  132          - 3353.47952      -   180  195s
  1408  1219 3353.47952   35  120          - 3353.47952      -   180  200s
  1412  1221 3830.58300   44  135          - 3353.47952      -   179  205s
  1422  1228 6559.82850   66  130          - 3405.39251      -   178  210s
  1434  1236 4598.42809   53  136          - 3443.17401      -   176  215s
  1446  1244 3450.76794   54  155          - 3450.76794      -   175  220s
  1451  1247 4351.08322   45  143          - 3451.53243      -   174  225s
  1453  1249 3454.85484   10  143          - 3454.85484      -   174  231s
  1454  1252 3454.85484   41  138          - 3454.85484      -   131  237s
  1456  1256 3459.46681   42  132          - 3459.46681      -   131  245s
  1487  1278 3514.55816   47  121          - 3514.55816      -   135  250s
  1558  1331 3548.69568   55  123          - 3527.43061      -   144  255s
  1678  1417 3704.39015   67  117          - 3527.43061      -   152  260s
  1822  1532 3922.32865   80  106          - 3527.43061      -   154  265s
  2049  1677 4117.92340   97  101          - 3527.43061      -   154  270s
  2299  1863 4346.46480  116   90          - 3527.43061      -   151  276s
  2590  2025 4354.81235  131  102          - 3527.43061      -   147  280s
  2813  2102 4421.19823  145  102          - 3527.43061      -   149  285s
  2952  2162 4513.19120  157  103          - 3527.43061      -   150  292s
  3069  2258 4590.14569  167  105          - 3527.43061      -   150  296s
  3223  2381 4791.71417  185   99          - 3527.43061      -   150  301s
  3455  2586 5165.07071  215   78          - 3527.43061      -   148  305s
  3784  2844 6957.20887  250   61          - 3527.43061      -   142  311s
  4187  3024 7280.79483  300   66          - 3527.43061      -   137  317s
  4514  3265 10063.0230  365   31          - 3564.57199      -   136  323s
  4741  3289 4087.71485   56   92          - 3564.57199      -   134  326s
  5084  3527 4315.77772   80   96          - 3564.57199      -   133  333s
  5239  3840 4643.10918  106   74          - 3564.57199      -   133  337s
  5620  4091 5487.46666  137   65          - 3564.57199      -   129  341s
  6072  4409 7622.10394  222   27          - 3580.27014      -   128  348s
  6294  4705 3905.48480   68   91          - 3580.28800      -   128  353s
  6596  5019 4167.39623   92   95          - 3580.28800      -   126  358s
  6961  5249 4740.57687  146   98          - 3580.28800      -   124  362s
  7229  5589 5235.40676  218   56          - 3581.40581      -   122  367s
  7601  5865 3724.05746   62   95          - 3601.26361      -   121  372s
  7913  6066 3988.41690   70   90          - 3601.26361      -   121  377s
  8151  6348 4687.69605   80   80          - 3601.26361      -   122  382s
  8460  6515 5297.59250  100   65          - 3601.26361      -   122  388s
  8629  6940 6263.01591  147   64          - 3604.07378      -   123  394s
  9092  7290 4153.51305   56   91          - 3604.12786      -   121  400s
H 9187  7120                    8621.8016476 3604.12786  58.2%   121  400s
H 9523  6308                    6700.5006172 3604.12786  46.2%   120  404s
H 9829  6276                    6526.7775528 3606.12291  44.7%   120  409s
H10101  6283                    6448.0430374 3609.16498  44.0%   120  413s
 10230  6628 4345.35855   87   82 6448.04304 3611.17680  44.0%   120  420s
H10644  6325                    6096.5985598 3612.81244  40.7%   120  425s
H10862  6464                    6012.3234172 3613.89516  39.9%   121  432s
H11037  6380                    5965.9416161 3614.66942  39.4%   121  432s
H11129  5825                    5656.9075479 3614.66942  36.1%   121  432s
H11263  6100                    5645.1293119 3614.66942  36.0%   121  439s
H11699  6214                    5540.3138057 3615.42139  34.7%   121  445s
H12029  5527                    5275.0405671 3619.29721  31.4%   120  445s
 12136  5978 4084.72801   91   94 5275.04057 3623.37628  31.3%   120  452s
H12719  6011                    5204.0688457 3623.45586  30.4%   119  458s
 13120  6431 3754.45562   65  109 5204.06885 3627.28139  30.3%   119  464s
 13645  6727 5167.05163  190   71 5204.06885 3632.69773  30.2%   118  469s
H13862  6670                    5186.8759967 3632.88989  30.0%   118  469s
 14051  6974 4913.76326  128   98 5186.87600 3637.02523  29.9%   118  475s
 14445  7238 3870.60609   64  107 5186.87600 3639.72195  29.8%   118  480s
 14784  7524 4266.98423   82   92 5186.87600 3639.72195  29.8%   118  486s
 15125  7908 5062.86193  110   83 5186.87600 3639.72195  29.8%   119  492s
 15628  8225 4967.54558  154   80 5186.87600 3646.74634  29.7%   118  497s
 16015  8538 3894.37698   65  115 5186.87600 3650.13987  29.6%   118  503s
 16374  8806 4092.98092   76  107 5186.87600 3651.21669  29.6%   118  509s
 16745  9097 5064.02345  121   44 5186.87600 3652.68290  29.6%   118  515s
 17139  9350 4274.46394   75  118 5186.87600 3653.13844  29.6%   118  520s
 17448  9745 3954.04174   87  104 5186.87600 3653.76326  29.6%   118  527s
 17914 10010 4344.97086  155   72 5186.87600 3655.72944  29.5%   117  533s
 18241 10254 4228.95006   76  119 5186.87600 3657.94250  29.5%   118  539s
 18486 10541 4304.82161   94   79 5186.87600 3657.94250  29.5%   119  545s
 18867 10885 4605.32807  152   70 5186.87600 3657.94558  29.5%   119  551s
 19284 11249 3959.47442   72  101 5186.87600 3658.83784  29.5%   119  557s
 19760 11747 5142.44488   84   91 5186.87600 3659.54027  29.4%   119  564s
 20362 12033 4141.25481   79  109 5186.87600 3664.01279  29.4%   118  570s
H20649 11919                    5170.2250610 3664.31632  29.1%   118  570s
 20736 11920 5087.86112  154  139 5170.22506 3664.47991  29.1%   118  648s
 20738 11921 4945.68059  118  100 5170.22506 3664.47991  29.1%   118  651s
 20741 11923 4868.32417   71  126 5170.22506 3664.47991  29.1%   118  655s
 20744 11925 4824.88506   86  119 5170.22506 3664.47991  29.1%   118  660s
 20757 11934 4341.05663  145  142 5170.22506 3664.47991  29.1%   118  665s
 20759 11935 5060.31127  227  130 5170.22506 3664.47991  29.1%   118  672s
 20760 11936 4688.33350   95  114 5170.22506 3664.47991  29.1%   118  677s
 20763 11938 4355.05536   81  135 5170.22506 3664.47991  29.1%   118  680s
 20764 11939 4007.65978   66  114 5170.22506 3664.47991  29.1%   118  685s
 20768 11941 4695.98702   79  123 5170.22506 3664.47991  29.1%   118  691s
 20770 11943 3909.75128   64  122 5170.22506 3664.47991  29.1%   118  696s
 20772 11944 4766.29048   97  119 5170.22506 3666.10709  29.1%   118  702s
 20775 11946 4240.40834   54  123 5170.22506 3687.68110  28.7%   118  709s
 20777 11947 4510.25473  110  126 5170.22506 3688.11874  28.7%   118  712s
 20778 11948 4687.13648  149  109 5170.22506 3721.98075  28.0%   118  716s
 20780 11949 4983.55856  138  124 5170.22506 3726.56372  27.9%   118  721s
H20782 11352                    5170.2249852 3739.09265  27.7%   118  727s
 20786 11354 3758.49813   65  121 5170.22499 3744.13544  27.6%   118  732s
H20789 10787                    5170.2249846 3749.77266  27.5%   118  737s
 20791 10789 4441.39438   83  132 5170.22498 3749.80965  27.5%   118  740s
 20794 10791 4998.50265  123  108 5170.22498 3762.02987  27.2%   117  745s
 20797 10793 4427.19505  113  120 5170.22498 3765.78240  27.2%   117  750s
 20800 10795 4707.73772  115  126 5170.22498 3767.50387  27.1%   117  755s
 20803 10797 5164.70285  118  112 5170.22498 3780.45651  26.9%   117  760s
 20806 10799 4775.90402  106  134 5170.22498 3782.22947  26.8%   117  765s
 20808 10800 4539.26724  116  118 5170.22498 3797.77818  26.5%   117  771s
 20810 10801 4916.96419  205  129 5170.22498 3799.71263  26.5%   117  775s
 20813 10803 4775.23892  127  126 5170.22498 3803.82016  26.4%   117  781s
 20816 10805 4907.82240  120  134 5170.22498 3806.78092  26.4%   117  786s
 20818 10807 5153.57439  144  132 5170.22498 3807.80268  26.4%   117  791s
 20820 10808 4057.47978   94  128 5170.22498 3812.91593  26.3%   117  795s
 20825 10811 4415.66233  111  130 5170.22498 3815.21364  26.2%   117  800s
 20829 10814 5043.90212   77  125 5170.22498 3836.91482  25.8%   117  805s
 20834 10817 5042.48548   83  129 5170.22498 3842.21620  25.7%   117  810s
 20839 10821 4289.19592   56  121 5170.22498 3869.88001  25.2%   117  818s
 20841 10822 4868.32417   71  120 5170.22498 3870.53176  25.1%   117  820s
 20844 10824 4824.88506   86  128 5170.22498 3876.16560  25.0%   117  825s
 20847 10826 4776.89923  112  112 5170.22498 3900.81203  24.6%   117  830s
 20850 10828 4088.71145   97  100 5170.22498 3927.44765  24.0%   117  835s
 20853 10830 4699.45577   68  123 5170.22498 3943.01899  23.7%   117  840s
 20856 10832 4294.51588  166  137 5170.22498 3946.77682  23.7%   117  845s
 20859 10834 5060.31127  227  146 5170.22498 3949.58725  23.6%   117  850s
 20862 10836 4972.20727   92  136 5170.22498 3951.60143  23.6%   117  857s
 20864 10837 4007.65978   66  111 5170.22498 3953.90151  23.5%   117  861s
 20868 10840 4695.98702   79  110 5170.22498 3961.80163  23.4%   117  867s
 20871 10842 4818.21938  217  120 5170.22498 3965.72645  23.3%   117  872s
 20873 10843 4386.50387  221  131 5170.22498 3967.79512  23.3%   117  877s
 20875 10845 4240.40834   54  114 5170.22498 3969.21251  23.2%   117  881s
 20878 10847 4687.13648  149  124 5170.22498 3971.74922  23.2%   117  886s
 20881 10849 5018.55898  102  114 5170.22498 3981.91464  23.0%   117  891s
 20884 10851 4847.56504   88  128 5170.22498 3983.03334  23.0%   117  897s
 20886 10852 3983.75576   65  131 5170.22498 3983.75576  22.9%   117  902s
 20888 10853 5035.42153  131  130 5170.22498 3983.87015  22.9%   117  907s
 20889 10854 5092.33162  105  130 5170.22498 3983.88629  22.9%   117  910s
 20891 10855 4441.39438   83  132 5170.22498 3985.06458  22.9%   117  915s
 20894 10857 4998.50265  123  116 5170.22498 3994.95409  22.7%   117  922s
 20899 10861 4980.91444  200  119 5170.22498 3998.62673  22.7%   117  928s
 20900 10861 4707.73772  115  120 5170.22498 3998.62673  22.7%   117  930s
 20903 10863 5164.70285  118  135 5170.22498 4003.77849  22.6%   117  936s
 20906 10865 4775.90402  106  157 5170.22498 4005.36541  22.5%   117  940s
 20909 10867 4484.51501   88  150 5170.22498 4012.45693  22.4%   117  945s
 20911 10869 4510.52738   98  148 5170.22498 4014.46544  22.4%   117  950s
 20915 10871 4016.63726   63  156 5170.22498 4016.63726  22.3%   117  955s
 20920 10875 4057.47978   94  155 5170.22498 4027.18620  22.1%   117  960s
 20924 10877 4722.29637  137  148 5170.22498 4032.49910  22.0%   117  965s
 20926 10879 5039.92714  104  157 5170.22498 4033.60648  22.0%   117  970s
H20926 10332                    5170.2249062 4041.35304  21.8%   117  972s
H20929  9814                    5170.2246931 4043.86681  21.8%   117  978s
 20932  9816 4611.61124  111  136 5170.22469 4044.60795  21.8%   117  980s
 20933  9816 4046.10445   76  115 5170.22469 4046.10445  21.7%   117  985s
 20937  9819 4577.40362  130  144 5170.22469 4050.26888  21.7%   117  990s
H20939  9326                    5170.2246751 4051.91612  21.6%   117  995s
 20943  9329 4417.00493  115  150 5170.22468 4052.37324  21.6%   117 1000s
 20946  9331 4318.87283   88  144 5170.22468 4052.91258  21.6%   117 1006s
H20947  8862                    5170.2245509 4053.21509  21.6%   117 1011s
 20951  8864 4238.40440   81  151 5170.22455 4053.92890  21.6%   117 1017s
 20953  8866 4699.45577   68  155 5170.22455 4054.14550  21.6%   117 1023s
 20954  8866 4793.58241  158  156 5170.22455 4054.17974  21.6%   117 1025s
 20956  8868 4294.51588  166  158 5170.22455 4054.19535  21.6%   117 1031s
 20960  8870 4688.33350   95  132 5170.22455 4058.40003  21.5%   117 1036s
 20963  8872 4355.05536   81  130 5170.22455 4059.81744  21.5%   117 1041s
 20966  8874 4466.89007  103  120 5170.22455 4061.20030  21.5%   117 1046s
 20969  8876 4308.19932   80  128 5170.22455 4063.12965  21.4%   117 1051s
 20972  8878 4766.29048   97  139 5170.22455 4064.76004  21.4%   116 1056s
 20978  8882 4687.13648  149  148 5170.22455 4067.75256  21.3%   116 1060s
 20988  8889 5035.42153  131  152 5170.22455 4070.42542  21.3%   116 1065s
 20998  8896 4802.51544  167  172 5170.22455 4072.10496  21.2%   116 1070s
 21005  8900 5083.83460  162  171 5170.22455 4072.21475  21.2%   116 1077s
 21007  8902 4623.48022   87  171 5170.22455 4075.30952  21.2%   116 1080s
 21011  8906 4510.52738   98  120 5170.22455 4075.30952  21.2%   120 1085s
 21014  8908 4075.30952   89  135 5170.22455 4075.30952  21.2%   120 1090s
 21017  8910 4540.89003  131  117 5170.22455 4075.30952  21.2%   120 1095s
 21030  8919 5094.75941  103  145 5170.22455 4075.30952  21.2%   120 1100s
 21035  8922 4678.83767  102  116 5170.22455 4120.87626  20.3%   120 1106s
 21039  8925 4289.19592   56  116 5170.22455 4134.82055  20.0%   120 1110s
 21044  8928 4824.88506   86  135 5170.22455 4138.70963  20.0%   120 1115s
 21048  8931 4417.78138  238  143 5170.22455 4141.40462  19.9%   120 1120s
 21052  8933 4434.35797   59  149 5170.22455 4144.85633  19.8%   120 1127s
 21055  8935 4189.62943  154  143 5170.22455 4145.83033  19.8%   120 1133s
 21056  8936 4294.51588  166  143 5170.22455 4145.88771  19.8%   120 1135s
 21059  8938 5060.31127  227  154 5170.22455 4146.73281  19.8%   120 1141s
 21061  8939 4602.44027   67  147 5170.22455 4146.87232  19.8%   120 1145s
 21064  8941 4146.91440   66  155 5170.22455 4146.91440  19.8%   120 1151s
 21066  8943 4466.89007  103  156 5170.22455 4147.00775  19.8%   120 1155s
 21068  8944 4695.98702   79  138 5170.22455 4148.01749  19.8%   120 1160s
 21072  8947 4766.29048   97  135 5170.22455 4164.23436  19.5%   120 1167s
 21074  8948 4165.52652   69  130 5170.22455 4165.52652  19.4%   119 1171s
 21076  8949 4262.25957  101  127 5170.22455 4166.28463  19.4%   119 1177s
 21078  8951 4687.13648  149  129 5170.22455 4167.55874  19.4%   119 1181s
 21081  8953 5018.55898  102  125 5170.22455 4168.48618  19.4%   119 1185s
 21086  8956 4169.77050   65  144 5170.22455 4169.77050  19.4%   119 1191s
 21088  8957 5035.42153  131  139 5170.22455 4170.43191  19.3%   119 1196s
 21090  8959 5018.12515  124  138 5170.22455 4171.13323  19.3%   119 1201s
 21094  8961 4998.50265  123  143 5170.22455 4173.65136  19.3%   119 1205s
 21097  8963 4427.19505  113  132 5170.22455 4175.34123  19.2%   119 1212s
 21100  8965 4707.73772  115  120 5170.22455 4177.69895  19.2%   119 1216s
 21102  8967 5156.61793  168  139 5170.22455 4178.36879  19.2%   119 1220s
 21104  8968 5056.58070  198  154 5170.22455 4179.70966  19.2%   119 1225s
 21109  8971 4484.51501   88  167 5170.22455 4180.52248  19.1%   119 1231s
 21119  8978 4804.31560  110  120 5170.22455 4192.43573  18.9%   119 1235s
 21127  8983 4454.13398  214  146 5170.22455 4194.05693  18.9%   119 1241s
 21137  8990 4577.40362  130  135 5170.22455 4196.30580  18.8%   119 1245s
 21148  8997 4417.78138  238  143 5170.22455 4200.32780  18.8%   119 1250s
 21153  9001 4699.45577   68  167 5170.22455 4200.50939  18.8%   119 1256s
 21156  9006 4203.70381   71  149 5170.22455 4203.70381  18.7%   123 1263s
 21158  9009 4206.50040   72  125 5170.22455 4204.87045  18.7%   123 1270s
 21166  9014 4617.10310   73  106 5170.22455 4209.26653  18.6%   123 1278s
 21170  9017 4215.44425   74  109 5170.22455 4209.26653  18.6%   123 1280s
 21183  9025 4628.56933   75  117 5170.22455 4213.95485  18.5%   123 1286s
 21206  9046 4237.76431   78   96 5170.22455 4237.76431  18.0%   123 1290s
 21243  9072 4373.13031   83   79 5170.22455 4242.78561  17.9%   124 1296s
 21279  9085 4694.68262   87  101 5170.22455 4242.78561  17.9%   124 1301s
 21325  9108 4490.55853   92   77 5170.22455 4242.78561  17.9%   124 1305s
 21383  9131 4392.96371   97   72 5170.22455 4242.78561  17.9%   124 1310s
 21498  9170 4972.17898  114   67 5170.22455 4242.78561  17.9%   124 1315s
 21686  9247 4778.09795  144   42 5170.22455 4242.78561  17.9%   125 1321s
 21877  9346 4888.33436  168   32 5170.22455 4242.78561  17.9%   125 1325s
 22126  9396 5155.00811  125   34 5170.22455 4243.96316  17.9%   125 1331s
 22268  9446 4397.23463   98   74 5170.22455 4243.98401  17.9%   125 1335s
 22507  9578 4586.25612  144   77 5170.22455 4243.98401  17.9%   125 1340s
H22691  9122                    5165.3519704 4243.98401  17.8%   125 1342s
 22892  9241 5064.29149  212   43 5165.35197 4313.01779  16.5%   124 1346s
H22969  8785                    5165.3519643 4313.01779  16.5%   124 1346s
 23180  8939 infeasible  147      5165.35196 4320.74378  16.4%   124 1350s
 23668  9223 5077.32870  144   85 5165.35196 4328.13265  16.2%   123 1355s
 24096  9344 4603.56161  109   74 5165.35196 4335.89590  16.1%   123 1360s
 24658  9655 4694.23064   97   90 5165.35196 4345.28876  15.9%   123 1366s
 25125  9868 4772.67142  132   70 5165.35196 4346.73662  15.8%   123 1371s
 25652 10171 4703.78376  117   70 5165.35196 4355.57659  15.7%   122 1376s
 26281 10446     cutoff   98      5165.35196 4358.79643  15.6%   122 1382s
 26653 10574 4692.34791  123   95 5165.35196 4361.51417  15.6%   122 1385s
 27383 10850     cutoff   97      5165.35196 4369.01182  15.4%   121 1391s
 28159 11098 5128.81525  122   96 5165.35196 4374.81205  15.3%   121 1397s
 28444 11153 4987.72866  131   69 5165.35196 4377.84178  15.2%   122 1404s
 28683 11368 4991.59308  151   43 5165.35196 4378.13215  15.2%   122 1408s
 29196 11460 4457.13888   91   93 5165.35196 4379.37313  15.2%   122 1411s
 29600 11583 4657.72567  123   78 5165.35196 4384.22004  15.1%   122 1415s
 30472 11510 4545.94900   95   94 5165.35196 4392.01234  15.0%   122 1425s
 31003 12047 5021.27217  197   60 5165.35196 4394.24032  14.9%   123 1437s
 31792 11966 5082.45007  134   67 5165.35196 4398.25175  14.9%   123 1441s
 32519 12348 4877.79154  114   69 5165.35196 4401.98630  14.8%   123 1448s
 32956 12583 4910.02525  158   67 5165.35196 4403.50402  14.7%   123 1451s
 33930 12919 4896.31591  110   80 5165.35196 4408.02597  14.7%   122 1457s
 34369 13069 4714.99155  105   81 5165.35196 4410.02598  14.6%   122 1460s
 35139 13265 4969.65334  139   98 5165.35196 4413.99042  14.5%   122 1467s
 35480 13419 4729.10417   88   93 5165.35196 4418.69604  14.5%   122 1470s
 35889 13508 4945.56946   99  105 5165.35196 4422.24958  14.4%   122 1477s
 36238 13798 4735.63844  102  107 5165.35196 4424.52302  14.3%   122 1481s
 37104 13937 4545.90606  140   84 5165.35196 4427.77535  14.3%   122 1487s
 37437 14149 4674.65561  162   77 5165.35196 4427.77535  14.3%   122 1490s
 38311 14328 4861.03801   99   88 5165.35196 4432.07486  14.2%   122 1497s
 38666 14527 4784.55597  107   87 5165.35196 4434.33853  14.2%   122 1500s
 39507 14821 4802.09327   96   88 5165.35196 4437.30408  14.1%   122 1507s
 39953 14993     cutoff   91      5165.35196 4438.78982  14.1%   122 1510s
 40972 15434 4877.76528  104   65 5165.35196 4442.16299  14.0%   122 1517s
 41498 15532 4882.94711  149   47 5165.35196 4446.25303  13.9%   121 1524s
 41952 15592 4925.98163  124   91 5165.35196 4447.47103  13.9%   122 1530s
 42873 15918 4968.84058  117   74 5165.35196 4453.22765  13.8%   122 1537s
 43379 15985 4672.96147   88   83 5165.35196 4454.51571  13.8%   122 1540s
 44147 16282 4715.68482   99   87 5165.35196 4459.13747  13.7%   122 1547s
 44571 16440 5052.34766  136   70 5165.35196 4459.81390  13.7%   122 1551s
 45365 16640 5028.41375  146   42 5165.35196 4463.50481  13.6%   122 1558s
 45840 16979 4987.78314  112   82 5165.35196 4465.95594  13.5%   122 1562s
 46343 17377 5120.03830  147   65 5165.35196 4466.80344  13.5%   122 1565s
 47429 18020 4579.42763  118   75 5165.35196 4470.10928  13.5%   121 1571s
 48287 18619 4673.36914  105  106 5165.35196 4473.04216  13.4%   121 1578s
 48743 18929 4947.85887  103   84 5165.35196 4474.10154  13.4%   121 1581s
 49799 19766 5087.38192  150   39 5165.35196 4477.35094  13.3%   121 1588s
 50256 20046     cutoff  198      5165.35196 4478.88073  13.3%   120 1591s
 51124 20408 4894.90308  109  104 5165.35196 4480.93337  13.3%   120 1600s
 51733 21084 5083.64492  114   59 5165.35196 4482.40010  13.2%   120 1609s
 52287 21384 5006.61034   94   69 5165.35196 4484.01007  13.2%   120 1612s
 52698 21732 4921.80772  111   99 5165.35196 4485.33802  13.2%   120 1615s
 53478 22093     cutoff  115      5165.35196 4486.93699  13.1%   120 1621s
 54277 22689 5025.02574  176   49 5165.35196 4489.79118  13.1%   120 1627s
 54723 22895 4845.14747  122   98 5165.35196 4492.37893  13.0%   120 1630s
 55563 23444 4590.72506   97   64 5165.35196 4495.14731  13.0%   119 1636s
 56428 24136 4763.60532   93   74 5165.35196 4496.85769  12.9%   119 1642s
 56879 24492 5148.36904  168   63 5165.35196 4498.46234  12.9%   119 1645s
 57871 25134 5024.12052  132   51 5165.35196 4500.42446  12.9%   119 1651s
 58673 25468     cutoff  112      5165.35196 4503.03707  12.8%   119 1656s
 59458 26013 4894.77571  178   61 5165.35196 4504.96543  12.8%   119 1662s
 59850 26268     cutoff  142      5165.35196 4506.85953  12.7%   118 1665s
 60683 26819 4908.90463  123   58 5165.35196 4509.12862  12.7%   118 1671s
 61540 27366 5117.30621  102   80 5165.35196 4511.43832  12.7%   118 1677s
 61888 27560 4902.78091  106  113 5165.35196 4512.14754  12.6%   118 1680s
 62299 27956 5102.13531   92   96 5165.35196 4513.43722  12.6%   118 1686s
 63388 28547 4959.29170  107  103 5165.35196 4515.01571  12.6%   118 1692s
 63726 28892 4919.27036   95   77 5165.35196 4515.79499  12.6%   118 1695s
 64550 29391 5024.30195  131   81 5165.35196 4518.08584  12.5%   118 1700s
 65449 30076 5117.05809  116   75 5165.35196 4519.40823  12.5%   117 1705s
 66306 30641 5126.73279  203   66 5165.35196 4521.44696  12.5%   117 1710s
 67047 30902     cutoff  109      5165.35196 4523.12509  12.4%   117 1715s
 67554 31262 4975.68663   99   74 5165.35196 4524.40970  12.4%   117 1720s
 68323 31785 4684.33888  100   91 5165.35196 4525.25231  12.4%   117 1726s
 69044 32398 4898.93802  175   67 5165.35196 4526.12736  12.4%   117 1731s
 69832 32727 4756.22400  135   88 5165.35196 4527.32465  12.4%   117 1737s
 70123 33056 5119.58348  139   65 5165.35196 4527.55298  12.3%   117 1740s
 70973 33436 4866.81499   96   94 5165.35196 4529.22165  12.3%   117 1745s
 71678 33823 5005.28732  144   55 5165.35196 4531.45017  12.3%   117 1751s
 72577 34455 4807.48224  139   70 5165.35196 4532.45176  12.3%   116 1764s
 73081 34651 4673.21552  142   44 5165.35196 4532.95792  12.2%   116 1768s
 73480 34823 4751.41710  109   43 5165.35196 4534.06816  12.2%   117 1772s
 73939 35080     cutoff  131      5165.35196 4534.62384  12.2%   117 1776s
 74924 35654 5153.01464  137   49 5165.35196 4537.32781  12.2%   117 1783s
 75432 35877 4671.75555  143   72 5165.35196 4538.23428  12.1%   117 1786s
 75836 36339 4692.50930  145   66 5165.35196 4538.87848  12.1%   117 1790s
 76922 36912 4632.30759  114  105 5165.35196 4540.94821  12.1%   116 1795s
 77810 37531 4748.03746  124   88 5165.35196 4542.68478  12.1%   116 1802s
 78576 37940 4840.77130  110  129 5165.35196 4544.47499  12.0%   116 1807s
 78952 38187 4917.11568   96   77 5165.35196 4545.35255  12.0%   116 1810s
 79682 38567 4816.53935  102   77 5165.35196 4546.97256  12.0%   116 1816s
 80562 39179     cutoff  211      5165.35196 4548.09505  11.9%   116 1822s
 81034 39460 5107.48528  209   33 5165.35196 4548.66596  11.9%   116 1826s
 81511 39673 4573.59729   93  101 5165.35196 4549.86877  11.9%   116 1834s
 81834 39914 5021.06499  113   68 5165.35196 4550.59271  11.9%   116 1838s
 82302 40075 4886.70746  129   62 5165.35196 4551.21582  11.9%   116 1840s
 82932 40482 4979.38731  115   80 5165.35196 4552.59051  11.9%   116 1849s
 83377 40779 4975.05776  149   57 5165.35196 4553.23288  11.9%   116 1853s
 83889 41069 5068.27755  106   94 5165.35196 4554.29313  11.8%   116 1856s
 84744 41479 4993.48968  127   52 5165.35196 4555.33009  11.8%   116 1862s
 85092 41731 4773.73398  108   79 5165.35196 4556.11524  11.8%   116 1865s
 85856 42148 4939.31180  106   45 5165.35196 4557.89196  11.8%   116 1872s
 86218 42326 4766.92962  113  102 5165.35196 4558.75971  11.7%   116 1875s
 86987 42909 5116.02067  108   92 5165.35196 4559.81347  11.7%   116 1882s
 87375 43206     cutoff  113      5165.35196 4560.87414  11.7%   116 1886s
 88320 43867 4850.23632  107   58 5165.35196 4561.48045  11.7%   116 1893s
 88771 44127 4641.31746   87   87 5165.35196 4562.42175  11.7%   116 1896s
 89224 44385 4721.66671   90   63 5165.35196 4563.26331  11.7%   116 1900s
 90007 44791 5057.11135  109   76 5165.35196 4564.81633  11.6%   116 1906s
 90882 45262 4898.72456  122   71 5165.35196 4565.80445  11.6%   116 1913s
 91294 45524 5088.01991  144   55 5165.35196 4566.55866  11.6%   116 1916s
 92094 45908 4814.49637  134  114 5165.35196 4567.87674  11.6%   115 1923s
 92409 46142 infeasible  111      5165.35196 4568.48740  11.6%   116 1926s
 93365 46702 4959.81309  122  118 5165.35196 4570.32542  11.5%   115 1935s
 94242 47099 5047.08896  178   81 5165.35196 4570.73040  11.5%   115 1942s
 94660 47252     cutoff  121      5165.35196 4571.89228  11.5%   115 1945s
 95553 47899 4666.67127   95  103 5165.35196 4573.34308  11.5%   115 1953s
 95931 48209 4824.58613  139   64 5165.35196 4574.07452  11.4%   115 1956s
 96383 48460 5060.29266  173   49 5165.35196 4574.44478  11.4%   115 1960s
 97248 48873 5136.49405  142   56 5165.35196 4576.41763  11.4%   115 1966s
 97600 48969 4738.07403  108   68 5165.35196 4576.65811  11.4%   115 1970s
 98213 49378 5015.98215  107  105 5165.35196 4578.30172  11.4%   115 1977s
 98663 49794 4965.80240  133   64 5165.35196 4579.02706  11.4%   115 1981s
 99698 50269 4872.63092  144   71 5165.35196 4580.19307  11.3%   115 1987s
 100064 50453     cutoff  130      5165.35196 4580.37325  11.3%   115 1991s
 100775 50819 4770.68149   98  103 5165.35196 4581.32624  11.3%   115 1997s
 101146 50992 5027.89964  114   73 5165.35196 4581.38815  11.3%   115 2001s
 101826 51464 5002.71372  151   60 5165.35196 4582.18702  11.3%   115 2007s
 102396 51765 4900.77904  118   81 5165.35196 4583.00784  11.3%   115 2011s
 103274 52149 5090.64604  131   39 5165.35196 4583.94482  11.3%   115 2017s
 103706 52344 5160.27318  148   44 5165.35196 4584.36504  11.2%   115 2024s
 104159 52475 5155.97304  110   36 5165.35196 4585.30717  11.2%   115 2033s
 104400 52666 5154.33825  145   52 5165.35196 4585.40614  11.2%   115 2038s
 104982 53034 4723.94340  124   95 5165.35196 4586.11180  11.2%   115 2043s
 105562 53364 4948.91441  114   46 5165.35196 4587.03297  11.2%   115 2047s
 106181 53661 4772.98393  112   63 5165.35196 4587.78647  11.2%   115 2051s
 107230 54303 5097.21332  116   86 5165.35196 4589.00767  11.2%   115 2057s
 107733 54602 4614.19407  104   71 5165.35196 4589.53414  11.1%   115 2061s
 108612 55109 4855.86760  113   75 5165.35196 4590.91468  11.1%   114 2067s
 109071 55372 4909.72319   96   62 5165.35196 4591.63842  11.1%   114 2070s
 109984 55802 4908.16925  124  120 5165.35196 4592.49484  11.1%   114 2076s
 110706 56335 5112.33687  113   48 5165.35196 4592.99372  11.1%   114 2082s
 111113 56525 5126.82755  125   51 5165.35196 4594.05434  11.1%   114 2085s
 111933 57141 5025.11458   97   63 5165.35196 4594.99034  11.0%   114 2092s
 112407 57391 4997.68216  123   90 5165.35196 4595.58233  11.0%   114 2095s
 113261 57852 5095.56237  112   67 5165.35196 4596.71710  11.0%   114 2101s
 114118 58521     cutoff   99      5165.35196 4597.91831  11.0%   114 2109s
 114700 58713 5031.71930  123   94 5165.35196 4598.35237  11.0%   114 2112s
 115412 59132 4936.21750  118   79 5165.35196 4599.06124  11.0%   114 2117s
 115786 59494 4993.23921   97   83 5165.35196 4599.52603  11.0%   114 2121s
 116737 60146 5054.91279  166   47 5165.35196 4600.24907  10.9%   114 2127s
 117200 60412 4770.59337  104   91 5165.35196 4601.07239  10.9%   114 2130s
 118058 60809 5130.99075  123   63 5165.35196 4601.92419  10.9%   114 2135s
 118746 61172 4907.10706  113   77 5165.35196 4602.33264  10.9%   114 2141s
 119435 61503 5045.16375  129   87 5165.35196 4603.07218  10.9%   114 2146s
 120146 61955 4877.12541  120   77 5165.35196 4603.79571  10.9%   114 2152s
 120549 62119 5013.50336  119   54 5165.35196 4604.02418  10.9%   114 2155s
 121378 62683 5105.71438  105   69 5165.35196 4604.95698  10.8%   113 2161s
 122292 63266 5050.47452  150   91 5165.35196 4605.66192  10.8%   113 2166s
 123116 63720 5093.64381  129   82 5165.35196 4606.73823  10.8%   113 2172s
 123536 63887 5083.72215  111   80 5165.35196 4607.22663  10.8%   113 2175s
 124224 64362 4810.20306  104   91 5165.35196 4608.07324  10.8%   113 2180s
 124654 64538 4879.31261   96   81 5165.35196 4608.70045  10.8%   113 2186s
 124991 64943 4829.02170  125  101 5165.35196 4608.83790  10.8%   113 2190s
 126058 65413 4934.62884  100   67 5165.35196 4610.18599  10.7%   113 2196s
 126972 66059 4720.11269  109   65 5165.35196 4611.85408  10.7%   113 2203s
 127474 66316 5027.25332  122   97 5165.35196 4612.14041  10.7%   113 2205s
 128262 66707 4655.92278  100   90 5165.35196 4613.15274  10.7%   113 2211s
 128663 66978 4825.28439  116  110 5165.35196 4613.44988  10.7%   113 2215s
 129513 67464 4923.59635  112   95 5165.35196 4614.10204  10.7%   113 2220s
 130250 67919 5151.18218  135   33 5165.35196 4615.02754  10.7%   113 2226s
 130688 68087 4946.10773  100   88 5165.35196 4615.50245  10.6%   113 2235s
 131327 68538 4943.47513  217   28 5165.35196 4616.37883  10.6%   113 2242s
 131732 68737 4956.13785  164   76 5165.35196 4616.76195  10.6%   113 2245s
 132572 69303     cutoff  110      5165.35196 4617.53423  10.6%   113 2251s
 133002 69513 4884.19443  110  104 5165.35196 4618.05250  10.6%   113 2255s
 133814 69933 4962.84017  110   93 5165.35196 4619.43433  10.6%   113 2261s
 134658 70440 5146.54871   99   92 5165.35196 4620.43104  10.5%   113 2267s
 135082 70703 5031.03678  135   31 5165.35196 4620.86422  10.5%   113 2272s
 135578 70962 4867.26046  125   59 5165.35196 4621.36853  10.5%   113 2275s
 136332 71299 4973.62558   97   61 5165.35196 4622.08476  10.5%   113 2281s
 137070 71848 4990.51278  146   77 5165.35196 4622.71144  10.5%   113 2287s
 137527 72115 4997.60165  133   46 5165.35196 4623.01434  10.5%   113 2290s
 138309 72633     cutoff  112      5165.35196 4623.61740  10.5%   113 2296s
 139069 73101 4854.19735   97   79 5165.35196 4624.19305  10.5%   113 2302s
 139500 73272 5039.86291   93   90 5165.35196 4624.71513  10.5%   113 2306s
 140415 73798 4978.36480  155   42 5165.35196 4625.50625  10.5%   113 2312s
 140791 74128 4746.81938  141   56 5165.35196 4625.88603  10.4%   113 2315s
 141779 74805 4661.86785  108   83 5165.35196 4626.77024  10.4%   113 2321s
 142336 75151 infeasible  145      5165.35196 4627.04034  10.4%   113 2325s
 143297 75531 4995.69046  111   70 5165.35196 4627.82418  10.4%   113 2331s
 144086 76008 5018.32321  105   84 5165.35196 4628.41043  10.4%   113 2337s
 144577 76209 4790.27556  117   62 5165.35196 4628.70557  10.4%   113 2340s
 145469 77034 4719.47387   98   74 5165.35196 4629.59370  10.4%   112 2348s
 146074 77210 4772.63292  138   54 5165.35196 4629.96634  10.4%   112 2351s
 146632 77542 5050.37476  142   35 5165.35196 4630.45227  10.4%   112 2356s
 147250 77866     cutoff  110      5165.35196 4631.08847  10.3%   112 2362s
 147719 78144 5055.10257  112   78 5165.35196 4631.22214  10.3%   112 2365s
 148587 78590 4818.61443  127   82 5165.35196 4632.22046  10.3%   112 2372s
 149327 78904 5151.68274   97   81 5165.35196 4632.99707  10.3%   112 2377s
 149679 79209 4738.85772  123   43 5165.35196 4633.54177  10.3%   112 2380s
 150645 79681 4916.04383  199   69 5165.35196 4634.31031  10.3%   112 2387s
 151042 79892 4928.24071   87   81 5165.35196 4634.83580  10.3%   112 2390s
 151973 80405 5014.66996   96   74 5165.35196 4635.44952  10.3%   112 2396s
 152758 80994 4835.75898  116   86 5165.35196 4636.47333  10.2%   112 2403s
 153336 81395 4677.63300  138   43 5165.35196 4637.02553  10.2%   112 2406s
 154316 81912 4983.94490  126   56 5165.35196 4637.56052  10.2%   112 2412s
 154791 82099     cutoff  120      5165.35196 4637.64349  10.2%   112 2415s
 155558 82539 5128.93079  134   26 5165.35196 4638.05432  10.2%   112 2421s
 155998 82766 5086.43844  162   67 5165.35196 4638.18935  10.2%   112 2427s
 156499 82955 5038.91936  132   73 5165.35196 4638.42558  10.2%   112 2430s
 157191 83305 4812.63385  140   98 5165.35196 4639.18172  10.2%   112 2443s
 157573 83661 5090.10226  149   60 5165.35196 4639.28078  10.2%   112 2447s
 158119 84039 5049.80659  138   65 5165.35196 4639.72930  10.2%   112 2452s
 158726 84254 4942.50389  108   45 5165.35196 4640.28217  10.2%   112 2455s
 159661 84594 4910.96556  174   53 5165.35196 4641.00673  10.2%   112 2462s
 160125 84841 4728.71203  141   80 5165.35196 4641.49193  10.1%   112 2465s
 161010 85300 4854.88243   96   69 5165.35196 4642.25165  10.1%   112 2474s
 161415 85552 4825.06273  109  107 5165.35196 4642.72402  10.1%   112 2477s
 161846 85750 4920.20810  116   61 5165.35196 4643.01725  10.1%   112 2480s
 162591 86313 4801.00248  106   87 5165.35196 4643.82670  10.1%   112 2487s
 163099 86639 4684.36830  108   94 5165.35196 4644.18625  10.1%   112 2491s
 164049 87144 5118.62673  112   97 5165.35196 4644.93306  10.1%   112 2497s
 164483 87271 4756.86965  144   51 5165.35196 4645.20813  10.1%   112 2500s
 165257 87628 4927.39670  141   72 5165.35196 4645.92918  10.1%   112 2507s
 165687 87896     cutoff  119      5165.35196 4646.32918  10.0%   112 2510s
 166562 88432 4932.27568  116   65 5165.35196 4646.99470  10.0%   112 2518s
 167068 88625 4920.00500  105   73 5165.35196 4647.47978  10.0%   112 2521s
 167883 89171 5041.23180  141   79 5165.35196 4648.09646  10.0%   112 2527s
 168301 89462 5029.98339  176   85 5165.35196 4648.34729  10.0%   112 2530s
 169151 89744 5062.16072  119   71 5165.35196 4649.11113  10.0%   112 2536s
 169618 90192 4903.25147  126   85 5165.35196 4649.30522  10.0%   112 2542s
 170071 90457 4683.92408  101   89 5165.35196 4649.47333  10.0%   112 2545s
 170927 90948 5085.56818  149   72 5165.35196 4649.85475  10.0%   112 2551s
 171730 91464 4955.65725  131   54 5165.35196 4650.55445  10.0%   112 2558s
 172188 91656 5120.72530  119   81 5165.35196 4650.84230  10.0%   112 2560s
 173006 92286 4711.31004   79  102 5165.35196 4651.43734  9.95%   112 2567s
 173461 92525 4797.44199  154  124 5165.35196 4651.91664  9.94%   112 2570s
 174383 92973 5105.54924  132   48 5165.35196 4652.64171  9.93%   112 2576s
 174749 93222 5124.85458   89   78 5165.35196 4653.09808  9.92%   112 2580s
 175630 93671 4979.53738  144   77 5165.35196 4653.87225  9.90%   112 2585s
 176568 94157 5158.85081   89   43 5165.35196 4654.71356  9.89%   112 2592s
 176894 94472 4902.89649  170   52 5165.35196 4654.88907  9.88%   112 2597s
 177376 94793 4846.65246  117   44 5165.35196 4655.16182  9.88%   112 2600s
 178151 95195 5137.90333  147   78 5165.35196 4655.70732  9.87%   112 2606s
 178942 95530 4998.69383  189   53 5165.35196 4656.37287  9.85%   112 2612s
 179345 95657 4829.96239  101   42 5165.35196 4656.89025  9.84%   112 2615s
 180069 96084 5112.51359  141   49 5165.35196 4657.21283  9.84%   112 2622s
 180409 96277 5160.32505  146   56 5165.35196 4657.56549  9.83%   112 2625s
 181369 96745 4711.94530   80   73 5165.35196 4657.95639  9.82%   112 2632s
 181733 97040 5080.41019  126   37 5165.35196 4658.09923  9.82%   112 2636s
 182701 97648 4992.53998  155   52 5165.35196 4658.91398  9.80%   112 2643s
 183206 97833     cutoff  103      5165.35196 4659.16817  9.80%   112 2646s
 184067 98189 5156.64281  164   50 5165.35196 4659.94369  9.78%   112 2652s
 184433 98419 4954.83319  134   93 5165.35196 4660.18602  9.78%   112 2655s
 185405 99040 5064.36928   98   61 5165.35196 4660.82826  9.77%   111 2662s
 185839 99329 4759.80724  126   94 5165.35196 4661.09935  9.76%   111 2665s
 186701 99844 4946.93299  146   54 5165.35196 4661.58439  9.75%   111 2679s
 187015 100093 4898.38146  163   61 5165.35196 4661.72808  9.75%   111 2682s
 187389 100352 4997.80012  127   96 5165.35196 4662.11596  9.74%   111 2688s
 187842 100566 4915.91555  109  123 5165.35196 4662.44521  9.74%   111 2691s
 188238 100785 4887.98182  160   54 5165.35196 4662.58156  9.73%   111 2695s
 189085 101127 4975.93380  123  106 5165.35196 4662.98842  9.73%   111 2701s
 189426 101377 5095.09227  111   63 5165.35196 4663.26401  9.72%   111 2705s
 190306 101858 4981.47869   99  103 5165.35196 4663.76312  9.71%   111 2712s
 190708 102266 4923.07928  156   51 5165.35196 4664.01002  9.71%   111 2716s
 191767 102844 4738.44478  129   81 5165.35196 4664.50739  9.70%   111 2722s
 192235 103040 infeasible  109      5165.35196 4664.76061  9.69%   111 2725s
 193055 103639     cutoff  111      5165.35196 4665.46149  9.68%   111 2731s
 193509 103843     cutoff  116      5165.35196 4665.85961  9.67%   111 2735s
 194273 104357 4794.73444  159   62 5165.35196 4666.26737  9.66%   111 2741s
 195142 104744     cutoff  134      5165.35196 4666.84702  9.65%   111 2748s
 195562 104982 5114.89736  145   37 5165.35196 4667.19991  9.64%   111 2751s
 196451 105557     cutoff  100      5165.35196 4667.61746  9.64%   111 2757s
 196888 105892 5115.79232  139   67 5165.35196 4667.80130  9.63%   111 2760s
 197893 106431 5051.01737  273   47 5165.35196 4668.21076  9.62%   111 2769s
 198334 106728     cutoff  105      5165.35196 4668.56649  9.62%   111 2772s
 198812 106916 4705.40449  119  107 5165.35196 4668.81953  9.61%   111 2776s
 199596 107299 4973.90881  103   70 5165.35196 4669.65857  9.60%   111 2782s
 199988 107639 4909.14210  133   59 5165.35196 4669.97259  9.59%   111 2786s
 201102 108332     cutoff  193      5165.35196 4670.20638  9.59%   111 2793s
 201599 108579 4824.76135  115   81 5165.35196 4670.55700  9.58%   111 2795s
 202394 108978 5134.71399  208   93 5165.35196 4670.89282  9.57%   111 2801s
 202819 109215 5070.90357  158   61 5165.35196 4671.18590  9.57%   111 2805s
 203604 109645 5047.37936  239   43 5165.35196 4671.64130  9.56%   111 2811s
*203949 90870             172    5085.0050100 4671.77697  8.13%   111 2811s
H204111 83453                    5063.5450701 4671.77697  7.74%   111 2814s
 204262 83624 4904.05980  194  109 5063.54507 4671.85571  7.74%   111 2818s
 204600 83743     cutoff  120      5063.54507 4672.01754  7.73%   111 2821s
 205184 84001 5037.46982  176   31 5063.54507 4672.77047  7.72%   111 2828s
 205499 84178 4933.73259  107   69 5063.54507 4672.98584  7.71%   111 2831s
 205893 84338     cutoff  147      5063.54507 4673.24776  7.71%   111 2835s
 206615 84683     cutoff  101      5063.54507 4673.93525  7.69%   111 2841s
 207342 84951 4991.85970  110  103 5063.54507 4674.84733  7.68%   111 2847s
 207730 85056     cutoff  135      5063.54507 4675.19891  7.67%   111 2850s
 208398 85397 4983.16930  169   50 5063.54507 4676.17082  7.65%   111 2859s
 208748 85726 4842.51568  118   64 5063.54507 4676.57942  7.64%   111 2863s
 209304 85805 4862.40119  106   74 5063.54507 4677.01176  7.63%   111 2867s
 209667 86013 5015.03234  116   79 5063.54507 4677.71960  7.62%   111 2870s
 210153 86220 4739.00793  113   85 5063.54507 4678.06976  7.61%   111 2875s
*210721 86348             161    5063.5450220 4678.39106  7.61%   111 2878s
 210948 86561 4989.22067  106   71 5063.54502 4678.81643  7.60%   111 2882s
 211527 86769 4922.85601  135   60 5063.54502 4679.28282  7.59%   111 2885s
 212475 87292 4971.58632  149   40 5063.54502 4680.17165  7.57%   111 2892s
 212984 87440     cutoff   98      5063.54502 4680.58310  7.56%   111 2895s
 213947 87841 infeasible  155      5063.54502 4681.15078  7.55%   111 2902s
 214346 88006 5009.33448  166   41 5063.54502 4681.61841  7.54%   111 2905s
 215172 88260     cutoff  110      5063.54502 4682.49251  7.53%   111 2911s
 215868 88623     cutoff  100      5063.54502 4682.98720  7.52%   111 2918s
 216315 88790 4889.49314  127   88 5063.54502 4683.45542  7.51%   111 2921s
 216714 89015 4863.35996  104  107 5063.54502 4683.87265  7.50%   111 2925s
 217233 89156 4992.35733  119   79 5063.54502 4684.16787  7.49%   111 2932s
 217504 89314 4983.12642  213   32 5063.54502 4684.47287  7.49%   111 2936s
 218270 89637 5033.18409  190   68 5063.54502 4685.06802  7.47%   111 2942s
 218707 89786 4853.99318   78   68 5063.54502 4685.61073  7.46%   111 2948s
 219137 89957 5048.79321  130   29 5063.54502 4686.03003  7.46%   111 2951s
 219574 90175 4942.65180  110   55 5063.54502 4686.43983  7.45%   111 2955s
 220571 90606 4916.19475  142   23 5063.54502 4687.11363  7.43%   111 2961s
 221379 90898 5036.40337  177   54 5063.54502 4687.54855  7.43%   111 2967s
 221829 91055 5019.80804   84   97 5063.54502 4687.97779  7.42%   111 2970s
 222680 91444     cutoff   91      5063.54502 4688.56380  7.41%   111 2976s
 223349 91740 5004.52546  119   56 5063.54502 4689.21700  7.39%   111 2983s
 223823 91779 4945.07833  129   73 5063.54502 4689.57500  7.39%   111 2987s
 223898 91953     cutoff  152      5063.54502 4689.67293  7.38%   111 2990s
 224744 92227 5028.95427  178   49 5063.54502 4690.48213  7.37%   111 2996s
 225563 92504 4911.39601  195   31 5063.54502 4691.04719  7.36%   111 3002s
 225977 92710 4966.76820  120   94 5063.54502 4691.46436  7.35%   111 3005s
 226751 93045 4872.33638   89   91 5063.54502 4692.05119  7.34%   112 3012s
 227195 93221 4907.19985  104   95 5063.54502 4692.33530  7.33%   112 3015s
 228159 93683 4828.54449  147   94 5063.54502 4693.18867  7.31%   111 3022s
 228584 93823     cutoff  111      5063.54502 4693.52223  7.31%   111 3025s
 228973 94008     cutoff  109      5063.54502 4694.00472  7.30%   112 3030s
 229872 94399     cutoff  110      5063.54502 4694.46120  7.29%   112 3037s
 230316 94535 4876.12638  112  107 5063.54502 4694.80499  7.28%   112 3040s
 231134 94943 4916.21718  125   82 5063.54502 4695.56562  7.27%   112 3047s
 231625 95132 5015.98755  108   88 5063.54502 4695.92023  7.26%   112 3050s
 232547 95503 4957.48202   94   57 5063.54502 4696.67767  7.25%   112 3056s
 232914 95611 4928.83528  182   68 5063.54502 4696.86635  7.24%   112 3060s
 233713 96014 4719.96657  134   61 5063.54502 4697.28977  7.23%   112 3066s
 234652 96491     cutoff   94      5063.54502 4698.08632  7.22%   112 3073s
 235147 96656 4857.36123  149   77 5063.54502 4698.34690  7.21%   112 3076s
 235941 96991     cutoff  136      5063.54502 4699.18241  7.20%   112 3082s
 236369 97196 4919.83000  100   51 5063.54502 4699.47175  7.19%   112 3085s
 237314 97543 4983.18598  143   83 5063.54502 4700.37563  7.17%   112 3091s
 237662 97738 5050.56103   84   68 5063.54502 4700.81004  7.16%   112 3095s
 238584 98152     cutoff  103      5063.54502 4701.57261  7.15%   112 3101s
 239313 98490 4875.67584  124  105 5063.54502 4702.34032  7.13%   112 3109s
 239734 98661 4815.95938  105   62 5063.54502 4702.73010  7.13%   112 3113s
 240126 98815 4920.41785  131   87 5063.54502 4703.08325  7.12%   112 3117s
 240575 99003 4997.43080  101  100 5063.54502 4703.49408  7.11%   112 3120s
 241470 99334 4901.82936  224   69 5063.54502 4704.33542  7.09%   112 3128s
 241820 99511     cutoff  105      5063.54502 4704.43903  7.09%   112 3132s
 242296 99791     cutoff  148      5063.54502 4704.97937  7.08%   112 3136s
 242884 100018 5012.65409  161   62 5063.54502 4705.24928  7.08%   112 3140s
 243883 100455     cutoff  110      5063.54502 4705.67082  7.07%   112 3147s
 244315 100644     cutoff  106      5063.54502 4706.00159  7.06%   112 3151s
 245255 100967 5024.96658  133   53 5063.54502 4706.71099  7.05%   112 3158s
 245650 101096 5052.79803  107   87 5063.54502 4707.12921  7.04%   112 3161s
 246031 101357     cutoff  119      5063.54502 4707.64219  7.03%   112 3165s
 246965 101832 4996.78957  138   56 5063.54502 4708.35581  7.01%   112 3172s
 247446 102095     cutoff   93      5063.54502 4708.58026  7.01%   112 3176s
 248426 102481     cutoff  119      5063.54502 4709.23054  7.00%   112 3183s
 248774 102701 4941.67655   89   85 5063.54502 4709.45324  6.99%   112 3186s
 249276 102925 4907.88443  114   76 5063.54502 4709.83790  6.99%   112 3190s
 249728 103133 4998.32451  150   72 5063.54502 4709.90490  6.98%   112 3195s
 250522 103462 4782.14805  188   39 5063.54502 4710.59571  6.97%   112 3201s
 251428 103788     cutoff  102      5063.54502 4711.30108  6.96%   112 3207s
 251785 104054     cutoff   93      5063.54502 4711.57411  6.95%   112 3211s
 252839 104380 4970.47419  135   36 5063.54502 4712.27998  6.94%   112 3217s
 253240 104617 5030.31990   79   86 5063.54502 4712.54296  6.93%   112 3221s
 253950 104863 5050.05049  123   74 5063.54502 4713.19919  6.92%   112 3227s
 254385 105032 5023.21521  133   56 5063.54502 4713.58779  6.91%   112 3230s
 255187 105292 5033.50077  151   78 5063.54502 4714.03564  6.90%   112 3237s
 255627 105534 5006.99854  178   45 5063.54502 4714.33648  6.90%   112 3240s
 256551 105985 4929.15620  100   59 5063.54502 4715.08810  6.88%   112 3247s
 257094 106154 5058.50021  132   54 5063.54502 4715.40284  6.88%   112 3251s
 258002 106591 4822.10556  121   75 5063.54502 4716.21683  6.86%   112 3257s
 258458 106720 4955.29988  176   52 5063.54502 4716.46915  6.85%   112 3260s
 259324 107045 4774.26902  133   99 5063.54502 4717.01125  6.84%   112 3267s
 259672 107304     cutoff   88      5063.54502 4717.29129  6.84%   112 3271s
 260174 107502 4860.25325  148   60 5063.54502 4717.46144  6.83%   112 3276s
 260578 107771 5043.97307  126   63 5063.54502 4717.79566  6.83%   112 3280s
 261584 108044 4861.62878  163   28 5063.54502 4718.37632  6.82%   112 3287s
 262022 108258 5031.70800  103   65 5063.54502 4718.72737  6.81%   112 3290s
 262943 108784 4906.06062   84   70 5063.54502 4719.29690  6.80%   112 3297s
 263327 108950 5007.10561  132   87 5063.54502 4719.44948  6.80%   112 3300s
 264161 109172 4997.63649  109   89 5063.54502 4720.19817  6.78%   112 3307s
 264506 109449 4818.81796   84   71 5063.54502 4720.39624  6.78%   112 3311s
 265544 109865 4813.07836  165   59 5063.54502 4721.02874  6.76%   112 3318s
 265999 110106 4909.03277  117   42 5063.54502 4721.22958  6.76%   112 3321s
 266828 110371 4975.17512  100   70 5063.54502 4721.81818  6.75%   112 3328s
 267320 110516 4870.07671  130   58 5063.54502 4722.25377  6.74%   112 3331s
 268173 110726     cutoff  103      5063.54502 4722.86412  6.73%   112 3337s
 268581 110895     cutoff  113      5063.54502 4723.32518  6.72%   111 3340s
 269506 111272 4908.50737  124   72 5063.54502 4723.88785  6.71%   111 3347s
 269886 111498 4974.07709  129   73 5063.54502 4724.18070  6.70%   111 3350s
 270379 111642     cutoff  124      5063.54502 4724.48406  6.70%   111 3355s
 271378 112049     cutoff  126      5063.54502 4725.04322  6.69%   111 3362s
 271757 112258 4933.41301  165   40 5063.54502 4725.30897  6.68%   111 3365s
 272572 112636     cutoff  169      5063.54502 4725.85627  6.67%   111 3372s
 273091 112817 4760.93106   97   87 5063.54502 4726.28332  6.66%   111 3376s
 273943 113033 4954.85401   91   86 5063.54502 4726.88168  6.65%   111 3382s
 274295 113142 4992.34336  107  110 5063.54502 4727.03873  6.65%   111 3386s
 275088 113579 4896.11234  164   58 5063.54502 4727.67507  6.63%   111 3393s
 275594 113760 5045.31854  172   65 5063.54502 4727.95429  6.63%   111 3396s
 276486 114032 4911.63340  126   89 5063.54502 4728.62184  6.61%   111 3403s
 276966 114139     cutoff  107      5063.54502 4728.91535  6.61%   111 3407s
 277340 114399 4770.77437  101   71 5063.54502 4729.19990  6.60%   111 3411s
 278263 114745 5010.93950  107   56 5063.54502 4729.62843  6.59%   111 3418s
 278790 115044 4974.41045  107   72 5063.54502 4729.71855  6.59%   111 3422s
 279312 115218 5013.13839  185   66 5063.54502 4730.06018  6.59%   111 3425s
 280340 115571     cutoff   91      5063.54502 4730.64275  6.57%   111 3431s
 280766 115813 4944.21378  130   67 5063.54502 4730.89242  6.57%   111 3437s
 281302 115944 4858.66461  118  103 5063.54502 4731.25238  6.56%   111 3440s
 282100 116278     cutoff   85      5063.54502 4731.67868  6.55%   111 3447s
 282479 116403     cutoff  120      5063.54502 4731.87847  6.55%   111 3450s
 283331 116754 4827.76459  150   94 5063.54502 4732.40604  6.54%   111 3457s
 283771 116905 4975.80312  163   36 5063.54502 4732.60398  6.54%   111 3460s
 284607 117236 4990.87709  100   86 5063.54502 4733.26156  6.52%   111 3467s
 285134 117477 4896.76095  223   37 5063.54502 4733.57270  6.52%   111 3471s
 286110 117826 4944.71726   85   82 5063.54502 4734.10051  6.51%   111 3478s
 286497 117997 4789.57806  135   98 5063.54502 4734.50419  6.50%   111 3482s
 286874 118324 4903.59275  163   70 5063.54502 4734.71084  6.49%   111 3486s
 287962 118725 5024.58777   88   93 5063.54502 4735.12970  6.49%   111 3492s
 288415 118961     cutoff  100      5063.54502 4735.49027  6.48%   111 3496s
 289273 119170 4823.67618  108   61 5063.54502 4736.07631  6.47%   111 3502s
 289725 119418 4937.42362  138   58 5063.54502 4736.43703  6.46%   111 3506s
 290745 119711     cutoff  121      5063.54502 4737.13458  6.45%   111 3513s
 291142 119843 4803.76609  132  105 5063.54502 4737.37299  6.44%   111 3518s
 291599 119980     cutoff  118      5063.54502 4737.55645  6.44%   111 3522s
 291975 120174     cutoff  135      5063.54502 4737.74580  6.43%   111 3525s
 292881 120710 4898.34343  157   65 5063.54502 4738.32229  6.42%   111 3533s
 293514 120874 5018.30355  117   71 5063.54502 4738.62038  6.42%   111 3537s
 294016 120998 5057.41063  178   41 5063.54502 4738.89480  6.41%   111 3541s
 294961 121447     cutoff  107      5063.54502 4739.36887  6.40%   111 3548s
 295368 121625 4880.38784  161  112 5063.54502 4739.54648  6.40%   111 3551s
 295824 121860 4855.66500  183   69 5063.54502 4739.87478  6.39%   111 3555s
 296848 122338 4897.25529   94   72 5063.54502 4740.36884  6.38%   111 3562s
 297336 122432 4993.80611  148   48 5063.54502 4740.66667  6.38%   111 3565s
 298202 122687 4849.49293  146   68 5063.54502 4741.15452  6.37%   111 3573s
 298725 122801 4987.98116   89   90 5063.54502 4741.40870  6.36%   111 3577s
 299179 122956     cutoff  129      5063.54502 4741.76858  6.35%   111 3580s
 300009 123211 4878.56999  122   43 5063.54502 4742.10253  6.35%   111 3587s
 300445 123365 4993.49658  110   76 5063.54502 4742.39539  6.34%   111 3590s
 301433 123725 4893.03136  153   63 5063.54502 4742.84123  6.33%   111 3599s
 301927 123950 4861.13404  127  100 5063.54502 4743.16296  6.33%   111 3603s
 302419 124096 4949.18187  109   81 5063.54502 4743.45895  6.32%   111 3607s
 302818 124339 4888.08457  135   51 5063.54502 4743.61423  6.32%   111 3610s
 303913 124717     cutoff  150      5063.54502 4744.12667  6.31%   111 3617s
 304377 124877 4872.79167  143   48 5063.54502 4744.33164  6.30%   111 3620s
 305307 125249 5055.75622  131   54 5063.54502 4744.80805  6.29%   111 3627s
 305829 125440     cutoff  111      5063.54502 4745.03431  6.29%   111 3630s
 306667 125653 4751.41422  118  101 5063.54502 4745.40989  6.28%   111 3636s
 307421 125983     cutoff  103      5063.54502 4746.02312  6.27%   111 3643s
 307944 126170 4879.54115  129   41 5063.54502 4746.29206  6.27%   111 3646s
 308383 126360 5051.25478  130   64 5063.54502 4746.46849  6.26%   111 3650s
 309320 126749     cutoff  157      5063.54502 4746.86276  6.25%   111 3657s
 309827 126919 4939.52717  140   70 5063.54502 4747.11303  6.25%   111 3660s
 310679 127142 4951.73880  142   61 5063.54502 4747.67858  6.24%   111 3667s
 311040 127395 5033.96288  120   63 5063.54502 4747.91329  6.23%   111 3671s
 311589 127554 4875.54686  130   86 5063.54502 4748.13560  6.23%   111 3675s
 312038 127757 4767.07185   84   69 5063.54502 4748.32973  6.23%   111 3681s
 312485 127997 4807.49008  141   62 5063.54502 4748.48551  6.22%   111 3685s
 313536 128315     cutoff  125      5063.54502 4749.04560  6.21%   111 3693s
 313991 128491     cutoff   93      5063.54502 4749.33945  6.21%   111 3697s
 314460 128675 4990.59185  105   95 5063.54502 4749.56021  6.20%   111 3701s
 314948 128876     cutoff  149      5063.54502 4749.89870  6.19%   111 3705s
 315965 129209 4879.49228  131   70 5063.54502 4750.27942  6.19%   111 3712s
 316394 129353 infeasible  142      5063.54502 4750.35711  6.19%   111 3716s
 316794 129520 5007.04343  109  115 5063.54502 4750.71713  6.18%   111 3720s
 317735 129950 5009.57197  169   46 5063.54502 4751.31187  6.17%   111 3727s
 318249 130046     cutoff  118      5063.54502 4751.63788  6.16%   111 3731s
 319015 130305 4905.41767   84   87 5063.54502 4752.14742  6.15%   111 3738s
 319418 130512 4875.16235  135   55 5063.54502 4752.33748  6.15%   111 3741s
 319921 130621 4916.19781  118   53 5063.54502 4752.61041  6.14%   111 3745s
 320640 130857 4878.73464  127   62 5063.54502 4752.94747  6.13%   111 3752s
 320986 131085     cutoff  110      5063.54502 4753.26460  6.13%   111 3756s
 321503 131362 5004.98780  182   55 5063.54502 4753.52397  6.12%   111 3760s
H321656 113263                    5023.8765240 4753.52397  5.38%   111 3760s
 322096 113299     cutoff  110      5023.87652 4753.82099  5.38%   111 3765s
H322398 100522                    5002.4165361 4754.03277  4.97%   111 3765s
 322527 100583     cutoff   93      5002.41654 4754.05867  4.96%   111 3770s
H322635 81005                    4969.2401339 4754.05867  4.33%   111 3770s
 322948 81105     cutoff   99      4969.24013 4754.48405  4.32%   111 3775s
H323057 81105                    4969.2401278 4754.48405  4.32%   111 3775s
 323869 81209 4832.92807  128   69 4969.24013 4755.41513  4.30%   111 3783s
 324337 81301     cutoff   97      4969.24013 4755.84843  4.29%   111 3787s
 324838 81350 4942.03492  115   53 4969.24013 4756.47421  4.28%   111 3792s
 325282 81455     cutoff   98      4969.24013 4756.86560  4.27%   111 3796s
 325671 81506 4948.45131  134  101 4969.24013 4757.29190  4.27%   111 3800s
 326524 81596 4948.69928  142   39 4969.24013 4757.91166  4.25%   111 3808s
 326911 81786     cutoff  121      4969.24013 4758.46938  4.24%   111 3812s
 327494 81837 4834.87311  116   78 4969.24013 4758.97463  4.23%   111 3817s
 328034 81881     cutoff  127      4969.24013 4759.38125  4.22%   111 3821s
 328963 82081     cutoff  108      4969.24013 4760.44185  4.20%   111 3829s
 329523 82183 4896.60363  131   38 4969.24013 4760.93538  4.19%   111 3833s
 330031 82202 4860.93278  185   63 4969.24013 4761.34229  4.18%   111 3837s
 330496 82255 4933.62514  145   53 4969.24013 4761.92901  4.17%   111 3841s
 330992 82322 4825.82825  141  101 4969.24013 4762.41047  4.16%   111 3845s
 332022 82547 4867.29049  102   83 4969.24013 4763.43236  4.14%   111 3853s
 332534 82669 4947.80429  197   43 4969.24013 4764.05479  4.13%   111 3857s
 333050 82746 4838.84494  103   72 4969.24013 4764.45331  4.12%   111 3862s
 333594 82856 4800.35418   99   77 4969.24013 4764.83849  4.11%   111 3865s
 334401 83006 4901.02983  172   63 4969.24013 4765.68132  4.10%   111 3872s
 334931 83123     cutoff  119      4969.24013 4766.03898  4.09%   111 3876s
 335877 83251     cutoff  115      4969.24013 4766.94441  4.07%   111 3883s
 336365 83286     cutoff  199      4969.24013 4767.38703  4.06%   111 3887s
 336639 83395 4794.76509  139   52 4969.24013 4767.55359  4.06%   111 3892s
 337118 83415 4888.08251  105   92 4969.24013 4767.70505  4.06%   111 3895s
 338049 83642 4960.87661  136   27 4969.24013 4768.79457  4.03%   111 3903s
 338499 83734 4908.06945  125   40 4969.24013 4769.16545  4.03%   111 3907s
 339006 83824 4837.04801  177   40 4969.24013 4769.56413  4.02%   111 3911s
 339802 83865 4859.24095  121   43 4969.24013 4770.00468  4.01%   111 3915s
 340575 84096 4897.48405  133   60 4969.24013 4770.77194  3.99%   111 3922s
 341046 84269 4942.08038  152   36 4969.24013 4771.13907  3.99%   111 3926s
 341958 84461     cutoff  113      4969.24013 4771.91099  3.97%   111 3933s
 342408 84512 4917.31058  127   43 4969.24013 4772.24831  3.96%   111 3937s
 342885 84521     cutoff  113      4969.24013 4772.49673  3.96%   111 3940s
 343295 84565     cutoff  121      4969.24013 4772.96286  3.95%   111 3946s
 343736 84589 4928.40375  130   51 4969.24013 4773.39602  3.94%   111 3950s
 344756 84761 4852.73993  129   70 4969.24013 4774.26485  3.92%   111 3957s
 345223 84774 4916.37384  132   47 4969.24013 4774.78093  3.91%   111 3961s
 345614 84804 4918.70105  129   28 4969.24013 4775.40093  3.90%   111 3965s
 346607 84827 4847.47086  118  129 4969.24013 4776.34548  3.88%   111 3972s
 347066 84888 4830.25804   89   79 4969.24013 4777.00385  3.87%   111 3976s
 347546 84973     cutoff  107      4969.24013 4777.33983  3.86%   111 3980s
 348122 85062 4912.84646  154   14 4969.24013 4777.76935  3.85%   111 3985s
 349114 85141     cutoff  121      4969.24013 4778.74354  3.83%   111 3992s
 349647 85139 4901.49297  106   80 4969.24013 4779.13062  3.83%   111 3996s
 350518 85207     cutoff  145      4969.24013 4779.90542  3.81%   111 4003s
 351007 85360     cutoff  102      4969.24013 4780.53271  3.80%   111 4007s
 351664 85427     cutoff  138      4969.24013 4780.88083  3.79%   111 4011s
 352194 85438 4834.07709  137   31 4969.24013 4781.09391  3.79%   111 4015s
 353203 85587     cutoff  108      4969.24013 4781.98874  3.77%   111 4023s
 353708 85682     cutoff  108      4969.24013 4782.35481  3.76%   111 4029s
 354188 85670     cutoff  144      4969.24013 4782.75969  3.75%   111 4032s
 354656 85798 4846.11704  109   74 4969.24013 4783.25775  3.74%   111 4037s
 355160 85909 4873.25970  128   57 4969.24013 4783.54833  3.74%   111 4041s
 355705 85980     cutoff  154      4969.24013 4783.80548  3.73%   111 4045s
 356740 86156 4823.06526  110   94 4969.24013 4784.55461  3.72%   111 4053s
 357272 86177 4931.41114  122   74 4969.24013 4784.91141  3.71%   111 4057s
 357492 86182     cutoff  114      4969.24013 4785.12375  3.71%   111 4060s
 358453 86213 4913.25533  114   47 4969.24013 4785.64534  3.69%   111 4067s
 358933 86290 4920.94075  114   87 4969.24013 4786.24911  3.68%   111 4071s
 359418 86299     cutoff  103      4969.24013 4786.65349  3.67%   111 4075s
 360456 86370     cutoff   98      4969.24013 4787.41546  3.66%   111 4082s
 360949 86451 4910.11634  149   68 4969.24013 4787.92565  3.65%   111 4086s
 361484 86521     cutoff  124      4969.24013 4788.37770  3.64%   111 4090s
 362429 86594     cutoff  176      4969.24013 4789.03098  3.63%   111 4097s
 362912 86626     cutoff  127      4969.24013 4789.50819  3.62%   111 4101s
 363385 86632     cutoff   98      4969.24013 4789.99399  3.61%   111 4105s
 364296 86711 4885.80437  163   42 4969.24013 4790.71705  3.59%   111 4114s
 364790 86789 4887.89778  105   98 4969.24013 4791.02610  3.59%   111 4118s
 365307 86773     cutoff  107      4969.24013 4791.46282  3.58%   111 4122s
 365698 86943 4872.38719  149   87 4969.24013 4791.98897  3.57%   111 4127s
 366346 86913     cutoff  112      4969.24013 4792.36893  3.56%   111 4131s
 366807 86954 4856.82916  132   85 4969.24013 4792.87951  3.55%   111 4135s
 367939 87013     cutoff  105      4969.24013 4793.78896  3.53%   111 4143s
 368403 87054 4923.24707   84   83 4969.24013 4794.28774  3.52%   111 4147s
 368829 87068     cutoff  127      4969.24013 4794.57302  3.51%   111 4151s
 369264 87128     cutoff  166      4969.24013 4794.84381  3.51%   111 4155s
 370216 87179 4855.56769  165   75 4969.24013 4795.84385  3.49%   111 4163s
 370729 87133     cutoff  111      4969.24013 4796.24286  3.48%   111 4166s
 371197 87121     cutoff  149      4969.24013 4796.78207  3.47%   111 4170s
 372145 87181     cutoff  125      4969.24013 4797.65861  3.45%   111 4179s
 372681 87258     cutoff  145      4969.24013 4798.08055  3.44%   111 4183s
 373259 87268 4937.94324  181   55 4969.24013 4798.34943  3.44%   111 4187s
 373655 87339     cutoff  143      4969.24013 4798.73812  3.43%   111 4191s
 374192 87319 4927.11890  119   52 4969.24013 4799.17798  3.42%   111 4197s
 374823 87355 4894.06444  157   33 4969.24013 4799.48037  3.42%   111 4204s
 375331 87337     cutoff  131      4969.24013 4799.93260  3.41%   111 4208s
 375765 87373     cutoff  148      4969.24013 4800.32114  3.40%   111 4212s
 376396 87337 4959.28113  124   53 4969.24013 4800.74281  3.39%   111 4215s
 376847 87369 4850.46393  158   61 4969.24013 4801.17749  3.38%   111 4220s
 377978 87580 infeasible  127      4969.24013 4801.84587  3.37%   111 4228s
 378584 87575 4852.12947  107   80 4969.24013 4802.10135  3.36%   111 4232s
 379070 87538     cutoff  158      4969.24013 4802.63662  3.35%   111 4237s
 379568 87618 4917.96472  189   50 4969.24013 4803.08366  3.34%   111 4240s
 380074 87736     cutoff  137      4969.24013 4803.45129  3.34%   111 4245s
 381228 87697     cutoff  106      4969.24013 4804.16182  3.32%   111 4252s
 381699 87710 4871.32030  119   69 4969.24013 4804.71339  3.31%   111 4256s
 382193 87678 4824.85115  151   56 4969.24013 4805.09826  3.30%   111 4260s
 383178 87702 4874.07883  146   50 4969.24013 4805.98651  3.29%   111 4268s
 383736 87782     cutoff  184      4969.24013 4806.40949  3.28%   111 4272s
 384278 87807 4968.87737  149   35 4969.24013 4806.71065  3.27%   111 4277s
 384824 87803     cutoff  132      4969.24013 4807.02108  3.26%   111 4281s
 385793 87835 4950.13041  112   87 4969.24013 4807.86003  3.25%   111 4288s
 386324 87837     cutoff  116      4969.24013 4808.28632  3.24%   111 4294s
 386891 87865 4828.02684  126   51 4969.24013 4808.69417  3.23%   111 4299s
 387419 87885 4817.50293  112   73 4969.24013 4809.01601  3.22%   111 4303s
 387901 87960 4964.97639  158   59 4969.24013 4809.40731  3.22%   111 4307s
 388481 87977     cutoff  131      4969.24013 4809.80040  3.21%   111 4311s
 388967 88002     cutoff  113      4969.24013 4810.06623  3.20%   111 4315s
 390068 87956 4947.04585  148   70 4969.24013 4810.87395  3.19%   111 4323s
 390673 87998     cutoff  137      4969.24013 4811.24780  3.18%   111 4327s
 391206 88066     cutoff  127      4969.24013 4811.52834  3.17%   111 4332s
 391817 88111     cutoff  150      4969.24013 4811.92398  3.17%   111 4336s
 392376 88168 4853.65446  184   47 4969.24013 4812.25253  3.16%   111 4340s
 393433 88185 4957.69484  147   93 4969.24013 4812.83822  3.15%   111 4348s
 394027 88260     cutoff  144      4969.24013 4813.34097  3.14%   111 4352s
 394615 88244 4891.36618   98   94 4969.24013 4813.66656  3.13%   111 4356s
 395138 88304 4920.76771   84   92 4969.24013 4814.16823  3.12%   111 4361s
 395788 88354 4910.24890  130   94 4969.24013 4814.54055  3.11%   111 4366s
 396241 88321 4937.65474  154   76 4969.24013 4814.84567  3.11%   111 4370s
 397312 88446 4945.79999  153   24 4969.24013 4815.45347  3.09%   111 4380s
 398453 88397 4944.33718  145   37 4969.24013 4816.07123  3.08%   111 4388s
 398916 88386 4954.24140  199   60 4969.24013 4816.47796  3.07%   111 4391s
 399454 88398     cutoff  145      4969.24013 4816.86427  3.07%   111 4396s
 400036 88388 4853.35515  140   80 4969.24013 4817.28329  3.06%   111 4400s
 401112 88411 4944.52223  130   47 4969.24013 4818.19515  3.04%   111 4408s
 401593 88387 4921.31899   82   80 4969.24013 4818.55395  3.03%   111 4412s
 402113 88365     cutoff  140      4969.24013 4818.94180  3.02%   111 4416s
 402704 88347 4930.19156  115   80 4969.24013 4819.27421  3.02%   111 4420s
 403667 88244     cutoff  120      4969.24013 4820.08916  3.00%   111 4428s
 404223 88165     cutoff   96      4969.24013 4820.45814  2.99%   111 4433s
 404750 88135 infeasible  131      4969.24013 4820.89819  2.99%   111 4438s
 405272 88089     cutoff  126      4969.24013 4821.31565  2.98%   111 4442s
 405860 88123     cutoff  155      4969.24013 4821.56588  2.97%   111 4445s
 406402 88187 4860.19024   94   68 4969.24013 4822.08366  2.96%   111 4450s
 407564 88133 4945.84321  154   37 4969.24013 4822.74049  2.95%   111 4458s
 408074 88126 4968.86950  154   77 4969.24013 4823.23377  2.94%   111 4463s
 408605 88131 4953.64857  134   28 4969.24013 4823.57851  2.93%   111 4469s
H408898 88131                    4969.2400533 4823.59773  2.93%   111 4469s
 409176 88056 4849.71647   99  112 4969.24005 4823.91718  2.92%   111 4474s
 409628 88114     cutoff  105      4969.24005 4824.31445  2.92%   111 4479s
 410226 88102     cutoff  134      4969.24005 4824.69071  2.91%   111 4484s
 410636 87933     cutoff  124      4969.24005 4825.00091  2.90%   111 4488s
 411158 87966     cutoff  124      4969.24005 4825.48883  2.89%   111 4492s
 411751 87866 4863.48552   98  109 4969.24005 4825.90289  2.88%   111 4497s
 412207 87809 4856.32852  132   65 4969.24005 4826.40637  2.87%   111 4502s
 412710 87788 4947.14227  133   60 4969.24005 4826.78733  2.87%   111 4507s
 413328 87778 4966.29546  162   40 4969.24005 4827.12843  2.86%   111 4511s
 413897 87766 4926.87253  101  109 4969.24005 4827.60650  2.85%   111 4515s
 414411 87769     cutoff  140      4969.24005 4827.84778  2.85%   111 4520s
 415001 87711     cutoff  154      4969.24005 4828.29215  2.84%   111 4525s
 416242 87621     cutoff   89      4969.24005 4829.14138  2.82%   111 4534s
 416798 87538 4901.75701  166   31 4969.24005 4829.69324  2.81%   111 4539s
 417343 87528     cutoff  124      4969.24005 4830.23561  2.80%   111 4544s
 418057 87482     cutoff  143      4969.24005 4830.59925  2.79%   111 4550s
 418665 87454 4963.07373  118   70 4969.24005 4830.90498  2.78%   111 4555s
 419334 87527 4887.31103  138   40 4969.24005 4831.30514  2.78%   111 4560s
 420068 87532 4859.62966  142   74 4969.24005 4831.69238  2.77%   111 4567s
 420837 87551     cutoff  148      4969.24005 4832.03811  2.76%   111 4570s
 421798 87471 4969.14913   84   72 4969.24005 4832.64619  2.75%   111 4579s
 422013 87355     cutoff  173      4969.24005 4832.85705  2.74%   111 4583s
 422612 87421     cutoff  148      4969.24005 4833.35202  2.73%   111 4588s
 423222 87305 4957.44667  142   35 4969.24005 4833.71986  2.73%   111 4592s
 423772 87258 4852.31393  153   53 4969.24005 4834.21328  2.72%   111 4596s
 424393 87192 4899.24769  123   75 4969.24005 4834.66964  2.71%   111 4601s
 424975 87176 4944.74902  109   72 4969.24005 4835.00647  2.70%   111 4605s
 425553 87137 4936.41836  143   39 4969.24005 4835.41510  2.69%   111 4610s
 426784 87100 4962.72325  105   75 4969.24005 4836.13387  2.68%   111 4618s
 427375 87137 4899.18469  178   64 4969.24005 4836.51588  2.67%   111 4623s
 427984 87049 4857.75396  148   79 4969.24005 4836.88883  2.66%   111 4627s
 428577 86921 4958.16298  183   34 4969.24005 4837.22525  2.66%   111 4631s
 429111 86914 4862.71847  137  112 4969.24005 4837.60103  2.65%   111 4635s
 429699 86893 4880.08248  128   69 4969.24005 4837.99455  2.64%   111 4640s
 430986 86935 4964.19310  155   46 4969.24005 4838.73795  2.63%   111 4648s
 431636 86880 4926.84448  170   35 4969.24005 4839.11472  2.62%   111 4654s
 432172 86819     cutoff  125      4969.24005 4839.53842  2.61%   111 4659s
 432846 86786     cutoff  187      4969.24005 4839.98050  2.60%   111 4664s
 433530 86721     cutoff  154      4969.24005 4840.33234  2.59%   111 4668s
 434118 86689     cutoff  149      4969.24005 4840.70714  2.59%   111 4672s
 434705 86677 4887.33168  141   66 4969.24005 4841.13261  2.58%   111 4677s
 435400 86574 4933.28568  149   36 4969.24005 4841.47336  2.57%   111 4681s
 435948 86417     cutoff  100      4969.24005 4841.92522  2.56%   111 4685s
 437161 86358     cutoff  151      4969.24005 4842.70679  2.55%   111 4694s
 437873 86387     cutoff  114      4969.24005 4843.11334  2.54%   111 4698s
 438489 86259     cutoff  191      4969.24005 4843.34913  2.53%   110 4703s
 439061 86119     cutoff  118      4969.24005 4843.86920  2.52%   110 4707s
 439587 86071     cutoff  164      4969.24005 4844.30361  2.51%   111 4711s
 440215 85960     cutoff  124      4969.24005 4844.56111  2.51%   111 4716s
 440905 85863     cutoff  109      4969.24005 4845.01664  2.50%   110 4720s
 441998 85653     cutoff  173      4969.24005 4845.81806  2.48%   110 4729s
 442726 85560     cutoff   96      4969.24005 4846.18276  2.48%   110 4734s
 443313 85590 4914.04895  133   64 4969.24005 4846.61636  2.47%   110 4738s
 443945 85500 4871.80968  130   86 4969.24005 4846.88448  2.46%   110 4743s
 444536 85449 infeasible  150      4969.24005 4847.28896  2.45%   110 4748s
 445004 85418     cutoff  115      4969.24005 4847.47056  2.45%   110 4752s
 445689 85419     cutoff  156      4969.24005 4847.88326  2.44%   110 4757s
 446412 85219     cutoff  188      4969.24005 4848.24486  2.43%   110 4762s
 447067 85213     cutoff  150      4969.24005 4848.59784  2.43%   110 4766s
 447661 85084     cutoff  141      4969.24005 4849.00738  2.42%   110 4771s
 448745 84874 infeasible  150      4969.24005 4849.85172  2.40%   110 4779s
 449466 84718 infeasible  164      4969.24005 4850.20270  2.40%   110 4783s
 450089 84634 4906.87724  167   42 4969.24005 4850.67050  2.39%   110 4788s
 450720 84541     cutoff   92      4969.24005 4851.09209  2.38%   110 4792s
 451304 84423     cutoff  183      4969.24005 4851.53518  2.37%   110 4796s
 451868 84302     cutoff  111      4969.24005 4851.92684  2.36%   110 4800s
 452994 84059 4908.90693   97   84 4969.24005 4852.88125  2.34%   110 4809s
H453545 84059                    4969.2399098 4853.23127  2.33%   110 4809s
 453597 83928 4865.34095  138   61 4969.23991 4853.24214  2.33%   110 4813s
 454141 83905     cutoff  175      4969.23991 4853.69187  2.33%   110 4819s
 454833 83821 4958.58332  101   77 4969.23991 4853.92064  2.32%   110 4824s
 455429 83712     cutoff  191      4969.23991 4854.27866  2.31%   110 4829s
 455953 83598     cutoff  142      4969.23991 4854.61085  2.31%   110 4834s
 456572 83457     cutoff  132      4969.23991 4854.95034  2.30%   110 4838s
 457092 83291 4964.70311  129   46 4969.23991 4855.42550  2.29%   110 4843s
 457742 83158 4906.69250   94   76 4969.23991 4855.82725  2.28%   110 4848s
 458433 83047     cutoff  122      4969.23991 4856.21253  2.27%   110 4852s
 459014 82945 4951.71517  192   33 4969.23991 4856.60308  2.27%   110 4857s
 459628 82882 4886.31470  166   45 4969.23991 4856.97639  2.26%   110 4862s
 460276 82671     cutoff  165      4969.23991 4857.37498  2.25%   110 4867s
 460880 82578     cutoff  119      4969.23991 4857.79607  2.24%   110 4871s
 461548 82423     cutoff  129      4969.23991 4858.25102  2.23%   110 4877s
 462336 82292 4872.91770  191   35 4969.23991 4858.53009  2.23%   110 4882s
 462962 82192 4873.77494  105   47 4969.23991 4858.88485  2.22%   110 4887s
 463591 82036     cutoff  134      4969.23991 4859.31293  2.21%   110 4892s
 464270 81893 4899.94648  160   44 4969.23991 4859.73825  2.20%   110 4897s
 464993 81733     cutoff  140      4969.23991 4860.07069  2.20%   110 4901s
 465600 81613 4943.69610  126   28 4969.23991 4860.60206  2.19%   110 4906s
 466309 81512     cutoff  107      4969.23991 4860.93570  2.18%   110 4911s
 466957 81434     cutoff  185      4969.23991 4861.37454  2.17%   110 4916s
 467437 81286 4878.61570  100   83 4969.23991 4861.68673  2.16%   110 4921s
 468035 81187     cutoff  104      4969.23991 4862.04044  2.16%   110 4926s
 468655 81134     cutoff  144      4969.23991 4862.46647  2.15%   110 4931s
 469429 80950     cutoff  120      4969.23991 4862.86754  2.14%   110 4936s
 470209 80832 4903.52371  174   51 4969.23991 4863.29737  2.13%   110 4941s
 470914 80616     cutoff  150      4969.23991 4863.67921  2.12%   110 4946s
 471569 80483     cutoff  119      4969.23991 4864.15072  2.11%   110 4951s
 472300 80433 4887.38297  160   67 4969.23991 4864.58203  2.11%   110 4956s
 473077 80222 4958.46061  226   75 4969.23991 4864.98127  2.10%   110 4961s
 473789 80143 4901.30779  117   53 4969.23991 4865.39921  2.09%   110 4967s
 474636 79938     cutoff  147      4969.23991 4865.82478  2.08%   110 4971s
 475363 79819     cutoff  114      4969.23991 4866.19345  2.07%   110 4976s
 476015 79696     cutoff  110      4969.23991 4866.64284  2.06%   110 4980s
 476730 79520 4927.71698  173   63 4969.23991 4867.05892  2.06%   110 4985s
 477335 79399 4876.61715  161   36 4969.23991 4867.50313  2.05%   110 4990s
 478790 79099 4915.94939  127   59 4969.23991 4868.24598  2.03%   110 4998s
 479449 78960     cutoff  140      4969.23991 4868.60638  2.03%   110 5003s
 480182 78861     cutoff  154      4969.23991 4868.95515  2.02%   110 5008s
 480896 78631     cutoff  129      4969.23991 4869.35983  2.01%   110 5013s
 481627 78425     cutoff  138      4969.23991 4869.77490  2.00%   110 5018s
 482326 78258     cutoff  148      4969.23991 4870.17522  1.99%   110 5023s
 483043 78070 4955.74623  191   28 4969.23991 4870.53687  1.99%   110 5028s
 483780 77889 infeasible  166      4969.23991 4870.97445  1.98%   110 5033s
 484506 77740     cutoff  119      4969.23991 4871.27228  1.97%   110 5038s
 485190 77514     cutoff  220      4969.23991 4871.69554  1.96%   110 5042s
 485767 77318     cutoff  142      4969.23991 4872.16367  1.95%   110 5046s
 486410 77123     cutoff  132      4969.23991 4872.63898  1.94%   110 5051s
 487130 77000     cutoff  151      4969.23991 4873.02528  1.94%   110 5056s
 487822 76818     cutoff  111      4969.23991 4873.39469  1.93%   110 5060s
 488495 76593 4887.50958   95   65 4969.23991 4873.88144  1.92%   110 5065s
 489228 76344 4935.25521  124   87 4969.23991 4874.35462  1.91%   110 5070s
 489983 76081     cutoff  198      4969.23991 4874.77991  1.90%   110 5075s
 490666 75899     cutoff  122      4969.23991 4875.23510  1.89%   110 5080s
 491484 75624 4919.86406  118   58 4969.23991 4875.66837  1.88%   110 5085s
 492219 75482     cutoff  112      4969.23991 4876.05547  1.88%   110 5090s
 492685 75197     cutoff  165      4969.23991 4876.40674  1.87%   110 5095s
 493390 74962     cutoff  105      4969.23991 4876.86206  1.86%   110 5100s
 494137 74741 4910.11512  171   65 4969.23991 4877.34477  1.85%   110 5105s
 494875 74477     cutoff  114      4969.23991 4877.76555  1.84%   110 5110s
 496372 74019     cutoff  168      4969.23991 4878.61464  1.82%   110 5119s
 496984 73921     cutoff  157      4969.23991 4879.12158  1.81%   110 5124s
 497790 73698     cutoff  146      4969.23991 4879.41414  1.81%   110 5128s
 498471 73406     cutoff  152      4969.23991 4879.91952  1.80%   110 5133s
 499234 73218 4902.81695  105   78 4969.23991 4880.33570  1.79%   110 5138s
 499954 72906 4900.94826  168   66 4969.23991 4880.77294  1.78%   110 5143s
 500778 72717     cutoff  151      4969.23991 4881.23189  1.77%   110 5148s
 501561 72442     cutoff  165      4969.23991 4881.68871  1.76%   110 5154s
 502360 72199     cutoff  113      4969.23991 4882.14142  1.75%   110 5159s
 503178 71985     cutoff  133      4969.23991 4882.54198  1.74%   110 5163s
 503881 71835 4896.51273  140   96 4969.23991 4883.02439  1.73%   109 5169s
 504735 71744 4924.22578  132   37 4969.23991 4883.38328  1.73%   109 5174s
 505567 71529     cutoff  177      4969.23991 4883.74656  1.72%   109 5179s
 506254 71276     cutoff  120      4969.23991 4884.14958  1.71%   109 5183s
 506977 71025     cutoff  101      4969.23991 4884.61410  1.70%   109 5188s
 507709 70766     cutoff  168      4969.23991 4884.97464  1.70%   109 5193s
 508378 70520 infeasible  186      4969.23991 4885.36739  1.69%   109 5197s
 509009 70289     cutoff  182      4969.23991 4885.86393  1.68%   109 5202s
 509801 70028     cutoff  100      4969.23991 4886.24270  1.67%   109 5207s
 510579 69836     cutoff  152      4969.23991 4886.70260  1.66%   109 5212s
 511343 69572     cutoff  149      4969.23991 4887.15536  1.65%   109 5217s
 512070 69261     cutoff  100      4969.23991 4887.53761  1.64%   109 5221s
 512831 69021     cutoff  124      4969.23991 4887.94188  1.64%   109 5226s
 513494 68659     cutoff  163      4969.23991 4888.33851  1.63%   109 5231s
 514275 68403     cutoff  164      4969.23991 4888.86105  1.62%   109 5236s
 515039 68141     cutoff  111      4969.23991 4889.22055  1.61%   109 5241s
 515690 67829 4900.34522  173   51 4969.23991 4889.67352  1.60%   109 5246s
 516626 67624 infeasible  138      4969.23991 4890.09724  1.59%   109 5251s
 517326 67344     cutoff  158      4969.23991 4890.47489  1.59%   109 5256s
 518035 67010 infeasible  168      4969.23991 4890.92960  1.58%   109 5261s
 518857 66704 4947.12621  155   53 4969.23991 4891.40143  1.57%   109 5266s
 519637 66462 4949.96748  202   61 4969.23991 4891.86912  1.56%   109 5272s
 520348 66156     cutoff  179      4969.23991 4892.20061  1.55%   109 5277s
 521177 65920     cutoff  179      4969.23991 4892.67769  1.54%   109 5282s
 522023 65627     cutoff  119      4969.23991 4893.13537  1.53%   109 5287s
 522745 65266     cutoff  103      4969.23991 4893.55771  1.52%   109 5292s
 523500 64999 4959.12503  107   91 4969.23991 4893.98665  1.51%   109 5296s
 524180 64730     cutoff  148      4969.23991 4894.43716  1.51%   109 5301s
 524989 64412 4909.14356  145   72 4969.23991 4894.90780  1.50%   109 5306s
 525839 64122 4932.04059  157   50 4969.23991 4895.39075  1.49%   109 5312s
 526642 63759     cutoff  139      4969.23991 4895.84423  1.48%   109 5317s
 527529 63439     cutoff  166      4969.23991 4896.27865  1.47%   109 5322s
 528308 63058     cutoff  128      4969.23991 4896.76330  1.46%   109 5328s
 529212 62659     cutoff  144      4969.23991 4897.23329  1.45%   109 5333s
 530115 62307     cutoff  151      4969.23991 4897.68298  1.44%   109 5338s
 530796 61964 4968.63013  182   26 4969.23991 4898.16454  1.43%   109 5344s
 531644 61634     cutoff   94      4969.23991 4898.62658  1.42%   109 5349s
 532365 61269 4957.38237  157   38 4969.23991 4899.06868  1.41%   109 5354s
 533136 60997 4930.01300  125   70 4969.23991 4899.49918  1.40%   109 5360s
 533915 60687     cutoff  135      4969.23991 4899.87694  1.40%   109 5365s
 534715 60333     cutoff  158      4969.23991 4900.32464  1.39%   109 5370s
 535506 59904     cutoff  174      4969.23991 4900.78307  1.38%   109 5376s
 536404 59443     cutoff  136      4969.23991 4901.23770  1.37%   109 5382s
 537374 59025     cutoff  112      4969.23991 4901.73683  1.36%   109 5389s
 538158 58563     cutoff  129      4969.23991 4902.17438  1.35%   109 5394s
 538971 58203     cutoff  224      4969.23991 4902.69482  1.34%   108 5400s
 539820 57837     cutoff  201      4969.23991 4903.17908  1.33%   108 5405s
 540676 57378 4947.17874  170   40 4969.23991 4903.61571  1.32%   108 5410s
 541544 56968     cutoff  147      4969.23991 4904.14379  1.31%   108 5415s
 542344 56550     cutoff  161      4969.23991 4904.63638  1.30%   108 5420s
 543237 56211     cutoff  143      4969.23991 4905.15467  1.29%   108 5426s
 544048 55879     cutoff  148      4969.23991 4905.54742  1.28%   108 5432s
 544808 55487 4911.12974  105   85 4969.23991 4905.91064  1.27%   108 5437s
 545720 55136     cutoff  220      4969.23991 4906.42723  1.26%   108 5442s
 546545 54793     cutoff  114      4969.23991 4906.84004  1.26%   108 5448s
 547423 54315     cutoff  131      4969.23991 4907.27633  1.25%   108 5453s
 548356 53899 4930.55972  150   29 4969.23991 4907.78168  1.24%   108 5458s
 549252 53483 4953.91498  146   59 4969.23991 4908.22323  1.23%   108 5464s
 550099 53102 4968.84265  118   19 4969.23991 4908.72880  1.22%   108 5469s
 551025 52741     cutoff  135      4969.23991 4909.18478  1.21%   108 5475s
 551796 52261     cutoff  117      4969.23991 4909.62975  1.20%   108 5480s
 552763 51795     cutoff  166      4969.23991 4910.15927  1.19%   108 5486s
 553708 51329     cutoff  109      4969.23991 4910.54090  1.18%   108 5491s
 554541 50902     cutoff  151      4969.23991 4911.07859  1.17%   108 5496s
 555490 50513     cutoff  171      4969.23991 4911.51308  1.16%   108 5501s
 556219 50069 4929.38872  176   34 4969.23991 4911.94882  1.15%   108 5508s
H556574 50069                    4969.2398264 4911.95167  1.15%   108 5508s
 557000 49594 4929.04937  140   25 4969.23983 4912.45990  1.14%   108 5513s
 557921 49164     cutoff  132      4969.23983 4912.96925  1.13%   108 5519s
 558815 48670     cutoff  125      4969.23983 4913.39006  1.12%   108 5524s
 559696 48069     cutoff  140      4969.23983 4913.94819  1.11%   108 5530s
 560623 47586     cutoff  162      4969.23983 4914.53161  1.10%   108 5535s
 561544 47069     cutoff  133      4969.23983 4915.05342  1.09%   108 5540s
 562433 46572     cutoff  214      4969.23983 4915.58455  1.08%   108 5545s
 563351 46004     cutoff  159      4969.23983 4916.09036  1.07%   108 5551s
 564381 45480     cutoff  159      4969.23983 4916.61778  1.06%   108 5557s
 565343 44968 4966.06722  171   36 4969.23983 4917.13826  1.05%   107 5562s
 566168 44554 4949.24656  134   18 4969.23983 4917.57095  1.04%   107 5567s
 566938 44012     cutoff  121      4969.23983 4918.04700  1.03%   107 5572s
 567869 43495     cutoff  171      4969.23983 4918.51990  1.02%   107 5577s
 568748 42892 4937.20971  161   23 4969.23983 4919.06263  1.01%   107 5582s
 569676 42308 infeasible  159      4969.23983 4919.65817  1.00%   107 5587s
 570606 41920     cutoff  159      4969.23983 4920.19417  0.99%   107 5594s
 571273 41266     cutoff  186      4969.23983 4920.57693  0.98%   107 5599s
 572286 40699     cutoff  191      4969.23983 4921.11867  0.97%   107 5604s
 573209 40169     cutoff  138      4969.23983 4921.70411  0.96%   107 5609s
 574100 39621     cutoff   97      4969.23983 4922.18142  0.95%   107 5614s
 575095 38978 4930.20203  148   46 4969.23983 4922.82705  0.93%   107 5619s
 576034 38411 4962.09421  160   22 4969.23983 4923.40141  0.92%   107 5624s
 576879 37823     cutoff  182      4969.23983 4924.01113  0.91%   107 5629s
 577849 37268 4949.47345  140   39 4969.23983 4924.53411  0.90%   107 5634s
 578762 36673     cutoff  158      4969.23983 4925.11796  0.89%   107 5639s
 579592 36046     cutoff  188      4969.23983 4925.67853  0.88%   107 5644s
 580511 35382     cutoff  135      4969.23983 4926.27718  0.86%   107 5649s
 581421 34725     cutoff  187      4969.23983 4926.86233  0.85%   107 5654s
 582406 34109 4946.65434  193   50 4969.23983 4927.49331  0.84%   107 5659s
 583269 33446     cutoff  118      4969.23983 4928.06282  0.83%   107 5664s
 584234 32821     cutoff  200      4969.23983 4928.62683  0.82%   107 5668s
 585088 32203 4940.76872  148   46 4969.23983 4929.26412  0.80%   107 5673s
 585980 31538     cutoff  101      4969.23983 4929.80719  0.79%   107 5678s
 586984 30895     cutoff  167      4969.23983 4930.44704  0.78%   106 5683s
 587918 30246     cutoff  146      4969.23983 4931.11407  0.77%   106 5688s
 588776 29535 4951.31010  143   40 4969.23983 4931.73148  0.75%   106 5693s
 589778 28829 4966.53006  165   70 4969.23983 4932.46268  0.74%   106 5698s
 590719 28146 4958.23321  197   46 4969.23983 4933.08868  0.73%   106 5702s
 591615 27460 4943.58275  175   36 4969.23983 4933.78795  0.71%   106 5707s
 592597 26815     cutoff  141      4969.23983 4934.45555  0.70%   106 5712s
 593550 26144     cutoff  120      4969.23983 4935.03532  0.69%   106 5716s
 594412 25477     cutoff  149      4969.23983 4935.66009  0.68%   106 5721s
 595306 24795     cutoff  176      4969.23983 4936.29854  0.66%   106 5725s
 597053 23413     cutoff  115      4969.23983 4937.67490  0.64%   106 5734s
 597899 22730     cutoff  143      4969.23983 4938.35224  0.62%   106 5738s
 598743 22088     cutoff  166      4969.23983 4938.94548  0.61%   106 5742s
 599585 21421     cutoff  138      4969.23983 4939.63110  0.60%   106 5746s
 600433 20759     cutoff  104      4969.23983 4940.36188  0.58%   106 5750s
 601256 20082     cutoff  108      4969.23983 4941.05612  0.57%   106 5755s
 602790 18669     cutoff  191      4969.23983 4942.34157  0.54%   106 5764s
 603743 17985 infeasible  158      4969.23983 4943.12692  0.53%   106 5768s
 604588 17381 infeasible  165      4969.23983 4943.93881  0.51%   105 5772s
 605325 16714     cutoff  147      4969.23983 4944.58119  0.50%   105 5776s
 606162 15974     cutoff  126      4969.23983 4945.41998  0.48%   105 5780s
 607820 14522     cutoff  183      4969.23983 4947.03115  0.45%   105 5788s
 608762 13767 4963.64038  168   35 4969.23983 4947.87605  0.43%   105 5792s
 609644 13244     cutoff  100      4969.23983 4948.81593  0.41%   105 5796s
 610229 12549     cutoff  144      4969.23983 4949.44418  0.40%   105 5800s
 611801 11088 4958.28106  171   32 4969.23983 4951.26455  0.36%   105 5807s
 612669 10444 4961.18817  112   77 4969.23983 4952.20831  0.34%   105 5810s
 614207  9062     cutoff  150      4969.23983 4954.06011  0.31%   105 5817s
 614948  8378     cutoff  139      4969.23983 4954.99035  0.29%   105 5820s
 616537  7045     cutoff  111      4969.23983 4956.92235  0.25%   105 5826s
 617147  6264     cutoff  104      4969.23983 4957.92153  0.23%   105 5830s
 618676  4752     cutoff  153      4969.23983 4960.21186  0.18%   104 5835s
 620430  2998     cutoff  116      4969.23983 4962.79697  0.13%   104 5842s
 621342  2106     cutoff  149      4969.23983 4964.24697  0.10%   104 5845s
 623147   234 4968.17864  176   29 4969.23983 4967.09015  0.04%   104 5851s

Cutting planes:
  Gomory: 40
  Cover: 174
  Implied bound: 317
  Projected implied bound: 38
  Clique: 3
  MIR: 313
  Flow cover: 1022
  Inf proof: 8
  Zero half: 58
  RLT: 107
  Relax-and-lift: 49

Warning: cleanup yields a better solution due to numeric instability

Explored 624363 nodes (64909962 simplex iterations) in 5852.50 seconds
Thread count was 8 (of 8 available processors)

Solution count 10: 4969.24 4969.24 5002.42 ... 5170.22
No other solutions better than 4969.24

Optimal solution found (tolerance 1.00e-04)
Best objective 4.969146063904e+03, best bound 4.969146063904e+03, gap 0.0000%
