
Gurobi 9.1.2 (win64) logging started Mon Nov 29 22:20:51 2021

Changed value of parameter LogFile to D2_S3_C30_d_trips_results_with_VI_newTW.log
   Prev:   Default: 
Changed value of parameter timeLimit to 18000.0
   Prev: inf  Min: 0.0  Max: inf  Default: inf
Gurobi Optimizer version 9.1.2 build v9.1.2rc0 (win64)
Thread count: 4 physical cores, 8 logical processors, using up to 8 threads
Optimize a model with 140434 rows, 9336 columns and 304161 nonzeros
Model fingerprint: 0x236d11be
Variable types: 7104 continuous, 2232 integer (2232 binary)
Coefficient statistics:
  Matrix range     [1e-01, 1e+05]
  Objective range  [1e+00, 1e+00]
  Bounds range     [1e+00, 1e+10]
  RHS range        [1e+00, 1e+05]
Warning: Model contains large bounds
         Consider reformulating model or setting NumericFocus parameter
         to avoid numerical issues.
Presolve removed 126277 rows and 4671 columns
Presolve time: 0.84s
Presolved: 14157 rows, 4665 columns, 102299 nonzeros
Variable types: 2433 continuous, 2232 integer (2232 binary)

Root relaxation: objective -6.660543e+03, 2006 iterations, 0.15 seconds

    Nodes    |    Current Node    |     Objective Bounds      |     Work
 Expl Unexpl |  Obj  Depth IntInf | Incumbent    BestBd   Gap | It/Node Time

     0     0 -6660.5433    0   99          - -6660.5433      -     -    1s
     0     0 -6140.9095    0  119          - -6140.9095      -     -    2s
     0     0 -3999.9787    0  289          - -3999.9787      -     -    3s
     0     0 -3792.7276    0  296          - -3792.7276      -     -    3s
     0     0 -3792.7276    0  296          - -3792.7276      -     -    3s
     0     0 -1413.8198    0  206          - -1413.8198      -     -    6s
     0     0 -1377.9462    0  212          - -1377.9462      -     -    6s
     0     0 -1372.9399    0  210          - -1372.9399      -     -    6s
     0     0 -1371.4059    0  209          - -1371.4059      -     -    6s
     0     0 -1371.4059    0  209          - -1371.4059      -     -    6s
     0     0 -459.38564    0  167          - -459.38564      -     -    8s
     0     0 -280.89748    0  149          - -280.89748      -     -    8s
     0     0 -262.79477    0  141          - -262.79477      -     -    9s
     0     0 -261.33746    0  141          - -261.33746      -     -    9s
     0     0 -261.29327    0  145          - -261.29327      -     -    9s
H    0     0                    9476.7037062 -261.29327   103%     -    9s
     0     0 -174.40564    0  118 9476.70371 -174.40564   102%     -    9s
     0     0 -167.26287    0  120 9476.70371 -167.26287   102%     -   10s
     0     0 -165.52892    0  134 9476.70371 -165.52892   102%     -   10s
     0     0 -165.52892    0  134 9476.70371 -165.52892   102%     -   10s
     0     0  -98.19904    0  111 9476.70371  -98.19904   101%     -   10s
     0     0  -98.19904    0  111 9476.70371  -98.19904   101%     -   11s
H    0     0                    9077.4425076  -98.19904   101%     -   11s
H    0     0                    8818.1525436  -98.19904   101%     -   11s
     0     0  -40.49566    0  111 8818.15254  -40.49566   100%     -   11s
H    0     0                    8370.8635697  -40.49566   100%     -   12s
     0     0  -36.24967    0  114 8370.86357  -36.24967   100%     -   12s
     0     0  -36.24967    0  114 8370.86357  -36.24967   100%     -   12s
H    0     0                    8102.7083615  -36.24967   100%     -   12s
     0     0   -0.36073    0  120 8102.70836   -0.36073   100%     -   12s
H    0     0                    7911.9049770   -0.36073   100%     -   13s
     0     0    0.01025    0  110 7911.90498    0.01025   100%     -   13s
     0     0    2.11654    0  122 7911.90498    2.11654   100%     -   13s
H    0     0                    7893.0793762    2.11654   100%     -   14s
     0     0    2.25093    0  114 7893.07938    2.25093   100%     -   14s
     0     0    3.39804    0  112 7893.07938    3.39804   100%     -   14s
     0     0    3.39804    0  112 7893.07938    3.39804   100%     -   15s
     0     0    9.01324    0  131 7893.07938    9.01324   100%     -   15s
     0     0   14.33982    0  137 7893.07938   14.33982   100%     -   16s
H    0     0                    6357.4467507   14.39439   100%     -   16s
     0     2   14.39439    0  137 6357.44675   14.39439   100%     -   17s
H   28    32                    6316.2550454   52.96073  99.2%   483   19s
H   29    32                    6310.8651616   52.96073  99.2%   491   19s
H   30    32                    6086.5499743   52.96073  99.1%   481   19s
H   31    32                    6077.1128610   52.96073  99.1%   486   19s
    43    49  335.83796    8  111 6077.11286   52.96073  99.1%   419   20s
H   58    62                    6067.1546385   52.96073  99.1%   452   21s
H   58    62                    6004.5022087   52.96073  99.1%   452   21s
H   87    93                    5996.7738136   52.96073  99.1%   404   23s
H   95   103                    5986.8155911   52.96073  99.1%   394   23s
H  115   117                    5922.4161744   52.96073  99.1%   352   24s
   128   139 1498.09342   22  102 5922.41617   52.96073  99.1%   341   25s
H  235   235                    5905.9131169   52.96073  99.1%   252   27s
H  277   261                    5855.6323151   52.96073  99.1%   247   29s
   299   275     cutoff   65      5855.63232   53.00931  99.1%   243   30s
   462   429  532.25747   11  126 5855.63232   53.00931  99.1%   239   35s
   573   538  761.87966   16  120 5855.63232   53.00931  99.1%   236   40s
H  694   676                    5821.8381237   53.00931  99.1%   230   42s
   848   772 1865.39542   32   91 5821.83812   53.00931  99.1%   212   45s
  1059   890 3396.66703   51  137 5821.83812   53.00931  99.1%   205   51s
  1061   891 2362.84837   38  223 5821.83812   53.00931  99.1%   205   55s
H 1061   846                    5563.3144452   53.00931  99.0%   205   57s
  1067   850  594.06156    8  190 5563.31445  398.02483  92.8%   204   60s
H 1067   807                    5500.5259272  535.51647  90.3%   204   63s
  1072   811 1762.90862   24  138 5500.52593  755.81907  86.3%   203   66s
  1081   817 1894.02760   16  141 5500.52593  973.53106  82.3%   201   70s
  1086   820 1184.45979   14  138 5500.52593 1142.61338  79.2%   200   75s
  1096   827 1705.69133   26  146 5500.52593 1230.81148  77.6%   198   80s
  1102   831 3435.70947   49  154 5500.52593 1279.88846  76.7%   197   85s
  1108   835 5500.52593   57  128 5500.52593 1371.60205  75.1%   196   90s
  1116   840 1465.04341    7  144 5500.52593 1465.04341  73.4%   195   96s
  1125   846 3555.73454   43  130 5500.52593 1546.41667  71.9%   193  101s
H 1126   804                    5491.4105304 1555.98598  71.7%   193  101s
  1133   808 3447.96170   53  129 5491.41053 1670.73648  69.6%   192  105s
  1139   812 1730.58236   13  152 5491.41053 1730.58236  68.5%   191  110s
  1145   816 4070.99726   47  164 5491.41053 1759.26486  68.0%   190  115s
  1151   820 1772.20093   24  162 5491.41053 1772.20093  67.7%   189  120s
  1160   826 5470.68854   64  165 5491.41053 1828.69971  66.7%   188  126s
  1167   831 1898.78644    8  154 5491.41053 1898.78644  65.4%   186  130s
  1176   837 1967.81083   11  154 5491.41053 1967.81083  64.2%   185  135s
  1185   843 2328.88710   39  172 5491.41053 1991.84094  63.7%   184  140s
  1194   849 5491.41053   71  172 5491.41053 2000.49766  63.6%   182  145s
  1201   854 4921.79922   43  183 5491.41053 2004.27973  63.5%   181  150s
  1208   858 5491.41053   57  196 5491.41053 2007.02311  63.5%   180  155s
  1212   862 3952.47965   38  165 5491.41053 2007.02311  63.5%   235  160s
  1215   864 2007.02311   16  136 5491.41053 2007.02311  63.5%   235  166s
  1220   868 5165.03060   81  162 5491.41053 2012.27554  63.4%   234  170s
  1229   874 2106.61778   20  155 5491.41053 2106.61778  61.6%   232  175s
  1240   881 2933.17602   54  152 5491.41053 2247.31705  59.1%   230  180s
  1248   886 3435.80917   49  170 5491.41053 2285.13532  58.4%   229  185s
  1255   891 3453.63699   50  152 5491.41053 2331.21285  57.5%   227  190s
  1266   898 2772.04249   19  189 5491.41053 2362.90557  57.0%   225  195s
  1274   904 3660.43833   33  166 5491.41053 2387.56336  56.5%   224  200s
  1281   908 2398.73586   16  182 5491.41053 2398.73586  56.3%   223  205s
  1289   914 2470.07628   19  163 5491.41053 2470.07628  55.0%   221  210s
  1297   919 3435.70947   49  173 5491.41053 2493.23696  54.6%   220  216s
  1305   924 2507.77999   26  189 5491.41053 2507.77999  54.3%   219  220s
  1312   929 3952.47965   38  181 5491.41053 2517.19967  54.2%   218  225s
  1322   936 2524.20035   19  184 5491.41053 2524.20035  54.0%   216  230s
H 1322   887                    5413.4283989 2524.20035  53.4%   216  231s
  1328   891 3396.66703   51  192 5413.42840 2532.24689  53.2%   215  235s
  1335   895 3003.12464   42  195 5413.42840 2548.14675  52.9%   214  240s
  1340   899 2933.17602   54  196 5413.42840 2548.54271  52.9%   213  245s
  1345   903 4070.99726   47  163 5413.42840 2548.54271  52.9%   260  250s
  1347   905 2548.54271   31  132 5413.42840 2548.54271  52.9%   259  255s
H 1347   859                    5413.4280528 2548.54271  52.9%   259  257s
  1350   861 2548.54271   37  142 5413.42805 2548.54271  52.9%   259  260s
  1358   866 5193.07940   58  141 5413.42805 2639.61530  51.2%   257  265s
  1366   871 2772.04249   19  166 5413.42805 2753.42170  49.1%   256  270s
  1374   877 3660.43833   33  156 5413.42805 2818.61093  47.9%   254  275s
  1384   883 2834.90463   21  168 5413.42805 2834.90463  47.6%   252  280s
H 1385   839                    5413.4278194 2835.00234  47.6%   252  282s
  1388   841 2853.81986   44  176 5413.42782 2853.81986  47.3%   252  285s
  1397   847 3435.70947   49  164 5413.42782 2868.95603  47.0%   250  290s
  1404   852 2880.46918   13  178 5413.42782 2880.46918  46.8%   249  295s
  1413   858 2906.90473   16  161 5413.42782 2906.90473  46.3%   247  300s
  1420   862 5165.03060   81  165 5413.42782 2916.01474  46.1%   246  305s
  1426   866 2918.93862   26  182 5413.42782 2918.93862  46.1%   245  310s
  1434   873 2919.74540   11  137 5413.42782 2919.74540  46.1%   287  315s
  1437   875 2919.74540   40  147 5413.42782 2919.74540  46.1%   286  321s
  1438   876 2988.40996   47  122 5413.42782 2919.74540  46.1%   286  325s
  1441   878 2919.74540   24  126 5413.42782 2919.74540  46.1%   285  330s
  1450   884 2983.15265   37  141 5413.42782 2983.15265  44.9%   284  335s
  1463   892 3184.77519   44  135 5413.42782 3184.77519  41.2%   281  340s
  1472   898 3228.13559   24  146 5413.42782 3228.13559  40.4%   279  346s
  1481   904 3258.78499   16  157 5413.42782 3258.78499  39.8%   278  351s
  1488   909 3290.01221   44  144 5413.42782 3290.01221  39.2%   276  355s
  1496   914 3301.88120   26  172 5413.42782 3301.88120  39.0%   275  360s
  1503   919 3304.66435    9  166 5413.42782 3304.66435  39.0%   274  365s
  1511   924 3320.63412   27  163 5413.42782 3320.63412  38.7%   272  371s
  1519   930 3330.21906   11  159 5413.42782 3330.21906  38.5%   271  376s
H 1522   883                    5278.2327702 3332.98062  36.9%   270  380s
  1529   888 3332.98062   20  147 5278.23277 3332.98062  36.9%   315  387s
H 1529   843                    5167.6129629 3332.98062  35.5%   315  388s
  1530   844 3332.98062   18  142 5167.61296 3332.98062  35.5%   315  390s
  1533   846 3447.96170   53  102 5167.61296 3332.98062  35.5%   314  396s
  1538   849 3332.98062   47  142 5167.61296 3332.98062  35.5%   313  400s
  1549   857 3927.10513   37  144 5167.61296 3386.89814  34.5%   311  405s
  1559   863 3415.37690   51  139 5167.61296 3415.37690  33.9%   309  410s
  1567   869 3440.28650    8  154 5167.61296 3440.28650  33.4%   307  415s
H 1571   827                    5167.6124888 3445.18931  33.3%   306  418s
  1575   830 3459.09850   12  160 5167.61249 3459.09850  33.1%   306  420s
H 1575   787                    5146.1529749 3459.09850  32.8%   306  421s
  1582   792 3499.77900   30  138 5146.15297 3499.77900  32.0%   304  425s
  1591   798 3545.64712   22  160 5146.15297 3545.64712  31.1%   303  430s
  1599   803 3563.52074   26  169 5146.15297 3563.52074  30.8%   301  435s
  1605   807 3568.26398   26  180 5146.15297 3568.26398  30.7%   300  440s
H 1607   767                    5146.1529366 3571.12112  30.6%   300  443s
  1611   770 3571.72336   27  178 5146.15294 3571.72336  30.6%   299  445s
  1616   773 3571.72336    7  179 5146.15294 3571.72336  30.6%   298  450s
  1621   778 3571.72336   30  154 5146.15294 3571.72336  30.6%   338  457s
  1622   779 3571.72336   19  117 5146.15294 3571.72336  30.6%   338  461s
  1625   781 3571.72336   43  126 5146.15294 3571.72336  30.6%   337  465s
  1631   785 3571.72336   21  173 5146.15294 3571.72336  30.6%   336  470s
  1642   792 3590.17907   14  159 5146.15294 3590.17907  30.2%   334  475s
H 1642   752                    5146.1528460 3590.17907  30.2%   334  475s
  1649   757 3927.10513   37  161 5146.15285 3594.18876  30.2%   332  480s
  1653   759 3594.18949   11  163 5146.15285 3594.18949  30.2%   331  487s
  1656   764 3608.23006   74  170 5146.15285 3608.23006  29.9%   365  497s
  1658   768 3608.23006   75  154 5146.15285 3608.23006  29.9%   365  506s
  1666   773 3806.29199   76  117 5146.15285 3625.15123  29.6%   365  510s
  1700   800 3668.59752   81  106 5146.15285 3651.79809  29.0%   367  515s
  1752   833 3764.01589   87  108 5146.15285 3651.79809  29.0%   367  520s
  1829   885 3819.30319   96  117 5146.15285 3651.79809  29.0%   366  526s
  1877   939 4026.77300  101   97 5146.15285 3651.79809  29.0%   365  530s
  1940   950 3983.84181  108   87 5146.15285 3651.79809  29.0%   362  535s
  2066  1019 4152.97934  121  101 5146.15285 3651.79809  29.0%   357  540s
  2337  1114 4270.24502  145  111 5146.15285 3651.79809  29.0%   337  546s
  2519  1241 4398.59685  165   97 5146.15285 3651.79809  29.0%   328  550s
  2757  1353 3792.73339   81  111 5146.15285 3673.69522  28.6%   314  555s
  3007  1455 3999.43630   95  119 5146.15285 3673.69522  28.6%   303  560s
  3239  1573 4490.90305  126   86 5146.15285 3673.69522  28.6%   297  565s
  3547  1778 4327.42228  138   92 5146.15285 3711.85112  27.9%   287  570s
  3828  1916 4490.54646  109   88 5146.15285 3716.32688  27.8%   279  575s
  4245  2242 4507.25120  141  123 5146.15285 3722.45932  27.7%   268  581s
  4662  2528 3749.19466   83  115 5146.15285 3725.10773  27.6%   255  585s
  4913  2679 4225.59075  103  101 5146.15285 3725.10773  27.6%   255  590s
  5141  2882 3774.72998   87  120 5146.15285 3739.50902  27.3%   252  596s
  5372  3258 4427.40630  120  120 5146.15285 3739.51176  27.3%   251  601s
  5888  3458 3968.16964   84  130 5146.15285 3746.32116  27.2%   240  609s
  5968  3564 5104.90870  104   89 5146.15285 3747.73124  27.2%   240  612s
  6139  3722 4268.92628  102  102 5146.15285 3754.91619  27.0%   239  615s
  6529  4066 4272.68402  119  102 5146.15285 3760.23989  26.9%   234  623s
  6800  4273 4227.60305   91  126 5146.15285 3763.54095  26.9%   231  627s
  7033  4437 5059.51353  125   99 5146.15285 3764.10314  26.9%   228  631s
  7266  4588 4146.91811   93  112 5146.15285 3767.42385  26.8%   228  635s
  7687  4992 4553.64711  136   93 5146.15285 3767.42385  26.8%   230  643s
  8067  5174 infeasible  185      5146.15285 3773.48821  26.7%   227  649s
  8330  5415 3959.49889   81  115 5146.15285 3775.62864  26.6%   224  654s
  8629  5577 4382.61791   95  104 5146.15285 3776.18138  26.6%   222  658s
  8833  5825 4270.08748  120   87 5146.15285 3776.18138  26.6%   225  663s
  9171  6142 4659.50706  158   84 5146.15285 3777.98158  26.6%   225  668s
  9665  6365 3856.40761   93  101 5146.15285 3781.12224  26.5%   221  673s
  9951  6603 4284.08990   97   98 5146.15285 3783.48312  26.5%   219  678s
 10289  6909 4366.57752  104   77 5146.15285 3787.01190  26.4%   219  688s
 10704  7102 4863.61362   98  113 5146.15285 3789.19177  26.4%   221  694s
 10995  7479 4467.04504  136  103 5146.15285 3790.19634  26.3%   222  701s
 11549  7906 4891.20020  161   59 5146.15285 3795.74402  26.2%   220  708s
 12142  8407 4815.86031   96   98 5146.15285 3799.74979  26.2%   216  714s
 12765  8605 4095.17457   92  106 5146.15285 3801.88202  26.1%   212  720s
 13017  9038 4257.94918  116   99 5146.15285 3803.01413  26.1%   211  726s
 13569  9438 4391.55526   97  124 5146.15285 3807.09027  26.0%   208  731s
 14040  9844 3987.62225   88   80 5146.15285 3808.44254  26.0%   206  737s
 14533  9890 infeasible  137      5146.15285 3811.51272  25.9%   204  744s
 14592 10222 3969.77914   93  105 5146.15285 3811.68537  25.9%   204  748s
 15001 10581 4219.70140   98  111 5146.15285 3814.08825  25.9%   203  753s
 15470 10925 3836.50613   91  105 5146.15285 3815.42601  25.9%   203  758s
 15898 11365 4871.84094  179   65 5146.15285 3816.64666  25.8%   202  763s
 16459 11790 4334.49671   98  120 5146.15285 3819.82418  25.8%   199  768s
 16964 11870 4912.50682  217   71 5146.15285 3822.30938  25.7%   197  772s
 17104 12139 4941.06628   96   97 5146.15285 3823.19067  25.7%   197  777s
 17487 12394 4533.83965  116  104 5146.15285 3826.62947  25.6%   197  782s
 17884 12615     cutoff  101      5146.15285 3828.51221  25.6%   197  787s
 18211 12964 4318.34309  112   93 5146.15285 3829.89764  25.6%   196  792s
 18632 13260     cutoff  104      5146.15285 3830.71576  25.6%   196  796s
 19027 13633 3880.49837   98  130 5146.15285 3832.86343  25.5%   195  801s
 19462 13936     cutoff  140      5146.15285 3833.09681  25.5%   194  806s
 19867 14267 4702.85458  104   95 5146.15285 3834.43954  25.5%   194  811s
 20301 14602 4509.33872  123   98 5146.15285 3835.62130  25.5%   193  816s
 20730 14603 4946.44064  103  137 5146.15285 3837.35879  25.4%   192  984s
 20732 14604 4720.49074  135  114 5146.15285 3837.35879  25.4%   192  986s
 20734 14606 4817.14928  128  122 5146.15285 3837.35879  25.4%   192  990s
 20737 14608 4755.04059  135  116 5146.15285 3837.35879  25.4%   192  996s
 20744 14612 3865.15702   98  111 5146.15285 3837.35879  25.4%   192 1000s
 20747 14614 4440.17903   94  106 5146.15285 3863.95309  24.9%   192 1006s
 20751 14617 4705.64173  207  118 5146.15285 3896.74178  24.3%   192 1013s
 20753 14618 4995.66717  140  116 5146.15285 3898.89423  24.2%   192 1015s
 20754 14619 4214.51587   90  116 5146.15285 3924.43434  23.7%   192 1020s
 20760 14623 5097.63710  124  131 5146.15285 3977.67328  22.7%   192 1026s
 20765 14626 4059.85550  102  103 5146.15285 4043.97777  21.4%   192 1033s
 20771 14630 4123.19703  112  128 5146.15285 4055.49875  21.2%   192 1036s
 20775 14633 4596.88550  111  130 5146.15285 4064.60710  21.0%   192 1041s
 20776 14634 4784.81550  134  119 5146.15285 4082.98321  20.7%   192 1046s
 20780 14636 4105.61473  116  122 5146.15285 4105.61473  20.2%   192 1053s
 20782 14638 4805.13946  117  124 5146.15285 4106.67189  20.2%   192 1056s
 20787 14641 4559.88705  106  120 5146.15285 4122.62294  19.9%   192 1061s
 20788 14642 4842.39799  129  121 5146.15285 4128.22010  19.8%   192 1066s
 20791 14644 4402.68818  144  130 5146.15285 4131.80638  19.7%   192 1073s
 20794 14646 4653.81982  111  140 5146.15285 4132.72556  19.7%   192 1076s
 20795 14646 4926.29978  114  127 5146.15285 4141.65700  19.5%   192 1080s
 20799 14649 4465.71491  111  147 5146.15285 4154.18358  19.3%   192 1088s
 20802 14651 4444.18174   97  142 5146.15285 4156.49288  19.2%   191 1090s
 20804 14652 4161.09872  114  140 5146.15285 4161.09872  19.1%   191 1096s
 20808 14655 4817.14928  128  140 5146.15285 4166.44652  19.0%   191 1100s
 20811 14657 4463.98856  163  125 5146.15285 4172.49682  18.9%   191 1105s
 20815 14660 4449.96243  108  140 5146.15285 4175.36751  18.9%   191 1110s
 20819 14662 4187.32139  103  135 5146.15285 4187.32139  18.6%   191 1115s
 20823 14665 5096.87545  118  157 5146.15285 4189.79758  18.6%   191 1120s
 20826 14667 4572.89692  209  145 5146.15285 4192.34949  18.5%   191 1126s
 20828 14668 4737.95628  106  139 5146.15285 4194.78981  18.5%   191 1131s
 20829 14669 4195.33119   82  140 5146.15285 4195.33119  18.5%   191 1135s
 20832 14671 4720.49074  135  151 5146.15285 4196.62356  18.5%   191 1140s
 20834 14672 4817.14928  128  149 5146.15285 4197.26799  18.4%   191 1145s
 20836 14674 4381.19060   96  167 5146.15285 4198.12129  18.4%   191 1150s
H20836 13938                    5146.1525628 4198.16144  18.4%   191 1152s
 20838 13939 4779.11030  123  159 5146.15256 4198.65417  18.4%   191 1155s
 20841 13941 5105.70387  174  152 5146.15256 4199.23989  18.4%   191 1160s
 20843 13942 4340.77133   91  143 5146.15256 4199.87396  18.4%   191 1166s
 20846 13944 5008.30278  195  162 5146.15256 4200.87989  18.4%   191 1171s
 20849 13946 4927.90845  112  156 5146.15256 4201.62354  18.4%   191 1176s
 20851 13948 4705.64173  207  155 5146.15256 4201.90763  18.3%   191 1181s
 20853 13949 4995.66717  140  158 5146.15256 4202.37135  18.3%   191 1186s
 20856 13951 4356.90203  119  162 5146.15256 4202.77396  18.3%   191 1191s
 20858 13952 4204.77263  101  142 5146.15256 4204.77263  18.3%   191 1197s
 20860 13954 5097.63710  124  147 5146.15256 4205.61210  18.3%   191 1203s
 20861 13954 4503.83141  108  150 5146.15256 4205.64604  18.3%   191 1205s
 20863 13956 4571.42903  142  158 5146.15256 4205.94705  18.3%   191 1210s
 20865 13957 4206.25225  102  150 5146.15256 4206.25225  18.3%   191 1215s
 20867 13958 4705.09222  133  163 5146.15256 4206.73328  18.3%   191 1221s
 20869 13960 4592.10718  102  143 5146.15256 4207.01044  18.2%   191 1226s
 20872 13962 4261.30782  128  147 5146.15256 4207.77198  18.2%   191 1231s
 20874 13963 4625.95952  103  155 5146.15256 4207.82558  18.2%   191 1235s
 20877 13965 4209.48341   99  151 5146.15256 4209.48341  18.2%   191 1240s
 20879 13966 4938.13591  232  146 5146.15256 4209.79400  18.2%   191 1245s
 20882 13968 4805.13946  117  142 5146.15256 4217.05424  18.1%   191 1251s
 20885 13970 4964.35367  150  141 5146.15256 4219.50747  18.0%   191 1256s
 20887 13972 4559.88705  106  136 5146.15256 4226.55335  17.9%   191 1260s
 20889 13973 4609.39715  152  148 5146.15256 4229.47410  17.8%   191 1265s
 20891 13974 4402.68818  144  152 5146.15256 4231.70220  17.8%   191 1270s
 20894 13976 4653.81982  111  147 5146.15256 4233.55361  17.7%   191 1275s
 20898 13979 4428.04453   87  128 5146.15256 4235.16895  17.7%   191 1280s
 20901 13981 4388.29534   91  145 5146.15256 4238.93653  17.6%   191 1287s
 20902 13982 4444.18174   97  131 5146.15256 4244.85356  17.5%   191 1290s
 20905 13984 4597.34037  116  133 5146.15256 4285.96641  16.7%   191 1296s
 20909 13986 4382.37233  115  143 5146.15256 4292.09508  16.6%   191 1301s
 20911 13988 4463.98856  163  135 5146.15256 4301.28900  16.4%   190 1305s
 20914 13990 4306.72371  108  157 5146.15256 4306.72371  16.3%   190 1310s
 20917 13992 4459.95861   87  140 5146.15256 4308.19690  16.3%   190 1316s
 20919 13993 4311.67453  103  129 5146.15256 4311.67453  16.2%   190 1321s
 20923 13996 5096.87545  118  165 5146.15256 4315.62833  16.1%   190 1326s
 20925 13997 4828.39812  128  137 5146.15256 4317.57564  16.1%   190 1332s
 20928 13999 4737.95628  106  141 5146.15256 4318.68255  16.1%   190 1337s
 20930 14000 4946.44064  103  137 5146.15256 4319.67573  16.1%   190 1341s
 20933 14002 4599.57866   88  144 5146.15256 4321.36976  16.0%   190 1346s
 20935 14004 5057.78343  112  140 5146.15256 4322.17617  16.0%   190 1351s
 20938 14006 4779.11030  123  146 5146.15256 4322.50750  16.0%   190 1356s
 20940 14007 4970.11084  123  141 5146.15256 4323.23432  16.0%   190 1362s
 20942 14008 4323.79085   98  147 5146.15256 4323.79085  16.0%   190 1365s
 20945 14010 4793.95695  134  153 5146.15256 4325.03458  16.0%   190 1370s
 20948 14012 4504.89199  106  157 5146.15256 4325.67499  15.9%   190 1377s
 20950 14014 4492.99991  110  170 5146.15256 4326.00494  15.9%   190 1382s
 20952 14015 4668.35962  103  169 5146.15256 4326.28371  15.9%   190 1385s
 20954 14016 4326.36014   90  169 5146.15256 4326.36014  15.9%   190 1390s
 20956 14018 4356.90203  119  168 5146.15256 4326.53522  15.9%   190 1396s
 20958 14019 4326.56795  101  174 5146.15256 4326.56795  15.9%   190 1401s
 20960 14020 5097.63710  124  169 5146.15256 4326.75699  15.9%   190 1406s
 20962 14022 4970.43629  115  176 5146.15256 4326.80577  15.9%   190 1411s
 20964 14023 4326.80632   93  174 5146.15256 4326.80632  15.9%   190 1416s
 20966 14024 4695.52904   95  175 5146.15256 4326.81774  15.9%   190 1421s
 20967 14025 4705.09222  133  175 5146.15256 4326.81774  15.9%   190 1431s
 20969 14026 4592.10718  102  174 5146.15256 4327.62927  15.9%   190 1437s
 20972 14029 4327.62927  128  110 5146.15256 4327.62927  15.9%   194 1440s
 20975 14031 4596.88550  111  124 5146.15256 4327.62927  15.9%   194 1445s
 20980 14035 4327.62927  116  109 5146.15256 4327.62927  15.9%   193 1450s
 20993 14043 4421.06881   90  152 5146.15256 4327.62927  15.9%   193 1456s
 20995 14045 4926.29978  114  166 5146.15256 4327.62927  15.9%   193 1463s
 20996 14045 4925.45414  200  166 5146.15256 4327.62927  15.9%   193 1466s
 20998 14047 4428.04453   87  161 5146.15256 4327.84607  15.9%   193 1470s
 20999 14047 4465.71491  111  161 5146.15256 4327.84607  15.9%   193 1475s
 21000 14048 4952.91166  107  161 5146.15256 4327.84607  15.9%   193 1480s
 21003 14053 4331.47378  100  160 5146.15256 4328.03795  15.9%   196 1491s
 21005 14056 4335.28395  101  126 5146.15256 4331.47378  15.8%   196 1499s
 21009 14059 4336.51589  102  114 5146.15256 4335.81591  15.7%   196 1505s
 21017 14064 4343.31844  103  101 5146.15256 4342.61215  15.6%   196 1511s
 21030 14073 4350.79024  104  100 5146.15256 4342.61215  15.6%   196 1515s
 21045 14086 4364.02853  106  103 5146.15256 4342.61215  15.6%   196 1520s
 21081 14110 4380.85929  110   99 5146.15256 4342.61215  15.6%   196 1525s
 21118 14134 4408.84345  114   98 5146.15256 4342.61215  15.6%   197 1530s
 21179 14170 4434.04345  121   60 5146.15256 4342.61215  15.6%   197 1536s
 21253 14201 4663.28511  128   56 5146.15256 4342.61215  15.6%   197 1540s
 21364 14249 4486.88261  135   69 5146.15256 4342.61215  15.6%   197 1545s
H21519 13517                    5010.3266005 4342.61215  13.3%   197 1548s
 21568 13553     cutoff  150      5010.32660 4342.61215  13.3%   197 1550s
H21618 12879                    4988.8666126 4342.61215  13.0%   197 1552s
 21685 12906 4612.31685  166   62 4988.86661 4342.61215  13.0%   197 1555s
H21830 12253                    4969.2401347 4342.61215  12.6%   197 1559s
 21832 12301 4836.38909  189   50 4969.24013 4357.29942  12.3%   197 1560s
 21972 12348 4876.20823  122  100 4969.24013 4361.11441  12.2%   197 1566s
 22182 12439 4579.55917  111  117 4969.24013 4367.00422  12.1%   197 1570s
 22565 12560 4854.93972  116  119 4969.24013 4378.94596  11.9%   196 1576s
 22803 12641 4922.49302  132   67 4969.24013 4381.24271  11.8%   196 1580s
 23302 12806 4462.95710  110  106 4969.24013 4388.93550  11.7%   196 1586s
 23682 12887 infeasible  121      4969.24013 4391.19931  11.6%   196 1591s
 24004 12901 4602.20491  133  109 4969.24013 4394.80618  11.6%   196 1596s
 24306 13003 4501.16807  125   89 4969.24013 4397.33365  11.5%   197 1602s
 24532 13048 4462.18569  112  118 4969.24013 4400.67417  11.4%   197 1605s
 24981 13152 4785.54952  120  120 4969.24013 4406.71427  11.3%   196 1611s
 25449 13223 4761.72432  118  109 4969.24013 4413.86264  11.2%   196 1617s
 25729 13350 4872.60829  110   96 4969.24013 4420.73196  11.0%   196 1621s
 26342 13425     cutoff  133      4969.24013 4424.63951  11.0%   196 1627s
 26627 13464 4637.10624  121   99 4969.24013 4428.65678  10.9%   196 1631s
 26973 13454 4656.57424  127   95 4969.24013 4433.42391  10.8%   196 1635s
 27465 13574     cutoff  140      4969.24013 4438.07993  10.7%   196 1644s
 27821 13682 4843.19909  114   86 4969.24013 4440.88105  10.6%   196 1648s
 28209 13691 4918.23274  119   96 4969.24013 4444.55716  10.6%   196 1653s
 28577 13810 4526.92458  123  120 4969.24013 4447.77306  10.5%   196 1658s
 29010 13813 4573.31210  119   99 4969.24013 4450.15628  10.4%   196 1664s
 29375 13914 4603.82822  128   84 4969.24013 4454.19210  10.4%   196 1670s
 29761 14065 4908.68263  155   73 4969.24013 4455.80311  10.3%   196 1676s
 30253 14174 4726.83774  117   90 4969.24013 4458.06564  10.3%   196 1682s
 30778 14218 4502.04851  129   85 4969.24013 4460.59562  10.2%   195 1688s
 31333 14034 4581.14939  129  137 4969.24013 4464.03927  10.2%   195 1715s
 31337 14037 4509.75005  122  121 4969.24013 4464.03927  10.2%   195 1720s
 31344 14041 4821.02082  120   87 4969.24013 4464.03927  10.2%   195 1725s
 31357 14050 4882.77091  137  167 4969.24013 4464.03927  10.2%   195 1731s
 31358 14051 4744.83400  110  169 4969.24013 4464.03927  10.2%   195 1735s
 31360 14052 4579.49268  133  149 4969.24013 4464.03927  10.2%   195 1740s
 31363 14054 4773.95678  153  151 4969.24013 4464.03927  10.2%   195 1746s
 31365 14055 4863.72598  129  151 4969.24013 4464.03927  10.2%   195 1750s
 31367 14057 4488.38861  117  153 4969.24013 4464.03927  10.2%   195 1756s
 31369 14058 4778.50063  114  165 4969.24013 4464.03927  10.2%   195 1761s
 31371 14059 4495.81343  108  170 4969.24013 4464.03927  10.2%   195 1765s
 31376 14063 4850.13388  120  163 4969.24013 4464.03927  10.2%   195 1771s
 31378 14064 4660.83038  116  162 4969.24013 4464.03927  10.2%   195 1776s
 31380 14065 4606.24617  136  152 4969.24013 4464.03927  10.2%   195 1780s
H31382 13362                    4969.2401078 4464.03927  10.2%   195 1786s
 31384 13363 4672.91819  105  165 4969.24011 4464.03927  10.2%   195 1791s
 31386 13364 4754.38137  131  136 4969.24011 4464.03927  10.2%   195 1795s
H31388 12697                    4969.2400784 4464.03927  10.2%   195 1800s
 31391 12699 4931.58362  125  143 4969.24008 4464.03927  10.2%   195 1806s
 31393 12700 4688.69269  122  148 4969.24008 4464.03927  10.2%   195 1810s
 31395 12701 4704.11509  111  176 4969.24008 4464.03927  10.2%   195 1815s
 31397 12703 4538.97887  110  140 4969.24008 4464.03927  10.2%   195 1820s
H31397 12067                    4969.2400483 4464.03927  10.2%   195 1822s
 31399 12068 4481.53228  119  140 4969.24005 4464.03927  10.2%   195 1826s
 31401 12069 4823.91165  130  147 4969.24005 4464.03927  10.2%   195 1833s
 31402 12070 4944.20637  133  147 4969.24005 4464.03927  10.2%   195 1835s
 31404 12074 4464.03927  115  127 4969.24005 4464.03927  10.2%   196 1844s
 31406 12077 4464.03927  116  113 4969.24005 4464.03927  10.2%   196 1851s
 31410 12078 4464.03927  117  118 4969.24005 4464.03927  10.2%   196 1855s
 31418 12082 4464.03927  118  109 4969.24005 4464.03927  10.2%   196 1862s
 31426 12086 4464.03927  119  116 4969.24005 4464.03927  10.2%   196 1865s
 31442 12093 4561.09877  121  109 4969.24005 4464.03927  10.2%   196 1870s
 31462 12104 4464.03927  124  111 4969.24005 4464.03927  10.2%   197 1875s
 31486 12119 4464.03927  128   88 4969.24005 4464.03927  10.2%   197 1880s
 31518 12131 4841.48388  132   93 4969.24005 4464.03927  10.2%   197 1885s
 31561 12144 4464.03927  137   85 4969.24005 4464.03927  10.2%   197 1891s
 31607 12153 4711.10818  142   85 4969.24005 4464.03927  10.2%   197 1895s
 31659 12164 4510.39037  149   88 4969.24005 4464.03927  10.2%   197 1900s
 31727 12196 4622.37798  158   92 4969.24005 4464.03927  10.2%   197 1905s
 31869 12216 4872.50253  183   79 4969.24005 4464.03927  10.2%   197 1910s
 32061 12267 4887.50717  135   79 4969.24005 4464.03927  10.2%   197 1915s
 32318 12349 4523.96102  167   91 4969.24005 4464.03927  10.2%   196 1920s
 32597 12467 4602.43364  122   66 4969.24005 4464.03927  10.2%   196 1926s
 32760 12567 4802.74075  162   73 4969.24005 4464.03927  10.2%   196 1930s
 33003 12636 4478.89944  136  116 4969.24005 4464.03927  10.2%   196 1935s
 33465 12793 4772.95472  177  107 4969.24005 4464.03927  10.2%   195 1942s
 33772 12924 4729.06861  139   76 4969.24005 4464.03927  10.2%   195 1947s
 34127 13078 4603.42948  136   83 4969.24005 4464.03927  10.2%   194 1952s
 34348 13199 4599.00127  130  128 4969.24005 4464.03927  10.2%   194 1955s
 34843 13361 4578.78127  138  113 4969.24005 4464.03927  10.2%   194 1961s
 35275 13443 4545.59471  136   89 4969.24005 4464.03927  10.2%   193 1966s
 35778 13614 4785.69673  168   98 4969.24005 4464.03927  10.2%   193 1973s
 36021 13733 4550.82915  136  107 4969.24005 4464.03927  10.2%   193 1976s
 36593 13852 4591.63098  131   91 4969.24005 4464.03927  10.2%   192 1983s
 36801 13895 4889.72798  137   99 4969.24005 4464.03927  10.2%   193 1987s
 37054 13968 4691.06717  132   84 4969.24005 4464.03927  10.2%   193 1991s
 37666 14154 4798.43283  127   86 4969.24005 4464.03927  10.2%   193 1999s
 38045 14239 4838.15371  130   83 4969.24005 4464.03927  10.2%   193 2003s
 38377 14323 4881.17099  169   83 4969.24005 4464.03927  10.2%   193 2008s
 38683 14377 4589.26487  143   91 4969.24005 4464.03927  10.2%   193 2013s
 39036 14486 4559.57890  127   67 4969.24005 4464.03927  10.2%   193 2017s
 39373 14565 4544.78771  142  106 4969.24005 4464.03927  10.2%   193 2022s
 39697 14715 4685.26303  155   67 4969.24005 4464.03927  10.2%   193 2027s
 40115 14860 4919.90096  160   99 4969.24005 4464.03927  10.2%   193 2033s
 40527 14955     cutoff  143      4969.24005 4464.28809  10.2%   193 2039s
 40953 15159     cutoff  137      4969.24005 4467.79845  10.1%   193 2044s
 41485 15255 4745.62400  132  127 4969.24005 4469.57535  10.1%   192 2050s
 41935 15497 4886.68106  149   91 4969.24005 4471.50507  10.0%   193 2059s
 42656 15508 4665.85172  130  101 4969.24005 4476.22463  9.92%   192 2064s
 43017 15606 4707.51984  166  112 4969.24005 4478.89944  9.87%   192 2069s
 43406 15790 4750.92482  140   88 4969.24005 4480.15949  9.84%   192 2073s
 43841 15882 4760.18938  130  126 4969.24005 4482.56605  9.79%   192 2078s
 44190 15798 4916.39034  174   79 4969.24005 4484.66019  9.75%   192 2086s
 44255 15952 4673.91760  147  109 4969.24005 4484.84619  9.75%   192 2090s
 44650 16041 4698.45223  145   58 4969.24005 4486.63091  9.71%   192 2096s
 45043 16217     cutoff  148      4969.24005 4487.74608  9.69%   193 2101s
 45537 16275 4968.10714  158   94 4969.24005 4489.58656  9.65%   192 2105s
 45928 16405 4777.46952  172   92 4969.24005 4492.04684  9.60%   192 2110s
 46371 16560 4611.88121  143   89 4969.24005 4494.08452  9.56%   192 2115s
 47243 16635     cutoff  161      4969.24005 4499.44267  9.45%   192 2124s
 47619 16726 4902.12220  154  126 4969.24005 4502.14227  9.40%   192 2129s
 47987 16809 4876.92398  152  110 4969.24005 4503.44464  9.37%   192 2134s
 48400 16872 4668.15216  133   86 4969.24005 4505.99376  9.32%   192 2138s
 48807 16903     cutoff  149      4969.24005 4507.83643  9.29%   192 2143s
 49238 16905 4644.68819  167  110 4969.24005 4509.57670  9.25%   192 2147s
 49615 17013 4922.69421  148  114 4969.24005 4510.65430  9.23%   192 2152s
 50031 17072 4917.08482  174  101 4969.24005 4512.13135  9.20%   192 2158s
 50429 17137 4859.92686  164   82 4969.24005 4514.08028  9.16%   192 2162s
 50853 17078     cutoff  138      4969.24005 4515.38183  9.13%   192 2167s
 51201 17155 4764.90519  141   93 4969.24005 4517.43150  9.09%   192 2172s
 51628 17220 4779.12246  138   99 4969.24005 4519.65114  9.05%   192 2178s
 51964 17268     cutoff  166      4969.24005 4520.49712  9.03%   192 2182s
 52358 17333 4949.89541  145  101 4969.24005 4522.48443  8.99%   192 2190s
 52861 17394 4811.22395  176  116 4969.24005 4524.09291  8.96%   192 2195s
 53769 17484 4652.41946  141  117 4969.24005 4526.80515  8.90%   192 2204s
 54173 17569 4801.75759  129   84 4969.24005 4527.92281  8.88%   192 2208s
 54591 17537 4953.09546  144  119 4969.24005 4529.42576  8.85%   192 2213s
 54896 17577 4698.82091  138   98 4969.24005 4531.19343  8.82%   192 2217s
 55307 17584 4595.69123  138   97 4969.24005 4532.46138  8.79%   192 2221s
 55674 17671 4609.63920  145   81 4969.24005 4533.33651  8.77%   192 2225s
 56037 17667 4831.66356  159   85 4969.24005 4535.30890  8.73%   192 2230s
 56367 17693 4819.16706  148  106 4969.24005 4536.74417  8.70%   192 2235s
 57221 17976     cutoff  148      4969.24005 4540.39804  8.63%   192 2244s
 57742 17973 4952.51597  135   94 4969.24005 4541.60498  8.61%   191 2249s
 58178 18029 4769.95084  132  102 4969.24005 4542.72177  8.58%   191 2253s
 58595 18084 4959.33387  151   95 4969.24005 4544.20986  8.55%   191 2257s
 59001 18044 4683.30045  139  111 4969.24005 4545.26786  8.53%   191 2261s
 59303 18066 4706.25987  126   81 4969.24005 4545.85739  8.52%   192 2266s
 59668 18118 4625.69398  144  144 4969.24005 4546.85918  8.50%   192 2270s
 60544 18240     cutoff  135      4969.24005 4549.19587  8.45%   192 2279s
 61007 18208     cutoff  156      4969.24005 4550.73059  8.42%   192 2283s
 61373 18197 4738.05140  142   94 4969.24005 4552.63114  8.38%   192 2288s
 61699 18298 infeasible  134      4969.24005 4553.93084  8.36%   192 2292s
 62136 18334 4677.92613  129   75 4969.24005 4554.94775  8.34%   192 2297s
 62605 18407 4735.69925  148  105 4969.24005 4556.88103  8.30%   192 2303s
 63133 18382 4729.07959  174   82 4969.24005 4558.28731  8.27%   192 2307s
 63499 18410     cutoff  138      4969.24005 4559.46760  8.25%   192 2312s
 63884 18386 4826.24041  139  101 4969.24005 4560.59473  8.22%   192 2317s
 64139 18528 4663.33816  133   65 4969.24005 4561.09877  8.21%   192 2322s
 64614 18537 4881.81209  149   98 4969.24005 4562.91625  8.18%   192 2326s
 65054 18447 4885.94334  141   84 4969.24005 4564.47441  8.15%   192 2331s
 65340 18512 4932.89201  156   90 4969.24005 4564.94509  8.14%   192 2336s
 65721 18518 4861.76982  139  116 4969.24005 4566.14243  8.11%   192 2340s
 66159 18565 4879.20931  131   76 4969.24005 4567.07576  8.09%   192 2345s
 67057 18630 4738.93305  155  109 4969.24005 4569.62163  8.04%   192 2354s
 67479 18668 4799.08388  143   84 4969.24005 4570.75398  8.02%   192 2359s
 67910 18791 4712.77194  138  102 4969.24005 4571.49805  8.00%   192 2363s
 68296 18923     cutoff  143      4969.24005 4572.26102  7.99%   192 2368s
 68633 19079     cutoff  138      4969.24005 4573.03484  7.97%   192 2372s
 69063 19198 4871.48256  148   84 4969.24005 4574.69301  7.94%   192 2377s
 69444 19359 4957.02736  155  105 4969.24005 4576.06154  7.91%   192 2382s
 69856 19578 4650.60102  120  128 4969.24005 4577.41490  7.89%   192 2386s
 70319 19716 4652.66538  137   80 4969.24005 4579.00493  7.85%   192 2390s
 70726 19872 4929.48717  148  107 4969.24005 4580.32151  7.83%   192 2398s
 71027 19991 4897.25759  159   61 4969.24005 4580.98370  7.81%   192 2402s
 71486 20164 4817.01438  147   78 4969.24005 4582.41944  7.78%   192 2406s
 71929 20311     cutoff  146      4969.24005 4583.41035  7.76%   192 2411s
 72337 20402 4809.88110  143   72 4969.24005 4583.72606  7.76%   192 2416s
 72763 20489 4844.76275  141  105 4969.24005 4585.35581  7.73%   193 2420s
 73136 20666 4631.99577  124   72 4969.24005 4586.63332  7.70%   193 2427s
 73614 20771 4762.32479  129  110 4969.24005 4587.29747  7.69%   193 2435s
 73996 20942 4938.83706  150  116 4969.24005 4588.28351  7.67%   193 2440s
 74470 21144 4871.85777  143   82 4969.24005 4589.49073  7.64%   193 2445s
 75388 21399 4850.86686  133   90 4969.24005 4591.89327  7.59%   193 2453s
 75777 21509     cutoff  164      4969.24005 4593.06861  7.57%   193 2459s
 76093 21682 4783.35113  149   96 4969.24005 4593.98599  7.55%   193 2463s
 76558 21881 4887.11662  140   98 4969.24005 4595.07582  7.53%   193 2468s
 76999 22016 4911.93970  135  113 4969.24005 4596.68309  7.50%   193 2472s
 77421 22175 4774.26044  148  110 4969.24005 4597.95341  7.47%   193 2476s
 77863 22340     cutoff  143      4969.24005 4598.98182  7.45%   193 2480s
 78311 22527 4844.95426  128  113 4969.24005 4599.84490  7.43%   193 2485s
 78738 22629 4668.72712  135   97 4969.24005 4600.55896  7.42%   193 2490s
 79101 22847 4894.46993  147  116 4969.24005 4601.68785  7.40%   193 2496s
 79557 22939 4831.01323  151  105 4969.24005 4602.45425  7.38%   193 2505s
 80352 23293 4903.21938  168   54 4969.24005 4603.95460  7.35%   193 2514s
 80804 23428     cutoff  134      4969.24005 4604.48368  7.34%   193 2518s
 81193 23582 4700.16331  150   82 4969.24005 4605.23374  7.33%   193 2523s
 81639 23717 4826.43744  138   65 4969.24005 4606.42980  7.30%   193 2527s
 82082 23784 4663.24279  162   79 4969.24005 4606.98360  7.29%   193 2532s
 82317 24005 4889.89211  135   91 4969.24005 4607.77252  7.27%   193 2537s
 82782 24144 4916.27986  155  107 4969.24005 4608.39868  7.26%   193 2541s
 83250 24260 4806.34426  147  100 4969.24005 4609.30946  7.24%   193 2546s
 83619 24455 4733.63589  135   78 4969.24005 4609.97407  7.23%   193 2552s
 84094 24606     cutoff  141      4969.24005 4611.26151  7.20%   193 2557s
 84461 24739 4920.93459  136  103 4969.24005 4611.98798  7.19%   193 2565s
 84826 24932 4691.73956  150   89 4969.24005 4613.02765  7.17%   193 2571s
 85391 25057 4772.92548  141   95 4969.24005 4614.40193  7.14%   193 2576s
 85787 25271 4734.73914  129   93 4969.24005 4615.27144  7.12%   193 2581s
 86334 25420 4692.24385  127   83 4969.24005 4616.81852  7.09%   193 2586s
 86696 25560 4944.98421  128   88 4969.24005 4617.55865  7.08%   193 2591s
 87083 25688     cutoff  180      4969.24005 4617.85784  7.07%   193 2595s
 87470 25774 4774.86748  134   83 4969.24005 4619.16528  7.04%   193 2602s
 87736 25993     cutoff  144      4969.24005 4619.67403  7.03%   193 2607s
 88251 26148 4716.85545  157  105 4969.24005 4621.14875  7.00%   193 2612s
 88710 26266 4684.49897  136   95 4969.24005 4622.37371  6.98%   193 2616s
 89103 26407     cutoff  150      4969.24005 4623.10669  6.97%   193 2621s
 89589 26513 4942.49925  136  119 4969.24005 4623.80014  6.95%   193 2626s
 90054 26606     cutoff  137      4969.24005 4624.73419  6.93%   193 2631s
 90437 26726 4965.52486  152   89 4969.24005 4625.75708  6.91%   193 2635s
 90894 26816     cutoff  147      4969.24005 4626.54391  6.90%   193 2640s
 91224 26947 4836.01370  134   98 4969.24005 4627.19669  6.88%   193 2645s
 91652 27091 4848.44341  150   93 4969.24005 4628.55467  6.86%   193 2650s
 92101 27244 4814.72985  169  105 4969.24005 4629.81433  6.83%   193 2655s
 92562 27443     cutoff  170      4969.24005 4630.91082  6.81%   193 2660s
 93419 27644 4774.06083  179  100 4969.24005 4632.94267  6.77%   193 2669s
 93877 27828 4895.77508  150   93 4969.24005 4633.75769  6.75%   193 2675s
 94791 28026 4744.30539  142  115 4969.24005 4635.55748  6.71%   193 2684s
 95090 28145 4885.37362  153  105 4969.24005 4636.00787  6.71%   193 2689s
 95536 28221 4913.06928  154  100 4969.24005 4637.01035  6.69%   193 2694s
 95870 28394 4865.27956  146   66 4969.24005 4637.66122  6.67%   193 2699s
 96369 28554 4794.63872  147  125 4969.24005 4638.35654  6.66%   193 2704s
 96781 28696 4697.45715  153  129 4969.24005 4638.95154  6.65%   193 2708s
 97237 28834 4747.79382  141  110 4969.24005 4639.98414  6.63%   193 2716s
 97602 28969 4921.43676  139   72 4969.24005 4640.59663  6.61%   193 2721s
 98001 29175 4716.34288  144  103 4969.24005 4641.36368  6.60%   193 2725s
 98474 29338 4912.52926  172  103 4969.24005 4641.90740  6.59%   193 2730s
 98862 29464 4846.69493  156   72 4969.24005 4643.04349  6.56%   193 2735s
 99255 29617 4808.32488  142   71 4969.24005 4643.62988  6.55%   193 2740s
 99676 29748 4652.62335  157   92 4969.24005 4644.86207  6.53%   193 2745s
 100503 30017 4847.85756  139  109 4969.24005 4646.64093  6.49%   193 2753s
 100961 30058 4920.61761  151   88 4969.24005 4647.29744  6.48%   193 2758s
 101345 30174 4890.03434  160  103 4969.24005 4647.99490  6.46%   193 2762s
 101710 30299 4726.75542  141   72 4969.24005 4648.81823  6.45%   193 2767s
 102108 30368 4955.64341  150  118 4969.24005 4649.47699  6.43%   193 2772s
 102516 30527 4852.44798  148   75 4969.24005 4650.15622  6.42%   193 2776s
 102950 30710 4892.21394  143  105 4969.24005 4651.02275  6.40%   193 2781s
 103432 30786     cutoff  131      4969.24005 4651.91029  6.39%   193 2785s
 103881 30900 4937.37792  138   90 4969.24005 4652.75416  6.37%   193 2790s
 104296 31051 4963.45639  160   99 4969.24005 4653.69593  6.35%   193 2796s
 104822 31176 4834.11184  170  100 4969.24005 4654.42132  6.34%   193 2800s
 105284 31314 4959.52343  149   98 4969.24005 4654.97176  6.32%   193 2805s
H105463 31314                    4969.2320772 4655.03967  6.32%   193 2805s
 105615 31325     cutoff  158      4969.23208 4655.36878  6.32%   193 2811s
H105616 31325                    4969.2320766 4655.36878  6.32%   193 2811s
 105704 31431     cutoff  159      4969.23208 4655.50396  6.31%   193 2816s
 106130 31560 4776.30276  140   75 4969.23208 4656.17628  6.30%   193 2825s
 106439 31637 4772.18813  168   95 4969.23208 4656.35749  6.30%   193 2831s
 106798 31734 4878.05428  137  109 4969.23208 4657.24098  6.28%   193 2836s
 107202 31817 4899.51414  148  109 4969.23208 4657.68197  6.27%   193 2841s
 107574 31900 4929.62952  189   82 4969.23208 4658.56341  6.25%   193 2846s
 108039 32097 4838.96697  143   90 4969.23208 4659.37157  6.24%   193 2851s
 108600 32180     cutoff  143      4969.23208 4660.02777  6.22%   193 2856s
 109026 32286 4934.03684  141   80 4969.23208 4661.37313  6.20%   193 2867s
 109440 32424     cutoff  137      4969.23208 4662.11612  6.18%   193 2872s
 109961 32509 4872.64309  149  107 4969.23208 4662.87062  6.17%   193 2877s
 110369 32611 4961.08228  165  108 4969.23208 4663.69137  6.15%   193 2881s
 110841 32764 4830.03103  134   77 4969.23208 4664.67094  6.13%   193 2886s
 111358 32820 4867.21506  150   69 4969.23208 4665.36309  6.12%   193 2891s
 111728 32887     cutoff  143      4969.23208 4666.33687  6.10%   193 2896s
 112129 33008 4783.86296  147   94 4969.23208 4666.84712  6.09%   193 2901s
 112639 33120     cutoff  143      4969.23208 4667.66577  6.07%   193 2906s
 113054 33279 4857.28197  142   68 4969.23208 4668.16247  6.06%   193 2910s
 113546 33442 4756.64779  172   87 4969.23208 4669.21237  6.04%   193 2915s
 114038 33540 4676.40854  139  105 4969.23208 4670.09750  6.02%   193 2920s
 114470 33671 4954.08306  150   82 4969.23208 4670.67794  6.01%   193 2925s
 114902 33770 4959.88374  140   95 4969.23208 4671.52051  5.99%   193 2931s
 115387 33855 4937.67151  137   79 4969.23208 4672.16089  5.98%   193 2935s
 115751 33926     cutoff  136      4969.23208 4673.22661  5.96%   193 2940s
 116618 34122     cutoff  147      4969.23208 4675.10186  5.92%   193 2949s
 117111 34271 4876.24613  140  117 4969.23208 4675.81007  5.90%   193 2953s
 117586 34373     cutoff  157      4969.23208 4676.55754  5.89%   193 2957s
 118010 34481 4738.33504  136   95 4969.23208 4677.65655  5.87%   193 2962s
 118443 34556 4693.74325  125   82 4969.23208 4678.20656  5.86%   193 2968s
 118677 34673 4817.43236  131  101 4969.23208 4678.63127  5.85%   193 2972s
 119134 34829     cutoff  164      4969.23208 4679.13171  5.84%   193 2977s
 119637 34993 4917.49575  139   69 4969.23208 4680.19135  5.82%   193 2981s
 120152 35052 4743.49735  140  109 4969.23208 4680.75601  5.81%   193 2986s
 120547 35204 4819.55995  158  145 4969.23208 4681.61236  5.79%   193 2990s
 121438 35388 4940.26213  139   87 4969.23208 4683.35411  5.75%   193 2998s
 121862 35471     cutoff  150      4969.23208 4683.71602  5.75%   193 3005s
 122520 35645     cutoff  177      4969.23208 4685.06546  5.72%   193 3013s
 122947 35703 4918.34538  161   90 4969.23208 4685.75968  5.70%   193 3017s
 123303 35824     cutoff  136      4969.23208 4686.47959  5.69%   193 3021s
 123748 35913 4936.51164  151   84 4969.23208 4687.10176  5.68%   193 3026s
 124152 35952 4835.68468  138   70 4969.23208 4687.63446  5.67%   193 3031s
 124551 36078 4802.00568  153   80 4969.23208 4688.21553  5.66%   193 3035s
 124966 36185 4811.12726  142   86 4969.23208 4688.81203  5.64%   193 3040s
 125414 36340 4870.55619  152   97 4969.23208 4689.58179  5.63%   193 3046s
 125914 36437     cutoff  141      4969.23208 4690.26270  5.61%   193 3050s
 126769 36527 4811.64340  144   86 4969.23208 4691.77356  5.58%   193 3058s
 127153 36577 4917.14867  188  106 4969.23208 4692.72550  5.56%   193 3063s
 127570 36675 4841.71988  153   95 4969.23208 4693.14651  5.56%   193 3067s
 128013 36733     cutoff  192      4969.23208 4693.88720  5.54%   193 3072s
 128399 36823 4958.04556  152   82 4969.23208 4694.44507  5.53%   193 3076s
 128773 36851 4890.17663  170   91 4969.23208 4694.98770  5.52%   193 3084s
 128916 36908     cutoff  175      4969.23208 4695.15787  5.52%   193 3089s
 129352 37033     cutoff  154      4969.23208 4696.27011  5.49%   193 3093s
 129815 37076 4896.62537  155   67 4969.23208 4696.92327  5.48%   193 3098s
 130247 37183 4831.43540  163   82 4969.23208 4697.55879  5.47%   193 3102s
 130738 37252 4894.27044  144   94 4969.23208 4698.64546  5.45%   193 3107s
 131230 37342     cutoff  141      4969.23208 4699.30232  5.43%   193 3112s
 131647 37391 4943.07289  142   97 4969.23208 4699.82511  5.42%   193 3116s
 132032 37441     cutoff  148      4969.23208 4700.53176  5.41%   193 3121s
 132466 37495 4909.02215  169   94 4969.23208 4701.45963  5.39%   193 3126s
 132868 37570     cutoff  142      4969.23208 4701.97241  5.38%   193 3130s
 133260 37600 4753.79842  132  103 4969.23208 4702.78312  5.36%   193 3135s
 134172 37701 4927.61704  160  114 4969.23208 4704.11457  5.34%   193 3144s
 134594 37778 4915.76404  156  111 4969.23208 4705.07977  5.32%   193 3148s
 135009 37828     cutoff  144      4969.23208 4705.78848  5.30%   193 3153s
 135502 37901 4912.02565  142   86 4969.23208 4706.58332  5.29%   193 3157s
 135946 38038     cutoff  169      4969.23208 4707.23910  5.27%   193 3163s
 136424 38113 4851.88767  140   79 4969.23208 4708.15343  5.25%   193 3169s
 136843 38186 4882.34378  136   95 4969.23208 4708.88276  5.24%   193 3174s
 137299 38267     cutoff  158      4969.23208 4709.58114  5.23%   193 3179s
 137821 38385 4833.66720  192  114 4969.23208 4710.44830  5.21%   193 3184s
 138290 38480     cutoff  161      4969.23208 4710.93610  5.20%   193 3188s
 138726 38548 4741.57892  155  109 4969.23208 4711.57230  5.19%   193 3193s
 139175 38598     cutoff  137      4969.23208 4712.21430  5.17%   193 3197s
 139571 38679 4910.83661  158   89 4969.23208 4712.88257  5.16%   193 3202s
 139916 38788 4788.31017  156  120 4969.23208 4713.44056  5.15%   193 3207s
 140360 38866 4923.96036  135   92 4969.23208 4714.08086  5.13%   193 3212s
 140797 38965     cutoff  144      4969.23208 4714.69024  5.12%   193 3216s
 141252 39020 4930.37727  156  102 4969.23208 4715.47214  5.11%   193 3221s
 141689 39096 4861.09872  153  109 4969.23208 4716.17637  5.09%   193 3225s
 142150 39110     cutoff  150      4969.23208 4716.86455  5.08%   193 3230s
 142933 39154 4837.65878  146   82 4969.23208 4718.05287  5.05%   193 3239s
 143299 39163     cutoff  159      4969.23208 4718.77301  5.04%   193 3243s
 143731 39200     cutoff  158      4969.23208 4719.42296  5.03%   193 3248s
 144174 39196 4933.67597  150   80 4969.23208 4720.35086  5.01%   193 3253s
 144577 39245 4869.41766  145  102 4969.23208 4721.08439  4.99%   193 3257s
 145009 39277 4947.17387  128  116 4969.23208 4721.79050  4.98%   193 3262s
 145391 39347 4933.90492  128   71 4969.23208 4722.51975  4.96%   193 3272s
 145787 39376 4830.91043  170   89 4969.23208 4723.24643  4.95%   193 3277s
 146228 39436     cutoff  161      4969.23208 4723.73501  4.94%   193 3283s
 146685 39506 4955.87957  141   98 4969.23208 4724.45563  4.93%   193 3288s
 147171 39562 4924.87058  150  130 4969.23208 4725.24197  4.91%   193 3292s
 147574 39611 4786.24360  143   95 4969.23208 4725.69464  4.90%   193 3296s
 147974 39616 4814.28543  154   73 4969.23208 4726.38554  4.89%   193 3301s
 148257 39622 4811.56595  137   89 4969.23208 4727.09649  4.87%   193 3309s
 148453 39676 4861.80485  137   61 4969.23208 4727.15636  4.87%   193 3314s
 148985 39705 4799.47458  153   58 4969.23208 4728.08992  4.85%   193 3319s
 149459 39762     cutoff  152      4969.23208 4728.71875  4.84%   193 3324s
 149912 39803 4905.92426  148  109 4969.23208 4729.45668  4.83%   193 3328s
 150386 39872     cutoff  140      4969.23208 4730.25467  4.81%   193 3334s
 150779 39961     cutoff  154      4969.23208 4730.81261  4.80%   193 3339s
 151293 40032 4870.16709  163  113 4969.23208 4731.52620  4.78%   193 3343s
 151741 40074 4773.89154  158   98 4969.23208 4732.01280  4.77%   193 3348s
 152213 40139     cutoff  168      4969.23208 4732.40108  4.77%   193 3353s
 152600 40170 4958.23574  134   77 4969.23208 4733.43680  4.75%   193 3357s
 153044 40207 4764.22324  156   95 4969.23208 4734.22739  4.73%   193 3362s
 153465 40243 4877.99873  162   85 4969.23208 4734.94155  4.71%   193 3368s
 153853 40264 4847.58248  169   81 4969.23208 4735.42660  4.71%   193 3373s
 154316 40288 4767.62926  160  105 4969.23208 4735.97619  4.69%   193 3380s
 154998 40421     cutoff  130      4969.23208 4737.01934  4.67%   193 3389s
 155444 40438     cutoff  161      4969.23208 4737.82527  4.66%   193 3394s
 155937 40529 4924.55344  164   93 4969.23208 4738.56334  4.64%   193 3399s
 156447 40546     cutoff  134      4969.23208 4739.11036  4.63%   193 3406s
 156938 40534 4901.08095  162   82 4969.23208 4739.73231  4.62%   193 3411s
 157387 40552 4965.19156  170  100 4969.23208 4740.56726  4.60%   193 3415s
 158298 40626 4811.37309  136  108 4969.23208 4741.68995  4.58%   193 3424s
 158706 40698 4939.22941  171   94 4969.23208 4742.41490  4.56%   193 3429s
 159186 40696 4767.76125  137   80 4969.23208 4742.94821  4.55%   193 3434s
 159511 40715 4805.07873  142   67 4969.23208 4743.51474  4.54%   193 3439s
 159925 40749     cutoff  165      4969.23208 4744.35522  4.53%   193 3443s
 160347 40761 4955.43208  157  112 4969.23208 4744.92743  4.51%   193 3449s
 160721 40796 4867.13939  163  122 4969.23208 4745.38465  4.50%   193 3454s
 161177 40818 4810.31435  137   82 4969.23208 4746.04021  4.49%   193 3463s
H161458 40839                    4969.2319811 4746.29233  4.49%   193 3468s
 161964 40849     cutoff  155      4969.23198 4747.06711  4.47%   193 3474s
 162342 40859 4960.92964  166  104 4969.23198 4747.64751  4.46%   193 3480s
 162733 40867 4932.16169  135   76 4969.23198 4748.16600  4.45%   193 3487s
 163078 40907     cutoff  160      4969.23198 4748.69233  4.44%   193 3492s
 163635 40899     cutoff  152      4969.23198 4749.50218  4.42%   193 3498s
 164092 40956 4776.84396  143   73 4969.23198 4750.32133  4.41%   193 3503s
 164568 40962     cutoff  151      4969.23198 4750.70758  4.40%   193 3508s
 165020 40940     cutoff  126      4969.23198 4751.52832  4.38%   194 3513s
 165489 40999 4919.60000  134   99 4969.23198 4752.34396  4.36%   194 3518s
 165986 41036 4957.09618  158   55 4969.23198 4752.91860  4.35%   194 3523s
 166469 41073 4950.99286  144  124 4969.23198 4753.65011  4.34%   194 3528s
 166987 41063 4949.32987  150   92 4969.23198 4754.35331  4.32%   194 3534s
H167229 41063                    4969.2319805 4754.37959  4.32%   194 3534s
 167367 41063     cutoff  162      4969.23198 4755.14697  4.31%   193 3535s
 167879 41107 4892.04089  145  111 4969.23198 4755.96446  4.29%   193 3543s
 168339 41093 4917.25922  148   88 4969.23198 4756.57543  4.28%   193 3548s
 168672 41100 4935.37449  158   91 4969.23198 4757.14751  4.27%   194 3555s
 169095 41060 4834.75856  153   76 4969.23198 4757.77093  4.26%   194 3560s
 169559 41042     cutoff  158      4969.23198 4758.50619  4.24%   194 3565s
 170010 41054     cutoff  149      4969.23198 4759.19136  4.23%   194 3570s
 170502 41132 4913.69786  177  107 4969.23198 4759.95499  4.21%   194 3575s
 171053 41098     cutoff  144      4969.23198 4760.60684  4.20%   194 3580s
 171567 41149 4945.53297  144  104 4969.23198 4761.37347  4.18%   194 3585s
 172037 41139 4878.04805  154   95 4969.23198 4762.00608  4.17%   194 3590s
 172833 41115 4921.96573  152   71 4969.23198 4763.31017  4.14%   194 3599s
 173280 41136     cutoff  161      4969.23198 4764.17383  4.13%   194 3604s
 173764 41120 4869.74180  154   69 4969.23198 4764.85942  4.11%   194 3609s
 174194 41121     cutoff  145      4969.23198 4765.43606  4.10%   194 3614s
 174676 41074     cutoff  160      4969.23198 4766.22181  4.09%   194 3620s
 174979 41085 4913.05943  146   91 4969.23198 4766.70168  4.08%   194 3626s
 175347 41085     cutoff  134      4969.23198 4767.14370  4.07%   194 3631s
 175805 41018 4943.73107  135   75 4969.23198 4767.91396  4.05%   194 3636s
 176225 41090 4891.97383  163   67 4969.23198 4768.63858  4.04%   194 3641s
 176796 41072     cutoff  143      4969.23198 4769.39945  4.02%   194 3646s
 177278 41114 4878.30454  139   91 4969.23198 4769.85769  4.01%   194 3650s
 177787 41192 4852.91661  154   87 4969.23198 4770.66978  4.00%   194 3657s
 178316 41162     cutoff  168      4969.23198 4771.26686  3.98%   194 3662s
 178764 41109     cutoff  166      4969.23198 4772.01181  3.97%   194 3666s
 179168 41048 4874.64550  157   97 4969.23198 4772.68763  3.96%   194 3671s
 179589 41059 4880.40036  141   81 4969.23198 4773.32417  3.94%   194 3676s
 180147 41045     cutoff  150      4969.23198 4773.99661  3.93%   194 3683s
 180358 41077     cutoff  153      4969.23198 4774.39556  3.92%   194 3688s
 180886 41111     cutoff  134      4969.23198 4775.04260  3.91%   194 3693s
 181393 41070     cutoff  148      4969.23198 4775.71090  3.89%   194 3698s
 181819 41030     cutoff  154      4969.23198 4776.37778  3.88%   194 3706s
 182078 41023     cutoff  186      4969.23198 4776.76210  3.87%   194 3711s
H182188 41023                    4969.2319796 4776.76210  3.87%   194 3711s
H182333 41023                    4969.2319791 4776.77544  3.87%   194 3711s
 182618 40968 4956.62000  128  113 4969.23198 4777.57345  3.86%   194 3717s
 183001 40975     cutoff  156      4969.23198 4778.05221  3.85%   194 3721s
 183519 40940 4933.24410  133   80 4969.23198 4778.91883  3.83%   194 3726s
 184017 40829     cutoff  138      4969.23198 4779.53434  3.82%   194 3730s
 184440 40819 4811.04216  162  101 4969.23198 4780.54545  3.80%   194 3735s
 184950 40786 4923.61312  181  125 4969.23198 4781.17760  3.78%   194 3740s
 185437 40731 4836.57804  157   95 4969.23198 4781.88939  3.77%   194 3745s
 186018 40731     cutoff  177      4969.23198 4782.57039  3.76%   194 3750s
 186537 40708     cutoff  160      4969.23198 4783.36412  3.74%   194 3755s
 187463 40669     cutoff  168      4969.23198 4784.74065  3.71%   194 3764s
 188017 40615     cutoff  160      4969.23198 4785.35821  3.70%   194 3769s
 188469 40567     cutoff  158      4969.23198 4785.92110  3.69%   194 3774s
 188939 40565     cutoff  135      4969.23198 4786.79864  3.67%   194 3780s
H189140 40565                    4969.2318126 4786.81085  3.67%   194 3780s
 189361 40526 4804.65586  150  111 4969.23181 4787.20157  3.66%   194 3785s
 189847 40470     cutoff  149      4969.23181 4787.72799  3.65%   194 3790s
 190299 40411     cutoff  155      4969.23181 4788.26279  3.64%   194 3795s
 191214 40253 4895.30970  156   81 4969.23181 4789.67401  3.61%   194 3804s
 191667 40222 4864.58689  143  121 4969.23181 4790.24947  3.60%   194 3812s
 191871 40201     cutoff  144      4969.23181 4790.58069  3.60%   194 3817s
 192424 40166 4915.18682  156  107 4969.23181 4791.09885  3.58%   194 3823s
 192743 40114     cutoff  159      4969.23181 4791.22530  3.58%   194 3827s
 193203 40074 4883.94264  159  110 4969.23181 4792.30504  3.56%   194 3833s
 193766 40042 4829.93835  146  110 4969.23181 4792.94734  3.55%   194 3838s
H193988 40042                    4969.2318117 4792.96956  3.55%   194 3838s
 194256 39981     cutoff  142      4969.23181 4793.74118  3.53%   194 3843s
 194793 39876     cutoff  167      4969.23181 4794.38175  3.52%   194 3848s
 195314 39849 4941.01303  142   81 4969.23181 4795.05308  3.51%   194 3853s
 195908 39785 4915.58583  141   96 4969.23181 4795.85135  3.49%   194 3858s
 196392 39742 4960.54946  162   82 4969.23181 4796.61636  3.47%   194 3863s
 196880 39660 4922.66090  141   77 4969.23181 4797.23601  3.46%   194 3869s
 197244 39654     cutoff  161      4969.23181 4797.76908  3.45%   194 3877s
 197824 39618 4881.45966  146   92 4969.23181 4798.43182  3.44%   194 3882s
 198368 39502     cutoff  157      4969.23181 4799.00991  3.43%   194 3886s
 198936 39420     cutoff  141      4969.23181 4799.70310  3.41%   193 3891s
 199478 39319     cutoff  175      4969.23181 4800.41689  3.40%   193 3896s
 199918 39248     cutoff  144      4969.23181 4801.20348  3.38%   193 3900s
 200452 39211     cutoff  152      4969.23181 4801.99634  3.37%   193 3905s
 201011 39115     cutoff  160      4969.23181 4802.66298  3.35%   193 3910s
 201481 39035 4903.34155  174  128 4969.23181 4803.38279  3.34%   193 3915s
 201978 38998 4859.45256  159  123 4969.23181 4804.02335  3.32%   193 3920s
 203023 38848 4900.76194  156   98 4969.23181 4805.33374  3.30%   193 3930s
 204155 38756     cutoff  167      4969.23181 4806.66457  3.27%   193 3939s
 204743 38684     cutoff  151      4969.23181 4807.36294  3.26%   193 3944s
 205228 38600 4909.62457  149   85 4969.23181 4807.90000  3.25%   193 3949s
 205720 38504 4907.27598  145   90 4969.23181 4808.57298  3.23%   193 3953s
 206175 38429     cutoff  151      4969.23181 4809.18223  3.22%   193 3958s
 206708 38342     cutoff  171      4969.23181 4809.87217  3.21%   193 3963s
 207188 38244 4950.24649  154  116 4969.23181 4810.61200  3.19%   193 3967s
 207678 38210 4907.67231  186  117 4969.23181 4811.32107  3.18%   193 3972s
 208289 38187 4866.32908  161   84 4969.23181 4812.06815  3.16%   193 3977s
 208848 38092 4871.31023  157   95 4969.23181 4812.54318  3.15%   193 3982s
 209342 38049 4885.23718  140   71 4969.23181 4813.23988  3.14%   193 3992s
 209675 37979     cutoff  133      4969.23181 4813.69342  3.13%   193 3996s
 210203 37909     cutoff  159      4969.23181 4814.54418  3.11%   193 4001s
 210784 37867     cutoff  164      4969.23181 4815.27183  3.10%   193 4006s
 211364 37802 4821.61161  168  113 4969.23181 4815.93713  3.08%   193 4012s
 211902 37726     cutoff  168      4969.23181 4816.45040  3.07%   193 4016s
 212355 37635     cutoff  148      4969.23181 4817.09864  3.06%   193 4021s
 212824 37532 4946.58150  145   59 4969.23181 4817.69652  3.05%   193 4026s
 213404 37421     cutoff  129      4969.23181 4818.34846  3.04%   193 4031s
 213941 37341     cutoff  140      4969.23181 4819.07293  3.02%   192 4035s
 214454 37224 4895.65251  168   92 4969.23181 4819.77599  3.01%   192 4040s
 215034 37132     cutoff  138      4969.23181 4820.56322  2.99%   192 4045s
 216002 36988     cutoff  143      4969.23181 4821.83013  2.97%   192 4053s
 216552 36891 4886.33374  178  119 4969.23181 4822.40984  2.95%   192 4058s
 217101 36793     cutoff  151      4969.23181 4823.16875  2.94%   192 4062s
 217600 36619 4910.31460  133   92 4969.23181 4823.79007  2.93%   192 4067s
 218059 36560 4903.46135  156  135 4969.23181 4824.57337  2.91%   192 4071s
 218600 36464     cutoff  168      4969.23181 4825.21343  2.90%   192 4077s
 218967 36308 4891.39866  158   80 4969.23181 4825.76911  2.89%   192 4081s
 219472 36259     cutoff  143      4969.23181 4826.54961  2.87%   192 4086s
 220103 36151 4920.50890  147  100 4969.23181 4827.12141  2.86%   192 4091s
 220721 36045     cutoff  172      4969.23181 4827.74886  2.85%   192 4095s
 221207 35901     cutoff  152      4969.23181 4828.42149  2.83%   192 4100s
 222204 35618     cutoff  148      4969.23181 4829.90019  2.80%   192 4109s
 222767 35458     cutoff  160      4969.23181 4830.61070  2.79%   192 4114s
 223250 35358     cutoff  182      4969.23181 4831.28106  2.78%   192 4119s
 223795 35172     cutoff  155      4969.23181 4831.83452  2.76%   192 4124s
 224342 35061     cutoff  153      4969.23181 4832.43643  2.75%   192 4128s
 224818 34960 4953.05261  158   94 4969.23181 4833.21115  2.74%   192 4132s
 225395 34834     cutoff  135      4969.23181 4833.94586  2.72%   191 4137s
 225973 34732 4938.32156  153   70 4969.23181 4834.69655  2.71%   191 4147s
 226457 34573     cutoff  151      4969.23181 4835.42617  2.69%   191 4152s
 227045 34434 4903.64607  179  105 4969.23181 4836.14564  2.68%   191 4156s
 227644 34234 4919.60704  149  105 4969.23181 4836.91299  2.66%   191 4161s
 228176 34067     cutoff  153      4969.23181 4837.57244  2.65%   191 4165s
 228645 33878     cutoff  160      4969.23181 4838.27589  2.64%   191 4170s
 229688 33594 4962.28894  163   85 4969.23181 4839.71223  2.61%   191 4179s
 230196 33417 4872.51609  160   61 4969.23181 4840.44663  2.59%   191 4183s
 230649 33297     cutoff  148      4969.23181 4841.27934  2.57%   191 4188s
 231226 33106 4957.33704  141   84 4969.23181 4841.91870  2.56%   191 4193s
 231733 32942     cutoff  174      4969.23181 4842.72215  2.55%   191 4197s
 232295 32789     cutoff  147      4969.23181 4843.47692  2.53%   191 4203s
 232668 32649     cutoff  154      4969.23181 4843.97870  2.52%   191 4208s
 233188 32500 4871.16189  147   92 4969.23181 4844.77102  2.50%   191 4212s
 233761 32310     cutoff  153      4969.23181 4845.50021  2.49%   191 4217s
 234221 32098 4873.91303  149   83 4969.23181 4846.21449  2.48%   190 4221s
 234687 31949     cutoff  162      4969.23181 4847.04752  2.46%   190 4225s
 235218 31748 4930.99104  185   91 4969.23181 4847.73300  2.45%   190 4230s
 235824 31578     cutoff  154      4969.23181 4848.52306  2.43%   190 4240s
 236278 31529 4937.82798  160  101 4969.23181 4849.13467  2.42%   190 4250s
 236945 31186 4963.46932  153   80 4969.23181 4850.00074  2.40%   190 4259s
 237503 31066 4969.20741  164   52 4969.23181 4850.72171  2.38%   190 4263s
 238132 30826     cutoff  174      4969.23181 4851.36884  2.37%   190 4268s
 238697 30579     cutoff  158      4969.23181 4852.30573  2.35%   190 4272s
 239254 30378 4930.55256  151  108 4969.23181 4853.20869  2.33%   190 4277s
 239807 30186 4899.16163  155   85 4969.23181 4854.08091  2.32%   190 4282s
 240281 29971     cutoff  158      4969.23181 4854.69700  2.30%   190 4286s
 240824 29721     cutoff  143      4969.23181 4855.58108  2.29%   190 4291s
 241377 29483 4960.99743  173   95 4969.23181 4856.56408  2.27%   190 4296s
 242039 29239     cutoff  143      4969.23181 4857.38612  2.25%   190 4300s
 242636 29035 4879.64585  137   72 4969.23181 4858.16868  2.24%   189 4306s
 243103 28828 4941.15988  189   65 4969.23181 4858.91465  2.22%   189 4313s
 243706 28637     cutoff  144      4969.23181 4859.71763  2.20%   189 4317s
 244338 28364 4900.10807  136   89 4969.23181 4860.48957  2.19%   189 4322s
 245046 28132     cutoff  142      4969.23181 4861.31659  2.17%   189 4327s
 245626 27888     cutoff  136      4969.23181 4862.09572  2.16%   189 4331s
 246178 27660 4931.00269  141   81 4969.23181 4863.05789  2.14%   189 4335s
 246750 27377     cutoff  149      4969.23181 4863.91654  2.12%   189 4340s
 247349 27115     cutoff  142      4969.23181 4864.69284  2.10%   189 4345s
 248635 26572 4943.60567  136   76 4969.23181 4866.40653  2.07%   188 4354s
 249148 26293 4935.85905  163  101 4969.23181 4867.29711  2.05%   188 4358s
 249738 26023     cutoff  148      4969.23181 4868.13198  2.03%   188 4363s
 250334 25755     cutoff  159      4969.23181 4868.80951  2.02%   188 4367s
 250829 25517     cutoff  145      4969.23181 4869.81188  2.00%   188 4372s
 251363 25290     cutoff  133      4969.23181 4870.62705  1.98%   188 4377s
 252003 25073 4927.15125  166   95 4969.23181 4871.32309  1.97%   188 4381s
 252547 24872     cutoff  164      4969.23181 4872.05403  1.96%   188 4394s
 253003 24601     cutoff  172      4969.23181 4872.64355  1.94%   188 4398s
 253588 24358     cutoff  141      4969.23181 4873.51143  1.93%   187 4403s
 254200 24066     cutoff  156      4969.23181 4874.52130  1.91%   187 4408s
 254789 23705 4927.81522  161   58 4969.23181 4875.37571  1.89%   187 4413s
 255503 23408 4914.37663  161  132 4969.23181 4876.45232  1.87%   187 4417s
 256081 23064     cutoff  127      4969.23181 4877.42022  1.85%   187 4421s
 256665 22763     cutoff  144      4969.23181 4878.44839  1.83%   187 4427s
 257327 22486     cutoff  167      4969.23181 4879.19909  1.81%   187 4431s
 257903 22198 4890.17266  170   70 4969.23181 4880.12615  1.79%   187 4436s
 258512 21975     cutoff  161      4969.23181 4880.99760  1.78%   186 4442s
 259004 21642     cutoff  135      4969.23181 4881.64367  1.76%   186 4448s
 259587 21293     cutoff  128      4969.23181 4882.63617  1.74%   186 4452s
 260174 20979     cutoff  146      4969.23181 4883.61995  1.72%   186 4456s
 260762 20548     cutoff  129      4969.23181 4884.67288  1.70%   186 4461s
 261424 20346     cutoff  166      4969.23181 4885.50996  1.68%   186 4472s
 261796 20071     cutoff  161      4969.23181 4886.09742  1.67%   186 4476s
 262414 19762 4931.40707  137   80 4969.23181 4887.19454  1.65%   186 4480s
 263647 19180     cutoff  158      4969.23181 4888.84597  1.62%   185 4489s
 264087 18871     cutoff  153      4969.23181 4889.60149  1.60%   185 4493s
 264671 18526     cutoff  130      4969.23181 4890.42292  1.59%   185 4497s
 265300 18124     cutoff  140      4969.23181 4891.56079  1.56%   185 4501s
 265976 17742     cutoff  147      4969.23181 4892.62578  1.54%   185 4505s
 267283 17092     cutoff  157      4969.23181 4894.62166  1.50%   184 4512s
 267851 16729 4924.23197  183   71 4969.23181 4895.60493  1.48%   184 4516s
 268427 16383     cutoff  152      4969.23181 4896.60273  1.46%   184 4520s
 269750 15524     cutoff  131      4969.23181 4898.81710  1.42%   184 4527s
 270429 15172     cutoff  137      4969.23181 4899.76501  1.40%   183 4531s
 271554 14443     cutoff  149      4969.23181 4901.58047  1.36%   183 4537s
 272112 13942     cutoff  159      4969.23181 4902.92179  1.33%   183 4541s
 272813 13564     cutoff  150      4969.23181 4904.07538  1.31%   183 4545s
 274084 12669 4942.14967  168   91 4969.23181 4906.25737  1.27%   182 4552s
 274807 12306     cutoff  171      4969.23181 4907.25783  1.25%   182 4556s
 276102 11413     cutoff  137      4969.23181 4909.86297  1.19%   182 4562s
 276712 10955 4940.75304  169   99 4969.23181 4911.00741  1.17%   182 4566s
 278056 10025     cutoff  158      4969.23181 4913.71763  1.12%   181 4573s
 278743  9558 4953.94970  151   99 4969.23181 4914.95527  1.09%   181 4576s
 279980  8658     cutoff  151      4969.23181 4917.52866  1.04%   181 4582s
 280700  8233     cutoff  143      4969.23181 4918.81207  1.01%   180 4585s
 281691  7422     cutoff  162      4969.23181 4920.79694  0.97%   180 4592s
 282295  6887 4939.89132  153   94 4969.23181 4922.54697  0.94%   180 4595s
 283496  6004     cutoff  165      4969.23181 4925.67646  0.88%   179 4600s
 284751  5037 4940.09073  140   76 4969.23181 4928.72898  0.82%   179 4605s
 285996  4066     cutoff  145      4969.23181 4932.44309  0.74%   178 4611s
 287254  2939 4964.32378  164   77 4969.23181 4936.72027  0.65%   178 4615s
 287905  2460     cutoff  146      4969.23181 4938.99389  0.61%   178 4625s
 289244  1205 4968.85073  152   87 4969.23181 4945.97421  0.47%   177 4630s

Cutting planes:
  Learned: 16
  Gomory: 37
  Cover: 162
  Implied bound: 74
  Projected implied bound: 91
  Clique: 8
  MIR: 309
  StrongCG: 2
  Flow cover: 1072
  GUB cover: 2
  Inf proof: 14
  Zero half: 45
  RLT: 290
  Relax-and-lift: 95

Warning: cleanup yields a better solution due to numeric instability

Explored 291187 nodes (51326133 simplex iterations) in 4634.78 seconds
Thread count was 8 (of 8 available processors)

Solution count 10: 4969.23 4969.24 4988.87 ... 5491.41
No other solutions better than 4969.23

Optimal solution found (tolerance 1.00e-04)
Best objective 4.961097102593e+03, best bound 4.961097102593e+03, gap 0.0000%
