
Gurobi 9.1.2 (win64) logging started Thu Nov 25 15:27:09 2021

Changed value of parameter LogFile to D2_S3_C20_a_trips_results_without_VI_newTW.log
   Prev:   Default: 
Changed value of parameter timeLimit to 18000.0
   Prev: inf  Min: 0.0  Max: inf  Default: inf
Gurobi Optimizer version 9.1.2 build v9.1.2rc0 (win64)
Thread count: 4 physical cores, 8 logical processors, using up to 8 threads
Optimize a model with 19983 rows, 7404 columns and 58545 nonzeros
Model fingerprint: 0x823031ed
Variable types: 5625 continuous, 1779 integer (1779 binary)
Coefficient statistics:
  Matrix range     [1e-01, 1e+05]
  Objective range  [1e+00, 1e+00]
  Bounds range     [1e+00, 1e+10]
  RHS range        [5e-01, 1e+05]
Warning: Model contains large bounds
         Consider reformulating model or setting NumericFocus parameter
         to avoid numerical issues.
Presolve removed 10499 rows and 4449 columns
Presolve time: 0.22s
Presolved: 9484 rows, 2955 columns, 51942 nonzeros
Variable types: 1548 continuous, 1407 integer (1407 binary)

Root relaxation: objective -1.071697e+04, 3890 iterations, 0.22 seconds

    Nodes    |    Current Node    |     Objective Bounds      |     Work
 Expl Unexpl |  Obj  Depth IntInf | Incumbent    BestBd   Gap | It/Node Time

     0     0 -10716.965    0   70          - -10716.965      -     -    0s
     0     0 -9938.1828    0   88          - -9938.1828      -     -    0s
     0     0 -9938.1828    0   88          - -9938.1828      -     -    0s
     0     0 -9705.9314    0   84          - -9705.9314      -     -    1s
     0     0 -9705.9314    0   84          - -9705.9314      -     -    1s
     0     0 -9411.3007    0   78          - -9411.3007      -     -    1s
     0     0 -9411.0776    0   79          - -9411.0776      -     -    1s
     0     0 -9411.0627    0   83          - -9411.0627      -     -    1s
     0     0 -8038.1458    0  238          - -8038.1458      -     -    2s
     0     0 -7694.2880    0  258          - -7694.2880      -     -    2s
     0     0 -7694.2880    0  258          - -7694.2880      -     -    2s
     0     0 -4456.5554    0  209          - -4456.5554      -     -    3s
     0     0 -4446.7019    0  208          - -4446.7019      -     -    3s
     0     0 -4446.7019    0  208          - -4446.7019      -     -    3s
     0     0 -3011.2187    0  145          - -3011.2187      -     -    3s
     0     0 -3011.2182    0  145          - -3011.2182      -     -    3s
     0     0 -2478.8748    0  107          - -2478.8748      -     -    4s
     0     0 -2476.3219    0  109          - -2476.3219      -     -    4s
     0     0 -2476.3219    0  109          - -2476.3219      -     -    4s
     0     0 -2115.0323    0  101          - -2115.0323      -     -    4s
     0     0 -2115.0323    0  101          - -2115.0323      -     -    4s
     0     0 -1787.3619    0   87          - -1787.3619      -     -    4s
     0     0 -1783.5794    0   93          - -1783.5794      -     -    4s
     0     0 -1783.5794    0   93          - -1783.5794      -     -    4s
     0     0 -1742.2404    0   85          - -1742.2404      -     -    5s
     0     0 -1742.0298    0   80          - -1742.0298      -     -    5s
     0     0 -1677.4455    0   94          - -1677.4455      -     -    5s
     0     0 -1677.4455    0   95          - -1677.4455      -     -    5s
     0     0 -1532.0531    0   82          - -1532.0531      -     -    5s
     0     0 -1530.8476    0   81          - -1530.8476      -     -    5s
     0     0 -1512.7953    0   85          - -1512.7953      -     -    6s
     0     0 -1512.5169    0   87          - -1512.5169      -     -    6s
     0     0 -1508.9379    0   87          - -1508.9379      -     -    6s
     0     0 -1495.9459    0  106          - -1495.9459      -     -    7s
     0     2 -1495.8448    0  106          - -1495.8448      -     -    9s
    83    92 1247.72176   15   50          - -1483.2193      -   142   10s
  1037   823 2545.04335   40  210          - -1330.6162      -  91.8   16s
  1045   829  756.70424   25  125          - -800.74621      -  91.1   20s
  1056   836 1191.66149   35   80          - -608.15571      -  90.2   25s
H 1062   797                    6362.5092908 -458.32518   107%  89.6   27s
H 1062   757                    5663.8313041 -458.32518   108%  89.6   27s
H 1071   724                    5442.7764467 -366.45140   107%  88.9   30s
H 1072   688                    5172.4478051 -366.45140   107%  88.8   30s
  1093   702    0.86352   21   93 5172.44781  -95.79089   102%  87.1   35s
H 1094   666                    5028.3566857  -95.78307   102%  87.0   35s
H 1102   637                    4952.8087183   -8.59123   100%  86.4   38s
H 1108   608                    4825.0244537  101.07088  97.9%  85.9   39s
  1110   609 1953.37329   31  101 4825.02445  104.40430  97.8%  85.8   40s
H 1111   578                    4688.3379976  145.53652  96.9%  85.7   41s
H 1117   552                    4637.3629151  218.10640  95.3%  85.2   42s
H 1118   523                    4628.8201664  218.10640  95.3%  85.2   43s
H 1118   495                    4297.5536594  292.22109  93.2%  85.2   44s
  1122   498  324.04040    7  100 4297.55366  324.04040  92.5%  84.9   45s
  1138   509 1993.49766   23   85 4297.55366  378.67161  91.2%  83.7   50s
H 1141   484                    4295.5538924  453.35566  89.4%  83.4   51s
  1153   492 1179.40936   34   95 4295.55389  532.63685  87.6%  82.6   55s
  1171   504 2919.77083   28   97 4295.55389  615.40195  85.7%  81.3   60s
  1189   516 2745.25153   54  104 4295.55389  729.83380  83.0%  80.1   65s
H 1191   488                    4244.2773662  748.77156  82.4%  79.9   66s
  1208   499  831.66962   16   89 4244.27737  831.66962  80.4%  78.8   70s
  1225   511  884.42380   24  112 4244.27737  884.42380  79.2%  77.7   75s
  1234   518 1530.91138   28   76 4244.27737  885.02376  79.1%   120   80s
H 1240   495                    3909.8412043  885.02376  77.4%   120   82s
  1258   507 2500.61391   50   81 3909.84120  976.72906  75.0%   118   85s
  1279   521 3716.48060   48  101 3909.84120 1018.34806  74.0%   116   90s
  1297   533 2270.77848   48   90 3909.84120 1067.24925  72.7%   114   95s
  1318   547 2058.08972   38  107 3909.84120 1152.87582  70.5%   113  100s
H 1320   520                    3820.9650932 1155.66468  69.8%   112  101s
  1334   529 1530.91138   28  112 3820.96509 1190.75104  68.8%   111  105s
H 1346   508                    3679.0947928 1214.00320  67.0%   110  108s
  1352   512 1220.81993   17  127 3679.09479 1220.81993  66.8%   110  110s
  1368   523 1238.26277   22  134 3679.09479 1238.26277  66.3%   108  115s
  1377   530 1598.93159   30   76 3679.09479 1238.95636  66.3%   139  120s
  1397   544 2270.77848   48  100 3679.09479 1400.15121  61.9%   137  125s
H 1410   523                    3481.5002232 1596.23013  54.2%   136  128s
  1418   529 2058.08972   38  108 3481.50022 1613.22122  53.7%   135  130s
  1436   541 1681.82975   39  103 3481.50022 1681.82975  51.7%   133  135s
  1453   552 1817.35376   34  102 3481.50022 1817.35376  47.8%   132  140s
  1472   565 1869.96499   15  120 3481.50022 1869.96499  46.3%   130  145s
  1491   577 1886.06277   13  133 3481.50022 1886.06277  45.8%   129  150s
  1499   584 1886.41523   12   83 3481.50022 1886.41523  45.8%   158  155s
  1507   589 2868.22463   37   89 3481.50022 1886.41523  45.8%   158  160s
  1527   603 3481.50022   45   97 3481.50022 1965.98530  43.5%   155  165s
  1544   614 1982.74712   35  117 3481.50022 1982.74712  43.0%   154  170s
  1553   623 1989.94908   49  107 3481.50022 1989.94908  42.8%   180  177s
  1559   629 2011.24223   51   96 3481.50022 2011.24223  42.2%   180  180s
  1613   663 2095.09769   56   93 3481.50022 2045.74036  41.2%   181  185s
  1806   775 2180.99951   79   40 3481.50022 2050.05856  41.1%   179  190s
  2096   925 2951.18442  111   39 3481.50022 2050.05856  41.1%   180  195s
  2512  1130 2452.21723  104   81 3481.50022 2053.54188  41.0%   170  200s
  3196  1441 2586.98665   93   41 3481.50022 2069.70640  40.6%   158  205s
  3935  1915 2168.80842   76   73 3481.50022 2081.20196  40.2%   149  213s
  4241  2310 2291.76668   77   75 3481.50022 2089.00718  40.0%   148  215s
  4894  2751 3385.50847   79   36 3481.50022 2100.93660  39.7%   142  220s
  5558  3251 3076.24733  156   63 3481.50022 2108.35009  39.4%   138  225s
  6415  4019 3226.85152  129   54 3481.50022 2114.53203  39.3%   134  230s
  7355  4642 3197.65612   75   47 3481.50022 2125.79786  38.9%   130  235s
  8333  5291 2174.07213   67   77 3481.50022 2135.88503  38.7%   125  242s
H 8534  5505                    3468.7743523 2136.97028  38.4%   125  244s
  8757  5789 3103.46583   77   80 3468.77435 2137.86539  38.4%   125  246s
H 8863  4721                    3140.4534661 2137.86539  31.9%   125  246s
  9373  5260 2595.49730   74   52 3140.45347 2141.04326  31.8%   124  251s
 10094  5893 2790.63642  107   58 3140.45347 2144.98345  31.7%   122  255s
 11381  6579 2717.18340   75   64 3140.45347 2153.09184  31.4%   118  261s
 11860  6988 2684.96063   99   68 3140.45347 2153.78513  31.4%   119  265s
 12815  7640 2346.96435   90   81 3140.45347 2156.34854  31.3%   117  270s
 14154  8691 2824.06474  107   59 3140.45347 2160.30829  31.2%   115  276s
 15100  9275 2593.87959   87   78 3140.45347 2164.99094  31.1%   114  280s
 16067  9928 2472.35916   88   47 3140.45347 2168.19857  31.0%   114  286s
 16830 10584 2213.67991   78   69 3140.45347 2170.41207  30.9%   114  291s
 17746 11248 2325.93653   99   86 3140.45347 2173.86067  30.8%   112  295s
 19099 12388 2633.40652  108   49 3140.45347 2179.04463  30.6%   110  301s
 20093 13183 2904.92259  102   62 3140.45347 2180.91354  30.6%   109  305s
 20974 13422 2494.97741   72  106 3140.45347 2185.55602  30.4%   108  353s
 20977 13424 2621.17880  121   82 3140.45347 2185.55602  30.4%   108  356s
 20979 13425 2902.10216  149   76 3140.45347 2185.55602  30.4%   108  361s
 20991 13433 2372.46065   92   60 3140.45347 2185.55602  30.4%   108  365s
H20999 12766                    3140.4527389 2185.55602  30.4%   108  368s
 21000 12766 2898.02424  167   90 3140.45274 2185.55602  30.4%   108  370s
 21009 12772 2624.36104  108   86 3140.45274 2185.55602  30.4%   108  375s
 21016 12777 2833.22114  108   89 3140.45274 2185.55602  30.4%   108  380s
 21025 12783 2768.93590   68   95 3140.45274 2185.55602  30.4%   108  385s
 21032 12788 2903.27254   84   94 3140.45274 2185.55602  30.4%   108  390s
 21038 12792 2686.59573  105   89 3140.45274 2185.55602  30.4%   108  395s
 21043 12795 2809.47307  112   73 3140.45274 2208.33906  29.7%   108  400s
 21050 12800 2626.41009  137   90 3140.45274 2256.21710  28.2%   108  406s
 21057 12804 2751.50033  111  108 3140.45274 2275.82887  27.5%   108  411s
 21062 12808 2443.78643   96   95 3140.45274 2336.01149  25.6%   108  415s
 21067 12811 2789.62953  159  105 3140.45274 2348.77033  25.2%   108  420s
 21074 12816 2494.97741   72   85 3140.45274 2361.31144  24.8%   108  426s
 21078 12818 2363.43936   83   86 3140.45274 2363.43936  24.7%   108  430s
 21082 12821 2518.49792   83  109 3140.45274 2365.87464  24.7%   108  435s
 21086 12824 2367.32484   75  107 3140.45274 2367.32484  24.6%   108  440s
 21090 12826 2893.38229  108  100 3140.45274 2371.24181  24.5%   108  446s
 21095 12830 2384.42335   78  103 3140.45274 2384.42335  24.1%   108  451s
 21100 12833 2898.02424  167   96 3140.45274 2394.46610  23.8%   108  455s
 21104 12836 2455.45906   79   97 3140.45274 2395.71598  23.7%   108  460s
 21108 12838 2395.71598   68   99 3140.45274 2395.71598  23.7%   108  465s
 21111 12840 2484.40610   84   89 3140.45274 2395.71598  23.7%   108  470s
 21115 12848 2397.04122   64   83 3140.45274 2397.04122  23.7%   110  476s
 21127 12854 2400.39859   66   62 3140.45274 2400.39859  23.6%   110  480s
 21144 12862 2404.28507   68  100 3140.45274 2401.94402  23.5%   111  485s
 21181 12884 2411.44179   71   90 3140.45274 2410.27960  23.3%   111  490s
 21244 12914 2434.20879   79   54 3140.45274 2410.27960  23.3%   111  495s
 21316 12945 2449.62358   86   70 3140.45274 2410.27960  23.3%   111  501s
 21411 13001 2477.40009   95   40 3140.45274 2410.27960  23.3%   111  505s
 21597 13065 2420.99925   77   84 3140.45274 2412.85737  23.2%   112  510s
H21669 12424                    3091.2210695 2412.85737  21.9%   112  512s
 21825 12510 2584.21804  129   79 3091.22107 2412.85737  21.9%   112  515s
 22257 12646     cutoff  210      3091.22107 2421.02389  21.7%   111  520s
H22571 12044                    3076.5156947 2421.02389  21.3%   111  524s
H22572 11396                    2994.4706822 2421.02389  19.2%   111  524s
 22574 11508 2739.40675  122   73 2994.47068 2421.02389  19.2%   111  525s
 23414 11927 2796.41180  119   64 2994.47068 2438.83084  18.6%   110  530s
 24225 12196 2851.49192  101   82 2994.47068 2445.97046  18.3%   109  535s
 25183 12580 2758.36952   76   57 2994.47068 2449.29456  18.2%   108  541s
 25478 12739 2778.22133  123   77 2994.47068 2450.00049  18.2%   108  545s
 26414 13147 2670.91176  170   65 2994.47068 2452.63306  18.1%   107  550s
 27236 13445 2585.10699  104   70 2994.47068 2459.29380  17.9%   106  556s
 27953 13814 2699.57073  111   72 2994.47068 2463.63282  17.7%   106  560s
 28976 14146 2968.89995  110   37 2994.47068 2466.02237  17.6%   106  567s
 29817 14494 2788.37442   86   72 2994.47068 2469.32252  17.5%   105  571s
 30394 14520 2738.94595  170   56 2994.47068 2470.57710  17.5%   105  578s
 30739 14738     cutoff   92      2994.47068 2471.10346  17.5%   105  581s
 31313 15013 2846.06221   97   70 2994.47068 2473.38054  17.4%   104  586s
 32563 15186 2919.80410   91   46 2994.47068 2476.97618  17.3%   104  590s
 33944 15677 2555.16802  100   66 2994.47068 2480.52916  17.2%   103  596s
 34691 16039 2613.09532  159   63 2994.47068 2482.40771  17.1%   103  600s
 35591 16083 2559.43226  116   51 2994.47068 2484.13727  17.0%   102  605s
 36394 16602 2844.45783   85   55 2994.47068 2486.25935  17.0%   102  611s
 37087 16903 2804.57246   98   65 2994.47068 2487.39574  16.9%   102  615s
 38288 17355 2876.42207  117   64 2994.47068 2489.72982  16.9%   101  621s
 39117 17695 2821.23337  156   66 2994.47068 2491.45760  16.8%   101  625s
 40484 18329 2836.68026  156   66 2994.47068 2493.64264  16.7%   100  630s
 41582 18727 2663.21424  144   65 2994.47068 2495.31422  16.7%  99.5  638s
 42115 18832 2622.46813  190   32 2994.47068 2496.53618  16.6%  99.4  640s
 42948 19215     cutoff  129      2994.47068 2498.58666  16.6%  99.4  645s
 44272 19499 infeasible  138      2994.47068 2501.10707  16.5%  99.1  651s
 45108 19622 2727.36156  124   55 2994.47068 2501.92125  16.4%  99.0  655s
 45975 19970     cutoff  131      2994.47068 2503.26274  16.4%  98.8  660s
 47222 20299 2908.68986  143   37 2994.47068 2505.18782  16.3%  98.4  667s
 48077 20591 2680.26540  134   43 2994.47068 2506.55360  16.3%  98.2  670s
 49013 20811 2876.73410   96   49 2994.47068 2508.38681  16.2%  97.8  675s
 49807 21005 2835.97872  133   49 2994.47068 2509.47345  16.2%  97.7  680s
 50682 21272 2583.82002  106   69 2994.47068 2512.00035  16.1%  97.4  685s
 52029 21706 2714.76203  148   51 2994.47068 2514.23202  16.0%  97.0  698s
 52462 22096 2892.88153  125   50 2994.47068 2514.68678  16.0%  97.0  704s
 53436 22255 2705.00947  103   65 2994.47068 2515.64215  16.0%  97.0  707s
 54120 22509 2761.03797   98   45 2994.47068 2516.64439  16.0%  96.8  710s
 55761 23261 2580.80605  122   48 2994.47068 2518.42997  15.9%  96.2  716s
 56639 23734 2865.06675  111   71 2994.47068 2519.86814  15.8%  96.2  720s
 57676 24383 2596.84539  114   73 2994.47068 2521.33497  15.8%  96.2  726s
 58424 24849 2718.67030  124   57 2994.47068 2522.13630  15.8%  96.3  731s
 59371 25447 2807.04912  129   34 2994.47068 2523.39318  15.7%  96.0  735s
 60822 26375 2678.17753  106   73 2994.47068 2526.35320  15.6%  95.6  741s
 61671 26864 2648.03392  131   64 2994.47068 2527.56561  15.6%  95.5  746s
 62576 27483 2900.08101  102   40 2994.47068 2529.16441  15.5%  95.4  751s
 63509 28004 2825.23999  159   57 2994.47068 2530.41272  15.5%  95.2  755s
 64759 28876 2803.36467  149   24 2994.47068 2532.33747  15.4%  95.0  761s
 65577 29362 2850.95288  108   59 2994.47068 2533.42825  15.4%  94.9  765s
 66837 29920 2684.72577  114   68 2994.47068 2535.09546  15.3%  94.7  771s
 67952 30379 2906.32626  120   28 2994.47068 2535.92675  15.3%  94.7  776s
 68622 30811 2666.22518  119   46 2994.47068 2537.51072  15.3%  94.7  780s
 69751 31371 2869.23431  133   20 2994.47068 2539.03564  15.2%  94.6  786s
 70446 31691 2825.59269   74   57 2994.47068 2539.43532  15.2%  94.8  790s
 71167 32044 2655.81173   97   56 2994.47068 2540.26593  15.2%  94.9  795s
 72241 32834 2621.04934  108   58 2994.47068 2541.28085  15.1%  94.8  801s
 73173 33295 2881.53979  121   79 2994.47068 2542.16573  15.1%  94.7  806s
 74101 33773 2750.64006  106   58 2994.47068 2543.34355  15.1%  94.6  810s
 75339 34451 2901.36565  140   36 2994.47068 2544.88922  15.0%  94.5  816s
 76174 34883 2962.75829  159   55 2994.47068 2545.94739  15.0%  94.3  820s
 77311 35423 2932.21755  108   32 2994.47068 2547.27265  14.9%  94.3  826s
 78117 35913 2906.54891  121   62 2994.47068 2548.15836  14.9%  94.3  830s
 79288 36556 2863.07460  109   60 2994.47068 2549.69951  14.9%  94.1  836s
 80060 36934 2847.63595  143   57 2994.47068 2550.76436  14.8%  94.1  841s
 80659 37281 2873.17117  123   69 2994.47068 2551.37841  14.8%  94.0  845s
 81893 37875 2876.46236  134   50 2994.47068 2552.39029  14.8%  94.0  851s
 82585 38266 2668.35201  136   38 2994.47068 2553.36122  14.7%  94.0  855s
 83408 38778 2993.27196   94   26 2994.47068 2553.87563  14.7%  94.0  861s
 84278 39213 2912.31927  120   67 2994.47068 2554.58954  14.7%  94.0  865s
 85547 39842 2801.31482  156   59 2994.47068 2556.05639  14.6%  93.8  871s
 86417 40314 2865.70741  118   58 2994.47068 2556.97103  14.6%  93.7  881s
 87123 40789 2573.84465  101   58 2994.47068 2557.43115  14.6%  93.6  886s
 88060 41353 2935.18103  110   61 2994.47068 2558.17608  14.6%  93.5  891s
 89008 41699 2919.94313  115   60 2994.47068 2559.13990  14.5%  93.4  895s
 90176 42246 2886.45208  137   63 2994.47068 2560.22504  14.5%  93.5  901s
 90931 42610 2724.69071  146   65 2994.47068 2561.08425  14.5%  93.4  906s
 91765 43082 2785.38622  119   41 2994.47068 2561.96369  14.4%  93.4  910s
 92659 43682 2943.53257  129   47 2994.47068 2562.42010  14.4%  93.4  915s
 93589 44184 2659.63165  126   41 2994.47068 2563.24674  14.4%  93.3  920s
 94503 44698 2682.38381   77   77 2994.47068 2564.29353  14.4%  93.2  925s
 95755 45370 2984.05191  138   48 2994.47068 2565.25213  14.3%  93.2  931s
 96612 45825 2921.06216  153   18 2994.47068 2565.69418  14.3%  93.1  935s
 97758 46287 2843.58760   97   58 2994.47068 2566.59262  14.3%  93.1  941s
 98581 46684 2905.45589  101   60 2994.47068 2567.23425  14.3%  93.1  946s
 99244 47167 2948.61260   90   51 2994.47068 2567.82323  14.2%  93.2  950s
 100098 47586 2936.74835  127   70 2994.47068 2568.24427  14.2%  93.1  955s
 101371 48188 2884.52146  124   53 2994.47068 2569.42282  14.2%  93.1  961s
 102013 48557     cutoff  173      2994.47068 2569.87970  14.2%  93.3  965s
 103221 49137 2798.91150  122   47 2994.47068 2570.93038  14.1%  93.3  971s
 104021 49485 2962.66443   86   50 2994.47068 2571.85376  14.1%  93.3  977s
 104374 49585 2923.30339  176   53 2994.47068 2571.96065  14.1%  93.3  981s
 105261 50213 2907.88553  191   86 2994.47068 2572.63769  14.1%  93.3  987s
 105782 50405 2685.95236   82   55 2994.47068 2573.07970  14.1%  93.3  990s
 107086 50990 2717.42309  101   57 2994.47068 2574.27991  14.0%  93.3  996s
 107941 51419 2797.95175  104   47 2994.47068 2575.04073  14.0%  93.3 1001s
 108851 51972 2946.55036  144   33 2994.47068 2575.35377  14.0%  93.2 1005s
 109808 52448 2842.19132  143   22 2994.47068 2576.32663  14.0%  93.1 1010s
 111173 53196     cutoff  177      2994.47068 2577.41714  13.9%  93.0 1016s
 111901 53439 2924.27297  121   68 2994.47068 2577.95238  13.9%  93.0 1020s
 112961 54063 2780.73811  104   62 2994.47068 2579.00195  13.9%  93.1 1026s
 113743 54571 2826.77822  106   74 2994.47068 2579.39967  13.9%  93.1 1031s
 114637 55142 2865.46464  181   73 2994.47068 2579.92884  13.8%  93.0 1036s
 115444 55540 2976.88030  149   54 2994.47068 2580.53346  13.8%  93.0 1040s
 116646 56056 2681.11709  102   73 2994.47068 2581.34919  13.8%  93.0 1046s
 117394 56372 2831.73124  124   67 2994.47068 2581.76314  13.8%  93.1 1052s
 117697 56671 2855.53774  109   29 2994.47068 2582.08644  13.8%  93.1 1055s
 119153 57388 2797.96633  161   72 2994.47068 2582.90144  13.7%  93.0 1062s
 119535 57542 2938.58126  140   53 2994.47068 2583.25089  13.7%  93.0 1065s
 120850 58338 2922.91973  143   69 2994.47068 2584.11347  13.7%  93.0 1072s
 121818 58883 2840.18325  128   29 2994.47068 2584.56093  13.7%  92.9 1076s
 122632 59345 2678.85630  148   62 2994.47068 2585.00701  13.7%  92.9 1081s
 123421 59765 infeasible  124      2994.47068 2585.45321  13.7%  92.8 1085s
 124335 60161 2620.42540  108   49 2994.47068 2586.09202  13.6%  92.8 1090s
 125172 60470     cutoff  118      2994.47068 2586.46628  13.6%  92.8 1095s
 126456 61038 2744.57923  157   51 2994.47068 2587.24247  13.6%  92.8 1101s
 127289 61364 2745.10743   82   60 2994.47068 2587.79149  13.6%  92.7 1106s
 127834 61780 2818.65381  119   30 2994.47068 2588.35831  13.6%  92.7 1110s
 128613 62229 2803.28825  135   45 2994.47068 2588.83294  13.5%  92.8 1115s
 130003 63019 2636.70794  162   67 2994.47068 2589.65177  13.5%  92.6 1121s
 130861 63441 2730.40442   99   67 2994.47068 2590.37690  13.5%  92.6 1126s
 131631 63882 2766.52844  111   90 2994.47068 2590.81480  13.5%  92.6 1130s
 132890 64527 2921.35970  122   54 2994.47068 2591.39662  13.5%  92.6 1136s
 133589 64897 2949.98151  104   54 2994.47068 2591.85238  13.4%  92.6 1141s
 134484 65118 2740.78450  128   46 2994.47068 2592.56271  13.4%  92.6 1147s
H134604 65118                    2994.4706417 2592.56484  13.4%  92.5 1147s
 134713 65247 2665.57504  100   58 2994.47064 2592.59732  13.4%  92.5 1150s
 135802 65832 2782.47572   93   49 2994.47064 2593.08762  13.4%  92.5 1157s
 136069 66247     cutoff  124      2994.47064 2593.19578  13.4%  92.5 1161s
 137222 66616 2752.51464  102   57 2994.47064 2593.85008  13.4%  92.5 1166s
 138117 67080 2795.72223  117   67 2994.47064 2594.34892  13.4%  92.5 1171s
 138987 67506 2808.58586  120   70 2994.47064 2595.00214  13.3%  92.4 1175s
 139869 67932 2855.20446  143   64 2994.47064 2595.85470  13.3%  92.4 1180s
 141236 68780 2847.09914  171   95 2994.47064 2596.64885  13.3%  92.4 1187s
 142246 69172 2744.97674  143   43 2994.47064 2597.14923  13.3%  92.3 1191s
H142794 56228                    2898.6333802 2597.46116  10.4%  92.3 1193s
 143059 56329 2782.05903  133   76 2898.63338 2597.69229  10.4%  92.3 1196s
 143884 56803 2762.75691   97   49 2898.63338 2598.46622  10.4%  92.3 1200s
 145154 57319 2843.81887   98   61 2898.63338 2599.50164  10.3%  92.3 1206s
 146050 57641 2794.71545  169   66 2898.63338 2600.26088  10.3%  92.2 1211s
 146909 57966 2758.27396  124   50 2898.63338 2601.09431  10.3%  92.2 1216s
 147768 58222 infeasible  144      2898.63338 2601.83122  10.2%  92.2 1220s
 148893 58648 2627.42663  128   69 2898.63338 2602.75323  10.2%  92.2 1227s
 149764 59034     cutoff  155      2898.63338 2603.49305  10.2%  92.1 1231s
 150595 59308 2872.36030  106   56 2898.63338 2604.12785  10.2%  92.1 1235s
 151846 59906 2648.34291  127   70 2898.63338 2605.01340  10.1%  92.1 1241s
 152680 60207 2843.61779  119   46 2898.63338 2605.63985  10.1%  92.1 1246s
 153536 60509     cutoff  117      2898.63338 2606.35534  10.1%  92.1 1250s
 154768 61036 2756.35518  124   49 2898.63338 2607.41159  10.0%  92.1 1257s
 155638 61263 2769.64629  112   46 2898.63338 2607.99358  10.0%  92.1 1261s
 156512 61569 2796.24120  171   41 2898.63338 2608.65162  10.0%  92.1 1266s
 157375 61915 2753.07638  155   57 2898.63338 2609.22026  10.0%  92.1 1271s
 158310 62343 2714.30499  140   68 2898.63338 2609.74282  10.0%  92.1 1275s
 159509 62764 2749.54600  134   53 2898.63338 2610.50948  9.94%  92.1 1281s
 160394 63065 2677.57213  114   71 2898.63338 2611.12801  9.92%  92.0 1285s
 161238 63457 2636.01463   89   77 2898.63338 2611.60644  9.90%  92.0 1290s
 162446 63848 2859.00867   88   50 2898.63338 2612.69039  9.86%  92.0 1295s
 163230 64226 2847.52565   88   92 2898.63338 2613.24747  9.85%  92.0 1300s
 164508 64741 2725.88817  133   52 2898.63338 2614.07915  9.82%  91.9 1306s
H165028 62007                    2886.6634896 2614.59887  9.42%  91.9 1308s
 165286 62074 2674.05727  123   25 2886.66349 2614.76695  9.42%  91.9 1311s
 165939 62434 2756.03890  149   68 2886.66349 2615.13832  9.41%  91.9 1315s
 166826 62762     cutoff  101      2886.66349 2615.57763  9.39%  91.9 1321s
 167682 63088     cutoff   84      2886.66349 2616.28053  9.37%  91.9 1325s
 168811 63370 2766.34655   86   60 2886.66349 2616.97547  9.34%  91.9 1333s
 169177 63503 2748.69271   99   60 2886.66349 2617.37320  9.33%  91.9 1335s
 170114 63870 2826.83722  160   70 2886.66349 2618.30648  9.30%  91.9 1340s
 171531 64405 2720.14077  155   88 2886.66349 2619.36682  9.26%  91.8 1347s
 172474 64773     cutoff  134      2886.66349 2619.78070  9.25%  91.8 1352s
 173341 65059 2720.74741   74   75 2886.66349 2620.40593  9.22%  91.8 1356s
 174214 65351 2700.01186   80   68 2886.66349 2621.00939  9.20%  91.8 1361s
 175054 65628 infeasible  133      2886.66349 2621.67174  9.18%  91.8 1365s
 176215 65855     cutoff   96      2886.66349 2622.63092  9.15%  91.9 1370s
 177135 66324 infeasible  168      2886.66349 2623.25590  9.12%  91.9 1377s
 178022 66555 infeasible  142      2886.66349 2623.77224  9.11%  91.9 1381s
 178830 66878 2737.74107  125   46 2886.66349 2624.24613  9.09%  91.9 1385s
 179375 67051 2882.20316  116   50 2886.66349 2624.52648  9.08%  91.9 1390s
 180284 67392     cutoff  114      2886.66349 2624.95764  9.07%  91.9 1395s
 181556 67798     cutoff   91      2886.66349 2625.90792  9.03%  91.9 1401s
 182462 68191 2687.97508  108   55 2886.66349 2626.56946  9.01%  91.9 1406s
 183375 68496     cutoff  116      2886.66349 2627.26484  8.99%  91.8 1410s
 184248 68759     cutoff   85      2886.66349 2627.79942  8.97%  91.8 1415s
 185523 69051 2836.85729  142   71 2886.66349 2628.59042  8.94%  91.8 1421s
 186350 69350 2816.42399  110   38 2886.66349 2629.33475  8.91%  91.9 1425s
 187635 69751 2778.67307  130   79 2886.66349 2630.20046  8.88%  91.8 1433s
 188033 69910 2883.11400  130   64 2886.66349 2630.51059  8.87%  91.9 1436s
 189003 70209 2759.02387  119   59 2886.66349 2631.15614  8.85%  91.8 1441s
 189825 70428 2760.34214  110   54 2886.66349 2631.56517  8.84%  91.9 1445s
 190636 70759 2825.61863   96   41 2886.66349 2632.34829  8.81%  91.9 1450s
 191956 71237 2781.21720   84   78 2886.66349 2632.88330  8.79%  91.8 1456s
 192797 71605 2772.00701  139   50 2886.66349 2633.57450  8.77%  91.8 1461s
 193720 71859 2696.60680  126   40 2886.66349 2634.04913  8.75%  91.8 1465s
 195002 72315 2751.64406  123   59 2886.66349 2634.83167  8.72%  91.8 1472s
 195953 72583     cutoff  122      2886.66349 2635.34646  8.71%  91.8 1476s
 196768 72852     cutoff  141      2886.66349 2635.75717  8.69%  91.8 1480s
 197626 73151 2747.29535  129   53 2886.66349 2636.50210  8.67%  91.8 1485s
 198524 73387 2734.18859  126   45 2886.66349 2637.04211  8.65%  91.8 1490s
 199757 73769 2818.13156  147   47 2886.66349 2637.91260  8.62%  91.8 1497s
 200311 73792 2864.27095  140   58 2886.66349 2638.11660  8.61%  91.8 1500s
 201283 74301 2785.07879  105   46 2886.66349 2638.61429  8.59%  91.8 1507s
 202166 74550 2799.75162  123   38 2886.66349 2638.95846  8.58%  91.8 1511s
 203090 74826 2845.07473  112   43 2886.66349 2639.62419  8.56%  91.8 1516s
 204004 75071 2834.75675  123   67 2886.66349 2640.23089  8.54%  91.8 1520s
 204776 75221 2701.82061  124   48 2886.66349 2640.52136  8.53%  91.7 1526s
 205636 75473 2798.53760  112   62 2886.66349 2641.15095  8.51%  91.8 1531s
 206546 75740 2874.66489  117   58 2886.66349 2641.64721  8.49%  91.7 1535s
 207906 76174 2725.55366  141   87 2886.66349 2642.49599  8.46%  91.7 1542s
 208362 76280 2837.09509  120   73 2886.66349 2642.68690  8.45%  91.7 1545s
 209307 76621     cutoff  143      2886.66349 2643.17281  8.44%  91.7 1550s
 210634 77036     cutoff  114      2886.66349 2643.99726  8.41%  91.7 1556s
 211540 77278 infeasible  110      2886.66349 2644.56719  8.39%  91.7 1560s
 212401 77541 infeasible  107      2886.66349 2645.01288  8.37%  91.7 1565s
 213759 77909     cutoff  107      2886.66349 2645.72337  8.35%  91.6 1571s
 214644 78176 2805.00782  153   52 2886.66349 2646.12817  8.33%  91.6 1576s
 215572 78429     cutoff  145      2886.66349 2646.70323  8.31%  91.6 1580s
 216886 78926 2718.10698  143   69 2886.66349 2647.22511  8.29%  91.6 1587s
 217775 79108 2839.88061  119   21 2886.66349 2647.66437  8.28%  91.6 1591s
 218613 79349 2672.14510  100   31 2886.66349 2648.09418  8.26%  91.6 1596s
 219480 79538 2800.74585  148   58 2886.66349 2648.62437  8.25%  91.6 1601s
H220057 78328                    2881.3546868 2648.90237  8.07%  91.6 1603s
 220400 78333 2772.24532  141   79 2881.35469 2649.12920  8.06%  91.6 1606s
H220424 75001                    2868.7041563 2649.12920  7.65%  91.6 1606s
 220876 75266 2739.82641  139   82 2868.70416 2649.48484  7.64%  91.6 1611s
H221369 75311                    2868.7040475 2649.58168  7.64%  91.6 1613s
 221585 75403 2728.27519   98   64 2868.70405 2649.69749  7.63%  91.6 1616s
 222483 75640 2728.75642  139   66 2868.70405 2650.39454  7.61%  91.6 1620s
 223356 75815 2802.89988  145   47 2868.70405 2650.90809  7.59%  91.6 1625s
 224664 76141 2717.00924  138   43 2868.70405 2651.73197  7.56%  91.6 1631s
 225607 76429 2853.94225   92   60 2868.70405 2652.22026  7.55%  91.6 1636s
 226537 76588 2763.61767  123   61 2868.70405 2652.66349  7.53%  91.6 1640s
 227826 76733 2710.69233  117   50 2868.70405 2653.58956  7.50%  91.5 1648s
 227944 76850 2691.80211  139   90 2868.70405 2653.63563  7.50%  91.6 1651s
 228827 77074     cutoff  147      2868.70405 2654.17842  7.48%  91.6 1656s
 229617 77269 2727.15827   97   46 2868.70405 2654.77982  7.46%  91.6 1661s
 230554 77374 2755.09605  132   49 2868.70405 2655.36379  7.44%  91.6 1665s
 231906 77630 2736.10104  128   53 2868.70405 2656.15161  7.41%  91.6 1672s
 232760 77862 2722.70650  120   44 2868.70405 2656.74678  7.39%  91.6 1676s
 233660 78044 2679.43006  113   81 2868.70405 2657.25748  7.37%  91.6 1681s
 234598 78208 2732.50084  133   66 2868.70405 2657.73981  7.35%  91.6 1685s
 235205 78304 2748.89883  139   68 2868.70405 2658.27591  7.34%  91.6 1690s
 236558 78575 2776.12087  126   43 2868.70405 2659.35121  7.30%  91.6 1696s
 237454 78724 2762.05499  129   43 2868.70405 2659.85588  7.28%  91.6 1701s
 238376 78906     cutoff  163      2868.70405 2660.43818  7.26%  91.6 1705s
 239278 79052 2754.90094  142   67 2868.70405 2660.87981  7.24%  91.6 1711s
 240169 79277 infeasible  132      2868.70405 2661.37650  7.23%  91.6 1715s
 241068 79455 2820.98493  150   52 2868.70405 2661.85162  7.21%  91.6 1720s
 241956 79592 infeasible  145      2868.70405 2662.35298  7.19%  91.6 1725s
 243303 79826 2848.75892  142   40 2868.70405 2663.16177  7.16%  91.6 1731s
 244181 79908 2850.46895  130   79 2868.70405 2663.80495  7.14%  91.6 1736s
 245057 80094 2719.71982   86   76 2868.70405 2664.22809  7.13%  91.6 1740s
 246370 80252 2862.60090  136   50 2868.70405 2665.11543  7.10%  91.6 1747s
 247286 80373     cutoff  127      2868.70405 2665.59093  7.08%  91.6 1751s
 248178 80535 2787.21139  118   74 2868.70405 2666.03541  7.06%  91.6 1756s
 249115 80771 2724.18220  113   66 2868.70405 2666.59413  7.05%  91.6 1761s
 250013 80881 2783.59450  106   39 2868.70405 2667.06984  7.03%  91.6 1766s
 250881 81051 2708.61402  116   65 2868.70405 2667.59191  7.01%  91.6 1771s
 251815 81174 2744.21741  148   79 2868.70405 2668.09389  6.99%  91.6 1776s
 252722 81389 2730.34597   91   48 2868.70405 2668.61442  6.97%  91.6 1780s
 253740 81539 2801.67598  108   51 2868.70405 2669.02954  6.96%  91.6 1786s
 254415 81667 infeasible  113      2868.70405 2669.44337  6.95%  91.6 1790s
 255318 81744 2772.11353  105   61 2868.70405 2670.08396  6.92%  91.6 1795s
 256289 81927 2847.89467  148   48 2868.70405 2670.46643  6.91%  91.6 1800s
 257665 82132 2804.91175  152   49 2868.70405 2671.32480  6.88%  91.6 1807s
 258537 82239 2844.02265  139   50 2868.70405 2671.86544  6.86%  91.6 1811s
 259475 82377     cutoff  103      2868.70405 2672.33106  6.85%  91.6 1816s
 260387 82502     cutoff  137      2868.70405 2672.76369  6.83%  91.6 1822s
 261269 82629 2785.83759  116   49 2868.70405 2673.25148  6.81%  91.6 1826s
 262193 82827 2763.78277  131   40 2868.70405 2673.71437  6.80%  91.6 1831s
 263086 82952     cutoff  108      2868.70405 2674.15437  6.78%  91.6 1835s
 263988 83086     cutoff  135      2868.70405 2674.64274  6.76%  91.6 1840s
 265339 83297 infeasible  161      2868.70405 2675.40383  6.74%  91.6 1847s
 266266 83346 2809.64212  139   36 2868.70405 2675.86731  6.72%  91.6 1851s
 267223 83500 2812.95925  114   42 2868.70405 2676.24089  6.71%  91.6 1856s
 267895 83571 2757.09123  138   54 2868.70405 2676.57040  6.70%  91.6 1861s
 268814 83674 2745.43082  102   66 2868.70405 2677.12821  6.68%  91.6 1866s
 269767 83798 2824.84595  143   51 2868.70405 2677.63615  6.66%  91.6 1870s
 270628 83948     cutoff  125      2868.70405 2678.21699  6.64%  91.6 1876s
 271527 84050     cutoff  153      2868.70405 2678.62273  6.63%  91.6 1880s
 272473 84128 2723.57915  167   69 2868.70405 2679.23974  6.60%  91.6 1885s
 273438 84234 2800.28320   99   49 2868.70405 2679.81290  6.58%  91.6 1890s
 274866 84546 2707.64356  166   86 2868.70405 2680.41696  6.56%  91.5 1897s
 275700 84576     cutoff  138      2868.70405 2680.86395  6.55%  91.6 1902s
*275897 84635             158    2868.7040337 2680.88675  6.55%  91.6 1905s
 276349 84639 2745.51634  164   73 2868.70403 2681.18814  6.54%  91.6 1911s
H276351 84639                    2868.7038683 2681.18814  6.54%  91.6 1911s
 276885 84774 2769.59920  118   81 2868.70387 2681.44362  6.53%  91.6 1916s
 277890 84868     cutoff  154      2868.70387 2682.01380  6.51%  91.5 1921s
 278780 85017     cutoff  139      2868.70387 2682.51482  6.49%  91.5 1926s
 279719 85094     cutoff  145      2868.70387 2682.99818  6.47%  91.5 1930s
H280469 85161                    2868.7038679 2683.26032  6.46%  91.5 1932s
 280666 85228 2749.36589  155   76 2868.70387 2683.54802  6.45%  91.5 1936s
 281614 85386 2858.06384  130   32 2868.70387 2684.01550  6.44%  91.5 1940s
 282460 85520 2752.47338  121   22 2868.70387 2684.55143  6.42%  91.5 1945s
 283840 85660 2742.88098  136   75 2868.70387 2685.32691  6.39%  91.5 1951s
 284846 85789 2786.53243  137   43 2868.70387 2685.73964  6.38%  91.5 1956s
 285754 85887 infeasible  107      2868.70387 2686.29732  6.36%  91.5 1961s
 286633 86037 2829.49905  121   77 2868.70387 2686.80381  6.34%  91.5 1966s
 287301 86174     cutoff   86      2868.70387 2687.08918  6.33%  91.5 1971s
 288271 86257 2781.67727  101   58 2868.70387 2687.67573  6.31%  91.5 1976s
 289212 86375 2853.58458  123   57 2868.70387 2688.13395  6.29%  91.5 1980s
 290143 86466 2760.72607   91   71 2868.70387 2688.70740  6.27%  91.5 1985s
 291085 86523     cutoff  142      2868.70387 2689.12266  6.26%  91.5 1991s
 292027 86575 2812.22540  175   89 2868.70387 2689.68141  6.24%  91.5 1996s
 292988 86681 2760.16869  163   65 2868.70387 2690.17613  6.22%  91.5 2001s
 293976 86749 2798.90474  143   39 2868.70387 2690.66173  6.21%  91.5 2006s
H294291 86749                    2868.7037933 2690.68969  6.21%  91.5 2006s
 294928 86783 2830.75851   95   66 2868.70379 2691.13739  6.19%  91.5 2011s
 295822 86835 2712.51142  124   35 2868.70379 2691.65998  6.17%  91.5 2016s
 296784 86954 2807.91538  103   38 2868.70379 2692.15815  6.15%  91.5 2020s
 297798 87061 infeasible  121      2868.70379 2692.61359  6.14%  91.5 2025s
 298721 87058 2702.22000  121   43 2868.70379 2693.07738  6.12%  91.5 2030s
 299642 87141 2782.72643  162   89 2868.70379 2693.59920  6.10%  91.5 2035s
 300565 87234 2751.61307  139   60 2868.70379 2694.19207  6.08%  91.5 2040s
 301554 87268 2837.98133  121   66 2868.70379 2694.63306  6.07%  91.5 2046s
 302517 87239 2709.79785   83   28 2868.70379 2695.10120  6.05%  91.5 2051s
 303422 87338 2767.85097   87   71 2868.70379 2695.64098  6.03%  91.5 2055s
 303960 87351 2812.42787  119   52 2868.70379 2695.92113  6.02%  91.5 2061s
 304778 87470     cutoff  123      2868.70379 2696.29826  6.01%  91.5 2066s
 305799 87541     cutoff  188      2868.70379 2696.89700  5.99%  91.5 2071s
 306816 87617     cutoff  168      2868.70379 2697.37132  5.97%  91.5 2076s
 307787 87618 2763.21341  117   58 2868.70379 2697.85860  5.96%  91.5 2080s
 308813 87737 2863.97047  114   14 2868.70379 2698.37940  5.94%  91.4 2086s
 309871 87826 infeasible  124      2868.70379 2698.91696  5.92%  91.4 2090s
 310844 87811     cutoff  104      2868.70379 2699.38670  5.90%  91.4 2095s
 311785 87944 2844.05072   84   64 2868.70379 2699.86147  5.89%  91.4 2101s
 312717 88090     cutoff  135      2868.70379 2700.31912  5.87%  91.4 2106s
 313653 88137     cutoff  120      2868.70379 2700.66069  5.86%  91.4 2110s
 314592 88154     cutoff  148      2868.70379 2701.19069  5.84%  91.4 2115s
 315425 88263 2708.47928  163   61 2868.70379 2701.77203  5.82%  91.4 2120s
 316444 88370 2811.67806  151   73 2868.70379 2702.17923  5.80%  91.4 2125s
 317872 88532 2856.98490  135   68 2868.70379 2702.84653  5.78%  91.4 2132s
 318835 88565     cutoff  127      2868.70379 2703.34888  5.76%  91.4 2137s
 319286 88581 infeasible  114      2868.70379 2703.63871  5.75%  91.4 2140s
 320738 88644 2829.03718  129   43 2868.70379 2704.27588  5.73%  91.4 2147s
 321708 88751 2827.77787  163   61 2868.70379 2704.70583  5.72%  91.4 2152s
 322208 88756     cutoff  103      2868.70379 2704.82496  5.71%  91.4 2155s
 323163 88726 2781.63260  108   22 2868.70379 2705.45562  5.69%  91.4 2160s
 324137 88797     cutoff  141      2868.70379 2705.87713  5.68%  91.4 2165s
 325019 88799 2806.45733  124   72 2868.70379 2706.44567  5.66%  91.4 2170s
 326026 88872 2839.69861  122   91 2868.70379 2706.88937  5.64%  91.4 2175s
 327064 88839 2799.10226  136   54 2868.70379 2707.32963  5.63%  91.4 2180s
 327967 88801 2744.21159  110   44 2868.70379 2707.89234  5.61%  91.4 2185s
 329023 88847 2836.72366  105   78 2868.70379 2708.40557  5.59%  91.4 2190s
 329943 88858 2817.82096  163   53 2868.70379 2708.95039  5.57%  91.4 2195s
 330936 88895 2828.82489  114   65 2868.70379 2709.49132  5.55%  91.3 2200s
 332389 88917 2841.17187  113   53 2868.70379 2710.12188  5.53%  91.3 2207s
 332855 88916 2796.91333  117   79 2868.70379 2710.42982  5.52%  91.3 2210s
 333926 88967 2731.95632  154   69 2868.70379 2710.85940  5.50%  91.3 2215s
 335345 89033 2796.89637  102   77 2868.70379 2711.56861  5.48%  91.3 2222s
 335493 89051     cutoff  122      2868.70379 2711.63416  5.48%  91.3 2225s
 336858 89007 2826.54433  137   70 2868.70379 2712.34335  5.45%  91.3 2232s
 337789 89055     cutoff  123      2868.70379 2712.85643  5.43%  91.3 2237s
 338797 89083 2817.83036  105   43 2868.70379 2713.37384  5.41%  91.3 2242s
 339749 89078     cutoff  139      2868.70379 2713.79539  5.40%  91.3 2247s
 340663 89079 2836.43251   77   67 2868.70379 2714.28242  5.38%  91.3 2252s
 341645 89029 2794.66442  112   46 2868.70379 2714.75603  5.37%  91.3 2257s
 342668 88971 infeasible  137      2868.70379 2715.21207  5.35%  91.3 2262s
 343179 88979     cutoff   92      2868.70379 2715.46820  5.34%  91.3 2265s
 344300 88972 2842.22985  133   47 2868.70379 2715.93042  5.33%  91.3 2270s
 345055 89038     cutoff  114      2868.70379 2716.22076  5.32%  91.3 2277s
 346070 89013 2766.51236  118   82 2868.70379 2716.72065  5.30%  91.3 2282s
 346581 89061 2864.27084  137   53 2868.70379 2716.93331  5.29%  91.3 2285s
 347644 89115     cutoff  133      2868.70379 2717.29158  5.28%  91.2 2290s
 348617 89080 2818.20992  116   59 2868.70379 2717.67183  5.26%  91.2 2295s
 349702 89139 infeasible  134      2868.70379 2718.16104  5.25%  91.2 2300s
 350681 89120     cutoff  181      2868.70379 2718.52352  5.24%  91.2 2305s
 351716 89114 2863.14883  163   71 2868.70379 2718.95356  5.22%  91.2 2310s
 352688 89052 2796.73364  128   82 2868.70379 2719.50336  5.20%  91.2 2315s
 353384 88997 2827.79425  139   45 2868.70379 2719.80004  5.19%  91.2 2321s
 354404 88953 2811.34919  112   29 2868.70379 2720.36243  5.17%  91.2 2326s
 355451 88926 2812.87331  102   80 2868.70379 2720.75485  5.16%  91.2 2331s
 356437 88967 2856.61359  135   40 2868.70379 2721.11271  5.14%  91.2 2337s
 356943 88950 2833.58290  150   69 2868.70379 2721.41299  5.13%  91.2 2340s
 358442 88908 2844.10714  134   19 2868.70379 2722.03388  5.11%  91.1 2347s
 358964 88916     cutoff  141      2868.70379 2722.25153  5.11%  91.1 2350s
 360475 88802     cutoff  115      2868.70379 2723.04239  5.08%  91.1 2357s
 361484 88734 2758.71147  119   40 2868.70379 2723.53632  5.06%  91.1 2362s
 362463 88713 2829.22504  136   69 2868.70379 2724.01440  5.04%  91.1 2367s
 363446 88652 infeasible  120      2868.70379 2724.43659  5.03%  91.1 2372s
 364449 88597 2758.60319  137   58 2868.70379 2724.93740  5.01%  91.1 2377s
 364995 88579 2841.75398  136   66 2868.70379 2725.23352  5.00%  91.1 2380s
 366110 88578 2843.49163  109   49 2868.70379 2725.68774  4.99%  91.0 2385s
 367632 88548     cutoff   91      2868.70379 2726.34235  4.96%  91.0 2393s
 368116 88496     cutoff  102      2868.70379 2726.59011  4.95%  91.0 2395s
 369194 88471 2857.89438  140   45 2868.70379 2727.08891  4.94%  91.0 2401s
 370297 88385     cutoff  143      2868.70379 2727.58154  4.92%  91.0 2406s
 371277 88303 2765.61379  116   69 2868.70379 2728.00485  4.90%  91.0 2411s
 372240 88235 2771.86434  104   59 2868.70379 2728.52232  4.89%  91.0 2416s
 373336 88245 2846.12681  135   37 2868.70379 2728.96700  4.87%  91.0 2422s
 373876 88228     cutoff  151      2868.70379 2729.22566  4.86%  91.0 2425s
H373878 88228                    2868.7037340 2729.22566  4.86%  91.0 2425s
 373992 88226 2862.14122  145   58 2868.70373 2729.25189  4.86%  91.0 2432s
 374732 88148 2812.37870  145   58 2868.70373 2729.53844  4.85%  90.9 2437s
 375282 88139 2769.41419  130   66 2868.70373 2729.78282  4.84%  90.9 2440s
 376387 88052 infeasible  115      2868.70373 2730.32979  4.82%  90.9 2445s
 377465 88039 2821.64627  182   75 2868.70373 2730.84029  4.81%  90.9 2451s
 378218 87946 2828.47485  135   45 2868.70373 2731.12923  4.80%  90.9 2456s
 379273 87838     cutoff  132      2868.70373 2731.70571  4.78%  90.9 2462s
 380358 87757 2854.95718  152   41 2868.70373 2732.20451  4.76%  90.9 2467s
 380878 87707     cutoff  100      2868.70373 2732.47600  4.75%  90.9 2470s
 381984 87573 2862.19540  138   47 2868.70373 2733.02167  4.73%  90.9 2475s
 383003 87496     cutoff  105      2868.70373 2733.55184  4.71%  90.9 2480s
 384142 87358     cutoff  109      2868.70373 2734.08499  4.69%  90.8 2485s
 385265 87232 infeasible  138      2868.70373 2734.62521  4.67%  90.8 2491s
 386345 87174     cutoff  118      2868.70373 2735.15100  4.66%  90.8 2496s
 387421 87066     cutoff  167      2868.70373 2735.66709  4.64%  90.8 2501s
 388564 86902     cutoff  138      2868.70373 2736.20469  4.62%  90.8 2507s
 389128 86858     cutoff  104      2868.70373 2736.42211  4.61%  90.8 2510s
 390176 86739 2823.26672  168   47 2868.70373 2736.94546  4.59%  90.7 2515s
 391273 86658 2812.23704  168   48 2868.70373 2737.41814  4.58%  90.7 2521s
 392420 86558 infeasible  128      2868.70373 2737.86002  4.56%  90.7 2526s
 393551 86388 2802.24830  169   58 2868.70373 2738.37315  4.54%  90.7 2531s
 394636 86230 2774.28407  145   54 2868.70373 2739.00262  4.52%  90.7 2536s
 395752 86164 2818.56109  155   47 2868.70373 2739.47331  4.50%  90.6 2547s
 396400 86035 2849.50038  148   48 2868.70373 2739.78264  4.49%  90.6 2552s
 396925 85984     cutoff  143      2868.70373 2739.97993  4.49%  90.6 2555s
 397989 85882 2793.88653  126   71 2868.70373 2740.47393  4.47%  90.6 2560s
 399101 85761 2774.55492  134   59 2868.70373 2740.95817  4.45%  90.6 2565s
 400210 85633 2800.08873  124   73 2868.70373 2741.48729  4.43%  90.6 2571s
 401339 85496 2769.99260  133   61 2868.70373 2741.97823  4.42%  90.6 2576s
 402487 85367     cutoff  157      2868.70373 2742.48928  4.40%  90.6 2582s
 403601 85154 infeasible  100      2868.70373 2742.93721  4.38%  90.5 2587s
 404683 84998     cutoff  165      2868.70373 2743.57214  4.36%  90.5 2592s
 405292 84903     cutoff  112      2868.70373 2743.78968  4.35%  90.5 2595s
 406487 84790     cutoff  111      2868.70373 2744.31836  4.34%  90.5 2600s
 407586 84615 2835.01124  116   59 2868.70373 2744.78299  4.32%  90.5 2605s
 408671 84484 2839.42192  150   70 2868.70373 2745.32905  4.30%  90.4 2611s
 409727 84335 2840.71418  121   52 2868.70373 2745.83056  4.28%  90.4 2616s
 410802 84144     cutoff  119      2868.70373 2746.36820  4.26%  90.4 2621s
 411943 84003 infeasible  136      2868.70373 2746.91138  4.25%  90.4 2626s
 413088 83837     cutoff  119      2868.70373 2747.39855  4.23%  90.4 2632s
 413683 83755     cutoff  110      2868.70373 2747.61001  4.22%  90.4 2635s
 414798 83588 2839.51353  133   59 2868.70373 2748.06183  4.21%  90.3 2640s
 415954 83399 2848.79414  144   43 2868.70373 2748.59080  4.19%  90.3 2645s
 417126 83190 2792.64317  126   27 2868.70373 2749.06969  4.17%  90.3 2651s
 418318 82968     cutoff  124      2868.70373 2749.60026  4.15%  90.3 2656s
 419407 82878     cutoff  169      2868.70373 2750.03472  4.14%  90.2 2662s
 419596 82745 2823.45317  144   58 2868.70373 2750.07328  4.14%  90.2 2665s
 420736 82564 infeasible  129      2868.70373 2750.62134  4.12%  90.2 2670s
 421863 82366 2796.06699  113   49 2868.70373 2751.10310  4.10%  90.2 2675s
 422974 82176     cutoff   91      2868.70373 2751.59307  4.08%  90.2 2681s
 424068 82008 infeasible  129      2868.70373 2752.12012  4.06%  90.2 2686s
 425217 81878     cutoff  107      2868.70373 2752.56794  4.05%  90.1 2691s
 426400 81802 2810.10892   93   59 2868.70373 2752.95919  4.03%  90.1 2697s
 426957 81673 infeasible  172      2868.70373 2753.15890  4.03%  90.1 2700s
 428073 81469 infeasible  131      2868.70373 2753.63401  4.01%  90.1 2706s
 429314 81389     cutoff  105      2868.70373 2754.11434  3.99%  90.1 2711s
 430382 81188 infeasible  175      2868.70373 2754.52932  3.98%  90.0 2716s
 431567 80989     cutoff  157      2868.70373 2755.00158  3.96%  90.0 2722s
 432679 80765 2808.83915   71   95 2868.70373 2755.55783  3.94%  90.0 2727s
 433263 80683 2866.36321  137   65 2868.70373 2755.80512  3.94%  90.0 2730s
 434435 80446 2771.70413  102   67 2868.70373 2756.32361  3.92%  89.9 2735s
 435612 80300 2775.54139  142   50 2868.70373 2756.75966  3.90%  89.9 2741s
 436780 80160     cutoff  138      2868.70373 2757.30661  3.88%  89.9 2746s
 437861 79935 2819.21629   96   60 2868.70373 2757.76445  3.87%  89.8 2751s
 438940 79693 2852.69916  142   58 2868.70373 2758.27092  3.85%  89.8 2757s
 440067 79530     cutoff  107      2868.70373 2758.81260  3.83%  89.8 2762s
 441297 79284     cutoff   89      2868.70373 2759.23142  3.82%  89.8 2767s
 441839 79163     cutoff  123      2868.70373 2759.47862  3.81%  89.8 2770s
 443432 78867     cutoff  144      2868.70373 2760.24518  3.78%  89.7 2778s
 443632 78709     cutoff  161      2868.70373 2760.31908  3.78%  89.7 2780s
 444704 78372 2853.96411  147   60 2868.70373 2760.91306  3.76%  89.7 2786s
 445923 78107     cutoff  116      2868.70373 2761.37707  3.74%  89.7 2792s
 446512 78067 2796.08899  147   55 2868.70373 2761.57582  3.73%  89.7 2797s
 446863 77976 2847.90964  164   34 2868.70373 2761.61046  3.73%  89.7 2800s
 447677 77696     cutoff  136      2868.70373 2762.18949  3.71%  89.7 2805s
 448895 77451     cutoff  186      2868.70373 2762.66217  3.70%  89.7 2811s
 450146 77178     cutoff  102      2868.70373 2763.16588  3.68%  89.6 2816s
 451311 76910     cutoff  161      2868.70373 2763.64528  3.66%  89.6 2822s
 452509 76627     cutoff   88      2868.70373 2764.12960  3.65%  89.6 2827s
 453089 76463     cutoff  112      2868.70373 2764.35205  3.64%  89.6 2830s
 454422 76222 2836.12511  123   46 2868.70373 2764.83830  3.62%  89.5 2836s
 455652 75949 2857.12953  111   19 2868.70373 2765.34665  3.60%  89.5 2841s
 456854 75613 2794.31146  150   22 2868.70373 2765.91890  3.58%  89.5 2847s
 458132 75372     cutoff  108      2868.70373 2766.43678  3.56%  89.4 2852s
 458757 75212 2833.87160   96   73 2868.70373 2766.69011  3.56%  89.4 2855s
 459942 74935 2782.38573   93   54 2868.70373 2767.21864  3.54%  89.4 2860s
 461144 74599 2827.94318  104   52 2868.70373 2767.74030  3.52%  89.4 2866s
 462383 74213 infeasible   96      2868.70373 2768.27785  3.50%  89.3 2871s
 463510 73819 2851.74197  148   40 2868.70373 2768.90187  3.48%  89.3 2877s
 464182 73672 2850.27035  133   64 2868.70373 2769.19823  3.47%  89.3 2880s
 465425 73319 infeasible  135      2868.70373 2769.73824  3.45%  89.3 2885s
 466674 73129     cutoff   93      2868.70373 2770.28354  3.43%  89.2 2892s
 466741 72993     cutoff  136      2868.70373 2770.30048  3.43%  89.2 2895s
 467992 72627     cutoff  164      2868.70373 2770.83628  3.41%  89.2 2900s
 469121 72301 2828.28315   97   65 2868.70373 2771.39825  3.39%  89.2 2905s
 470257 71955 2830.12574  153   10 2868.70373 2771.97095  3.37%  89.2 2911s
 471596 71575     cutoff  120      2868.70373 2772.50364  3.35%  89.1 2916s
 472863 71268 2803.98323  171   39 2868.70373 2773.09226  3.33%  89.1 2922s
 474158 70962     cutoff  162      2868.70373 2773.56419  3.32%  89.0 2927s
 475335 70712     cutoff  195      2868.70373 2774.06965  3.30%  89.0 2932s
 475956 70516 2861.03735  123   59 2868.70373 2774.29081  3.29%  89.0 2935s
 477186 70186 2804.41472  154   24 2868.70373 2774.84470  3.27%  89.0 2940s
 478496 69809 2822.70967  112   81 2868.70373 2775.38356  3.25%  88.9 2946s
 479631 69455 2816.99525  101   53 2868.70373 2775.89524  3.24%  88.9 2951s
 480859 69097 2845.31081  122   80 2868.70373 2776.42443  3.22%  88.8 2956s
 482090 68800     cutoff  132      2868.70373 2776.93471  3.20%  88.8 2962s
 482646 68562     cutoff  122      2868.70373 2777.15756  3.19%  88.8 2965s
 483822 68179     cutoff  113      2868.70373 2777.70790  3.17%  88.8 2970s
 485053 67840 2862.67811  101    4 2868.70373 2778.33812  3.15%  88.7 2976s
 486347 67538 2799.69637  154   47 2868.70373 2778.75252  3.14%  88.7 2982s
 487565 67104     cutoff  130      2868.70373 2779.26866  3.12%  88.7 2987s
 488144 66912     cutoff   91      2868.70373 2779.56789  3.11%  88.7 2990s
 489312 66515     cutoff  119      2868.70373 2780.09397  3.09%  88.6 2995s
 490617 66205 2841.97018  190   50 2868.70373 2780.65750  3.07%  88.6 3001s
 491970 65781 2816.29589  174   80 2868.70373 2781.20528  3.05%  88.6 3007s
 492660 65608 2843.82692   97   80 2868.70373 2781.45103  3.04%  88.5 3010s
 493902 65167 2868.06620   96   60 2868.70373 2781.94252  3.02%  88.5 3015s
 495250 64660     cutoff  139      2868.70373 2782.53166  3.00%  88.5 3021s
 496555 64267 2837.88012  133   59 2868.70373 2783.05048  2.99%  88.4 3026s
 497741 63816     cutoff  196      2868.70373 2783.65832  2.96%  88.4 3031s
 499037 63388     cutoff  158      2868.70373 2784.20417  2.95%  88.3 3037s
 499702 63186     cutoff  180      2868.70373 2784.44777  2.94%  88.3 3040s
 501055 62831 infeasible  139      2868.70373 2784.97038  2.92%  88.3 3045s
 502368 62390 2821.66686  140   49 2868.70373 2785.55741  2.90%  88.2 3051s
 503699 61952 infeasible  107      2868.70373 2786.15553  2.88%  88.2 3056s
 504986 61466     cutoff   92      2868.70373 2786.70219  2.86%  88.1 3062s
 505633 61205     cutoff  127      2868.70373 2787.01787  2.85%  88.1 3065s
 506278 61048     cutoff  165      2868.70373 2787.31461  2.84%  88.1 3070s
 507534 60459 infeasible  132      2868.70373 2787.88239  2.82%  88.0 3075s
 508856 60064     cutoff   98      2868.70373 2788.41895  2.80%  88.0 3081s
 510226 59648 2810.63909  141   35 2868.70373 2788.93567  2.78%  87.9 3087s
 511436 59220 2863.70335  133   50 2868.70373 2789.51077  2.76%  87.9 3092s
 512083 59010 2822.14624  134   50 2868.70373 2789.74997  2.75%  87.9 3095s
 513338 58501 2862.91312   99   48 2868.70373 2790.30257  2.73%  87.8 3100s
 514631 58107 2854.08913  113   51 2868.70373 2790.89971  2.71%  87.8 3105s
 515949 57585     cutoff  107      2868.70373 2791.47801  2.69%  87.8 3111s
 517199 57022     cutoff  133      2868.70373 2792.02124  2.67%  87.7 3116s
 518509 56520     cutoff   93      2868.70373 2792.61936  2.65%  87.7 3121s
 519834 55995     cutoff   97      2868.70373 2793.25248  2.63%  87.6 3126s
 521168 55501 2824.19333  148   26 2868.70373 2793.85445  2.61%  87.6 3132s
 521849 55208     cutoff  135      2868.70373 2794.10576  2.60%  87.5 3135s
 523116 54708 2859.06691  138   14 2868.70373 2794.63910  2.58%  87.5 3140s
 524371 54171     cutoff  134      2868.70373 2795.25726  2.56%  87.5 3145s
 525640 53615     cutoff  163      2868.70373 2795.87972  2.54%  87.4 3151s
 526933 52992     cutoff  137      2868.70373 2796.49465  2.52%  87.4 3156s
 528305 52367 2835.28438  131   61 2868.70373 2797.17122  2.49%  87.3 3162s
 529627 51864     cutoff  159      2868.70373 2797.72663  2.47%  87.3 3167s
 530255 51592 infeasible  143      2868.70373 2798.00170  2.46%  87.3 3170s
 531606 50975     cutoff  123      2868.70373 2798.62295  2.44%  87.2 3175s
 532938 50303     cutoff  100      2868.70373 2799.29349  2.42%  87.1 3180s
 534279 49526 2864.71777   99   54 2868.70373 2799.98378  2.40%  87.1 3186s
 535680 48887 2846.41273  129   61 2868.70373 2800.71757  2.37%  87.0 3191s
 536356 48774     cutoff  136      2868.70373 2801.01715  2.36%  87.0 3197s
 536586 48436     cutoff  123      2868.70373 2801.15566  2.35%  87.0 3200s
 538003 47722 infeasible  129      2868.70373 2801.89643  2.33%  87.0 3205s
 539294 47093     cutoff  131      2868.70373 2802.57510  2.31%  86.9 3211s
 540664 46417     cutoff  145      2868.70373 2803.25921  2.28%  86.9 3216s
 542027 45767     cutoff  140      2868.70373 2803.85429  2.26%  86.8 3221s
 543339 45077     cutoff   99      2868.70373 2804.58745  2.24%  86.8 3226s
 544738 44415 2842.55138  110   13 2868.70373 2805.31046  2.21%  86.7 3231s
 546040 43751     cutoff  142      2868.70373 2805.99335  2.19%  86.6 3237s
 547463 43109     cutoff  116      2868.70373 2806.71259  2.16%  86.6 3243s
 548239 42822 2844.85549   92   41 2868.70373 2806.97351  2.15%  86.5 3245s
 549478 42141     cutoff  141      2868.70373 2807.61192  2.13%  86.5 3250s
 550823 41511 2867.38026  113   42 2868.70373 2808.34073  2.10%  86.4 3255s
 552139 41048     cutoff  129      2868.70373 2808.97686  2.08%  86.4 3263s
 552353 40748     cutoff   96      2868.70373 2809.01763  2.08%  86.4 3266s
 553699 40049 2835.49930  177   50 2868.70373 2809.78616  2.05%  86.3 3271s
 555164 39222     cutoff  123      2868.70373 2810.49879  2.03%  86.3 3277s
 556534 38528 infeasible  105      2868.70373 2811.21613  2.00%  86.2 3282s
 557918 37988 2814.53867  112   63 2868.70373 2811.95949  1.98%  86.1 3288s
 558136 37579     cutoff  117      2868.70373 2812.01141  1.98%  86.1 3290s
 559480 36812     cutoff  195      2868.70373 2812.78729  1.95%  86.1 3295s
 560785 35955     cutoff  132      2868.70373 2813.54407  1.92%  86.0 3300s
 562179 35217     cutoff   99      2868.70373 2814.35790  1.89%  85.9 3305s
 563482 34465 infeasible  135      2868.70373 2815.16871  1.87%  85.9 3310s
 564878 33600     cutoff  152      2868.70373 2816.03649  1.84%  85.8 3315s
 566840 32282 infeasible  163      2868.70373 2817.27688  1.79%  85.7 3321s
 568161 31492     cutoff  132      2868.70373 2818.13342  1.76%  85.6 3326s
 569519 30712 infeasible  122      2868.70373 2818.88287  1.74%  85.5 3331s
 570674 29893 infeasible  105      2868.70373 2819.67826  1.71%  85.5 3335s
 572446 28714     cutoff  141      2868.70373 2820.99279  1.66%  85.4 3341s
 573835 27817     cutoff  182      2868.70373 2821.90941  1.63%  85.3 3345s
 575175 26913 infeasible  113      2868.70373 2822.75116  1.60%  85.3 3350s
 577117 25666     cutoff  160      2868.70373 2824.12564  1.55%  85.1 3356s
 578415 24809     cutoff  106      2868.70373 2825.02023  1.52%  85.1 3361s
 579664 23869     cutoff  145      2868.70373 2825.97284  1.49%  85.0 3365s
 581628 22606 infeasible  162      2868.70373 2827.32383  1.44%  84.9 3371s
 582879 21680     cutoff  138      2868.70373 2828.27911  1.41%  84.8 3376s
 584718 20439     cutoff  163      2868.70373 2829.73364  1.36%  84.7 3381s
 585952 19426     cutoff  115      2868.70373 2830.80516  1.32%  84.6 3385s
 587809 18048 2868.36213  136   16 2868.70373 2832.49046  1.26%  84.5 3391s
 589656 16601     cutoff  118      2868.70373 2834.31477  1.20%  84.4 3396s
 590955 15626     cutoff  124      2868.70373 2835.64299  1.15%  84.3 3400s
 592820 14076 2843.88909  132   19 2868.70373 2837.57021  1.09%  84.2 3406s
 594688 12535 infeasible  125      2868.70373 2839.65299  1.01%  84.0 3411s
 596615 10978     cutoff  105      2868.70373 2842.14958  0.93%  83.9 3416s
 597851 10310     cutoff  161      2868.70373 2844.05249  0.86%  83.8 3420s
 599245  8630 infeasible  137      2868.70373 2845.97103  0.79%  83.6 3425s
 601603  6485     cutoff  117      2868.70373 2850.04079  0.65%  83.4 3430s
 604152  4089 infeasible  113      2868.70373 2855.20218  0.47%  83.2 3436s
 606046  2201     cutoff  130      2868.70373 2860.11715  0.30%  83.0 3440s

Cutting planes:
  Gomory: 30
  Cover: 394
  Implied bound: 288
  Projected implied bound: 32
  MIR: 286
  Flow cover: 1084
  GUB cover: 1
  Inf proof: 9
  Zero half: 50
  RLT: 129
  Relax-and-lift: 90

Warning: cleanup yields a better solution due to numeric instability

Explored 608994 nodes (50344640 simplex iterations) in 3444.09 seconds
Thread count was 8 (of 8 available processors)

Solution count 10: 2868.7 2881.35 2886.66 ... 3481.5
No other solutions better than 2868.7

Optimal solution found (tolerance 1.00e-04)
Best objective 2.868439039132e+03, best bound 2.868439039132e+03, gap 0.0000%
