Gurobi 9.1.2 (win64) logging started Tue Nov 30 21:53:12 2021

Changed value of parameter LogFile to D2_S3_C30_a_trips_results_with_VI_newTW.log
   Prev:   Default: 
Changed value of parameter timeLimit to 18000.0
   Prev: inf  Min: 0.0  Max: inf  Default: inf
Gurobi Optimizer version 9.1.2 build v9.1.2rc0 (win64)
Thread count: 4 physical cores, 8 logical processors, using up to 8 threads
Optimize a model with 139642 rows, 9300 columns and 302514 nonzeros
Model fingerprint: 0xdb348613
Variable types: 7077 continuous, 2223 integer (2223 binary)
Coefficient statistics:
  Matrix range     [1e-01, 1e+05]
  Objective range  [1e+00, 1e+00]
  Bounds range     [1e+00, 1e+10]
  RHS range        [5e-01, 1e+05]
Warning: Model contains large bounds
         Consider reformulating model or setting NumericFocus parameter
         to avoid numerical issues.
Presolve removed 125549 rows and 4653 columns
Presolve time: 0.67s
Presolved: 14093 rows, 4647 columns, 102103 nonzeros
Variable types: 2424 continuous, 2223 integer (2223 binary)

Root relaxation: objective -5.535248e+03, 1796 iterations, 0.15 seconds

    Nodes    |    Current Node    |     Objective Bounds      |     Work
 Expl Unexpl |  Obj  Depth IntInf | Incumbent    BestBd   Gap | It/Node Time

     0     0 -5535.2477    0  102          - -5535.2477      -     -    1s
     0     0 -4984.0293    0  126          - -4984.0293      -     -    1s
     0     0 -2776.9029    0  278          - -2776.9029      -     -    2s
     0     0 -2364.9673    0  287          - -2364.9673      -     -    3s
     0     0 -2364.9673    0  287          - -2364.9673      -     -    3s
     0     0 -104.65668    0  191          - -104.65668      -     -    5s
     0     0  -94.73356    0  192          -  -94.73356      -     -    5s
     0     0  -94.73356    0  192          -  -94.73356      -     -    5s
     0     0  484.75118    0  145          -  484.75118      -     -    6s
     0     0  525.90358    0  137          -  525.90358      -     -    6s
     0     0  531.45240    0  119          -  531.45240      -     -    7s
     0     0  531.48492    0  118          -  531.48492      -     -    7s
     0     0  769.16157    0  144          -  769.16157      -     -    7s
H    0     0                    10986.428576  769.16157  93.0%     -    7s
H    0     0                    10771.075902  769.16157  92.9%     -    7s
     0     0  777.20491    0  125 10771.0759  777.20491  92.8%     -    8s
     0     0  777.22173    0  134 10771.0759  777.22173  92.8%     -    8s
     0     0  797.07917    0  144 10771.0759  797.07917  92.6%     -    8s
H    0     0                    9306.1374280  797.07917  91.4%     -    8s
     0     0  802.25424    0  151 9306.13743  802.25424  91.4%     -    8s
     0     0  805.46255    0  156 9306.13743  805.46255  91.3%     -    8s
     0     0  805.51315    0  157 9306.13743  805.51315  91.3%     -    8s
     0     0  814.64433    0  153 9306.13743  814.64433  91.2%     -    9s
H    0     0                    8194.6092693  814.64433  90.1%     -    9s
     0     0  817.91153    0  156 8194.60927  817.91153  90.0%     -    9s
     0     0  818.16587    0  158 8194.60927  818.16587  90.0%     -    9s
     0     0  867.36903    0  148 8194.60927  867.36903  89.4%     -   10s
H    0     0                    7990.8928563  867.36903  89.1%     -   10s
     0     0  869.98474    0  131 7990.89286  869.98474  89.1%     -   10s
     0     0  869.99355    0  131 7990.89286  869.99355  89.1%     -   10s
     0     0  890.58669    0  129 7990.89286  890.58669  88.9%     -   10s
     0     0  891.05496    0  124 7990.89286  891.05496  88.8%     -   10s
     0     0  921.50844    0  129 7990.89286  921.50844  88.5%     -   11s
H    0     0                    7943.7261765  921.50844  88.4%     -   11s
     0     0  921.50844    0  129 7943.72618  921.50844  88.4%     -   11s
     0     0  935.41262    0  136 7943.72618  935.41262  88.2%     -   11s
H    0     0                    7887.6136763  935.41262  88.1%     -   12s
     0     0  936.01678    0  142 7887.61368  936.01678  88.1%     -   12s
     0     0  938.00082    0  136 7887.61368  938.00082  88.1%     -   12s
     0     0  945.48101    0  155 7887.61368  945.48101  88.0%     -   13s
H    0     0                    7841.0157209  945.48101  87.9%     -   13s
     0     2  945.48101    0  155 7841.01572  945.48101  87.9%     -   13s
    19    24 1432.60261    4  117 7841.01572 1021.68413  87.0%   516   15s
H   60    64                    7727.5287512 1021.68413  86.8%   466   17s
H   61    64                    7712.8857122 1021.68413  86.8%   471   17s
H   90    90                    7597.3362333 1021.68413  86.6%   375   18s
   105   112 4252.09046   16   65 7597.33623 1021.68413  86.6%   367   20s
H  127   127                    7360.3178154 1021.68413  86.1%   346   21s
   464   441 2088.75467    7  112 7360.31782 1022.26621  86.1%   206   25s
   615   574 3633.54948   17   64 7360.31782 1022.26621  86.1%   232   30s
H  836   786                    7323.1543290 1022.26621  86.0%   239   34s
   876   844 5653.09164   48   60 7323.15433 1022.26621  86.0%   237   35s
H  887   838                    7276.0907896 1022.26621  86.0%   237   35s
H  904   835                    7215.9256137 1022.26621  85.8%   236   35s
H 1034   892                    7103.8064492 1022.26621  85.6%   219   36s
  1037   889 1652.44212    8  212 7103.80645 1022.26621  85.6%   218   43s
  1038   890 6951.87619   55  148 7103.80645 1084.25659  84.7%   218   45s
H 1038   845                    6958.8981594 1084.25659  84.4%   218   46s
H 1042   805                    6958.8974715 1185.38946  83.0%   217   49s
  1044   806 4275.17723   18  127 6958.89747 1500.26873  78.4%   217   50s
  1055   813 4535.46366   41  142 6958.89747 1836.39555  73.6%   214   55s
  1064   819 3022.69062   13  145 6958.89747 2075.42936  70.2%   213   60s
  1073   825 5940.59035   56  159 6958.89747 2219.73460  68.1%   211   65s
  1082   831 4634.30413   40  150 6958.89747 2325.17449  66.6%   209   71s
H 1085   791                    6782.0184909 2330.49302  65.6%   209   73s
  1089   794 3076.51319   12  149 6782.01849 2403.02220  64.6%   208   75s
  1097   799 6308.97784   51  152 6782.01849 2561.00470  62.2%   206   81s
H 1100   760                    6767.2785729 2575.39111  61.9%   206   83s
  1103   762 6767.27857   84  154 6767.27857 2596.40162  61.6%   205   85s
  1114   770 4366.00513   22  152 6767.27857 2633.25275  61.1%   203   91s
  1122   775 5363.14482   26  145 6767.27857 2662.00126  60.7%   202   95s
  1128   779 2690.13375    9  143 6767.27857 2690.13375  60.2%   201  100s
  1135   784 5316.47861   30  151 6767.27857 2716.52930  59.9%   199  105s
  1144   790 4275.17723   18  150 6767.27857 2765.51681  59.1%   198  110s
  1153   796 5823.82022   73  146 6767.27857 2810.63705  58.5%   196  115s
  1158   799 4111.22445   28  144 6767.27857 2816.44006  58.4%   195  120s
  1165   805 6767.27857   86  175 6767.27857 2816.44006  58.4%   239  126s
  1167   807 5322.79086   29  117 6767.27857 2816.44006  58.4%   238  130s
  1178   814 5208.82886   58  143 6767.27857 2937.37832  56.6%   236  136s
  1187   820 4657.95929   27  135 6767.27857 3051.25106  54.9%   234  140s
  1197   827 6308.97784   51  140 6767.27857 3158.07194  53.3%   233  146s
  1206   833 6507.07796   43  142 6767.27857 3195.96334  52.8%   231  151s
  1215   839 4566.85547   25  150 6767.27857 3221.42385  52.4%   229  155s
  1221   843 5828.68559   74  161 6767.27857 3225.17895  52.3%   228  160s
  1229   849 5592.74961   36  155 6767.27857 3228.77943  52.3%   262  165s
  1232   851 6507.07796   43  141 6767.27857 3228.77943  52.3%   261  171s
  1234   852 4783.73501   28  134 6767.27857 3228.77943  52.3%   261  175s
  1244   859 4275.17723   18  141 6767.27857 3322.63973  50.9%   259  181s
  1254   866 3474.10644    5  152 6767.27857 3474.10644  48.7%   257  185s
  1265   873 6767.27857   86  155 6767.27857 3573.59285  47.2%   254  190s
  1274   879 3617.48395   19  162 6767.27857 3617.48395  46.5%   252  195s
  1282   884 4634.30413   40  163 6767.27857 3667.80589  45.8%   251  200s
H 1285   840                    6706.8197208 3670.31190  45.3%   250  202s
  1291   844 6540.06460   67  163 6706.81972 3757.36346  44.0%   249  205s
  1301   851 6297.10044   48  168 6706.81972 3814.77744  43.1%   247  210s
  1308   856 4050.25756   14  155 6706.81972 3879.26169  42.2%   246  215s
  1315   860 4566.85547   25  168 6706.81972 3900.91736  41.8%   245  220s
  1325   867 3920.77682    5  189 6706.81972 3920.77682  41.5%   243  225s
  1331   871 3999.47288   25  181 6706.81972 3934.94178  41.3%   242  230s
  1339   876 3960.93157   15  168 6706.81972 3960.93157  40.9%   240  235s
  1347   882 5286.69553   50  153 6706.81972 3982.67367  40.6%   239  240s
  1357   888 6706.81972  100  177 6706.81972 4024.61858  40.0%   237  245s
  1367   895 5322.79086   29  174 6706.81972 4054.39856  39.5%   235  250s
  1377   902 6706.81972   56  190 6706.81972 4066.17634  39.4%   234  256s
  1382   905 4634.30413   40  179 6706.81972 4082.76668  39.1%   233  260s
  1391   911 6540.06460   67  170 6706.81972 4100.01699  38.9%   231  265s
  1397   915 6308.97784   51  195 6706.81972 4112.79843  38.7%   230  270s
  1403   919 6706.81972   84  189 6706.81972 4119.72028  38.6%   229  275s
  1409   924 5275.82548   28  132 6706.81972 4119.72028  38.6%   277  282s
  1411   925 5182.00769   55  136 6706.81972 4119.72028  38.6%   277  286s
  1413   927 4119.72028   15  128 6706.81972 4119.72028  38.6%   276  290s
  1422   933 5363.14482   26  180 6706.81972 4136.25568  38.3%   274  296s
  1432   939 6507.07796   43  152 6706.81972 4177.87631  37.7%   273  300s
  1439   944 4222.27549   15  167 6706.81972 4222.27549  37.0%   271  305s
  1450   951 5823.82022   73  180 6706.81972 4243.55303  36.7%   269  310s
  1457   956 6706.81972  100  188 6706.81972 4247.72188  36.7%   268  315s
  1463   960 4269.32666   25  167 6706.81972 4269.32666  36.3%   267  320s
  1471   965 6706.81972   51  163 6706.81972 4342.88956  35.2%   265  325s
  1477   969 6706.81972   56  160 6706.81972 4371.11554  34.8%   264  330s
  1486   975 6706.81972   57  167 6706.81972 4403.05637  34.3%   263  335s
  1492   979 6706.81972   46  156 6706.81972 4416.95932  34.1%   262  340s
  1499   984 4420.73917   12  178 6706.81972 4420.73917  34.1%   260  345s
  1501   985 6297.10044   48  175 6706.81972 4420.87197  34.1%   260  350s
  1504   990 4457.96174   56  142 6706.81972 4457.96174  33.5%   302  360s
  1506   993 4459.28417   57  135 6706.81972 4457.96174  33.5%   302  368s
  1514   997 4695.06008   58  120 6706.81972 4472.12838  33.3%   303  371s
  1542  1019 4508.10793   62  125 6706.81972 4508.10793  32.8%   304  375s
  1600  1054 4569.46163   69  112 6706.81972 4510.95391  32.7%   304  380s
  1652  1099 4653.99855   73  109 6706.81972 4510.95391  32.7%   304  385s
  1742  1161 4893.33479   81   76 6706.81972 4510.95391  32.7%   306  390s
  1851  1225 5070.47821   91   89 6706.81972 4510.95391  32.7%   304  395s
  1944  1305 4936.04882   98   93 6706.81972 4510.95391  32.7%   299  401s
  2083  1363 5191.72634  109   89 6706.81972 4510.95391  32.7%   293  405s
  2302  1469 5210.27525  124   92 6706.81972 4510.95391  32.7%   284  410s
  2579  1616 5334.83263  147  103 6706.81972 4510.95391  32.7%   272  416s
  2743  1669 5437.02312  160  101 6706.81972 4510.95391  32.7%   267  420s
  3045  1851 5907.04093  190  102 6706.81972 4510.95391  32.7%   255  426s
  3345  1984 6118.42218  242   89 6706.81972 4510.95391  32.7%   251  431s
  3640  2042 4796.43095   63  110 6706.81972 4541.20653  32.3%   242  435s
  3909  2185 4641.02505   68  120 6706.81972 4550.05197  32.2%   238  444s
  4039  2261 6290.65707  101   95 6706.81972 4554.76575  32.1%   236  447s
  4448  2553 5948.24354  121   76 6706.81972 4564.01188  31.9%   227  452s
  4911  2800 5084.22262  104  117 6706.81972 4564.06387  31.9%   218  459s
  4967  3069 5494.90840  118  111 6706.81972 4568.55466  31.9%   217  462s
  5299  3316 4686.29255   69  125 6706.81972 4571.22336  31.8%   210  465s
  5837  3718 4867.69589   77   99 6706.81972 4573.15848  31.8%   203  470s
  6210  3981 5394.40054   74   64 6706.81972 4579.36562  31.7%   202  476s
  6695  4338 5162.42338   75   95 6706.81972 4587.09821  31.6%   201  483s
  6876  4614 5206.43663   72   93 6706.81972 4593.01540  31.5%   200  486s
  7203  4720 5028.51074   81   78 6706.81972 4594.06036  31.5%   199  490s
  7617  5093 5313.48646   99  102 6706.81972 4596.65154  31.5%   198  497s
  7824  5263 5166.32110   87   93 6706.81972 4600.53253  31.4%   199  509s
  8018  5506 4932.01283  100  103 6706.81972 4600.53253  31.4%   199  513s
  8290  5782 6390.36205  200   76 6706.81972 4601.37386  31.4%   198  518s
  8652  6115 6366.34427  114   90 6706.81972 4601.71034  31.4%   197  522s
  9114  6477     cutoff  168      6706.81972 4607.32831  31.3%   193  527s
  9535  6804 4834.37207   81   97 6706.81972 4612.44778  31.2%   191  532s
  9911  7264 5557.54643  158   75 6706.81972 4616.82507  31.2%   190  538s
 10430  7786 4808.28555   82  103 6706.81972 4620.44289  31.1%   186  547s
 11047  8107 4842.56261   70  124 6706.81972 4626.18383  31.0%   183  552s
 11368  8534 5379.48421  135  113 6706.81972 4626.35771  31.0%   183  557s
 11889  8672 4744.28011   71  108 6706.81972 4627.61497  31.0%   179  561s
 12027  8944 4876.46022   84  109 6706.81972 4627.61497  31.0%   181  566s
 12323  9226 5079.95288  102   89 6706.81972 4627.61497  31.0%   183  572s
 12667  9573 5329.31958  132   92 6706.81972 4627.61497  31.0%   185  579s
 13081  9657 5713.08703  177   80 6706.81972 4628.03334  31.0%   185  583s
 13222 10038 5152.29821   80  104 6706.81972 4629.70776  31.0%   185  589s
 13665 10290 5378.38577  106   97 6706.81972 4631.73637  30.9%   184  595s
 13946 10378 5348.81465   96   91 6706.81972 4632.63109  30.9%   185  602s
 14053 10650 5749.96476  120   48 6706.81972 4634.19201  30.9%   185  608s
 14393 10946 5294.67418   87   77 6706.81972 4636.06553  30.9%   185  614s
H14408 10481                    6525.5799193 4636.06553  29.0%   185  614s
 14726 10855     cutoff  152      6525.57992 4637.74239  28.9%   187  620s
H15031 10719                    6487.4103221 4638.74604  28.5%   185  620s
 15269 11017 4837.68845   70  108 6487.41032 4639.40531  28.5%   185  626s
H15603 10341                    6341.6506303 4641.49667  26.8%   185  626s
 15708 10693 5535.10241   98   99 6341.65063 4645.27888  26.7%   185  632s
H15861 10644                    6331.8229928 4645.27888  26.6%   185  632s
 16111 10893 6093.80311   79   92 6331.82299 4647.37233  26.6%   184  638s
 16447 11336 5414.06172  107  101 6331.82299 4648.71590  26.6%   185  644s
 16967 11664 5048.50381   86  103 6331.82299 4650.57031  26.6%   183  650s
 17390 12173 4939.46962   72  138 6331.82299 4653.85975  26.5%   183  655s
 18015 12556 4795.78957   77  101 6331.82299 4660.98328  26.4%   181  661s
 18476 12884 5029.66465   84  128 6331.82299 4663.23247  26.4%   180  667s
 18892 13319 6286.65782  108   84 6331.82299 4666.63872  26.3%   180  672s
 19381 13614 4898.13989   75  109 6331.82299 4667.53660  26.3%   179  678s
 19748 13862 4891.98848  100   89 6331.82299 4667.53660  26.3%   180  682s
 20020 14227 5036.81441  119   85 6331.82299 4667.53660  26.3%   181  688s
 20480 14458 5770.41940  192   27 6331.82299 4670.83415  26.2%   180  693s
 20773 14459 5943.30173  139  155 6331.82299 4670.83415  26.2%   180  840s
 20776 14461 5789.57810  183  141 6331.82299 4670.83415  26.2%   180  846s
 20778 14462 5824.82484  161  127 6331.82299 4670.83415  26.2%   180  851s
 20781 14464 5681.00137  149   94 6331.82299 4670.83415  26.2%   180  855s
 20792 14472 5244.65417   83  123 6331.82299 4787.90031  24.4%   180  863s
 20796 14474 4935.09979   80  150 6331.82299 4800.97635  24.2%   180  866s
 20797 14475 6221.25911  164  112 6331.82299 4836.75525  23.6%   180  872s
 20802 14478 4880.69355   68  159 6331.82299 4864.23821  23.2%   180  875s
 20805 14480 5982.49974  182  131 6331.82299 4893.74272  22.7%   180  880s
 20806 14481 5125.58802  100  137 6331.82299 4912.11337  22.4%   180  886s
 20809 14483 5170.47138   87  160 6331.82299 4925.75480  22.2%   180  891s
 20812 14485 5286.01670  124  144 6331.82299 4946.91424  21.9%   180  897s
 20815 14487 5623.06858  104  143 6331.82299 4981.00783  21.3%   180  906s
 20819 14490 5122.79458  101  137 6331.82299 5023.71563  20.7%   180  911s
 20823 14492 5695.69882   97  129 6331.82299 5041.79477  20.4%   180  917s
 20825 14494 5702.32896   78  140 6331.82299 5051.37018  20.2%   180  922s
 20829 14496 5412.96992  113  152 6331.82299 5054.28336  20.2%   180  925s
 20831 14498 6245.43405  140  121 6331.82299 5074.83227  19.9%   179  931s
 20834 14500 5194.84580  118  126 6331.82299 5093.72481  19.6%   179  936s
 20837 14502 5779.55017  187  122 6331.82299 5111.94866  19.3%   179  942s
 20838 14502 5864.53878  212  125 6331.82299 5117.61580  19.2%   179  945s
 20841 14504 5128.60281   73  141 6331.82299 5128.60281  19.0%   179  951s
 20843 14506 6110.71501  190  154 6331.82299 5136.76022  18.9%   179  956s
 20846 14508 5137.71462   72  168 6331.82299 5137.71462  18.9%   179  965s
 20848 14509 6245.20045  141  162 6331.82299 5140.84947  18.8%   179  971s
 20853 14512 5315.93809   83  138 6331.82299 5153.85010  18.6%   179  977s
 20855 14514 5156.65363   84  143 6331.82299 5156.65363  18.6%   179  980s
 20858 14516 5398.04019   81  173 6331.82299 5159.06259  18.5%   179  985s
 20861 14518 5811.40838  108  171 6331.82299 5169.32375  18.4%   179  991s
 20862 14518 5332.90429   81  178 6331.82299 5171.82312  18.3%   179  995s
 20865 14520 5431.12664  138  146 6331.82299 5178.29941  18.2%   179 1001s
 20868 14522 5181.81981   69  162 6331.82299 5181.81981  18.2%   179 1007s
 20870 14524 5271.17321  124  169 6331.82299 5182.47504  18.2%   179 1010s
 20873 14526 5943.30173  139  148 6331.82299 5188.90019  18.1%   179 1015s
 20876 14528 5789.57810  183  166 6331.82299 5192.97597  18.0%   179 1021s
 20878 14529 5824.82484  161  179 6331.82299 5197.90128  17.9%   179 1025s
 20880 14530 6044.25225  190  179 6331.82299 5199.32250  17.9%   179 1032s
 20881 14531 5681.00137  149  180 6331.82299 5199.58114  17.9%   179 1035s
 20883 14532 5250.94687  121  186 6331.82299 5199.83446  17.9%   179 1040s
 20884 14533 5274.61483   85  186 6331.82299 5199.83446  17.9%   179 1045s
 20886 14534 5200.92879   71  187 6331.82299 5200.92879  17.9%   179 1051s
 20888 14536 6154.46387  152  182 6331.82299 5201.27312  17.9%   179 1057s
 20890 14537 6038.37067   94  162 6331.82299 5202.02091  17.8%   179 1062s
H20890 13808                    6331.8229906 5202.24811  17.8%   179 1065s
 20894 13811 5650.77843   83  184 6331.82299 5203.99311  17.8%   179 1071s
 20896 13812 5204.50323   80  189 6331.82299 5204.50323  17.8%   179 1076s
 20897 13813 6221.25911  164  170 6331.82299 5204.85810  17.8%   179 1080s
 20899 13814 5751.02020   76  162 6331.82299 5205.38099  17.8%   179 1085s
 20901 13815 5742.49444  171  187 6331.82299 5207.00855  17.8%   179 1091s
H20901 13122                    6331.8226477 5207.30494  17.8%   179 1094s
 20903 13124 5418.10241  132  179 6331.82265 5207.39638  17.8%   179 1097s
 20904 13124 6125.78498   95  185 6331.82265 5207.43973  17.8%   179 1100s
 20906 13126 5207.53532  100  184 6331.82265 5207.53532  17.8%   179 1106s
H20906 12467                    6331.8224205 5207.53532  17.8%   179 1109s
 20907 12467 5207.87661   75  164 6331.82242 5207.87661  17.8%   179 1111s
 20909 12469 5208.21737   87  182 6331.82242 5208.21737  17.7%   179 1117s
 20910 12469 5330.12055  133  183 6331.82242 5208.28263  17.7%   179 1120s
 20912 12471 5286.01670  124  184 6331.82242 5208.30456  17.7%   179 1126s
 20913 12471 5208.81661   72  176 6331.82242 5208.81661  17.7%   179 1130s
 20915 12473 5623.06858  104  182 6331.82242 5209.18502  17.7%   179 1135s
 20917 12474 5851.79992  142  182 6331.82242 5209.43369  17.7%   179 1141s
 20919 12475 5210.26194  101  176 6331.82242 5210.26194  17.7%   179 1147s
 20921 12477 5211.10410   84  179 6331.82242 5211.10410  17.7%   179 1150s
 20923 12478 5695.69882   97  190 6331.82242 5212.62532  17.7%   179 1155s
 20925 12479 5702.32896   78  187 6331.82242 5214.15718  17.7%   179 1161s
 20926 12480 5215.02121   73  174 6331.82242 5215.02121  17.6%   179 1165s
 20928 12481 5381.19244   98  172 6331.82242 5216.55696  17.6%   179 1171s
 20931 12483 6245.43405  140  177 6331.82242 5217.74247  17.6%   179 1177s
 20933 12485 5443.09526   71  174 6331.82242 5218.26301  17.6%   179 1180s
 20936 12487 5963.21856  222  174 6331.82242 5220.25422  17.6%   179 1185s
 20939 12489 5254.21330  104  169 6331.82242 5221.16637  17.5%   179 1192s
 20940 12489 5230.28620  126  163 6331.82242 5221.34382  17.5%   179 1195s
 20942 12491 5221.70214  102  181 6331.82242 5221.70214  17.5%   179 1200s
 20944 12492 5921.03297  132  163 6331.82242 5222.43541  17.5%   179 1206s
 20946 12493 5223.59763   72  179 6331.82242 5223.59763  17.5%   178 1214s
 20947 12494 5223.62839   96  180 6331.82242 5223.62839  17.5%   178 1216s
 20948 12495 6245.20045  141  180 6331.82242 5223.64196  17.5%   178 1220s
 20950 12496 5505.28354  100  165 6331.82242 5224.27301  17.5%   178 1225s
 20952 12497 5225.46667  103  166 6331.82242 5225.46667  17.5%   178 1231s
 20955 12499 5227.11842   84  167 6331.82242 5227.11842  17.4%   178 1237s
 20958 12501 5398.04019   81  181 6331.82242 5228.70351  17.4%   178 1242s
 20960 12503 5229.58255   89  181 6331.82242 5229.58255  17.4%   178 1245s
 20963 12505 5230.46784   81  174 6331.82242 5230.46784  17.4%   178 1250s
 20964 12505 5260.36661  108  165 6331.82242 5231.46436  17.4%   178 1256s
 20966 12507 5849.00566  131  170 6331.82242 5231.84869  17.4%   178 1262s
 20967 12507 5231.95437   71  169 6331.82242 5231.95437  17.4%   178 1265s
 20969 12509 5232.72563  148  171 6331.82242 5232.72563  17.4%   178 1271s
 20971 12510 5575.54414   87  175 6331.82242 5232.97874  17.4%   178 1276s
 20973 12511 5943.30173  139  174 6331.82242 5233.35860  17.3%   178 1281s
 20975 12513 5244.42733  102  181 6331.82242 5233.50256  17.3%   178 1286s
 20977 12514 5233.62148   69  186 6331.82242 5233.62148  17.3%   178 1292s
 20978 12515 5824.82484  161  187 6331.82242 5233.71060  17.3%   178 1295s
 20980 12516 6044.25225  190  186 6331.82242 5233.78191  17.3%   178 1301s
 20982 12517 5951.43486  111  183 6331.82242 5233.79789  17.3%   178 1307s
 20983 12518 5250.94687  121  185 6331.82242 5233.79789  17.3%   178 1314s
 20984 12519 5274.61483   85  184 6331.82242 5233.79789  17.3%   178 1316s
 20988 12522 6154.46387  152  132 6331.82242 5238.19488  17.3%   182 1322s
 20989 12523 6153.12406   97  111 6331.82242 5238.19488  17.3%   182 1325s
 20993 12526 5238.19488   80  123 6331.82242 5238.19488  17.3%   182 1330s
 21003 12532 5418.10241  132  151 6331.82242 5238.19488  17.3%   182 1335s
 21011 12538 5627.23152   84  166 6331.82242 5238.19488  17.3%   182 1340s
 21018 12542 5410.26698   72  160 6331.82242 5238.19488  17.3%   182 1345s
 21024 12546 5944.78305  136  189 6331.82242 5238.19488  17.3%   182 1350s
 21030 12550 5583.80644   79  187 6331.82242 5238.19488  17.3%   181 1359s
 21032 12552 5247.07769  115  187 6331.82242 5247.07769  17.1%   181 1361s
 21033 12555 5247.07769   83  169 6331.82242 5247.07769  17.1%   184 1370s
 21035 12559 5247.07769   84  171 6331.82242 5247.07769  17.1%   184 1378s
 21039 12561 5263.97804   85  163 6331.82242 5263.97804  16.9%   184 1385s
 21043 12564 5554.62803   85  145 6331.82242 5263.97804  16.9%   184 1390s
 21051 12569 5282.65787   86  125 6331.82242 5281.25432  16.6%   185 1396s
 21065 12583 5291.66294   88  119 6331.82242 5283.11651  16.6%   185 1401s
 21089 12599 5410.95486   91  119 6331.82242 5283.11651  16.6%   185 1406s
H21098 11967                    6035.1242978 5283.11651  12.5%   185 1406s
 21136 11999 5446.34278   95  104 6035.12430 5283.11651  12.5%   185 1411s
 21229 12007 5488.67682  102   89 6035.12430 5283.11651  12.5%   185 1416s
 21298 12002 5592.45621  105  101 6035.12430 5283.11651  12.5%   185 1420s
 21381 12038 5700.64608  118   85 6035.12430 5283.11651  12.5%   185 1425s
H21390 11438                    6004.7675848 5283.11651  12.0%   185 1425s
 21567 11471 5852.13019  158   45 6004.76758 5294.71611  11.8%   184 1430s
 21750 11564 5760.63360  102   99 6004.76758 5310.08023  11.6%   184 1435s
 22030 11642 5452.97353   92  117 6004.76758 5316.59451  11.5%   183 1440s
 22316 11779 5565.56356  116  110 6004.76758 5316.59451  11.5%   184 1446s
 22686 11913 5453.42498   99  103 6004.76758 5349.91291  10.9%   184 1451s
 23000 11965 5607.68667  106   37 6004.76758 5357.33076  10.8%   183 1456s
 23239 12071 5807.53274  142   58 6004.76758 5357.42729  10.8%   182 1460s
 23582 12080 5644.76498  103   72 6004.76758 5366.49253  10.6%   182 1466s
H23601 11506                    6004.7675825 5366.49253  10.6%   182 1466s
 23843 11620 5648.54318   95  116 6004.76758 5374.48103  10.5%   181 1470s
 24228 11744 5712.97210   98   79 6004.76758 5381.16070  10.4%   181 1475s
 24745 11904 5419.72355   96  107 6004.76758 5388.24353  10.3%   180 1480s
 25281 12067 5550.50450  119   83 6004.76758 5395.22800  10.2%   179 1487s
 25484 12197 5693.65787  181   87 6004.76758 5396.83224  10.1%   178 1492s
 25779 12348 5571.94229  119   57 6004.76758 5399.65977  10.1%   177 1495s
 26438 12462 5667.56560  112  103 6004.76758 5404.87968  10.0%   176 1502s
 26675 12552 5816.61901  102   57 6004.76758 5407.73266  9.94%   176 1506s
 26996 12726 5881.42021  120   56 6004.76758 5413.33664  9.85%   175 1510s
 27800 12955 5541.16217  126   93 6004.76758 5422.92784  9.69%   174 1518s
 28206 12975 5812.01939  106  107 6004.76758 5426.69971  9.63%   173 1522s
 28609 13078 5993.91768  101   94 6004.76758 5431.57419  9.55%   173 1526s
 28982 13187     cutoff   99      6004.76758 5434.49634  9.50%   172 1530s
 29439 13223 5691.69274  102   88 6004.76758 5439.39490  9.42%   172 1537s
 29790 13374 5950.00716  136   80 6004.76758 5442.14588  9.37%   171 1542s
 30253 13466 5763.59797  141   70 6004.76758 5443.66098  9.34%   171 1547s
 30720 13701 5837.21808  144   67 6004.76758 5446.14183  9.30%   170 1552s
 31325 13501 5809.42611  121  155 6004.76758 5451.16744  9.22%   169 1586s
 31328 13503 5843.35841  152  122 6004.76758 5451.16744  9.22%   169 1590s
 31333 13506 5502.42326  107   77 6004.76758 5451.16744  9.22%   169 1595s
 31348 13516 5641.88389   98  178 6004.76758 5451.16744  9.22%   169 1601s
 31350 13518 5603.27546  117  164 6004.76758 5451.16744  9.22%   169 1605s
 31353 13520 5791.42983  168  148 6004.76758 5451.16744  9.22%   169 1610s
 31357 13522 5569.85829  100  170 6004.76758 5451.16744  9.22%   169 1616s
 31358 13523 5914.70791  132  167 6004.76758 5451.16744  9.22%   169 1620s
 31362 13526 5465.31809  109  149 6004.76758 5451.16744  9.22%   169 1626s
 31365 13528 5553.61842   91  181 6004.76758 5451.16744  9.22%   169 1630s
 31367 13529 5881.63222  128  189 6004.76758 5451.16744  9.22%   169 1635s
 31370 13531 5773.37862  116  175 6004.76758 5451.16744  9.22%   169 1641s
 31372 13532 5902.32552   92  185 6004.76758 5451.16744  9.22%   169 1650s
 31375 13534 5748.05479  100  169 6004.76758 5451.16744  9.22%   169 1656s
 31377 13536 5838.67027  166  165 6004.76758 5451.16744  9.22%   169 1660s
 31379 13537 5717.25177  108  170 6004.76758 5451.16744  9.22%   169 1667s
 31382 13539 5822.34914  101  172 6004.76758 5451.16744  9.22%   169 1671s
 31384 13540 5477.42077  111  173 6004.76758 5451.16744  9.22%   169 1678s
 31385 13541 5764.49682  133  181 6004.76758 5451.16744  9.22%   169 1680s
 31387 13542 5609.32526  120  188 6004.76758 5451.16744  9.22%   169 1686s
 31389 13544 5739.44269  102  167 6004.76758 5451.16744  9.22%   169 1691s
 31391 13545 5851.24771  112  168 6004.76758 5451.16744  9.22%   169 1695s
 31394 13547 5577.00523  123  162 6004.76758 5451.16744  9.22%   169 1701s
 31396 13548 5713.83743  156  162 6004.76758 5451.16744  9.22%   169 1708s
 31397 13549 5722.56837  121  162 6004.76758 5451.16744  9.22%   169 1716s
 31400 13554 5451.16744   96  151 6004.76758 5451.16744  9.22%   171 1727s
 31402 13557 5451.16744   97  123 6004.76758 5451.16744  9.22%   171 1735s
 31406 13559 5451.16744   98  127 6004.76758 5451.16744  9.22%   171 1740s
 31410 13562 5452.39075   98  146 6004.76758 5451.16744  9.22%   171 1746s
 31418 13567 5451.16744   99  116 6004.76758 5451.16744  9.22%   171 1751s
 31428 13573 5451.16744  100  127 6004.76758 5451.16744  9.22%   171 1755s
 31443 13586 5451.16744  102  121 6004.76758 5451.16744  9.22%   171 1761s
 31468 13599 5454.44314  104  103 6004.76758 5451.16744  9.22%   171 1765s
 31500 13606 5451.16744  107   52 6004.76758 5451.16744  9.22%   171 1771s
 31548 13617 5709.42126  112   62 6004.76758 5451.16744  9.22%   171 1776s
H31567 12945                    6004.7675589 5451.16744  9.22%   171 1777s
H31584 12304                    6004.7675434 5451.16744  9.22%   171 1779s
 31586 12321 5451.16744  117   65 6004.76754 5451.16744  9.22%   172 1780s
 31649 12347 5451.42564  124   77 6004.76754 5451.16744  9.22%   172 1786s
H31654 11732                    6004.7675303 5451.16744  9.22%   172 1786s
 31740 11770 5815.13109  133   68 6004.76753 5451.16744  9.22%   172 1791s
 31885 11828 5540.39825  146   57 6004.76753 5451.16744  9.22%   172 1796s
H31946 11239                    6004.7674913 5451.16744  9.22%   172 1797s
 32076 11263 5902.73115  167   60 6004.76749 5451.16744  9.22%   172 1801s
 32292 11368 5626.21247  122   78 6004.76749 5451.16744  9.22%   172 1805s
 32578 11478 5470.38594  105   71 6004.76749 5451.16744  9.22%   172 1810s
 32953 11585 5680.79430  131   74 6004.76749 5451.16744  9.22%   171 1816s
 33310 11694 5668.36919  119   88 6004.76749 5451.16744  9.22%   171 1820s
 33751 11802 5914.81902  126   69 6004.76749 5451.16744  9.22%   170 1827s
 34043 11837 5851.68980  139   64 6004.76749 5451.16744  9.22%   170 1831s
 34410 11961 5742.97279  171   70 6004.76749 5451.16744  9.22%   170 1836s
 34818 12076 5665.29968  142   82 6004.76749 5451.16744  9.22%   170 1841s
 35238 12260 5720.17632  136   88 6004.76749 5451.16744  9.22%   170 1847s
 35496 12278 5814.86116  125   59 6004.76749 5451.16744  9.22%   169 1850s
 35932 12489 5708.66417  133   60 6004.76749 5451.16744  9.22%   169 1856s
 36256 12632 5714.21450  131   41 6004.76749 5451.16744  9.22%   169 1860s
H36611 12149                    6004.7674612 5451.16744  9.22%   168 1864s
 36935 12268 5745.51541  142  100 6004.76746 5451.16744  9.22%   168 1867s
 37281 12427 5931.98846  142   78 6004.76746 5453.36984  9.18%   168 1872s
 37670 12551 5702.05441  121  106 6004.76746 5457.97615  9.11%   167 1875s
 38095 12532 5600.81030  121   94 6004.76746 5462.27533  9.03%   167 1880s
 38723 12815 5751.18221  138  104 6004.76746 5465.59430  8.98%   166 1888s
 39175 12854 5495.73729  118  101 6004.76746 5470.61437  8.90%   166 1892s
 39548 12999 5871.48629  114   96 6004.76746 5477.33162  8.78%   166 1896s
 39986 13105 5712.52967  109  117 6004.76746 5478.91020  8.76%   166 1901s
 40434 13183 5756.63313  104   71 6004.76746 5485.63907  8.65%   165 1906s
 40801 13301 5525.03742  110  103 6004.76746 5489.06207  8.59%   166 1911s
 41273 13415 5929.71661  129   77 6004.76746 5490.92482  8.56%   166 1917s
 41723 13697 5611.17661  133   99 6004.76746 5497.04717  8.46%   165 1926s
 42486 13635 5657.17442  121   48 6004.76746 5501.01131  8.39%   165 1930s
 42761 13740 5752.46796  104   77 6004.76746 5502.92800  8.36%   165 1935s
 43153 13847 5805.56006  117  120 6004.76746 5506.43492  8.30%   165 1942s
 43639 13981 5809.16924  113   65 6004.76746 5507.42694  8.28%   164 1946s
 44132 14114 5784.38885  128   85 6004.76746 5511.69564  8.21%   164 1954s
 44561 14240 5710.88943  175   68 6004.76746 5513.35338  8.18%   164 1959s
*44975 13520             267    5992.1365408 5515.85105  7.95%   163 1959s
 45051 13829 5604.38119  114  108 5992.13654 5516.03355  7.95%   163 1964s
 45554 13952 5935.57520  112   83 5992.13654 5517.74490  7.92%   163 1968s
 46043 13896     cutoff  108      5992.13654 5520.60476  7.87%   163 1974s
H46178 13352                    5992.1365385 5520.60673  7.87%   163 1974s
 46317 13649 5691.75007  121  107 5992.13654 5521.75340  7.85%   163 1978s
 46852 13756 5904.51595  113   65 5992.13654 5524.26547  7.81%   162 1983s
 47342 13896 5900.20406  135   39 5992.13654 5525.09563  7.79%   162 1987s
 47820 14026 5616.13203  124   85 5992.13654 5527.12978  7.76%   162 1991s
 48335 14158 5933.77305  155   56 5992.13654 5529.49195  7.72%   161 1995s
 48862 14275 5585.32580  114  117 5992.13654 5532.31929  7.67%   161 2000s
 49790 14579 5576.53466  108   64 5992.13654 5535.36157  7.62%   160 2008s
 50302 14700 5637.15573  121   68 5992.13654 5537.60487  7.59%   160 2012s
 50783 14803 5731.18646  127   95 5992.13654 5539.23377  7.56%   160 2016s
 51270 14909 5740.63755  171   70 5992.13654 5540.64917  7.53%   159 2020s
H51401 14391                    5992.1348916 5540.64917  7.53%   159 2020s
 52178 14805 5788.22649  119   93 5992.13489 5544.39022  7.47%   159 2031s
 52873 14763 5724.48175  134   65 5992.13489 5546.52897  7.44%   158 2035s
 53680 14855     cutoff  125      5992.13489 5548.94185  7.40%   158 2042s
 54067 14744     cutoff  123      5992.13489 5550.35551  7.37%   158 2049s
 54099 15005 5846.38962  131   49 5992.13489 5550.47770  7.37%   158 2053s
 54557 15061 5900.86992  159   53 5992.13489 5552.08816  7.34%   158 2057s
 54916 15144 5865.25104  155   73 5992.13489 5553.67869  7.32%   157 2060s
 55652 15288 infeasible  110      5992.13489 5556.43957  7.27%   157 2068s
 56044 15361 5777.03895  133   79 5992.13489 5557.56419  7.25%   157 2072s
 56453 15380     cutoff  112      5992.13489 5558.23782  7.24%   157 2075s
 57210 15654 5904.85783  179   57 5992.13489 5561.83754  7.18%   157 2083s
 57670 15672 5961.48772  111  110 5992.13489 5562.93484  7.16%   156 2087s
 58048 15796 5843.50826  129   56 5992.13489 5564.73545  7.13%   156 2091s
 58962 16077 5591.26233  119   80 5992.13489 5567.68785  7.08%   156 2098s
 59282 16217 5712.92827  107   71 5992.13489 5568.35371  7.07%   156 2102s
 59557 16378 5705.27692  109   69 5992.13489 5569.28537  7.06%   156 2106s
 59967 16704 5750.82998  125  109 5992.13489 5570.64908  7.03%   156 2110s
 60943 17013 5845.95981  109   85 5992.13489 5572.65840  7.00%   155 2117s
 61383 17184 5794.09244  153   85 5992.13489 5573.88032  6.98%   155 2121s
 62173 17644 5945.23642  141  106 5992.13489 5576.47021  6.94%   155 2128s
 62619 18002 5971.17478  145   75 5992.13489 5576.98237  6.93%   155 2135s
 63696 18447 5730.24262  130   98 5992.13489 5579.55176  6.89%   154 2142s
 64151 18675 5652.24467  125  102 5992.13489 5580.24319  6.87%   154 2145s
 64546 18682 infeasible  121      5992.13489 5581.28685  6.86%   154 2151s
 64576 18861     cutoff  108      5992.13489 5581.36806  6.86%   154 2155s
 65455 19277     cutoff  120      5992.13489 5583.69044  6.82%   153 2162s
 65837 19442 5832.34332  138   65 5992.13489 5584.99999  6.79%   153 2165s
 66635 19828 5935.35551  130   84 5992.13489 5587.14807  6.76%   153 2171s
 67015 20079 5652.76372  124   93 5992.13489 5588.16483  6.74%   153 2175s
 67694 20261 5745.74292  126  113 5992.13489 5589.41519  6.72%   153 2182s
 68044 20435 5745.48872  124   76 5992.13489 5589.94139  6.71%   153 2185s
 68849 20805 5761.20459  164  100 5992.13489 5591.55151  6.69%   152 2192s
 69302 20993 5740.68613  114  103 5992.13489 5592.56262  6.67%   152 2195s
 70071 21381 5927.69996  114   87 5992.13489 5594.11409  6.64%   152 2202s
 70538 21573 5736.54656  138   97 5992.13489 5594.60110  6.63%   152 2206s
 71456 21939 5705.53895  118  104 5992.13489 5596.03480  6.61%   151 2213s
 71833 22120 5929.21616  155   85 5992.13489 5596.74933  6.60%   151 2216s
 72236 22377 5749.04867  110   91 5992.13489 5597.35173  6.59%   151 2220s
 73050 22864 5863.67048  116  104 5992.13489 5598.75126  6.56%   151 2229s
 73705 23048 5702.40513  119   88 5992.13489 5599.67301  6.55%   151 2232s
 74128 23209 5771.36240  115   80 5992.13489 5600.55548  6.53%   150 2235s
 74959 23597 5905.67678  147   67 5992.13489 5601.88399  6.51%   150 2242s
 75298 23847 5823.48212  124   83 5992.13489 5602.49281  6.50%   150 2245s
 76073 24177 5912.39339  134   94 5992.13489 5603.60106  6.48%   150 2252s
 76495 24412 5903.70590  151   49 5992.13489 5604.38122  6.47%   150 2255s
 77296 24661 5797.14102  127   60 5992.13489 5605.27617  6.46%   149 2261s
 77647 24884 5822.13050  149   84 5992.13489 5605.96273  6.44%   149 2265s
 78576 25305 5836.65519  161   56 5992.13489 5607.38614  6.42%   149 2271s
 79049 25492 5749.86564  131   83 5992.13489 5608.09533  6.41%   149 2275s
 79858 25751 5715.57562  112   80 5992.13489 5608.65945  6.40%   149 2283s
 80213 25903 5955.60363  142   36 5992.13489 5609.45806  6.39%   148 2287s
 80617 26074 5883.91984  122   93 5992.13489 5610.37523  6.37%   148 2290s
 81324 26469 5895.08553  139   48 5992.13489 5611.42965  6.35%   148 2297s
 81810 26623 5964.90103  170   22 5992.13489 5611.81544  6.35%   148 2300s
 82623 26936 5931.60692  146   70 5992.13489 5612.46918  6.34%   148 2307s
 82981 27147 5916.73619  136   98 5992.13489 5613.17771  6.32%   148 2310s
 83372 27427 5705.07167  129   84 5992.13489 5613.43501  6.32%   148 2316s
 83981 27584 5875.21653  145   87 5992.13489 5614.27184  6.31%   147 2320s
 84756 27832 5767.09045  125   88 5992.13489 5615.04038  6.29%   147 2327s
 85077 28091 5962.06491  147   94 5992.13489 5615.33443  6.29%   147 2331s
 85944 28423     cutoff  129      5992.13489 5616.42217  6.27%   147 2338s
 86370 28604 5760.79422  130   74 5992.13489 5617.00451  6.26%   147 2341s
 86787 28785 5785.48952  163   77 5992.13489 5617.54966  6.25%   147 2345s
 87614 29168 5699.32825  137  115 5992.13489 5618.71399  6.23%   147 2352s
 88011 29328 5948.67617  127   81 5992.13489 5619.31999  6.22%   147 2355s
 88417 29477 5936.83887  163   63 5992.13489 5620.16405  6.21%   147 2368s
 88669 29609 5906.82976  193  103 5992.13489 5620.47296  6.20%   147 2372s
 89100 29742 5793.79630  173  100 5992.13489 5621.29281  6.19%   147 2376s
 90031 30032 5795.28875  119   52 5992.13489 5622.55600  6.17%   147 2383s
 90460 30147     cutoff  122      5992.13489 5623.15349  6.16%   147 2387s
 90890 30417 5955.56357  126   61 5992.13489 5623.90395  6.15%   146 2391s
 91411 30586 5925.59438  131   54 5992.13489 5624.58079  6.13%   146 2395s
 92275 30932 5881.07929  139   79 5992.13489 5625.93045  6.11%   146 2402s
 92634 31109 5967.32261  119   66 5992.13489 5626.40652  6.10%   146 2406s
 93131 31275     cutoff  128      5992.13489 5627.19846  6.09%   146 2410s
 94010 31710 5830.98384  144  106 5992.13489 5628.36117  6.07%   146 2419s
 94577 31950 5778.16487  135   71 5992.13489 5628.82782  6.06%   146 2423s
 95079 32100 5813.89010  111   61 5992.13489 5629.49493  6.05%   146 2426s
 95806 32364 5947.73140  149   64 5992.13489 5630.31732  6.04%   146 2432s
 96162 32539     cutoff  130      5992.13489 5630.93073  6.03%   146 2435s
 96904 32878 5869.52112  113  102 5992.13489 5631.68722  6.02%   145 2442s
 97327 33083 5768.85053  146   95 5992.13489 5632.14348  6.01%   145 2446s
 98152 33477 5839.35554  152   85 5992.13489 5633.10677  5.99%   145 2453s
 98639 33642     cutoff  156      5992.13489 5633.50960  5.98%   145 2456s
 99053 33828 5987.18014  137   63 5992.13489 5633.98040  5.98%   145 2460s
 99887 34089     cutoff  131      5992.13489 5634.80179  5.96%   145 2466s
 100667 34306     cutoff  126      5992.13489 5635.77323  5.95%   145 2473s
 100995 34523     cutoff  155      5992.13489 5635.94681  5.94%   145 2476s
 101425 34776 5810.74529  152   66 5992.13489 5636.68533  5.93%   145 2480s
 102399 35168 5764.51016  172   61 5992.13489 5637.42988  5.92%   145 2487s
H102625 35168                    5992.1348910 5637.48271  5.92%   145 2487s
 102857 35194 5839.58508  137   69 5992.13489 5637.97228  5.91%   144 2494s
 102917 35389 5849.07154  138   64 5992.13489 5638.08188  5.91%   145 2498s
 103336 35469 5641.48503  125  104 5992.13489 5638.42780  5.90%   144 2502s
 103579 35680 5860.64010  148   71 5992.13489 5638.84958  5.90%   144 2506s
 104548 36157 5958.12985  137  106 5992.13489 5639.66387  5.88%   144 2515s
 105577 36521 5823.88549  170   92 5992.13489 5640.84051  5.86%   144 2521s
 106442 36879 5895.52093  121  101 5992.13489 5641.67211  5.85%   144 2527s
 106780 37007     cutoff  134      5992.13489 5642.16492  5.84%   144 2530s
 107514 37387 5883.80568  136   92 5992.13489 5642.93055  5.83%   144 2537s
 107954 37558 5818.00140  122   86 5992.13489 5643.20504  5.82%   144 2540s
 108703 37981 5669.99788  117   96 5992.13489 5644.09717  5.81%   143 2547s
 109193 38123 5759.15697  148   67 5992.13489 5644.44975  5.80%   143 2550s
 110010 38450 5709.13562  135   44 5992.13489 5645.66999  5.78%   143 2557s
 110442 38566 5950.62293  125   84 5992.13489 5645.96437  5.78%   143 2561s
 111329 38902 5856.43376  129  122 5992.13489 5646.97147  5.76%   143 2567s
 111744 39068 5880.78996  148   87 5992.13489 5647.37197  5.75%   143 2570s
 112564 39353 5910.10651  126   78 5992.13489 5648.25390  5.74%   143 2577s
 112965 39484 5941.67789  163   44 5992.13489 5648.96838  5.73%   143 2580s
 113780 39809 5960.95996  160   83 5992.13489 5649.76560  5.71%   143 2587s
 114185 39913     cutoff  140      5992.13489 5650.28531  5.70%   143 2590s
 115044 40342 5909.35009  142   94 5992.13489 5651.24317  5.69%   143 2599s
 115615 40438 5859.81425  119   86 5992.13489 5652.07268  5.68%   143 2603s
 115823 40601 5698.59453  148   77 5992.13489 5652.19402  5.67%   143 2607s
 116317 40825     cutoff  146      5992.13489 5652.47484  5.67%   143 2610s
 117220 41160 5886.83175  128   81 5992.13489 5653.24639  5.66%   143 2617s
 117644 41313 5732.81790  139   81 5992.13489 5653.44367  5.65%   143 2621s
 118091 41433 5987.53469  138   51 5992.13489 5653.85911  5.65%   143 2625s
 118980 41751 5892.47737  148   65 5992.13489 5654.92957  5.63%   143 2632s
 119466 41908 5766.29297  112   74 5992.13489 5655.59694  5.62%   142 2636s
 120404 42280 5864.02270  119   95 5992.13489 5656.48588  5.60%   142 2643s
 120935 42505 5985.40612  189   51 5992.13489 5656.94460  5.59%   142 2647s
 121425 42674 5949.89301  145   83 5992.13489 5657.32121  5.59%   142 2650s
 122192 42908 5876.69800  130   69 5992.13489 5657.95699  5.58%   142 2657s
 122641 43099 5781.44182  144   60 5992.13489 5658.37997  5.57%   142 2661s
 123549 43392 5915.69983  120   87 5992.13489 5659.38748  5.55%   142 2667s
 123992 43554 5810.76270  138   53 5992.13489 5659.74393  5.55%   142 2671s
 124777 43804 5760.64442  131   53 5992.13489 5660.68924  5.53%   142 2678s
 125173 43936     cutoff  127      5992.13489 5661.09413  5.52%   142 2681s
 125635 44087 5831.05263  107   77 5992.13489 5661.50715  5.52%   142 2687s
 126187 44258 5932.83337  164   83 5992.13489 5661.96937  5.51%   142 2691s
 126978 44532 5826.95245  159   77 5992.13489 5662.81887  5.50%   142 2698s
 127485 44678 5800.97700  132   88 5992.13489 5663.01956  5.49%   142 2701s
 128435 45034 5976.61476  135   64 5992.13489 5663.86013  5.48%   142 2708s
 128880 45146 5764.05254  133   67 5992.13489 5664.16868  5.47%   142 2711s
 129662 45418 5668.05921  157   87 5992.13489 5664.84584  5.46%   142 2727s
 130087 45576 5948.31739  134   40 5992.13489 5665.21089  5.46%   142 2730s
 131075 46031 5969.53477  140  108 5992.13489 5665.99453  5.44%   142 2738s
 131610 46185     cutoff  152      5992.13489 5666.35224  5.44%   141 2741s
 132055 46350 5989.24889  129   42 5992.13489 5666.72675  5.43%   141 2745s
 133058 46699 5748.02190  129   95 5992.13489 5667.58581  5.42%   141 2753s
 133418 46895 5773.49608  144  108 5992.13489 5667.82201  5.41%   141 2757s
 133874 47068 5704.64629  122  110 5992.13489 5668.32784  5.40%   141 2760s
 134841 47503 5898.17711  133  116 5992.13489 5668.96244  5.39%   141 2768s
 135296 47645 5706.36806  142   91 5992.13489 5669.34572  5.39%   141 2771s
 135780 47809 5691.42464  172   75 5992.13489 5669.69975  5.38%   141 2775s
 136195 47959 5723.59717  129   62 5992.13489 5670.27688  5.37%   141 2780s
 137238 48271 5768.21984  119   96 5992.13489 5671.12672  5.36%   141 2787s
 137638 48479 infeasible  138      5992.13489 5671.31179  5.35%   141 2791s
 138546 48853 infeasible  139      5992.13489 5672.16353  5.34%   141 2798s
 138990 49061     cutoff  142      5992.13489 5672.57760  5.33%   141 2801s
 139497 49215 5962.06442  130   76 5992.13489 5672.91095  5.33%   141 2805s
 140329 49544 5755.75718  129   69 5992.13489 5673.52889  5.32%   141 2812s
 140773 49671 5753.52872  113  126 5992.13489 5673.98871  5.31%   140 2816s
 141516 49924 5794.08252  153   54 5992.13489 5674.42542  5.30%   140 2832s
 141746 50099 5862.77939  132   83 5992.13489 5674.67826  5.30%   140 2836s
 142225 50304 5989.54281  144   46 5992.13489 5675.17189  5.29%   140 2840s
 143208 50706 5910.71970  158  100 5992.13489 5676.00021  5.28%   140 2847s
 143693 50857 5855.10132  146   64 5992.13489 5676.28791  5.27%   140 2851s
 144044 50990     cutoff  122      5992.13489 5676.75771  5.26%   140 2855s
 144940 51393 5747.78762  170   71 5992.13489 5677.62898  5.25%   140 2863s
 145462 51557     cutoff  121      5992.13489 5678.11865  5.24%   140 2866s
 145949 51769 5897.12688  122   68 5992.13489 5678.53208  5.23%   140 2870s
 146459 51987 5958.06830  139   49 5992.13489 5679.02806  5.23%   140 2876s
 147478 52270     cutoff  140      5992.13489 5679.89635  5.21%   140 2884s
 147781 52450 5833.57037  169   55 5992.13489 5680.04635  5.21%   140 2888s
 148270 52589 5986.13018  171  101 5992.13489 5680.40690  5.20%   140 2892s
 148578 52791 5835.01453  159   72 5992.13489 5680.63699  5.20%   140 2896s
 149073 52967     cutoff  130      5992.13489 5681.01961  5.19%   140 2900s
 150026 53308 5817.74522  140   63 5992.13489 5681.64655  5.18%   140 2907s
 150535 53421 5958.97277  132  100 5992.13489 5682.05678  5.17%   140 2911s
 151403 53746     cutoff  143      5992.13489 5682.83186  5.16%   140 2918s
 151911 53887     cutoff  130      5992.13489 5683.13254  5.16%   139 2922s
 152389 54069     cutoff  133      5992.13489 5683.53944  5.15%   139 2925s
 153250 54343 5790.30704  121   85 5992.13489 5684.20851  5.14%   139 2933s
 153654 54518 5935.34875  129  114 5992.13489 5684.62802  5.13%   139 2937s
 154129 54678 5950.32195  177   46 5992.13489 5684.85955  5.13%   139 2941s
 154616 54854 5716.51983  132   72 5992.13489 5685.08876  5.12%   139 2945s
 155655 55185 5696.95030  149   81 5992.13489 5685.58666  5.12%   139 2953s
 156073 55330 5832.67009  162  118 5992.13489 5685.90969  5.11%   139 2956s
 156527 55486 5972.38886  147   70 5992.13489 5686.23363  5.11%   139 2960s
 156997 55718 5826.67779  137  120 5992.13489 5686.66349  5.10%   139 2965s
 158068 56029 5879.61442  139   76 5992.13489 5687.36389  5.09%   139 2973s
 158488 56190 5961.16332  154   51 5992.13489 5687.64193  5.08%   139 2977s
 158979 56322 5897.17387  122   78 5992.13489 5687.97450  5.08%   139 2980s
 159846 56656 5813.43999  162   73 5992.13489 5688.66169  5.06%   139 2987s
 160334 56799 5747.60677  147   75 5992.13489 5688.97853  5.06%   139 2991s
 161322 57120 5963.02064  151   94 5992.13489 5689.68826  5.05%   139 2998s
 161749 57194 5718.00677  123   71 5992.13489 5690.02411  5.04%   139 3001s
 162127 57351 5774.27221  139   68 5992.13489 5690.29675  5.04%   139 3005s
 163173 57692 5835.84353  109   93 5992.13489 5690.88748  5.03%   138 3012s
 163583 57805     cutoff  138      5992.13489 5691.17177  5.02%   138 3015s
 164132 57845 5808.68087  140   71 5992.13489 5691.56905  5.02%   138 3022s
 164206 57963 5991.60231  152   77 5992.13489 5691.59821  5.02%   138 3025s
 164942 58296 5878.75190  142   35 5992.13489 5692.04918  5.01%   138 3033s
 165481 58508 5771.23945  132   72 5992.13489 5692.34483  5.00%   138 3036s
 166402 58823 5942.61187  144   88 5992.13489 5693.08263  4.99%   138 3043s
 166871 58977 5850.77082  125   69 5992.13489 5693.37156  4.99%   138 3047s
 167363 59120 5801.90029  104  132 5992.13489 5693.69619  4.98%   138 3052s
 167867 59298 5917.33543  127   68 5992.13489 5693.83801  4.98%   138 3056s
 168406 59418 5743.94345  146   89 5992.13489 5694.16507  4.97%   138 3060s
 169312 59709 5952.02403  147   70 5992.13489 5694.97549  4.96%   138 3068s
 169790 59893 5957.25523  144  104 5992.13489 5695.35615  4.95%   138 3072s
 170336 60014 5763.22677  153   59 5992.13489 5695.60550  4.95%   138 3075s
 171253 60423 5734.57612  150   78 5992.13489 5696.21622  4.94%   138 3082s
 171817 60609     cutoff  128      5992.13489 5696.58658  4.93%   138 3086s
 172341 60779     cutoff  127      5992.13489 5696.92260  4.93%   138 3090s
 173289 61183 5732.97843  119  103 5992.13489 5697.59703  4.92%   138 3097s
 173782 61360 5843.13153  144   77 5992.13489 5697.86359  4.91%   138 3101s
 174286 61538     cutoff  158      5992.13489 5698.17143  4.91%   138 3105s
 174799 61683 5775.61709  139   88 5992.13489 5698.51763  4.90%   137 3110s
 175625 61940 5819.00225  151   94 5992.13489 5699.01762  4.89%   137 3117s
 176068 62077 5963.86626  118   74 5992.13489 5699.26971  4.89%   137 3121s
 176989 62264 5795.53442  136   43 5992.13489 5699.94283  4.88%   137 3128s
 177496 62430 5839.74051  123   65 5992.13489 5700.32125  4.87%   137 3132s
 177967 62635 5727.55003  138   89 5992.13489 5700.60851  4.87%   137 3137s
 178467 62893 5734.74503  156   46 5992.13489 5700.82114  4.86%   137 3141s
 179029 63133 5878.75866  142   93 5992.13489 5700.96286  4.86%   137 3145s
 180039 63495 5850.65730  156  108 5992.13489 5701.62918  4.85%   137 3152s
 180506 63665 5793.96936  139   52 5992.13489 5701.92252  4.84%   137 3155s
 181491 64003     cutoff  109      5992.13489 5702.43145  4.83%   137 3162s
 182001 64145 5978.39161  134   77 5992.13489 5702.67647  4.83%   137 3166s
 182935 64367     cutoff  131      5992.13489 5703.35105  4.82%   137 3173s
 183347 64460 5849.86971  114   71 5992.13489 5703.71740  4.81%   137 3176s
 183731 64543 5894.41592  149   77 5992.13489 5703.94892  4.81%   137 3181s
 184453 64812 5815.30643  148   99 5992.13489 5704.46949  4.80%   137 3188s
 184897 64936 5932.18801  142   69 5992.13489 5704.83640  4.79%   137 3191s
 185365 65038 5823.74766  124   54 5992.13489 5705.16272  4.79%   137 3195s
 185781 65067     cutoff  138      5992.13489 5705.46128  4.78%   137 3209s
 185903 65176     cutoff  126      5992.13489 5705.65747  4.78%   137 3213s
 186406 65364 5762.54828  125   48 5992.13489 5705.89443  4.78%   137 3217s
 186862 65548     cutoff  122      5992.13489 5706.09509  4.77%   137 3221s
 187352 65684 5919.90828  127   80 5992.13489 5706.59734  4.77%   137 3225s
 188398 66009 5954.29878  146   64 5992.13489 5707.27057  4.75%   137 3234s
 188964 66165 5916.12932  123   88 5992.13489 5707.61841  4.75%   137 3238s
 189501 66333 5991.73084  151   48 5992.13489 5708.00975  4.74%   136 3242s
 190004 66421     cutoff  128      5992.13489 5708.24028  4.74%   136 3245s
 190862 66747 5926.62126  138   74 5992.13489 5708.69364  4.73%   136 3252s
 191383 66897 5990.49099  167   51 5992.13489 5708.89854  4.73%   136 3256s
 191864 66998 5966.69214  149   73 5992.13489 5709.31660  4.72%   136 3260s
H191905 66998                    5992.1348903 5709.31660  4.72%   136 3260s
 192244 67094 5786.55485  130  124 5992.13489 5709.38192  4.72%   136 3265s
 192484 67140 5882.24961  137   72 5992.13489 5709.55180  4.72%   136 3271s
 192607 67324 5951.29495  157   79 5992.13489 5709.58001  4.72%   136 3276s
 193166 67485 5847.19128  113   63 5992.13489 5709.93984  4.71%   136 3280s
 194072 67863     cutoff  121      5992.13489 5710.49507  4.70%   136 3288s
 194670 68064 5883.43402  170   65 5992.13489 5710.73484  4.70%   136 3292s
 195216 68243 5811.65072  154   50 5992.13489 5711.02582  4.69%   136 3297s
 195739 68408 5977.03188  123   69 5992.13489 5711.30182  4.69%   136 3301s
 196256 68600     cutoff  148      5992.13489 5711.63861  4.68%   136 3305s
 197246 68860 5747.97453  161   89 5992.13489 5712.18909  4.67%   136 3315s
 197723 69101 5850.55874  132   73 5992.13489 5712.51133  4.67%   136 3320s
*198184 67125             177    5962.6941203 5712.80909  4.19%   136 3320s
 198874 67427     cutoff  129      5962.69412 5713.06454  4.19%   136 3330s
H199583 58116                    5917.1521153 5713.47956  3.44%   136 3334s
 199814 58164 5908.44318  125  109 5917.15212 5713.57460  3.44%   136 3338s
 200304 58295 5766.61089  158  108 5917.15212 5714.02805  3.43%   136 3343s
 200864 58364 5897.93153  121   61 5917.15212 5714.47964  3.43%   136 3347s
 201375 58409 5799.70681  122  126 5917.15212 5714.96246  3.42%   136 3350s
 201834 58523 5740.97209  133   66 5917.15212 5715.36556  3.41%   136 3355s
 202946 58775     cutoff  132      5917.15212 5715.99743  3.40%   136 3363s
 203443 58816     cutoff  141      5917.15212 5716.34917  3.39%   135 3367s
 203925 58862 5872.70168  135   62 5917.15212 5716.75514  3.39%   135 3370s
 204827 59026 5781.44921  145   95 5917.15212 5717.39177  3.38%   135 3378s
 205341 59156     cutoff  165      5917.15212 5717.69133  3.37%   135 3382s
 205807 59245 5760.82314  125   65 5917.15212 5718.18059  3.36%   135 3386s
 206324 59314 5891.59679  156  100 5917.15212 5718.44094  3.36%   135 3390s
 207222 59450     cutoff  133      5917.15212 5719.45302  3.34%   135 3398s
H207734 59480                    5917.1521130 5719.79475  3.34%   135 3402s
 208081 59549 5771.03094  116   74 5917.15211 5719.98612  3.33%   135 3406s
 208596 59610 5882.50061  146   92 5917.15211 5720.48821  3.32%   135 3410s
 209528 59765 5806.43645  133   67 5917.15211 5721.32021  3.31%   135 3421s
 210135 59890 5895.07493  134   41 5917.15211 5721.79046  3.30%   135 3425s
 211154 60073 5769.04056  133   65 5917.15211 5722.50391  3.29%   135 3433s
 211677 60126     cutoff  126      5917.15211 5722.83377  3.28%   135 3436s
 212080 60193 5912.36623  138   62 5917.15211 5723.17179  3.28%   135 3440s
 212983 60369     cutoff  151      5917.15211 5723.97959  3.26%   135 3448s
 213520 60421 5753.37544  126   45 5917.15211 5724.37355  3.26%   135 3452s
 214012 60469 5846.80915  160   43 5917.15211 5724.63582  3.25%   135 3456s
 214511 60526 5802.30301  142  104 5917.15211 5725.03356  3.25%   135 3460s
 214947 60586 5901.45994  145   96 5917.15211 5725.35323  3.24%   135 3465s
H215215 60585                    5917.1518388 5725.36800  3.24%   135 3465s
 215784 60693     cutoff  121      5917.15184 5725.78722  3.23%   135 3473s
 216275 60761 5814.85053  140   86 5917.15184 5726.32857  3.22%   135 3477s
 216817 60791 5825.13986  137   65 5917.15184 5726.68070  3.22%   135 3481s
 217276 60871 5873.85929  150   97 5917.15184 5727.13982  3.21%   135 3485s
 218274 61002     cutoff  121      5917.15184 5727.88936  3.20%   135 3493s
 218755 61059 5786.99051  120   97 5917.15184 5728.20813  3.19%   135 3498s
 219329 61162 5911.57434  147   69 5917.15184 5728.65251  3.19%   135 3502s
 219852 61169 5914.05421  134   94 5917.15184 5729.01120  3.18%   135 3508s
 220376 61258 5909.29631  108  114 5917.15184 5729.40045  3.17%   135 3513s
 220937 61291 5864.29552  132   65 5917.15184 5729.84956  3.17%   134 3517s
 221419 61427 5814.55161  130   71 5917.15184 5730.18987  3.16%   134 3521s
 221949 61516     cutoff  122      5917.15184 5730.60380  3.15%   134 3526s
 222498 61568 5894.50687  115  102 5917.15184 5731.06136  3.14%   134 3530s
 223525 61678 5892.43312  137   73 5917.15184 5731.88285  3.13%   134 3538s
 223994 61773 5759.35701  165   57 5917.15184 5732.20848  3.13%   134 3543s
 224460 61769     cutoff  143      5917.15184 5732.52168  3.12%   134 3547s
 224977 61796     cutoff  127      5917.15184 5733.05899  3.11%   134 3560s
 226059 61952 5816.67208  125   65 5917.15184 5733.80686  3.10%   134 3568s
 226636 62096 5892.80969  147   92 5917.15184 5734.33982  3.09%   134 3572s
 227219 62187     cutoff  128      5917.15184 5734.56475  3.09%   134 3576s
 227785 62273     cutoff  143      5917.15184 5735.02552  3.08%   134 3580s
H228384 62288                    5917.1518025 5735.35816  3.07%   134 3586s
 228473 62384 5896.82368  128   53 5917.15180 5735.50841  3.07%   134 3590s
 229585 62469     cutoff  154      5917.15180 5736.18821  3.06%   134 3598s
 230092 62528 5799.55658  148   41 5917.15180 5736.58992  3.05%   134 3604s
 230687 62585 5911.76640  160   43 5917.15180 5736.93447  3.05%   134 3609s
 231113 62633 5813.43935  141   67 5917.15180 5737.33060  3.04%   134 3614s
 231522 62695     cutoff  118      5917.15180 5737.45699  3.04%   134 3618s
 232136 62744 5786.39124  139   73 5917.15180 5738.04381  3.03%   134 3622s
 232742 62770     cutoff  148      5917.15180 5738.47346  3.02%   134 3627s
 233325 62787     cutoff  155      5917.15180 5738.85886  3.01%   134 3630s
 233838 62766     cutoff  120      5917.15180 5739.21614  3.01%   134 3635s
 235078 62892     cutoff  140      5917.15180 5740.07337  2.99%   134 3643s
 235701 62947 5785.67323  152  105 5917.15180 5740.43641  2.99%   133 3647s
 236246 63044     cutoff  142      5917.15180 5740.90307  2.98%   133 3651s
H236249 63044                    5917.1518018 5740.90307  2.98%   133 3651s
 236834 63060 5761.65381  143   95 5917.15180 5741.20972  2.97%   133 3655s
 237815 63056     cutoff  134      5917.15180 5742.25097  2.96%   133 3663s
H237818 63056                    5917.1517792 5742.25097  2.96%   133 3663s
 238244 63058 5766.89558  134  105 5917.15178 5742.46859  2.95%   133 3667s
 238753 63080 5849.80899  150   87 5917.15178 5742.98155  2.94%   133 3679s
 239218 63113 5858.85774  158   51 5917.15178 5743.33423  2.94%   133 3683s
 239782 63180 5850.04879  152   82 5917.15178 5743.76959  2.93%   133 3687s
 240355 63260 5814.75752  133   93 5917.15178 5744.22806  2.92%   133 3693s
 241005 63278 5800.53481  130   98 5917.15178 5744.69216  2.91%   133 3697s
 241470 63315 5828.56046  141   57 5917.15178 5744.99606  2.91%   133 3701s
 242013 63356     cutoff  142      5917.15178 5745.37708  2.90%   133 3705s
 243095 63472     cutoff  125      5917.15178 5746.11151  2.89%   133 3713s
 243647 63478 5828.44235  135   62 5917.15178 5746.39099  2.89%   133 3716s
 244119 63481     cutoff  138      5917.15178 5746.71551  2.88%   133 3720s
 244673 63522 5855.52607  145   48 5917.15178 5747.22889  2.87%   133 3725s
 245790 63603 5795.39510  137  111 5917.15178 5747.79949  2.86%   133 3733s
 246346 63626 5843.64495  152   54 5917.15178 5748.12526  2.86%   133 3737s
 246832 63675 5883.61346  153  101 5917.15178 5748.59803  2.85%   133 3740s
 248001 63720 5839.12068  126   76 5917.15178 5749.28946  2.84%   133 3748s
 248438 63821 5812.47311  141   66 5917.15178 5749.83220  2.83%   133 3752s
 249066 63834     cutoff  146      5917.15178 5750.05499  2.82%   133 3756s
 249579 63844 infeasible  151      5917.15178 5750.37534  2.82%   133 3760s
 250570 63883 5834.34072  139   67 5917.15178 5751.18852  2.80%   133 3767s
 251081 63889 5849.08447  169   77 5917.15178 5751.49971  2.80%   133 3773s
 251695 63924     cutoff  152      5917.15178 5751.88878  2.79%   133 3777s
 252282 63969 5886.78241  139   46 5917.15178 5752.23905  2.79%   133 3781s
 252856 64083     cutoff  143      5917.15178 5752.69167  2.78%   132 3785s
 254020 64096     cutoff  167      5917.15178 5753.34093  2.77%   132 3792s
 254482 64115     cutoff  142      5917.15178 5753.81200  2.76%   132 3796s
 255045 64083 5883.56857  133   92 5917.15178 5754.17691  2.75%   132 3800s
 256144 64063     cutoff  136      5917.15178 5754.99020  2.74%   132 3807s
 256671 64113     cutoff  135      5917.15178 5755.43220  2.73%   132 3811s
 257247 64138 5806.84432  142   71 5917.15178 5755.73626  2.73%   132 3815s
 258401 64253     cutoff  118      5917.15178 5756.32809  2.72%   132 3823s
 258954 64316     cutoff  110      5917.15178 5756.63812  2.71%   132 3827s
 259546 64338     cutoff  121      5917.15178 5756.99902  2.71%   132 3831s
 260181 64428 5889.75414  176   18 5917.15178 5757.32353  2.70%   132 3835s
 261302 64430 5812.07130  142   81 5917.15178 5757.93950  2.69%   132 3845s
 262504 64479     cutoff  142      5917.15178 5758.81374  2.68%   132 3853s
 263037 64450 5866.87284  148   98 5917.15178 5759.11811  2.67%   132 3857s
 263580 64481 5900.90953  133   25 5917.15178 5759.53643  2.66%   132 3861s
 264201 64505 5812.41491  166   72 5917.15178 5759.92438  2.66%   132 3865s
 265366 64567 5843.91425  116   92 5917.15178 5760.52295  2.65%   132 3873s
 265941 64558 5895.66299  145   32 5917.15178 5760.88117  2.64%   132 3877s
 266426 64542 5916.49140  149   59 5917.15178 5761.38936  2.63%   132 3881s
 266957 64557     cutoff  159      5917.15178 5761.72352  2.63%   131 3885s
 268183 64675     cutoff  124      5917.15178 5762.40342  2.62%   131 3893s
 268753 64628 5838.47333  154   40 5917.15178 5762.65718  2.61%   131 3897s
 269316 64649 infeasible  142      5917.15178 5763.21771  2.60%   131 3909s
 269784 64652     cutoff  119      5917.15178 5763.35833  2.60%   131 3913s
 270374 64613 5815.75603  138   71 5917.15178 5763.82403  2.59%   131 3917s
 270960 64638 5886.76332  137   71 5917.15178 5764.20362  2.58%   131 3921s
 271508 64624     cutoff  132      5917.15178 5764.60043  2.58%   131 3928s
 272198 64637 5835.52670  138   82 5917.15178 5765.07940  2.57%   131 3932s
 272763 64601 5831.11883  125   92 5917.15178 5765.40532  2.56%   131 3936s
 273451 64574     cutoff  200      5917.15178 5765.77212  2.56%   131 3940s
 274554 64627 5869.40598  142   62 5917.15178 5766.54314  2.55%   131 3947s
 275112 64616 5888.18612  119   80 5917.15178 5766.85480  2.54%   131 3952s
H275589 64591                    5917.1516804 5767.06380  2.54%   131 3956s
 276111 64618 5881.39217  149   44 5917.15168 5767.52668  2.53%   131 3962s
 276206 64589 5882.22706  150   40 5917.15168 5767.55839  2.53%   131 3967s
 276657 64604 5848.56252  146   76 5917.15168 5767.88342  2.52%   131 3972s
 277182 64555 5795.93668  141  116 5917.15168 5768.24381  2.52%   131 3977s
 277642 64601 5794.86274  137  113 5917.15168 5768.52072  2.51%   131 3982s
 278362 64573     cutoff  159      5917.15168 5768.92496  2.51%   131 3986s
 278976 64549 5842.50523  140   79 5917.15168 5769.27668  2.50%   131 3990s
 280221 64577     cutoff  146      5917.15168 5770.22126  2.48%   131 3999s
 280864 64604     cutoff  161      5917.15168 5770.56285  2.48%   131 4003s
 281512 64597     cutoff  147      5917.15168 5770.99801  2.47%   130 4007s
 282133 64659 5793.20774  138   87 5917.15168 5771.38240  2.46%   130 4014s
 282944 64664 5910.51782  116   49 5917.15168 5771.72440  2.46%   130 4017s
 283481 64622 5833.95924  158   68 5917.15168 5772.15535  2.45%   130 4021s
 284029 64633 5776.09755  121   81 5917.15168 5772.51440  2.44%   130 4033s
 284458 64588 5820.29284  160   53 5917.15168 5772.68051  2.44%   130 4038s
 285117 64616 5825.57390  139   71 5917.15168 5773.14269  2.43%   130 4042s
 285803 64605 5876.19646  118   94 5917.15168 5773.50598  2.43%   130 4046s
 286441 64597     cutoff  140      5917.15168 5773.91860  2.42%   130 4051s
 287155 64570     cutoff  144      5917.15168 5774.26510  2.41%   130 4055s
 288442 64571     cutoff  128      5917.15168 5774.94552  2.40%   130 4063s
 289006 64563     cutoff  148      5917.15168 5775.26482  2.40%   130 4067s
 289593 64511     cutoff  146      5917.15168 5775.64844  2.39%   130 4071s
 290169 64464 infeasible  140      5917.15168 5776.07897  2.38%   130 4075s
 291347 64378     cutoff  137      5917.15168 5776.90168  2.37%   130 4083s
 291874 64355     cutoff  146      5917.15168 5777.27239  2.36%   130 4087s
 292537 64304 infeasible  159      5917.15168 5777.67648  2.36%   130 4091s
H292843 64304                    5917.1516796 5777.68224  2.36%   130 4091s
 293102 64250 5850.67507  123   74 5917.15168 5778.06321  2.35%   130 4095s
 293577 64291 5797.38377  135   46 5917.15168 5778.44259  2.34%   130 4100s
 294255 64266     cutoff  145      5917.15168 5778.75512  2.34%   130 4106s
 294956 64202 5823.80380  127   84 5917.15168 5779.20244  2.33%   130 4111s
 295614 64203     cutoff  145      5917.15168 5779.56339  2.33%   130 4115s
 296154 64206 5872.18648  163   69 5917.15168 5779.88978  2.32%   129 4120s
 297459 64112     cutoff  141      5917.15168 5780.65567  2.31%   129 4128s
 298121 64083     cutoff  119      5917.15168 5781.06581  2.30%   129 4133s
H298437 64083                    5917.1516786 5781.06717  2.30%   129 4133s
 298803 64074 5912.16960  132   42 5917.15168 5781.39102  2.29%   129 4137s
 299425 64042 5832.65496  111   85 5917.15168 5781.66317  2.29%   129 4141s
 300039 64030     cutoff  159      5917.15168 5782.06334  2.28%   129 4145s
 301219 63947     cutoff  138      5917.15168 5782.78615  2.27%   129 4153s
 301780 63883     cutoff  145      5917.15168 5783.13282  2.26%   129 4157s
 302365 63796     cutoff  149      5917.15168 5783.51846  2.26%   129 4161s
 302971 63752 5888.19400  169   97 5917.15168 5783.89379  2.25%   129 4166s
 303581 63686 5861.60526  147   70 5917.15168 5784.32087  2.24%   129 4170s
 304818 63617     cutoff  127      5917.15168 5785.11705  2.23%   129 4179s
 305208 63582 5856.65208  137   58 5917.15168 5785.35796  2.23%   129 4183s
 305879 63510     cutoff  137      5917.15168 5785.66880  2.22%   129 4188s
 306569 63434     cutoff  136      5917.15168 5786.00589  2.22%   129 4192s
 307213 63410     cutoff  138      5917.15168 5786.35984  2.21%   129 4196s
 307866 63403 5850.75583  142   78 5917.15168 5786.74273  2.20%   129 4200s
 309132 63311 5892.82657  137   67 5917.15168 5787.59716  2.19%   129 4209s
 309734 63243     cutoff  126      5917.15168 5787.94888  2.18%   129 4213s
 310321 63176 5848.57972  182   71 5917.15168 5788.29904  2.18%   129 4217s
 310974 63172 5809.86025  148   48 5917.15168 5788.71826  2.17%   128 4221s
 311581 63169     cutoff  180      5917.15168 5788.92166  2.17%   128 4227s
 311822 63113     cutoff  146      5917.15168 5789.12847  2.16%   128 4231s
 312419 63070     cutoff  140      5917.15168 5789.37480  2.16%   128 4235s
 313650 62971 5914.20432  126   83 5917.15168 5790.14250  2.15%   128 4243s
 314280 62860     cutoff  149      5917.15168 5790.56398  2.14%   128 4247s
 314882 62826 5851.08921  140   87 5917.15168 5790.90688  2.13%   128 4251s
 315547 62774 5863.26824  156   36 5917.15168 5791.22145  2.13%   128 4262s
 316068 62688     cutoff  128      5917.15168 5791.25089  2.13%   128 4265s
 317203 62465 5878.98397  114  110 5917.15168 5792.33731  2.11%   128 4273s
 317872 62396     cutoff  153      5917.15168 5792.73425  2.10%   128 4278s
 318534 62377     cutoff  135      5917.15168 5793.10293  2.10%   128 4282s
 319194 62322 5897.55429  140   40 5917.15168 5793.40870  2.09%   128 4286s
 319809 62290     cutoff  108      5917.15168 5793.73076  2.09%   128 4290s
 320492 62192     cutoff  163      5917.15168 5794.06024  2.08%   128 4295s
 321836 62075     cutoff  141      5917.15168 5794.76667  2.07%   128 4303s
 322521 62051     cutoff  154      5917.15168 5795.18696  2.06%   128 4307s
 323205 61923 5805.68067  134  121 5917.15168 5795.49552  2.06%   128 4311s
 323869 61829     cutoff  167      5917.15168 5796.02702  2.05%   128 4315s
 324512 61716     cutoff  126      5917.15168 5796.31355  2.04%   128 4320s
 325841 61555 5876.10855  150  100 5917.15168 5796.95117  2.03%   127 4328s
 326397 61523 5894.19870  142   77 5917.15168 5797.29705  2.03%   127 4334s
 327133 61392 5895.26665  130   85 5917.15168 5797.69341  2.02%   127 4338s
 327743 61271     cutoff  144      5917.15168 5798.10284  2.01%   127 4342s
 328310 61179 5816.89961  133   80 5917.15168 5798.45197  2.01%   127 4346s
 328869 61125 5857.46897  157  104 5917.15168 5798.76980  2.00%   127 4350s
 329495 61012 5847.04796  162   61 5917.15168 5799.14598  1.99%   127 4355s
 330789 60838 5826.21431  148   40 5917.15168 5800.06230  1.98%   127 4363s
 331462 60758     cutoff  142      5917.15168 5800.35787  1.97%   127 4367s
 332070 60641     cutoff  150      5917.15168 5800.63896  1.97%   127 4371s
 332751 60504 5861.90197  136   48 5917.15168 5801.11219  1.96%   127 4375s
 334010 60326 5824.84154  151   98 5917.15168 5801.82134  1.95%   127 4383s
 334665 60251     cutoff  147      5917.15168 5802.23141  1.94%   127 4387s
 335325 60110     cutoff  138      5917.15168 5802.51415  1.94%   127 4391s
 335971 60085     cutoff  154      5917.15168 5803.03491  1.93%   127 4395s
 336551 60009 5889.03406  142   38 5917.15168 5803.27092  1.92%   127 4400s
 337871 59762     cutoff  139      5917.15168 5803.91299  1.91%   127 4408s
 338413 59634 5831.61484  150   74 5917.15168 5804.29514  1.91%   127 4412s
 339097 59536     cutoff  194      5917.15168 5804.66009  1.90%   127 4423s
 339495 59360 5822.74583  124   95 5917.15168 5804.89662  1.90%   126 4428s
 340178 59216 5865.82433  138   63 5917.15168 5805.39577  1.89%   126 4432s
 340893 59070     cutoff  149      5917.15168 5805.83747  1.88%   126 4437s
 341564 58975     cutoff  141      5917.15168 5806.32078  1.87%   126 4441s
 342274 58900     cutoff  144      5917.15168 5806.64382  1.87%   126 4446s
 342994 58825 5873.54492  144   35 5917.15168 5807.00784  1.86%   126 4450s
 343551 58691 5902.80415  145   43 5917.15168 5807.40171  1.85%   126 4455s
 344251 58536 5856.01455  147   61 5917.15168 5807.70509  1.85%   126 4460s
 345700 58310     cutoff  129      5917.15168 5808.48133  1.84%   126 4468s
 346419 58182     cutoff  149      5917.15168 5808.88141  1.83%   126 4473s
 347129 58084 5844.91732  145   98 5917.15168 5809.34735  1.82%   126 4477s
 347818 57990     cutoff  125      5917.15168 5809.77185  1.81%   126 4481s
 348499 57832 5882.61582  131   85 5917.15168 5810.09638  1.81%   126 4486s
 349135 57653 infeasible  152      5917.15168 5810.45762  1.80%   126 4490s
 349851 57464     cutoff  171      5917.15168 5810.90006  1.80%   126 4495s
 350554 57321     cutoff  153      5917.15168 5811.36909  1.79%   126 4500s
 351873 57033 5863.03501  151   88 5917.15168 5812.22159  1.77%   126 4509s
 352612 56861 5891.86555  128   74 5917.15168 5812.54475  1.77%   126 4513s
 353294 56750     cutoff  173      5917.15168 5813.03559  1.76%   126 4518s
 353897 56568     cutoff  154      5917.15168 5813.33193  1.75%   126 4523s
 354656 56394 5882.11373  149   79 5917.15168 5813.83144  1.75%   125 4528s
 355408 56198 5911.91560  124   80 5917.15168 5814.21873  1.74%   125 4532s
 356088 56045 infeasible  121      5917.15168 5814.69143  1.73%   125 4537s
 356787 55862     cutoff  136      5917.15168 5815.07937  1.73%   125 4541s
 357488 55698 5843.00406  139   74 5917.15168 5815.45486  1.72%   125 4546s
 358214 55552 5897.83193  148   62 5917.15168 5815.97326  1.71%   125 4551s
 358919 55376 5905.45842  172   46 5917.15168 5816.34304  1.70%   125 4555s
 359626 55177 5896.84749  137  100 5917.15168 5816.75137  1.70%   125 4560s
 361157 54656     cutoff  174      5917.15168 5817.72618  1.68%   125 4569s
 361955 54495     cutoff  123      5917.15168 5818.20940  1.67%   125 4574s
 362740 54340 infeasible  166      5917.15168 5818.68059  1.66%   125 4578s
 363500 54274 5829.39277  155   73 5917.15168 5819.03119  1.66%   125 4583s
 364078 54200 5870.93067  111   78 5917.15168 5819.36293  1.65%   125 4590s
 364316 54020     cutoff  113      5917.15168 5819.37831  1.65%   125 4595s
 365031 53784     cutoff  127      5917.15168 5819.88374  1.64%   125 4600s
 366622 53385 5881.23769  120  113 5917.15168 5820.78348  1.63%   125 4609s
 367373 53162 5877.88444  134   46 5917.15168 5821.26279  1.62%   125 4614s
 368173 52949 5877.64652  131   80 5917.15168 5821.65362  1.61%   125 4618s
 368940 52779     cutoff  154      5917.15168 5822.14643  1.61%   124 4623s
 369688 52591     cutoff  140      5917.15168 5822.56293  1.60%   124 4628s
 370495 52417 5876.17587  134   35 5917.15168 5822.96921  1.59%   124 4642s
 371073 52217     cutoff  132      5917.15168 5823.23877  1.59%   124 4646s
 371738 51960     cutoff  139      5917.15168 5823.74625  1.58%   124 4651s
 372590 51751     cutoff  141      5917.15168 5824.25714  1.57%   124 4658s
 373354 51556     cutoff  143      5917.15168 5824.72189  1.56%   124 4663s
 374176 51352     cutoff  179      5917.15168 5825.14356  1.55%   124 4667s
 374926 51146 5831.99744  154   76 5917.15168 5825.54935  1.55%   124 4672s
 375794 50885 5841.35903  159   48 5917.15168 5826.03256  1.54%   124 4677s
 376668 50563     cutoff  148      5917.15168 5826.55129  1.53%   124 4682s
 377439 50326     cutoff  157      5917.15168 5827.07943  1.52%   124 4687s
 378077 50122     cutoff  140      5917.15168 5827.36513  1.52%   124 4692s
 378827 49881 5877.93193  130   66 5917.15168 5827.88264  1.51%   124 4697s
 379644 49620 5885.82456  131   89 5917.15168 5828.32409  1.50%   124 4701s
 380400 49497     cutoff  153      5917.15168 5828.79574  1.49%   124 4706s
 380824 49221     cutoff  125      5917.15168 5829.02204  1.49%   124 4711s
 381520 49006 5894.26584  143   57 5917.15168 5829.52682  1.48%   124 4715s
 382298 48734     cutoff  159      5917.15168 5830.06531  1.47%   124 4720s
 383136 48471 5876.98213  133   91 5917.15168 5830.54808  1.46%   123 4725s
 384654 47916     cutoff  150      5917.15168 5831.58195  1.45%   123 4734s
 385510 47568     cutoff  134      5917.15168 5832.13294  1.44%   123 4738s
 386327 47296     cutoff  146      5917.15168 5832.77058  1.43%   123 4743s
 387160 47009 5914.31184  166   68 5917.15168 5833.25537  1.42%   123 4748s
 388005 46694 5899.88500  159   65 5917.15168 5833.74673  1.41%   123 4752s
 388818 46398     cutoff  144      5917.15168 5834.18029  1.40%   123 4757s
 389572 46117     cutoff  117      5917.15168 5834.76525  1.39%   123 4761s
 390324 45854     cutoff  145      5917.15168 5835.25441  1.38%   123 4766s
 391143 45605     cutoff  125      5917.15168 5835.72703  1.38%   123 4771s
 391955 45327 5870.92135  169  105 5917.15168 5836.10480  1.37%   123 4775s
 392753 44967     cutoff  159      5917.15168 5836.60122  1.36%   123 4780s
 393631 44695     cutoff  131      5917.15168 5837.11799  1.35%   123 4785s
 395123 44146 5894.55794  145   87 5917.15168 5838.08715  1.34%   123 4794s
 395885 43875     cutoff  103      5917.15168 5838.49681  1.33%   123 4798s
 396644 43555     cutoff  167      5917.15168 5839.02454  1.32%   122 4802s
 397383 43241     cutoff  145      5917.15168 5839.56096  1.31%   122 4807s
 398170 42972 5899.57547  192   49 5917.15168 5840.00275  1.30%   122 4811s
 398909 42635     cutoff  135      5917.15168 5840.48973  1.30%   122 4816s
 399751 42316 5896.95357  139   98 5917.15168 5841.00537  1.29%   122 4821s
 400357 41994     cutoff  166      5917.15168 5841.37454  1.28%   122 4825s
 401127 41661     cutoff  140      5917.15168 5841.93732  1.27%   122 4830s
 401905 41339     cutoff  125      5917.15168 5842.53545  1.26%   122 4835s
 403539 40604 5876.48919  147   84 5917.15168 5843.55071  1.24%   122 4843s
 404323 40279     cutoff  140      5917.15168 5844.15010  1.23%   122 4848s
 405139 39904     cutoff  156      5917.15168 5844.67782  1.22%   122 4852s
 405924 39647     cutoff  175      5917.15168 5845.18619  1.22%   122 4865s
 407014 38973     cutoff  141      5917.15168 5846.09226  1.20%   122 4874s
 407857 38594     cutoff  126      5917.15168 5846.68030  1.19%   122 4878s
 408643 38128     cutoff  154      5917.15168 5847.28199  1.18%   122 4883s
 409518 37731 5915.10434  147   71 5917.15168 5847.96786  1.17%   122 4889s
 410436 37334     cutoff  135      5917.15168 5848.47655  1.16%   121 4893s
 411296 36886     cutoff  145      5917.15168 5849.11766  1.15%   121 4899s
 412226 36433     cutoff  146      5917.15168 5849.72226  1.14%   121 4904s
 413196 36093     cutoff  160      5917.15168 5850.40319  1.13%   121 4909s
 413862 35733     cutoff  146      5917.15168 5850.83766  1.12%   121 4913s
 414669 35327 5864.61798  161   77 5917.15168 5851.44298  1.11%   121 4918s
 415602 34905 5883.03661  134   75 5917.15168 5851.96483  1.10%   121 4923s
 416408 34409 5905.98987  132   84 5917.15168 5852.64140  1.09%   121 4927s
 417284 33958 5899.48982  146   54 5917.15168 5853.32443  1.08%   121 4932s
 418120 33526     cutoff  182      5917.15168 5853.93717  1.07%   121 4936s
 418969 33052 5906.50011  133   62 5917.15168 5854.53640  1.06%   121 4941s
 419823 32617     cutoff  141      5917.15168 5855.09176  1.05%   121 4945s
 421390 31754     cutoff  143      5917.15168 5856.37511  1.03%   120 4954s
 422221 31299     cutoff  159      5917.15168 5857.02428  1.02%   120 4959s
 423083 30873     cutoff  142      5917.15168 5857.54897  1.01%   120 4963s
 423870 30397     cutoff  135      5917.15168 5858.24546  1.00%   120 4968s
 424687 29908     cutoff  118      5917.15168 5858.89535  0.98%   120 4972s
 425533 29540     cutoff  143      5917.15168 5859.63116  0.97%   120 4977s
 426103 29144     cutoff  134      5917.15168 5860.00337  0.97%   120 4981s
 426836 28660     cutoff  177      5917.15168 5860.76320  0.95%   120 4985s
 428475 27707 5870.14193  151   63 5917.15168 5862.16346  0.93%   120 4994s
 429336 27132     cutoff  152      5917.15168 5862.90615  0.92%   120 4998s
 430254 26637     cutoff  127      5917.15168 5863.62089  0.90%   120 5003s
 431050 26146     cutoff  120      5917.15168 5864.41979  0.89%   120 5007s
 431858 25705     cutoff  152      5917.15168 5865.01404  0.88%   119 5011s
 432613 25175     cutoff  143      5917.15168 5865.73913  0.87%   119 5015s
 434262 24168 5894.93201  142   51 5917.15168 5867.15900  0.84%   119 5022s
 435005 23551     cutoff  148      5917.15168 5867.96556  0.83%   119 5026s
 435904 23092     cutoff  145      5917.15168 5868.81890  0.82%   119 5030s
 436708 22708     cutoff  144      5917.15168 5869.60962  0.80%   119 5035s
 438096 21533     cutoff  145      5917.15168 5870.94032  0.78%   119 5043s
 438931 20908 5896.95923  160   84 5917.15168 5871.78823  0.77%   119 5047s
 439845 20307     cutoff  127      5917.15168 5872.70718  0.75%   119 5051s
 441478 19097 5888.14248  143   57 5917.15168 5874.43556  0.72%   118 5058s
 442381 18688     cutoff  136      5917.15168 5875.48413  0.70%   118 5062s
 442922 18037     cutoff  132      5917.15168 5876.13486  0.69%   118 5066s
 443770 17392     cutoff  153      5917.15168 5877.13161  0.68%   118 5070s
 445440 16140     cutoff  154      5917.15168 5879.17687  0.64%   118 5077s
 446183 15547     cutoff  136      5917.15168 5880.09994  0.63%   118 5080s
 447619 14627     cutoff  145      5917.15168 5882.04883  0.59%   118 5088s
 448061 14140     cutoff  140      5917.15168 5882.22693  0.59%   118 5091s
 449567 12745     cutoff  130      5917.15168 5884.65229  0.55%   117 5098s
 450348 12089 5889.34739  160   41 5917.15168 5885.76763  0.53%   117 5101s
 451149 11414     cutoff  152      5917.15168 5886.92696  0.51%   117 5105s
 452776  9940     cutoff  173      5917.15168 5889.70529  0.46%   117 5111s
 454351  8530     cutoff  164      5917.15168 5892.78973  0.41%   117 5117s
 455122  7779     cutoff  138      5917.15168 5894.21094  0.39%   117 5120s
 456781  6305 5911.62333  147   86 5917.15168 5897.65866  0.33%   116 5125s
 458159  4973     cutoff  122      5917.15168 5900.72016  0.28%   116 5130s
 459616  3589     cutoff  123      5917.15168 5904.46998  0.21%   116 5135s
 461961   969     cutoff  155      5917.15168 5911.17391  0.10%   115 5142s
 463429    70     cutoff  137      5917.15168 5914.06904  0.05%   115 5145s

Cutting planes:
  Learned: 17
  Gomory: 44
  Cover: 309
  Implied bound: 111
  Projected implied bound: 103
  Clique: 11
  MIR: 271
  StrongCG: 1
  Flow cover: 1062
  GUB cover: 4
  Inf proof: 24
  Zero half: 75
  RLT: 311
  Relax-and-lift: 129

Warning: cleanup yields a better solution due to numeric instability

Explored 463924 nodes (53355756 simplex iterations) in 5145.69 seconds
Thread count was 8 (of 8 available processors)

Solution count 10: 5917.15 5917.15 5917.15 ... 6331.82
No other solutions better than 5917.15

Optimal solution found (tolerance 1.00e-04)
Best objective 5.915176347800e+03, best bound 5.915176347800e+03, gap 0.0000%
